[2.624s] DEBUG:colcon:Command line arguments: ['/usr/bin/colcon', 'build']
[2.624s] DEBUG:colcon:Parsed command line arguments: Namespace(log_base=None, log_level=None, verb_name='build', build_base='build', install_base='install', merge_install=False, symlink_install=False, test_result_base=None, continue_on_error=False, executor='parallel', parallel_workers=2, event_handlers=None, ignore_user_meta=False, metas=['./colcon.meta'], base_paths=['.'], packages_ignore=None, packages_ignore_regex=None, paths=None, packages_up_to=None, packages_up_to_regex=None, packages_above=None, packages_above_and_dependencies=None, packages_above_depth=None, packages_select_by_dep=None, packages_skip_by_dep=None, packages_skip_up_to=None, packages_select_build_failed=False, packages_skip_build_finished=False, packages_select_test_failures=False, packages_skip_test_passed=False, packages_select=None, packages_skip=None, packages_select_regex=None, packages_skip_regex=None, packages_start=None, packages_end=None, allow_overriding=[], cmake_args=None, cmake_target=None, cmake_target_skip_unavailable=False, cmake_clean_cache=False, cmake_clean_first=False, cmake_force_configure=False, ament_cmake_args=None, catkin_cmake_args=None, catkin_skip_building_tests=False, verb_parser=<colcon_defaults.argument_parser.defaults.DefaultArgumentsDecorator object at 0x7f0e271de980>, verb_extension=<colcon_core.verb.build.BuildVerb object at 0x7f0e271ddf60>, main=<bound method BuildVerb.main of <colcon_core.verb.build.BuildVerb object at 0x7f0e271ddf60>>)
[2.791s] Level 1:colcon.colcon_core.package_discovery:discover_packages(colcon_meta) check parameters
[2.791s] Level 1:colcon.colcon_core.package_discovery:discover_packages(recursive) check parameters
[2.791s] Level 1:colcon.colcon_core.package_discovery:discover_packages(ignore) check parameters
[2.791s] Level 1:colcon.colcon_core.package_discovery:discover_packages(path) check parameters
[2.791s] Level 1:colcon.colcon_core.package_discovery:discover_packages(colcon_meta) discover
[2.791s] Level 1:colcon.colcon_core.package_discovery:discover_packages(recursive) discover
[2.791s] INFO:colcon.colcon_core.package_discovery:Crawling recursively for packages in '/home/rosuser/yahboom_ws'
[2.791s] Level 1:colcon.colcon_core.package_identification:_identify(.) by extensions ['ignore', 'ignore_ament_install']
[2.791s] Level 1:colcon.colcon_core.package_identification:_identify(.) by extension 'ignore'
[2.791s] Level 1:colcon.colcon_core.package_identification:_identify(.) by extension 'ignore_ament_install'
[2.791s] Level 1:colcon.colcon_core.package_identification:_identify(.) by extensions ['colcon_pkg']
[2.791s] Level 1:colcon.colcon_core.package_identification:_identify(.) by extension 'colcon_pkg'
[2.792s] Level 1:colcon.colcon_core.package_identification:_identify(.) by extensions ['colcon_meta']
[2.792s] Level 1:colcon.colcon_core.package_identification:_identify(.) by extension 'colcon_meta'
[2.792s] Level 1:colcon.colcon_core.package_identification:_identify(.) by extensions ['ros']
[2.792s] Level 1:colcon.colcon_core.package_identification:_identify(.) by extension 'ros'
[2.862s] Level 1:colcon.colcon_core.package_identification:_identify(.) by extensions ['cmake', 'python']
[2.862s] Level 1:colcon.colcon_core.package_identification:_identify(.) by extension 'cmake'
[2.863s] Level 1:colcon.colcon_core.package_identification:_identify(.) by extension 'python'
[2.863s] Level 1:colcon.colcon_core.package_identification:_identify(.) by extensions ['python_setup_py']
[2.863s] Level 1:colcon.colcon_core.package_identification:_identify(.) by extension 'python_setup_py'
[2.863s] Level 1:colcon.colcon_core.package_identification:_identify(build) by extensions ['ignore', 'ignore_ament_install']
[2.863s] Level 1:colcon.colcon_core.package_identification:_identify(build) by extension 'ignore'
[2.864s] Level 1:colcon.colcon_core.package_identification:_identify(build) ignored
[2.864s] Level 1:colcon.colcon_core.package_identification:_identify(install) by extensions ['ignore', 'ignore_ament_install']
[2.864s] Level 1:colcon.colcon_core.package_identification:_identify(install) by extension 'ignore'
[2.864s] Level 1:colcon.colcon_core.package_identification:_identify(install) ignored
[2.865s] Level 1:colcon.colcon_core.package_identification:_identify(log) by extensions ['ignore', 'ignore_ament_install']
[2.865s] Level 1:colcon.colcon_core.package_identification:_identify(log) by extension 'ignore'
[2.865s] Level 1:colcon.colcon_core.package_identification:_identify(log) ignored
[2.867s] Level 1:colcon.colcon_core.package_identification:_identify(src) by extensions ['ignore', 'ignore_ament_install']
[2.867s] Level 1:colcon.colcon_core.package_identification:_identify(src) by extension 'ignore'
[2.867s] Level 1:colcon.colcon_core.package_identification:_identify(src) by extension 'ignore_ament_install'
[2.867s] Level 1:colcon.colcon_core.package_identification:_identify(src) by extensions ['colcon_pkg']
[2.868s] Level 1:colcon.colcon_core.package_identification:_identify(src) by extension 'colcon_pkg'
[2.868s] Level 1:colcon.colcon_core.package_identification:_identify(src) by extensions ['colcon_meta']
[2.868s] Level 1:colcon.colcon_core.package_identification:_identify(src) by extension 'colcon_meta'
[2.868s] Level 1:colcon.colcon_core.package_identification:_identify(src) by extensions ['ros']
[2.868s] Level 1:colcon.colcon_core.package_identification:_identify(src) by extension 'ros'
[2.868s] Level 1:colcon.colcon_core.package_identification:_identify(src) by extensions ['cmake', 'python']
[2.868s] Level 1:colcon.colcon_core.package_identification:_identify(src) by extension 'cmake'
[2.868s] Level 1:colcon.colcon_core.package_identification:_identify(src) by extension 'python'
[2.869s] Level 1:colcon.colcon_core.package_identification:_identify(src) by extensions ['python_setup_py']
[2.869s] Level 1:colcon.colcon_core.package_identification:_identify(src) by extension 'python_setup_py'
[2.872s] Level 1:colcon.colcon_core.package_identification:_identify(src/laserscan_to_point_pulisher) by extensions ['ignore', 'ignore_ament_install']
[2.873s] Level 1:colcon.colcon_core.package_identification:_identify(src/laserscan_to_point_pulisher) by extension 'ignore'
[2.873s] Level 1:colcon.colcon_core.package_identification:_identify(src/laserscan_to_point_pulisher) by extension 'ignore_ament_install'
[2.873s] Level 1:colcon.colcon_core.package_identification:_identify(src/laserscan_to_point_pulisher) by extensions ['colcon_pkg']
[2.873s] Level 1:colcon.colcon_core.package_identification:_identify(src/laserscan_to_point_pulisher) by extension 'colcon_pkg'
[2.873s] Level 1:colcon.colcon_core.package_identification:_identify(src/laserscan_to_point_pulisher) by extensions ['colcon_meta']
[2.874s] Level 1:colcon.colcon_core.package_identification:_identify(src/laserscan_to_point_pulisher) by extension 'colcon_meta'
[2.874s] Level 1:colcon.colcon_core.package_identification:_identify(src/laserscan_to_point_pulisher) by extensions ['ros']
[2.874s] Level 1:colcon.colcon_core.package_identification:_identify(src/laserscan_to_point_pulisher) by extension 'ros'
[2.888s] DEBUG:colcon.colcon_core.package_identification:Package 'src/laserscan_to_point_pulisher' with type 'ros.ament_python' and name 'laserscan_to_point_pulisher'
[2.890s] Level 1:colcon.colcon_core.package_identification:_identify(src/robot_pose_publisher) by extensions ['ignore', 'ignore_ament_install']
[2.890s] Level 1:colcon.colcon_core.package_identification:_identify(src/robot_pose_publisher) by extension 'ignore'
[2.890s] Level 1:colcon.colcon_core.package_identification:_identify(src/robot_pose_publisher) by extension 'ignore_ament_install'
[2.891s] Level 1:colcon.colcon_core.package_identification:_identify(src/robot_pose_publisher) by extensions ['colcon_pkg']
[2.891s] Level 1:colcon.colcon_core.package_identification:_identify(src/robot_pose_publisher) by extension 'colcon_pkg'
[2.891s] Level 1:colcon.colcon_core.package_identification:_identify(src/robot_pose_publisher) by extensions ['colcon_meta']
[2.891s] Level 1:colcon.colcon_core.package_identification:_identify(src/robot_pose_publisher) by extension 'colcon_meta'
[2.892s] Level 1:colcon.colcon_core.package_identification:_identify(src/robot_pose_publisher) by extensions ['ros']
[2.892s] Level 1:colcon.colcon_core.package_identification:_identify(src/robot_pose_publisher) by extension 'ros'
[2.896s] DEBUG:colcon.colcon_core.package_identification:Package 'src/robot_pose_publisher' with type 'ros.ament_python' and name 'robot_pose_publisher'
[2.897s] Level 1:colcon.colcon_core.package_identification:_identify(src/yahboom_app_save_map) by extensions ['ignore', 'ignore_ament_install']
[2.897s] Level 1:colcon.colcon_core.package_identification:_identify(src/yahboom_app_save_map) by extension 'ignore'
[2.898s] Level 1:colcon.colcon_core.package_identification:_identify(src/yahboom_app_save_map) by extension 'ignore_ament_install'
[2.898s] Level 1:colcon.colcon_core.package_identification:_identify(src/yahboom_app_save_map) by extensions ['colcon_pkg']
[2.898s] Level 1:colcon.colcon_core.package_identification:_identify(src/yahboom_app_save_map) by extension 'colcon_pkg'
[2.898s] Level 1:colcon.colcon_core.package_identification:_identify(src/yahboom_app_save_map) by extensions ['colcon_meta']
[2.898s] Level 1:colcon.colcon_core.package_identification:_identify(src/yahboom_app_save_map) by extension 'colcon_meta'
[2.898s] Level 1:colcon.colcon_core.package_identification:_identify(src/yahboom_app_save_map) by extensions ['ros']
[2.898s] Level 1:colcon.colcon_core.package_identification:_identify(src/yahboom_app_save_map) by extension 'ros'
[2.901s] DEBUG:colcon.colcon_core.package_identification:Package 'src/yahboom_app_save_map' with type 'ros.ament_python' and name 'yahboom_app_save_map'
[2.902s] Level 1:colcon.colcon_core.package_identification:_identify(src/yahboom_web_savmap_interfaces) by extensions ['ignore', 'ignore_ament_install']
[2.902s] Level 1:colcon.colcon_core.package_identification:_identify(src/yahboom_web_savmap_interfaces) by extension 'ignore'
[2.903s] Level 1:colcon.colcon_core.package_identification:_identify(src/yahboom_web_savmap_interfaces) by extension 'ignore_ament_install'
[2.903s] Level 1:colcon.colcon_core.package_identification:_identify(src/yahboom_web_savmap_interfaces) by extensions ['colcon_pkg']
[2.903s] Level 1:colcon.colcon_core.package_identification:_identify(src/yahboom_web_savmap_interfaces) by extension 'colcon_pkg'
[2.903s] Level 1:colcon.colcon_core.package_identification:_identify(src/yahboom_web_savmap_interfaces) by extensions ['colcon_meta']
[2.903s] Level 1:colcon.colcon_core.package_identification:_identify(src/yahboom_web_savmap_interfaces) by extension 'colcon_meta'
[2.903s] Level 1:colcon.colcon_core.package_identification:_identify(src/yahboom_web_savmap_interfaces) by extensions ['ros']
[2.903s] Level 1:colcon.colcon_core.package_identification:_identify(src/yahboom_web_savmap_interfaces) by extension 'ros'
[2.907s] DEBUG:colcon.colcon_core.package_identification:Package 'src/yahboom_web_savmap_interfaces' with type 'ros.ament_cmake' and name 'yahboom_web_savmap_interfaces'
[2.908s] Level 1:colcon.colcon_core.package_identification:_identify(src/yahboomcar_description) by extensions ['ignore', 'ignore_ament_install']
[2.908s] Level 1:colcon.colcon_core.package_identification:_identify(src/yahboomcar_description) by extension 'ignore'
[2.908s] Level 1:colcon.colcon_core.package_identification:_identify(src/yahboomcar_description) by extension 'ignore_ament_install'
[2.908s] Level 1:colcon.colcon_core.package_identification:_identify(src/yahboomcar_description) by extensions ['colcon_pkg']
[2.908s] Level 1:colcon.colcon_core.package_identification:_identify(src/yahboomcar_description) by extension 'colcon_pkg'
[2.908s] Level 1:colcon.colcon_core.package_identification:_identify(src/yahboomcar_description) by extensions ['colcon_meta']
[2.908s] Level 1:colcon.colcon_core.package_identification:_identify(src/yahboomcar_description) by extension 'colcon_meta'
[2.909s] Level 1:colcon.colcon_core.package_identification:_identify(src/yahboomcar_description) by extensions ['ros']
[2.909s] Level 1:colcon.colcon_core.package_identification:_identify(src/yahboomcar_description) by extension 'ros'
[2.910s] DEBUG:colcon.colcon_core.package_identification:Package 'src/yahboomcar_description' with type 'ros.ament_python' and name 'yahboomcar_description'
[2.911s] Level 1:colcon.colcon_core.package_identification:_identify(src/yahboomcar_msgs) by extensions ['ignore', 'ignore_ament_install']
[2.911s] Level 1:colcon.colcon_core.package_identification:_identify(src/yahboomcar_msgs) by extension 'ignore'
[2.911s] Level 1:colcon.colcon_core.package_identification:_identify(src/yahboomcar_msgs) by extension 'ignore_ament_install'
[2.911s] Level 1:colcon.colcon_core.package_identification:_identify(src/yahboomcar_msgs) by extensions ['colcon_pkg']
[2.911s] Level 1:colcon.colcon_core.package_identification:_identify(src/yahboomcar_msgs) by extension 'colcon_pkg'
[2.911s] Level 1:colcon.colcon_core.package_identification:_identify(src/yahboomcar_msgs) by extensions ['colcon_meta']
[2.911s] Level 1:colcon.colcon_core.package_identification:_identify(src/yahboomcar_msgs) by extension 'colcon_meta'
[2.912s] Level 1:colcon.colcon_core.package_identification:_identify(src/yahboomcar_msgs) by extensions ['ros']
[2.912s] Level 1:colcon.colcon_core.package_identification:_identify(src/yahboomcar_msgs) by extension 'ros'
[2.914s] DEBUG:colcon.colcon_core.package_identification:Package 'src/yahboomcar_msgs' with type 'ros.ament_cmake' and name 'yahboomcar_msgs'
[2.914s] Level 1:colcon.colcon_core.package_discovery:discover_packages(recursive) using defaults
[2.914s] Level 1:colcon.colcon_core.package_discovery:discover_packages(ignore) discover
[2.914s] Level 1:colcon.colcon_core.package_discovery:discover_packages(ignore) using defaults
[2.914s] Level 1:colcon.colcon_core.package_discovery:discover_packages(path) discover
[2.914s] Level 1:colcon.colcon_core.package_discovery:discover_packages(path) using defaults
[3.124s] Level 1:colcon.colcon_core.package_discovery:discover_packages(prefix_path) check parameters
[3.124s] Level 1:colcon.colcon_core.package_discovery:discover_packages(prefix_path) discover
[3.207s] DEBUG:colcon.colcon_installed_package_information.package_discovery:Found 2 installed packages in /home/rosuser/my_robot_ws/install
[3.261s] DEBUG:colcon.colcon_installed_package_information.package_discovery:Found 15 installed packages in /home/rosuser/ROS2Dev/turtlebot3_ws/install
[3.299s] DEBUG:colcon.colcon_installed_package_information.package_discovery:Found 368 installed packages in /opt/ros/humble
[3.302s] Level 1:colcon.colcon_core.package_discovery:discover_packages(prefix_path) using defaults
[3.796s] Level 5:colcon.colcon_core.verb:set package 'laserscan_to_point_pulisher' build argument 'cmake_args' from command line to 'None'
[3.796s] Level 5:colcon.colcon_core.verb:set package 'laserscan_to_point_pulisher' build argument 'cmake_target' from command line to 'None'
[3.796s] Level 5:colcon.colcon_core.verb:set package 'laserscan_to_point_pulisher' build argument 'cmake_target_skip_unavailable' from command line to 'False'
[3.796s] Level 5:colcon.colcon_core.verb:set package 'laserscan_to_point_pulisher' build argument 'cmake_clean_cache' from command line to 'False'
[3.796s] Level 5:colcon.colcon_core.verb:set package 'laserscan_to_point_pulisher' build argument 'cmake_clean_first' from command line to 'False'
[3.796s] Level 5:colcon.colcon_core.verb:set package 'laserscan_to_point_pulisher' build argument 'cmake_force_configure' from command line to 'False'
[3.796s] Level 5:colcon.colcon_core.verb:set package 'laserscan_to_point_pulisher' build argument 'ament_cmake_args' from command line to 'None'
[3.796s] Level 5:colcon.colcon_core.verb:set package 'laserscan_to_point_pulisher' build argument 'catkin_cmake_args' from command line to 'None'
[3.796s] Level 5:colcon.colcon_core.verb:set package 'laserscan_to_point_pulisher' build argument 'catkin_skip_building_tests' from command line to 'False'
[3.796s] DEBUG:colcon.colcon_core.verb:Building package 'laserscan_to_point_pulisher' with the following arguments: {'ament_cmake_args': None, 'build_base': '/home/rosuser/yahboom_ws/build/laserscan_to_point_pulisher', 'catkin_cmake_args': None, 'catkin_skip_building_tests': False, 'cmake_args': None, 'cmake_clean_cache': False, 'cmake_clean_first': False, 'cmake_force_configure': False, 'cmake_target': None, 'cmake_target_skip_unavailable': False, 'install_base': '/home/rosuser/yahboom_ws/install/laserscan_to_point_pulisher', 'merge_install': False, 'path': '/home/rosuser/yahboom_ws/src/laserscan_to_point_pulisher', 'symlink_install': False, 'test_result_base': None}
[3.867s] Level 5:colcon.colcon_core.verb:set package 'robot_pose_publisher' build argument 'cmake_args' from command line to 'None'
[3.867s] Level 5:colcon.colcon_core.verb:set package 'robot_pose_publisher' build argument 'cmake_target' from command line to 'None'
[3.867s] Level 5:colcon.colcon_core.verb:set package 'robot_pose_publisher' build argument 'cmake_target_skip_unavailable' from command line to 'False'
[3.868s] Level 5:colcon.colcon_core.verb:set package 'robot_pose_publisher' build argument 'cmake_clean_cache' from command line to 'False'
[3.868s] Level 5:colcon.colcon_core.verb:set package 'robot_pose_publisher' build argument 'cmake_clean_first' from command line to 'False'
[3.868s] Level 5:colcon.colcon_core.verb:set package 'robot_pose_publisher' build argument 'cmake_force_configure' from command line to 'False'
[3.868s] Level 5:colcon.colcon_core.verb:set package 'robot_pose_publisher' build argument 'ament_cmake_args' from command line to 'None'
[3.868s] Level 5:colcon.colcon_core.verb:set package 'robot_pose_publisher' build argument 'catkin_cmake_args' from command line to 'None'
[3.868s] Level 5:colcon.colcon_core.verb:set package 'robot_pose_publisher' build argument 'catkin_skip_building_tests' from command line to 'False'
[3.868s] DEBUG:colcon.colcon_core.verb:Building package 'robot_pose_publisher' with the following arguments: {'ament_cmake_args': None, 'build_base': '/home/rosuser/yahboom_ws/build/robot_pose_publisher', 'catkin_cmake_args': None, 'catkin_skip_building_tests': False, 'cmake_args': None, 'cmake_clean_cache': False, 'cmake_clean_first': False, 'cmake_force_configure': False, 'cmake_target': None, 'cmake_target_skip_unavailable': False, 'install_base': '/home/rosuser/yahboom_ws/install/robot_pose_publisher', 'merge_install': False, 'path': '/home/rosuser/yahboom_ws/src/robot_pose_publisher', 'symlink_install': False, 'test_result_base': None}
[3.892s] Level 5:colcon.colcon_core.verb:set package 'yahboom_app_save_map' build argument 'cmake_args' from command line to 'None'
[3.892s] Level 5:colcon.colcon_core.verb:set package 'yahboom_app_save_map' build argument 'cmake_target' from command line to 'None'
[3.892s] Level 5:colcon.colcon_core.verb:set package 'yahboom_app_save_map' build argument 'cmake_target_skip_unavailable' from command line to 'False'
[3.892s] Level 5:colcon.colcon_core.verb:set package 'yahboom_app_save_map' build argument 'cmake_clean_cache' from command line to 'False'
[3.892s] Level 5:colcon.colcon_core.verb:set package 'yahboom_app_save_map' build argument 'cmake_clean_first' from command line to 'False'
[3.892s] Level 5:colcon.colcon_core.verb:set package 'yahboom_app_save_map' build argument 'cmake_force_configure' from command line to 'False'
[3.892s] Level 5:colcon.colcon_core.verb:set package 'yahboom_app_save_map' build argument 'ament_cmake_args' from command line to 'None'
[3.892s] Level 5:colcon.colcon_core.verb:set package 'yahboom_app_save_map' build argument 'catkin_cmake_args' from command line to 'None'
[3.892s] Level 5:colcon.colcon_core.verb:set package 'yahboom_app_save_map' build argument 'catkin_skip_building_tests' from command line to 'False'
[3.892s] DEBUG:colcon.colcon_core.verb:Building package 'yahboom_app_save_map' with the following arguments: {'ament_cmake_args': None, 'build_base': '/home/rosuser/yahboom_ws/build/yahboom_app_save_map', 'catkin_cmake_args': None, 'catkin_skip_building_tests': False, 'cmake_args': None, 'cmake_clean_cache': False, 'cmake_clean_first': False, 'cmake_force_configure': False, 'cmake_target': None, 'cmake_target_skip_unavailable': False, 'install_base': '/home/rosuser/yahboom_ws/install/yahboom_app_save_map', 'merge_install': False, 'path': '/home/rosuser/yahboom_ws/src/yahboom_app_save_map', 'symlink_install': False, 'test_result_base': None}
[3.910s] Level 5:colcon.colcon_core.verb:set package 'yahboom_web_savmap_interfaces' build argument 'cmake_args' from command line to 'None'
[3.910s] Level 5:colcon.colcon_core.verb:set package 'yahboom_web_savmap_interfaces' build argument 'cmake_target' from command line to 'None'
[3.910s] Level 5:colcon.colcon_core.verb:set package 'yahboom_web_savmap_interfaces' build argument 'cmake_target_skip_unavailable' from command line to 'False'
[3.910s] Level 5:colcon.colcon_core.verb:set package 'yahboom_web_savmap_interfaces' build argument 'cmake_clean_cache' from command line to 'False'
[3.910s] Level 5:colcon.colcon_core.verb:set package 'yahboom_web_savmap_interfaces' build argument 'cmake_clean_first' from command line to 'False'
[3.910s] Level 5:colcon.colcon_core.verb:set package 'yahboom_web_savmap_interfaces' build argument 'cmake_force_configure' from command line to 'False'
[3.911s] Level 5:colcon.colcon_core.verb:set package 'yahboom_web_savmap_interfaces' build argument 'ament_cmake_args' from command line to 'None'
[3.911s] Level 5:colcon.colcon_core.verb:set package 'yahboom_web_savmap_interfaces' build argument 'catkin_cmake_args' from command line to 'None'
[3.911s] Level 5:colcon.colcon_core.verb:set package 'yahboom_web_savmap_interfaces' build argument 'catkin_skip_building_tests' from command line to 'False'
[3.911s] DEBUG:colcon.colcon_core.verb:Building package 'yahboom_web_savmap_interfaces' with the following arguments: {'ament_cmake_args': None, 'build_base': '/home/rosuser/yahboom_ws/build/yahboom_web_savmap_interfaces', 'catkin_cmake_args': None, 'catkin_skip_building_tests': False, 'cmake_args': None, 'cmake_clean_cache': False, 'cmake_clean_first': False, 'cmake_force_configure': False, 'cmake_target': None, 'cmake_target_skip_unavailable': False, 'install_base': '/home/rosuser/yahboom_ws/install/yahboom_web_savmap_interfaces', 'merge_install': False, 'path': '/home/rosuser/yahboom_ws/src/yahboom_web_savmap_interfaces', 'symlink_install': False, 'test_result_base': None}
[3.937s] Level 5:colcon.colcon_core.verb:set package 'yahboomcar_description' build argument 'cmake_args' from command line to 'None'
[3.937s] Level 5:colcon.colcon_core.verb:set package 'yahboomcar_description' build argument 'cmake_target' from command line to 'None'
[3.937s] Level 5:colcon.colcon_core.verb:set package 'yahboomcar_description' build argument 'cmake_target_skip_unavailable' from command line to 'False'
[3.937s] Level 5:colcon.colcon_core.verb:set package 'yahboomcar_description' build argument 'cmake_clean_cache' from command line to 'False'
[3.937s] Level 5:colcon.colcon_core.verb:set package 'yahboomcar_description' build argument 'cmake_clean_first' from command line to 'False'
[3.937s] Level 5:colcon.colcon_core.verb:set package 'yahboomcar_description' build argument 'cmake_force_configure' from command line to 'False'
[3.937s] Level 5:colcon.colcon_core.verb:set package 'yahboomcar_description' build argument 'ament_cmake_args' from command line to 'None'
[3.937s] Level 5:colcon.colcon_core.verb:set package 'yahboomcar_description' build argument 'catkin_cmake_args' from command line to 'None'
[3.937s] Level 5:colcon.colcon_core.verb:set package 'yahboomcar_description' build argument 'catkin_skip_building_tests' from command line to 'False'
[3.937s] DEBUG:colcon.colcon_core.verb:Building package 'yahboomcar_description' with the following arguments: {'ament_cmake_args': None, 'build_base': '/home/rosuser/yahboom_ws/build/yahboomcar_description', 'catkin_cmake_args': None, 'catkin_skip_building_tests': False, 'cmake_args': None, 'cmake_clean_cache': False, 'cmake_clean_first': False, 'cmake_force_configure': False, 'cmake_target': None, 'cmake_target_skip_unavailable': False, 'install_base': '/home/rosuser/yahboom_ws/install/yahboomcar_description', 'merge_install': False, 'path': '/home/rosuser/yahboom_ws/src/yahboomcar_description', 'symlink_install': False, 'test_result_base': None}
[3.967s] Level 5:colcon.colcon_core.verb:set package 'yahboomcar_msgs' build argument 'cmake_args' from command line to 'None'
[3.967s] Level 5:colcon.colcon_core.verb:set package 'yahboomcar_msgs' build argument 'cmake_target' from command line to 'None'
[3.967s] Level 5:colcon.colcon_core.verb:set package 'yahboomcar_msgs' build argument 'cmake_target_skip_unavailable' from command line to 'False'
[3.967s] Level 5:colcon.colcon_core.verb:set package 'yahboomcar_msgs' build argument 'cmake_clean_cache' from command line to 'False'
[3.967s] Level 5:colcon.colcon_core.verb:set package 'yahboomcar_msgs' build argument 'cmake_clean_first' from command line to 'False'
[3.967s] Level 5:colcon.colcon_core.verb:set package 'yahboomcar_msgs' build argument 'cmake_force_configure' from command line to 'False'
[3.967s] Level 5:colcon.colcon_core.verb:set package 'yahboomcar_msgs' build argument 'ament_cmake_args' from command line to 'None'
[3.967s] Level 5:colcon.colcon_core.verb:set package 'yahboomcar_msgs' build argument 'catkin_cmake_args' from command line to 'None'
[3.967s] Level 5:colcon.colcon_core.verb:set package 'yahboomcar_msgs' build argument 'catkin_skip_building_tests' from command line to 'False'
[3.967s] DEBUG:colcon.colcon_core.verb:Building package 'yahboomcar_msgs' with the following arguments: {'ament_cmake_args': None, 'build_base': '/home/rosuser/yahboom_ws/build/yahboomcar_msgs', 'catkin_cmake_args': None, 'catkin_skip_building_tests': False, 'cmake_args': None, 'cmake_clean_cache': False, 'cmake_clean_first': False, 'cmake_force_configure': False, 'cmake_target': None, 'cmake_target_skip_unavailable': False, 'install_base': '/home/rosuser/yahboom_ws/install/yahboomcar_msgs', 'merge_install': False, 'path': '/home/rosuser/yahboom_ws/src/yahboomcar_msgs', 'symlink_install': False, 'test_result_base': None}
[4.023s] INFO:colcon.colcon_core.executor:Executing jobs using 'parallel' executor
[4.117s] DEBUG:colcon.colcon_parallel_executor.executor.parallel:run_until_complete
[4.118s] INFO:colcon.colcon_ros.task.ament_python.build:Building ROS package in '/home/rosuser/yahboom_ws/src/laserscan_to_point_pulisher' with build type 'ament_python'
[4.118s] Level 1:colcon.colcon_core.shell:create_environment_hook('laserscan_to_point_pulisher', 'ament_prefix_path')
[4.194s] INFO:colcon.colcon_core.plugin_system:Skipping extension 'colcon_core.shell.bat': Not used on non-Windows systems
[4.195s] INFO:colcon.colcon_core.shell:Creating environment hook '/home/rosuser/yahboom_ws/install/laserscan_to_point_pulisher/share/laserscan_to_point_pulisher/hook/ament_prefix_path.ps1'
[4.200s] INFO:colcon.colcon_core.shell:Creating environment descriptor '/home/rosuser/yahboom_ws/install/laserscan_to_point_pulisher/share/laserscan_to_point_pulisher/hook/ament_prefix_path.dsv'
[4.205s] INFO:colcon.colcon_core.shell:Creating environment hook '/home/rosuser/yahboom_ws/install/laserscan_to_point_pulisher/share/laserscan_to_point_pulisher/hook/ament_prefix_path.sh'
[4.283s] INFO:colcon.colcon_core.shell:Skip shell extension 'powershell' for command environment: Not usable outside of PowerShell
[4.283s] DEBUG:colcon.colcon_core.shell:Skip shell extension 'dsv' for command environment
[4.562s] INFO:colcon.colcon_ros.task.ament_python.build:Building ROS package in '/home/rosuser/yahboom_ws/src/robot_pose_publisher' with build type 'ament_python'
[4.562s] Level 1:colcon.colcon_core.shell:create_environment_hook('robot_pose_publisher', 'ament_prefix_path')
[4.626s] INFO:colcon.colcon_core.shell:Creating environment hook '/home/rosuser/yahboom_ws/install/robot_pose_publisher/share/robot_pose_publisher/hook/ament_prefix_path.ps1'
[4.658s] INFO:colcon.colcon_core.shell:Creating environment descriptor '/home/rosuser/yahboom_ws/install/robot_pose_publisher/share/robot_pose_publisher/hook/ament_prefix_path.dsv'
[4.663s] INFO:colcon.colcon_core.shell:Creating environment hook '/home/rosuser/yahboom_ws/install/robot_pose_publisher/share/robot_pose_publisher/hook/ament_prefix_path.sh'
[4.738s] INFO:colcon.colcon_core.shell:Skip shell extension 'powershell' for command environment: Not usable outside of PowerShell
[4.738s] DEBUG:colcon.colcon_core.shell:Skip shell extension 'dsv' for command environment
[5.524s] INFO:colcon.colcon_core.task.python.build:Building Python package in '/home/rosuser/yahboom_ws/src/laserscan_to_point_pulisher'
[5.553s] INFO:colcon.colcon_core.shell:Skip shell extension 'powershell' for command environment: Not usable outside of PowerShell
[5.553s] DEBUG:colcon.colcon_core.shell:Skip shell extension 'dsv' for command environment
[6.230s] INFO:colcon.colcon_core.task.python.build:Building Python package in '/home/rosuser/yahboom_ws/src/robot_pose_publisher'
[6.258s] INFO:colcon.colcon_core.shell:Skip shell extension 'powershell' for command environment: Not usable outside of PowerShell
[6.258s] DEBUG:colcon.colcon_core.shell:Skip shell extension 'dsv' for command environment
[7.763s] DEBUG:colcon.colcon_core.event_handler.log_command:Invoking command in '/home/rosuser/yahboom_ws/src/robot_pose_publisher': PYTHONPATH=/home/rosuser/yahboom_ws/build/robot_pose_publisher/prefix_override:/home/rosuser/yahboom_ws/install/robot_pose_publisher/lib/python3.10/site-packages:${PYTHONPATH} /usr/bin/python3 setup.py egg_info --egg-base ../../build/robot_pose_publisher build --build-base /home/rosuser/yahboom_ws/build/robot_pose_publisher/build install --record /home/rosuser/yahboom_ws/build/robot_pose_publisher/install.log --install-scripts $base/lib/robot_pose_publisher --single-version-externally-managed
[7.769s] DEBUG:colcon.colcon_core.event_handler.log_command:Invoking command in '/home/rosuser/yahboom_ws/src/laserscan_to_point_pulisher': PYTHONPATH=/home/rosuser/yahboom_ws/build/laserscan_to_point_pulisher/prefix_override:/home/rosuser/yahboom_ws/install/laserscan_to_point_pulisher/lib/python3.10/site-packages:${PYTHONPATH} /usr/bin/python3 setup.py egg_info --egg-base ../../build/laserscan_to_point_pulisher build --build-base /home/rosuser/yahboom_ws/build/laserscan_to_point_pulisher/build install --record /home/rosuser/yahboom_ws/build/laserscan_to_point_pulisher/install.log --install-scripts $base/lib/laserscan_to_point_pulisher --single-version-externally-managed
[8.426s] DEBUG:colcon.colcon_core.event_handler.log_command:Invoked command in '/home/rosuser/yahboom_ws/src/robot_pose_publisher' returned '0': PYTHONPATH=/home/rosuser/yahboom_ws/build/robot_pose_publisher/prefix_override:/home/rosuser/yahboom_ws/install/robot_pose_publisher/lib/python3.10/site-packages:${PYTHONPATH} /usr/bin/python3 setup.py egg_info --egg-base ../../build/robot_pose_publisher build --build-base /home/rosuser/yahboom_ws/build/robot_pose_publisher/build install --record /home/rosuser/yahboom_ws/build/robot_pose_publisher/install.log --install-scripts $base/lib/robot_pose_publisher --single-version-externally-managed
[8.481s] Level 1:colcon.colcon_core.environment:checking '/home/rosuser/yahboom_ws/install/robot_pose_publisher' for CMake module files
[8.482s] Level 1:colcon.colcon_core.environment:checking '/home/rosuser/yahboom_ws/install/robot_pose_publisher' for CMake config files
[8.486s] Level 1:colcon.colcon_core.environment:checking '/home/rosuser/yahboom_ws/install/robot_pose_publisher/lib'
[8.486s] Level 1:colcon.colcon_core.environment:checking '/home/rosuser/yahboom_ws/install/robot_pose_publisher/bin'
[8.486s] Level 1:colcon.colcon_core.environment:checking '/home/rosuser/yahboom_ws/install/robot_pose_publisher/lib/pkgconfig/robot_pose_publisher.pc'
[8.486s] Level 1:colcon.colcon_core.environment:checking '/home/rosuser/yahboom_ws/install/robot_pose_publisher/lib/python3.10/site-packages'
[8.487s] Level 1:colcon.colcon_core.shell:create_environment_hook('robot_pose_publisher', 'pythonpath')
[8.515s] INFO:colcon.colcon_core.shell:Creating environment hook '/home/rosuser/yahboom_ws/install/robot_pose_publisher/share/robot_pose_publisher/hook/pythonpath.ps1'
[8.516s] INFO:colcon.colcon_core.shell:Creating environment descriptor '/home/rosuser/yahboom_ws/install/robot_pose_publisher/share/robot_pose_publisher/hook/pythonpath.dsv'
[8.517s] INFO:colcon.colcon_core.shell:Creating environment hook '/home/rosuser/yahboom_ws/install/robot_pose_publisher/share/robot_pose_publisher/hook/pythonpath.sh'
[8.518s] Level 1:colcon.colcon_core.environment:checking '/home/rosuser/yahboom_ws/install/robot_pose_publisher/bin'
[8.518s] Level 1:colcon.colcon_core.environment:create_environment_scripts_only(robot_pose_publisher)
[8.546s] INFO:colcon.colcon_core.shell:Creating package script '/home/rosuser/yahboom_ws/install/robot_pose_publisher/share/robot_pose_publisher/package.ps1'
[8.555s] INFO:colcon.colcon_core.shell:Creating package descriptor '/home/rosuser/yahboom_ws/install/robot_pose_publisher/share/robot_pose_publisher/package.dsv'
[8.567s] INFO:colcon.colcon_core.shell:Creating package script '/home/rosuser/yahboom_ws/install/robot_pose_publisher/share/robot_pose_publisher/package.sh'
[8.578s] INFO:colcon.colcon_core.shell:Creating package script '/home/rosuser/yahboom_ws/install/robot_pose_publisher/share/robot_pose_publisher/package.bash'
[8.602s] INFO:colcon.colcon_core.shell:Creating package script '/home/rosuser/yahboom_ws/install/robot_pose_publisher/share/robot_pose_publisher/package.zsh'
[8.605s] Level 1:colcon.colcon_core.environment:create_file_with_runtime_dependencies(/home/rosuser/yahboom_ws/install/robot_pose_publisher/share/colcon-core/packages/robot_pose_publisher)
[8.606s] INFO:colcon.colcon_ros.task.ament_python.build:Building ROS package in '/home/rosuser/yahboom_ws/src/yahboom_app_save_map' with build type 'ament_python'
[8.606s] Level 1:colcon.colcon_core.shell:create_environment_hook('yahboom_app_save_map', 'ament_prefix_path')
[8.673s] INFO:colcon.colcon_core.shell:Creating environment hook '/home/rosuser/yahboom_ws/install/yahboom_app_save_map/share/yahboom_app_save_map/hook/ament_prefix_path.ps1'
[8.682s] INFO:colcon.colcon_core.shell:Creating environment descriptor '/home/rosuser/yahboom_ws/install/yahboom_app_save_map/share/yahboom_app_save_map/hook/ament_prefix_path.dsv'
[8.685s] INFO:colcon.colcon_core.shell:Creating environment hook '/home/rosuser/yahboom_ws/install/yahboom_app_save_map/share/yahboom_app_save_map/hook/ament_prefix_path.sh'
[8.748s] INFO:colcon.colcon_core.shell:Skip shell extension 'powershell' for command environment: Not usable outside of PowerShell
[8.749s] DEBUG:colcon.colcon_core.shell:Skip shell extension 'dsv' for command environment
[8.923s] DEBUG:colcon.colcon_core.event_handler.log_command:Invoked command in '/home/rosuser/yahboom_ws/src/laserscan_to_point_pulisher' returned '0': PYTHONPATH=/home/rosuser/yahboom_ws/build/laserscan_to_point_pulisher/prefix_override:/home/rosuser/yahboom_ws/install/laserscan_to_point_pulisher/lib/python3.10/site-packages:${PYTHONPATH} /usr/bin/python3 setup.py egg_info --egg-base ../../build/laserscan_to_point_pulisher build --build-base /home/rosuser/yahboom_ws/build/laserscan_to_point_pulisher/build install --record /home/rosuser/yahboom_ws/build/laserscan_to_point_pulisher/install.log --install-scripts $base/lib/laserscan_to_point_pulisher --single-version-externally-managed
[8.947s] Level 1:colcon.colcon_core.environment:checking '/home/rosuser/yahboom_ws/install/laserscan_to_point_pulisher' for CMake module files
[8.947s] Level 1:colcon.colcon_core.environment:checking '/home/rosuser/yahboom_ws/install/laserscan_to_point_pulisher' for CMake config files
[8.950s] Level 1:colcon.colcon_core.environment:checking '/home/rosuser/yahboom_ws/install/laserscan_to_point_pulisher/lib'
[8.950s] Level 1:colcon.colcon_core.environment:checking '/home/rosuser/yahboom_ws/install/laserscan_to_point_pulisher/bin'
[8.950s] Level 1:colcon.colcon_core.environment:checking '/home/rosuser/yahboom_ws/install/laserscan_to_point_pulisher/lib/pkgconfig/laserscan_to_point_pulisher.pc'
[8.950s] Level 1:colcon.colcon_core.environment:checking '/home/rosuser/yahboom_ws/install/laserscan_to_point_pulisher/lib/python3.10/site-packages'
[8.951s] Level 1:colcon.colcon_core.shell:create_environment_hook('laserscan_to_point_pulisher', 'pythonpath')
[8.972s] INFO:colcon.colcon_core.shell:Creating environment hook '/home/rosuser/yahboom_ws/install/laserscan_to_point_pulisher/share/laserscan_to_point_pulisher/hook/pythonpath.ps1'
[8.972s] INFO:colcon.colcon_core.shell:Creating environment descriptor '/home/rosuser/yahboom_ws/install/laserscan_to_point_pulisher/share/laserscan_to_point_pulisher/hook/pythonpath.dsv'
[8.973s] INFO:colcon.colcon_core.shell:Creating environment hook '/home/rosuser/yahboom_ws/install/laserscan_to_point_pulisher/share/laserscan_to_point_pulisher/hook/pythonpath.sh'
[8.973s] Level 1:colcon.colcon_core.environment:checking '/home/rosuser/yahboom_ws/install/laserscan_to_point_pulisher/bin'
[8.974s] Level 1:colcon.colcon_core.environment:create_environment_scripts_only(laserscan_to_point_pulisher)
[8.998s] INFO:colcon.colcon_core.shell:Creating package script '/home/rosuser/yahboom_ws/install/laserscan_to_point_pulisher/share/laserscan_to_point_pulisher/package.ps1'
[8.999s] INFO:colcon.colcon_core.shell:Creating package descriptor '/home/rosuser/yahboom_ws/install/laserscan_to_point_pulisher/share/laserscan_to_point_pulisher/package.dsv'
[8.999s] INFO:colcon.colcon_core.shell:Creating package script '/home/rosuser/yahboom_ws/install/laserscan_to_point_pulisher/share/laserscan_to_point_pulisher/package.sh'
[9.000s] INFO:colcon.colcon_core.shell:Creating package script '/home/rosuser/yahboom_ws/install/laserscan_to_point_pulisher/share/laserscan_to_point_pulisher/package.bash'
[9.001s] INFO:colcon.colcon_core.shell:Creating package script '/home/rosuser/yahboom_ws/install/laserscan_to_point_pulisher/share/laserscan_to_point_pulisher/package.zsh'
[9.001s] Level 1:colcon.colcon_core.environment:create_file_with_runtime_dependencies(/home/rosuser/yahboom_ws/install/laserscan_to_point_pulisher/share/colcon-core/packages/laserscan_to_point_pulisher)
[9.002s] INFO:colcon.colcon_ros.task.ament_cmake.build:Building ROS package in '/home/rosuser/yahboom_ws/src/yahboom_web_savmap_interfaces' with build type 'ament_cmake'
[9.002s] INFO:colcon.colcon_cmake.task.cmake.build:Building CMake package in '/home/rosuser/yahboom_ws/src/yahboom_web_savmap_interfaces'
[9.034s] INFO:colcon.colcon_core.shell:Skip shell extension 'powershell' for command environment: Not usable outside of PowerShell
[9.034s] DEBUG:colcon.colcon_core.shell:Skip shell extension 'dsv' for command environment
[9.746s] INFO:colcon.colcon_core.task.python.build:Building Python package in '/home/rosuser/yahboom_ws/src/yahboom_app_save_map'
[9.813s] INFO:colcon.colcon_core.shell:Skip shell extension 'powershell' for command environment: Not usable outside of PowerShell
[9.813s] DEBUG:colcon.colcon_core.shell:Skip shell extension 'dsv' for command environment
[9.958s] DEBUG:colcon.colcon_core.event_handler.log_command:Invoking command in '/home/rosuser/yahboom_ws/build/yahboom_web_savmap_interfaces': CMAKE_PREFIX_PATH=${CMAKE_PREFIX_PATH}:/home/rosuser/ROS2Dev/turtlebot3_ws/install/turtlebot3_teleop:/home/rosuser/ROS2Dev/turtlebot3_ws/install/turtlebot3_example:/opt/ros/humble /usr/bin/cmake --build /home/rosuser/yahboom_ws/build/yahboom_web_savmap_interfaces -- -j2 -l2
[10.694s] DEBUG:colcon.colcon_core.event_handler.log_command:Invoking command in '/home/rosuser/yahboom_ws/src/yahboom_app_save_map': PYTHONPATH=/home/rosuser/yahboom_ws/build/yahboom_app_save_map/prefix_override:/home/rosuser/yahboom_ws/install/yahboom_app_save_map/lib/python3.10/site-packages:${PYTHONPATH} /usr/bin/python3 setup.py egg_info --egg-base ../../build/yahboom_app_save_map build --build-base /home/rosuser/yahboom_ws/build/yahboom_app_save_map/build install --record /home/rosuser/yahboom_ws/build/yahboom_app_save_map/install.log --install-scripts $base/lib/yahboom_app_save_map --single-version-externally-managed
[11.194s] DEBUG:colcon.colcon_core.event_handler.log_command:Invoked command in '/home/rosuser/yahboom_ws/build/yahboom_web_savmap_interfaces' returned '0': CMAKE_PREFIX_PATH=${CMAKE_PREFIX_PATH}:/home/rosuser/ROS2Dev/turtlebot3_ws/install/turtlebot3_teleop:/home/rosuser/ROS2Dev/turtlebot3_ws/install/turtlebot3_example:/opt/ros/humble /usr/bin/cmake --build /home/rosuser/yahboom_ws/build/yahboom_web_savmap_interfaces -- -j2 -l2
[11.314s] DEBUG:colcon.colcon_core.event_handler.log_command:Invoking command in '/home/rosuser/yahboom_ws/build/yahboom_web_savmap_interfaces': CMAKE_PREFIX_PATH=${CMAKE_PREFIX_PATH}:/home/rosuser/ROS2Dev/turtlebot3_ws/install/turtlebot3_teleop:/home/rosuser/ROS2Dev/turtlebot3_ws/install/turtlebot3_example:/opt/ros/humble /usr/bin/cmake --install /home/rosuser/yahboom_ws/build/yahboom_web_savmap_interfaces
[11.321s] DEBUG:colcon.colcon_core.event_handler.log_command:Invoked command in '/home/rosuser/yahboom_ws/src/yahboom_app_save_map' returned '0': PYTHONPATH=/home/rosuser/yahboom_ws/build/yahboom_app_save_map/prefix_override:/home/rosuser/yahboom_ws/install/yahboom_app_save_map/lib/python3.10/site-packages:${PYTHONPATH} /usr/bin/python3 setup.py egg_info --egg-base ../../build/yahboom_app_save_map build --build-base /home/rosuser/yahboom_ws/build/yahboom_app_save_map/build install --record /home/rosuser/yahboom_ws/build/yahboom_app_save_map/install.log --install-scripts $base/lib/yahboom_app_save_map --single-version-externally-managed
[11.361s] Level 1:colcon.colcon_core.environment:checking '/home/rosuser/yahboom_ws/install/yahboom_app_save_map' for CMake module files
[11.363s] Level 1:colcon.colcon_core.environment:checking '/home/rosuser/yahboom_ws/install/yahboom_app_save_map' for CMake config files
[11.365s] Level 1:colcon.colcon_core.environment:checking '/home/rosuser/yahboom_ws/install/yahboom_app_save_map/lib'
[11.366s] Level 1:colcon.colcon_core.environment:checking '/home/rosuser/yahboom_ws/install/yahboom_app_save_map/bin'
[11.366s] Level 1:colcon.colcon_core.environment:checking '/home/rosuser/yahboom_ws/install/yahboom_app_save_map/lib/pkgconfig/yahboom_app_save_map.pc'
[11.366s] Level 1:colcon.colcon_core.environment:checking '/home/rosuser/yahboom_ws/install/yahboom_app_save_map/lib/python3.10/site-packages'
[11.366s] Level 1:colcon.colcon_core.shell:create_environment_hook('yahboom_app_save_map', 'pythonpath')
[11.394s] INFO:colcon.colcon_core.shell:Creating environment hook '/home/rosuser/yahboom_ws/install/yahboom_app_save_map/share/yahboom_app_save_map/hook/pythonpath.ps1'
[11.395s] INFO:colcon.colcon_core.shell:Creating environment descriptor '/home/rosuser/yahboom_ws/install/yahboom_app_save_map/share/yahboom_app_save_map/hook/pythonpath.dsv'
[11.396s] INFO:colcon.colcon_core.shell:Creating environment hook '/home/rosuser/yahboom_ws/install/yahboom_app_save_map/share/yahboom_app_save_map/hook/pythonpath.sh'
[11.397s] Level 1:colcon.colcon_core.environment:checking '/home/rosuser/yahboom_ws/install/yahboom_app_save_map/bin'
[11.397s] Level 1:colcon.colcon_core.environment:create_environment_scripts_only(yahboom_app_save_map)
[11.419s] INFO:colcon.colcon_core.shell:Creating package script '/home/rosuser/yahboom_ws/install/yahboom_app_save_map/share/yahboom_app_save_map/package.ps1'
[11.420s] INFO:colcon.colcon_core.shell:Creating package descriptor '/home/rosuser/yahboom_ws/install/yahboom_app_save_map/share/yahboom_app_save_map/package.dsv'
[11.421s] INFO:colcon.colcon_core.shell:Creating package script '/home/rosuser/yahboom_ws/install/yahboom_app_save_map/share/yahboom_app_save_map/package.sh'
[11.421s] INFO:colcon.colcon_core.shell:Creating package script '/home/rosuser/yahboom_ws/install/yahboom_app_save_map/share/yahboom_app_save_map/package.bash'
[11.422s] INFO:colcon.colcon_core.shell:Creating package script '/home/rosuser/yahboom_ws/install/yahboom_app_save_map/share/yahboom_app_save_map/package.zsh'
[11.422s] Level 1:colcon.colcon_core.environment:create_file_with_runtime_dependencies(/home/rosuser/yahboom_ws/install/yahboom_app_save_map/share/colcon-core/packages/yahboom_app_save_map)
[11.423s] INFO:colcon.colcon_ros.task.ament_python.build:Building ROS package in '/home/rosuser/yahboom_ws/src/yahboomcar_description' with build type 'ament_python'
[11.423s] Level 1:colcon.colcon_core.shell:create_environment_hook('yahboomcar_description', 'ament_prefix_path')
[11.474s] INFO:colcon.colcon_core.shell:Creating environment hook '/home/rosuser/yahboom_ws/install/yahboomcar_description/share/yahboomcar_description/hook/ament_prefix_path.ps1'
[11.477s] INFO:colcon.colcon_core.shell:Creating environment descriptor '/home/rosuser/yahboom_ws/install/yahboomcar_description/share/yahboomcar_description/hook/ament_prefix_path.dsv'
[11.478s] INFO:colcon.colcon_core.shell:Creating environment hook '/home/rosuser/yahboom_ws/install/yahboomcar_description/share/yahboomcar_description/hook/ament_prefix_path.sh'
[11.509s] INFO:colcon.colcon_core.shell:Skip shell extension 'powershell' for command environment: Not usable outside of PowerShell
[11.509s] DEBUG:colcon.colcon_core.shell:Skip shell extension 'dsv' for command environment
[11.615s] Level 1:colcon.colcon_core.environment:create_environment_scripts_only(yahboom_web_savmap_interfaces)
[11.616s] DEBUG:colcon.colcon_core.event_handler.log_command:Invoked command in '/home/rosuser/yahboom_ws/build/yahboom_web_savmap_interfaces' returned '0': CMAKE_PREFIX_PATH=${CMAKE_PREFIX_PATH}:/home/rosuser/ROS2Dev/turtlebot3_ws/install/turtlebot3_teleop:/home/rosuser/ROS2Dev/turtlebot3_ws/install/turtlebot3_example:/opt/ros/humble /usr/bin/cmake --install /home/rosuser/yahboom_ws/build/yahboom_web_savmap_interfaces
[11.642s] Level 1:colcon.colcon_core.environment:checking '/home/rosuser/yahboom_ws/install/yahboom_web_savmap_interfaces' for CMake module files
[11.643s] Level 1:colcon.colcon_core.environment:checking '/home/rosuser/yahboom_ws/install/yahboom_web_savmap_interfaces' for CMake config files
[11.646s] Level 1:colcon.colcon_core.shell:create_environment_hook('yahboom_web_savmap_interfaces', 'cmake_prefix_path')
[11.672s] INFO:colcon.colcon_core.shell:Creating environment hook '/home/rosuser/yahboom_ws/install/yahboom_web_savmap_interfaces/share/yahboom_web_savmap_interfaces/hook/cmake_prefix_path.ps1'
[11.674s] INFO:colcon.colcon_core.shell:Creating environment descriptor '/home/rosuser/yahboom_ws/install/yahboom_web_savmap_interfaces/share/yahboom_web_savmap_interfaces/hook/cmake_prefix_path.dsv'
[11.676s] INFO:colcon.colcon_core.shell:Creating environment hook '/home/rosuser/yahboom_ws/install/yahboom_web_savmap_interfaces/share/yahboom_web_savmap_interfaces/hook/cmake_prefix_path.sh'
[11.677s] Level 1:colcon.colcon_core.environment:checking '/home/rosuser/yahboom_ws/install/yahboom_web_savmap_interfaces/lib'
[11.677s] Level 1:colcon.colcon_core.shell:create_environment_hook('yahboom_web_savmap_interfaces', 'ld_library_path_lib')
[11.716s] INFO:colcon.colcon_core.shell:Creating environment hook '/home/rosuser/yahboom_ws/install/yahboom_web_savmap_interfaces/share/yahboom_web_savmap_interfaces/hook/ld_library_path_lib.ps1'
[11.718s] INFO:colcon.colcon_core.shell:Creating environment descriptor '/home/rosuser/yahboom_ws/install/yahboom_web_savmap_interfaces/share/yahboom_web_savmap_interfaces/hook/ld_library_path_lib.dsv'
[11.719s] INFO:colcon.colcon_core.shell:Creating environment hook '/home/rosuser/yahboom_ws/install/yahboom_web_savmap_interfaces/share/yahboom_web_savmap_interfaces/hook/ld_library_path_lib.sh'
[11.720s] Level 1:colcon.colcon_core.environment:checking '/home/rosuser/yahboom_ws/install/yahboom_web_savmap_interfaces/bin'
[11.720s] Level 1:colcon.colcon_core.environment:checking '/home/rosuser/yahboom_ws/install/yahboom_web_savmap_interfaces/lib/pkgconfig/yahboom_web_savmap_interfaces.pc'
[11.720s] Level 1:colcon.colcon_core.environment:checking '/home/rosuser/yahboom_ws/install/yahboom_web_savmap_interfaces/lib/python3.10/site-packages'
[11.721s] Level 1:colcon.colcon_core.environment:checking '/home/rosuser/yahboom_ws/install/yahboom_web_savmap_interfaces/bin'
[11.751s] INFO:colcon.colcon_core.shell:Creating package script '/home/rosuser/yahboom_ws/install/yahboom_web_savmap_interfaces/share/yahboom_web_savmap_interfaces/package.ps1'
[11.752s] INFO:colcon.colcon_core.shell:Creating package descriptor '/home/rosuser/yahboom_ws/install/yahboom_web_savmap_interfaces/share/yahboom_web_savmap_interfaces/package.dsv'
[11.753s] INFO:colcon.colcon_core.shell:Creating package script '/home/rosuser/yahboom_ws/install/yahboom_web_savmap_interfaces/share/yahboom_web_savmap_interfaces/package.sh'
[11.753s] INFO:colcon.colcon_core.shell:Creating package script '/home/rosuser/yahboom_ws/install/yahboom_web_savmap_interfaces/share/yahboom_web_savmap_interfaces/package.bash'
[11.754s] INFO:colcon.colcon_core.shell:Creating package script '/home/rosuser/yahboom_ws/install/yahboom_web_savmap_interfaces/share/yahboom_web_savmap_interfaces/package.zsh'
[11.755s] Level 1:colcon.colcon_core.environment:create_file_with_runtime_dependencies(/home/rosuser/yahboom_ws/install/yahboom_web_savmap_interfaces/share/colcon-core/packages/yahboom_web_savmap_interfaces)
[12.181s] INFO:colcon.colcon_core.task.python.build:Building Python package in '/home/rosuser/yahboom_ws/src/yahboomcar_description'
[12.202s] INFO:colcon.colcon_core.shell:Skip shell extension 'powershell' for command environment: Not usable outside of PowerShell
[12.202s] DEBUG:colcon.colcon_core.shell:Skip shell extension 'dsv' for command environment
[12.323s] Level 1:colcon.colcon_core.environment:create_environment_scripts_only(yahboom_web_savmap_interfaces)
[12.342s] Level 1:colcon.colcon_core.environment:checking '/home/rosuser/yahboom_ws/install/yahboom_web_savmap_interfaces' for CMake module files
[12.343s] Level 1:colcon.colcon_core.environment:checking '/home/rosuser/yahboom_ws/install/yahboom_web_savmap_interfaces' for CMake config files
[12.343s] Level 1:colcon.colcon_core.shell:create_environment_hook('yahboom_web_savmap_interfaces', 'cmake_prefix_path')
[12.363s] INFO:colcon.colcon_core.shell:Creating environment hook '/home/rosuser/yahboom_ws/install/yahboom_web_savmap_interfaces/share/yahboom_web_savmap_interfaces/hook/cmake_prefix_path.ps1'
[12.363s] INFO:colcon.colcon_core.shell:Creating environment descriptor '/home/rosuser/yahboom_ws/install/yahboom_web_savmap_interfaces/share/yahboom_web_savmap_interfaces/hook/cmake_prefix_path.dsv'
[12.364s] INFO:colcon.colcon_core.shell:Creating environment hook '/home/rosuser/yahboom_ws/install/yahboom_web_savmap_interfaces/share/yahboom_web_savmap_interfaces/hook/cmake_prefix_path.sh'
[12.365s] Level 1:colcon.colcon_core.environment:checking '/home/rosuser/yahboom_ws/install/yahboom_web_savmap_interfaces/lib'
[12.365s] Level 1:colcon.colcon_core.shell:create_environment_hook('yahboom_web_savmap_interfaces', 'ld_library_path_lib')
[12.385s] INFO:colcon.colcon_core.shell:Creating environment hook '/home/rosuser/yahboom_ws/install/yahboom_web_savmap_interfaces/share/yahboom_web_savmap_interfaces/hook/ld_library_path_lib.ps1'
[12.385s] INFO:colcon.colcon_core.shell:Creating environment descriptor '/home/rosuser/yahboom_ws/install/yahboom_web_savmap_interfaces/share/yahboom_web_savmap_interfaces/hook/ld_library_path_lib.dsv'
[12.386s] INFO:colcon.colcon_core.shell:Creating environment hook '/home/rosuser/yahboom_ws/install/yahboom_web_savmap_interfaces/share/yahboom_web_savmap_interfaces/hook/ld_library_path_lib.sh'
[12.386s] Level 1:colcon.colcon_core.environment:checking '/home/rosuser/yahboom_ws/install/yahboom_web_savmap_interfaces/bin'
[12.386s] Level 1:colcon.colcon_core.environment:checking '/home/rosuser/yahboom_ws/install/yahboom_web_savmap_interfaces/lib/pkgconfig/yahboom_web_savmap_interfaces.pc'
[12.387s] Level 1:colcon.colcon_core.environment:checking '/home/rosuser/yahboom_ws/install/yahboom_web_savmap_interfaces/lib/python3.10/site-packages'
[12.387s] Level 1:colcon.colcon_core.environment:checking '/home/rosuser/yahboom_ws/install/yahboom_web_savmap_interfaces/bin'
[12.406s] INFO:colcon.colcon_core.shell:Creating package script '/home/rosuser/yahboom_ws/install/yahboom_web_savmap_interfaces/share/yahboom_web_savmap_interfaces/package.ps1'
[12.407s] INFO:colcon.colcon_core.shell:Creating package descriptor '/home/rosuser/yahboom_ws/install/yahboom_web_savmap_interfaces/share/yahboom_web_savmap_interfaces/package.dsv'
[12.408s] INFO:colcon.colcon_core.shell:Creating package script '/home/rosuser/yahboom_ws/install/yahboom_web_savmap_interfaces/share/yahboom_web_savmap_interfaces/package.sh'
[12.409s] INFO:colcon.colcon_core.shell:Creating package script '/home/rosuser/yahboom_ws/install/yahboom_web_savmap_interfaces/share/yahboom_web_savmap_interfaces/package.bash'
[12.409s] INFO:colcon.colcon_core.shell:Creating package script '/home/rosuser/yahboom_ws/install/yahboom_web_savmap_interfaces/share/yahboom_web_savmap_interfaces/package.zsh'
[12.410s] Level 1:colcon.colcon_core.environment:create_file_with_runtime_dependencies(/home/rosuser/yahboom_ws/install/yahboom_web_savmap_interfaces/share/colcon-core/packages/yahboom_web_savmap_interfaces)
[12.411s] INFO:colcon.colcon_ros.task.ament_cmake.build:Building ROS package in '/home/rosuser/yahboom_ws/src/yahboomcar_msgs' with build type 'ament_cmake'
[12.411s] INFO:colcon.colcon_cmake.task.cmake.build:Building CMake package in '/home/rosuser/yahboom_ws/src/yahboomcar_msgs'
[12.436s] INFO:colcon.colcon_core.shell:Skip shell extension 'powershell' for command environment: Not usable outside of PowerShell
[12.437s] DEBUG:colcon.colcon_core.shell:Skip shell extension 'dsv' for command environment
[12.562s] DEBUG:colcon.colcon_core.event_handler.log_command:Invoking command in '/home/rosuser/yahboom_ws/build/yahboomcar_msgs': CMAKE_PREFIX_PATH=${CMAKE_PREFIX_PATH}:/home/rosuser/ROS2Dev/turtlebot3_ws/install/turtlebot3_teleop:/home/rosuser/ROS2Dev/turtlebot3_ws/install/turtlebot3_example:/opt/ros/humble /usr/bin/cmake --build /home/rosuser/yahboom_ws/build/yahboomcar_msgs -- -j2 -l2
[13.255s] DEBUG:colcon.colcon_core.event_handler.log_command:Invoking command in '/home/rosuser/yahboom_ws/src/yahboomcar_description': PYTHONPATH=/home/rosuser/yahboom_ws/build/yahboomcar_description/prefix_override:/home/rosuser/yahboom_ws/install/yahboomcar_description/lib/python3.10/site-packages:${PYTHONPATH} /usr/bin/python3 setup.py egg_info --egg-base ../../build/yahboomcar_description build --build-base /home/rosuser/yahboom_ws/build/yahboomcar_description/build install --record /home/rosuser/yahboom_ws/build/yahboomcar_description/install.log --install-scripts $base/lib/yahboomcar_description --single-version-externally-managed
[13.567s] DEBUG:colcon.colcon_core.event_handler.log_command:Invoked command in '/home/rosuser/yahboom_ws/build/yahboomcar_msgs' returned '0': CMAKE_PREFIX_PATH=${CMAKE_PREFIX_PATH}:/home/rosuser/ROS2Dev/turtlebot3_ws/install/turtlebot3_teleop:/home/rosuser/ROS2Dev/turtlebot3_ws/install/turtlebot3_example:/opt/ros/humble /usr/bin/cmake --build /home/rosuser/yahboom_ws/build/yahboomcar_msgs -- -j2 -l2
[13.775s] DEBUG:colcon.colcon_core.event_handler.log_command:Invoked command in '/home/rosuser/yahboom_ws/src/yahboomcar_description' returned '0': PYTHONPATH=/home/rosuser/yahboom_ws/build/yahboomcar_description/prefix_override:/home/rosuser/yahboom_ws/install/yahboomcar_description/lib/python3.10/site-packages:${PYTHONPATH} /usr/bin/python3 setup.py egg_info --egg-base ../../build/yahboomcar_description build --build-base /home/rosuser/yahboom_ws/build/yahboomcar_description/build install --record /home/rosuser/yahboom_ws/build/yahboomcar_description/install.log --install-scripts $base/lib/yahboomcar_description --single-version-externally-managed
[13.809s] Level 1:colcon.colcon_core.environment:checking '/home/rosuser/yahboom_ws/install/yahboomcar_description' for CMake module files
[13.810s] Level 1:colcon.colcon_core.environment:checking '/home/rosuser/yahboom_ws/install/yahboomcar_description' for CMake config files
[13.812s] Level 1:colcon.colcon_core.environment:checking '/home/rosuser/yahboom_ws/install/yahboomcar_description/lib'
[13.812s] Level 1:colcon.colcon_core.environment:checking '/home/rosuser/yahboom_ws/install/yahboomcar_description/bin'
[13.813s] Level 1:colcon.colcon_core.environment:checking '/home/rosuser/yahboom_ws/install/yahboomcar_description/lib/pkgconfig/yahboomcar_description.pc'
[13.813s] Level 1:colcon.colcon_core.environment:checking '/home/rosuser/yahboom_ws/install/yahboomcar_description/lib/python3.10/site-packages'
[13.813s] Level 1:colcon.colcon_core.shell:create_environment_hook('yahboomcar_description', 'pythonpath')
[13.843s] INFO:colcon.colcon_core.shell:Creating environment hook '/home/rosuser/yahboom_ws/install/yahboomcar_description/share/yahboomcar_description/hook/pythonpath.ps1'
[13.844s] INFO:colcon.colcon_core.shell:Creating environment descriptor '/home/rosuser/yahboom_ws/install/yahboomcar_description/share/yahboomcar_description/hook/pythonpath.dsv'
[13.845s] INFO:colcon.colcon_core.shell:Creating environment hook '/home/rosuser/yahboom_ws/install/yahboomcar_description/share/yahboomcar_description/hook/pythonpath.sh'
[13.846s] Level 1:colcon.colcon_core.environment:checking '/home/rosuser/yahboom_ws/install/yahboomcar_description/bin'
[13.846s] Level 1:colcon.colcon_core.environment:create_environment_scripts_only(yahboomcar_description)
[13.879s] INFO:colcon.colcon_core.shell:Creating package script '/home/rosuser/yahboom_ws/install/yahboomcar_description/share/yahboomcar_description/package.ps1'
[13.880s] INFO:colcon.colcon_core.shell:Creating package descriptor '/home/rosuser/yahboom_ws/install/yahboomcar_description/share/yahboomcar_description/package.dsv'
[13.881s] INFO:colcon.colcon_core.shell:Creating package script '/home/rosuser/yahboom_ws/install/yahboomcar_description/share/yahboomcar_description/package.sh'
[13.882s] INFO:colcon.colcon_core.shell:Creating package script '/home/rosuser/yahboom_ws/install/yahboomcar_description/share/yahboomcar_description/package.bash'
[13.882s] INFO:colcon.colcon_core.shell:Creating package script '/home/rosuser/yahboom_ws/install/yahboomcar_description/share/yahboomcar_description/package.zsh'
[13.883s] Level 1:colcon.colcon_core.environment:create_file_with_runtime_dependencies(/home/rosuser/yahboom_ws/install/yahboomcar_description/share/colcon-core/packages/yahboomcar_description)
[13.885s] DEBUG:colcon.colcon_core.event_handler.log_command:Invoking command in '/home/rosuser/yahboom_ws/build/yahboomcar_msgs': CMAKE_PREFIX_PATH=${CMAKE_PREFIX_PATH}:/home/rosuser/ROS2Dev/turtlebot3_ws/install/turtlebot3_teleop:/home/rosuser/ROS2Dev/turtlebot3_ws/install/turtlebot3_example:/opt/ros/humble /usr/bin/cmake --install /home/rosuser/yahboom_ws/build/yahboomcar_msgs
[14.034s] Level 1:colcon.colcon_core.environment:create_environment_scripts_only(yahboomcar_msgs)
[14.038s] DEBUG:colcon.colcon_core.event_handler.log_command:Invoked command in '/home/rosuser/yahboom_ws/build/yahboomcar_msgs' returned '0': CMAKE_PREFIX_PATH=${CMAKE_PREFIX_PATH}:/home/rosuser/ROS2Dev/turtlebot3_ws/install/turtlebot3_teleop:/home/rosuser/ROS2Dev/turtlebot3_ws/install/turtlebot3_example:/opt/ros/humble /usr/bin/cmake --install /home/rosuser/yahboom_ws/build/yahboomcar_msgs
[14.055s] Level 1:colcon.colcon_core.environment:checking '/home/rosuser/yahboom_ws/install/yahboomcar_msgs' for CMake module files
[14.060s] Level 1:colcon.colcon_core.environment:checking '/home/rosuser/yahboom_ws/install/yahboomcar_msgs' for CMake config files
[14.062s] Level 1:colcon.colcon_core.shell:create_environment_hook('yahboomcar_msgs', 'cmake_prefix_path')
[14.086s] INFO:colcon.colcon_core.shell:Creating environment hook '/home/rosuser/yahboom_ws/install/yahboomcar_msgs/share/yahboomcar_msgs/hook/cmake_prefix_path.ps1'
[14.087s] INFO:colcon.colcon_core.shell:Creating environment descriptor '/home/rosuser/yahboom_ws/install/yahboomcar_msgs/share/yahboomcar_msgs/hook/cmake_prefix_path.dsv'
[14.088s] INFO:colcon.colcon_core.shell:Creating environment hook '/home/rosuser/yahboom_ws/install/yahboomcar_msgs/share/yahboomcar_msgs/hook/cmake_prefix_path.sh'
[14.089s] Level 1:colcon.colcon_core.environment:checking '/home/rosuser/yahboom_ws/install/yahboomcar_msgs/lib'
[14.089s] Level 1:colcon.colcon_core.shell:create_environment_hook('yahboomcar_msgs', 'ld_library_path_lib')
[14.113s] INFO:colcon.colcon_core.shell:Creating environment hook '/home/rosuser/yahboom_ws/install/yahboomcar_msgs/share/yahboomcar_msgs/hook/ld_library_path_lib.ps1'
[14.114s] INFO:colcon.colcon_core.shell:Creating environment descriptor '/home/rosuser/yahboom_ws/install/yahboomcar_msgs/share/yahboomcar_msgs/hook/ld_library_path_lib.dsv'
[14.115s] INFO:colcon.colcon_core.shell:Creating environment hook '/home/rosuser/yahboom_ws/install/yahboomcar_msgs/share/yahboomcar_msgs/hook/ld_library_path_lib.sh'
[14.116s] Level 1:colcon.colcon_core.environment:checking '/home/rosuser/yahboom_ws/install/yahboomcar_msgs/bin'
[14.116s] Level 1:colcon.colcon_core.environment:checking '/home/rosuser/yahboom_ws/install/yahboomcar_msgs/lib/pkgconfig/yahboomcar_msgs.pc'
[14.116s] Level 1:colcon.colcon_core.environment:checking '/home/rosuser/yahboom_ws/install/yahboomcar_msgs/lib/python3.10/site-packages'
[14.116s] Level 1:colcon.colcon_core.environment:checking '/home/rosuser/yahboom_ws/install/yahboomcar_msgs/bin'
[14.142s] INFO:colcon.colcon_core.shell:Creating package script '/home/rosuser/yahboom_ws/install/yahboomcar_msgs/share/yahboomcar_msgs/package.ps1'
[14.143s] INFO:colcon.colcon_core.shell:Creating package descriptor '/home/rosuser/yahboom_ws/install/yahboomcar_msgs/share/yahboomcar_msgs/package.dsv'
[14.144s] INFO:colcon.colcon_core.shell:Creating package script '/home/rosuser/yahboom_ws/install/yahboomcar_msgs/share/yahboomcar_msgs/package.sh'
[14.145s] INFO:colcon.colcon_core.shell:Creating package script '/home/rosuser/yahboom_ws/install/yahboomcar_msgs/share/yahboomcar_msgs/package.bash'
[14.145s] INFO:colcon.colcon_core.shell:Creating package script '/home/rosuser/yahboom_ws/install/yahboomcar_msgs/share/yahboomcar_msgs/package.zsh'
[14.146s] Level 1:colcon.colcon_core.environment:create_file_with_runtime_dependencies(/home/rosuser/yahboom_ws/install/yahboomcar_msgs/share/colcon-core/packages/yahboomcar_msgs)
[14.447s] Level 1:colcon.colcon_core.environment:create_environment_scripts_only(yahboomcar_msgs)
[14.484s] Level 1:colcon.colcon_core.environment:checking '/home/rosuser/yahboom_ws/install/yahboomcar_msgs' for CMake module files
[14.485s] Level 1:colcon.colcon_core.environment:checking '/home/rosuser/yahboom_ws/install/yahboomcar_msgs' for CMake config files
[14.485s] Level 1:colcon.colcon_core.shell:create_environment_hook('yahboomcar_msgs', 'cmake_prefix_path')
[14.509s] INFO:colcon.colcon_core.shell:Creating environment hook '/home/rosuser/yahboom_ws/install/yahboomcar_msgs/share/yahboomcar_msgs/hook/cmake_prefix_path.ps1'
[14.510s] INFO:colcon.colcon_core.shell:Creating environment descriptor '/home/rosuser/yahboom_ws/install/yahboomcar_msgs/share/yahboomcar_msgs/hook/cmake_prefix_path.dsv'
[14.511s] INFO:colcon.colcon_core.shell:Creating environment hook '/home/rosuser/yahboom_ws/install/yahboomcar_msgs/share/yahboomcar_msgs/hook/cmake_prefix_path.sh'
[14.512s] Level 1:colcon.colcon_core.environment:checking '/home/rosuser/yahboom_ws/install/yahboomcar_msgs/lib'
[14.512s] Level 1:colcon.colcon_core.shell:create_environment_hook('yahboomcar_msgs', 'ld_library_path_lib')
[14.533s] INFO:colcon.colcon_core.shell:Creating environment hook '/home/rosuser/yahboom_ws/install/yahboomcar_msgs/share/yahboomcar_msgs/hook/ld_library_path_lib.ps1'
[14.534s] INFO:colcon.colcon_core.shell:Creating environment descriptor '/home/rosuser/yahboom_ws/install/yahboomcar_msgs/share/yahboomcar_msgs/hook/ld_library_path_lib.dsv'
[14.535s] INFO:colcon.colcon_core.shell:Creating environment hook '/home/rosuser/yahboom_ws/install/yahboomcar_msgs/share/yahboomcar_msgs/hook/ld_library_path_lib.sh'
[14.535s] Level 1:colcon.colcon_core.environment:checking '/home/rosuser/yahboom_ws/install/yahboomcar_msgs/bin'
[14.536s] Level 1:colcon.colcon_core.environment:checking '/home/rosuser/yahboom_ws/install/yahboomcar_msgs/lib/pkgconfig/yahboomcar_msgs.pc'
[14.536s] Level 1:colcon.colcon_core.environment:checking '/home/rosuser/yahboom_ws/install/yahboomcar_msgs/lib/python3.10/site-packages'
[14.536s] Level 1:colcon.colcon_core.environment:checking '/home/rosuser/yahboom_ws/install/yahboomcar_msgs/bin'
[14.556s] INFO:colcon.colcon_core.shell:Creating package script '/home/rosuser/yahboom_ws/install/yahboomcar_msgs/share/yahboomcar_msgs/package.ps1'
[14.557s] INFO:colcon.colcon_core.shell:Creating package descriptor '/home/rosuser/yahboom_ws/install/yahboomcar_msgs/share/yahboomcar_msgs/package.dsv'
[14.557s] INFO:colcon.colcon_core.shell:Creating package script '/home/rosuser/yahboom_ws/install/yahboomcar_msgs/share/yahboomcar_msgs/package.sh'
[14.559s] INFO:colcon.colcon_core.shell:Creating package script '/home/rosuser/yahboom_ws/install/yahboomcar_msgs/share/yahboomcar_msgs/package.bash'
[14.560s] INFO:colcon.colcon_core.shell:Creating package script '/home/rosuser/yahboom_ws/install/yahboomcar_msgs/share/yahboomcar_msgs/package.zsh'
[14.561s] Level 1:colcon.colcon_core.environment:create_file_with_runtime_dependencies(/home/rosuser/yahboom_ws/install/yahboomcar_msgs/share/colcon-core/packages/yahboomcar_msgs)
[14.563s] DEBUG:colcon.colcon_parallel_executor.executor.parallel:closing loop
[14.564s] DEBUG:colcon.colcon_parallel_executor.executor.parallel:loop closed
[14.564s] DEBUG:colcon.colcon_parallel_executor.executor.parallel:run_until_complete finished with '0'
[14.564s] DEBUG:colcon.colcon_core.event_reactor:joining thread
[14.596s] INFO:colcon.colcon_core.plugin_system:Skipping extension 'colcon_notification.desktop_notification.terminal_notifier': Not used on non-Darwin systems
[14.596s] INFO:colcon.colcon_core.plugin_system:Skipping extension 'colcon_notification.desktop_notification.win32': Not used on non-Windows systems
[14.596s] INFO:colcon.colcon_notification.desktop_notification:Sending desktop notification using 'notify2'
[14.636s] DEBUG:colcon.colcon_core.event_reactor:joined thread
[14.668s] INFO:colcon.colcon_core.shell:Creating prefix script '/home/rosuser/yahboom_ws/install/local_setup.ps1'
[14.671s] INFO:colcon.colcon_core.shell:Creating prefix util module '/home/rosuser/yahboom_ws/install/_local_setup_util_ps1.py'
[14.674s] INFO:colcon.colcon_core.shell:Creating prefix chain script '/home/rosuser/yahboom_ws/install/setup.ps1'
[14.698s] INFO:colcon.colcon_core.shell:Creating prefix script '/home/rosuser/yahboom_ws/install/local_setup.sh'
[14.700s] INFO:colcon.colcon_core.shell:Creating prefix util module '/home/rosuser/yahboom_ws/install/_local_setup_util_sh.py'
[14.701s] INFO:colcon.colcon_core.shell:Creating prefix chain script '/home/rosuser/yahboom_ws/install/setup.sh'
[14.735s] INFO:colcon.colcon_core.shell:Creating prefix script '/home/rosuser/yahboom_ws/install/local_setup.bash'
[14.736s] INFO:colcon.colcon_core.shell:Creating prefix chain script '/home/rosuser/yahboom_ws/install/setup.bash'
[14.768s] INFO:colcon.colcon_core.shell:Creating prefix script '/home/rosuser/yahboom_ws/install/local_setup.zsh'
[14.769s] INFO:colcon.colcon_core.shell:Creating prefix chain script '/home/rosuser/yahboom_ws/install/setup.zsh'
