/home/rosuser/.local/lib/python3.10/site-packages/setuptools/dist.py:717: UserWarning: Usage of dash-separated 'script-dir' will not be supported in future versions. Please use the underscore name 'script_dir' instead
  warnings.warn(
running egg_info
creating ../../build/yahboomcar_description/yahboomcar_description.egg-info
writing ../../build/yahboomcar_description/yahboomcar_description.egg-info/PKG-INFO
writing dependency_links to ../../build/yahboomcar_description/yahboomcar_description.egg-info/dependency_links.txt
writing entry points to ../../build/yahboomcar_description/yahboomcar_description.egg-info/entry_points.txt
writing requirements to ../../build/yahboomcar_description/yahboomcar_description.egg-info/requires.txt
writing top-level names to ../../build/yahboomcar_description/yahboomcar_description.egg-info/top_level.txt
writing manifest file '../../build/yahboomcar_description/yahboomcar_description.egg-info/SOURCES.txt'
reading manifest file '../../build/yahboomcar_description/yahboomcar_description.egg-info/SOURCES.txt'
writing manifest file '../../build/yahboomcar_description/yahboomcar_description.egg-info/SOURCES.txt'
running build
running build_py
creating /home/rosuser/yahboom_ws/build/yahboomcar_description/build
creating /home/rosuser/yahboom_ws/build/yahboomcar_description/build/lib
creating /home/rosuser/yahboom_ws/build/yahboomcar_description/build/lib/yahboomcar_description
copying yahboomcar_description/__init__.py -> /home/rosuser/yahboom_ws/build/yahboomcar_description/build/lib/yahboomcar_description
running install
running install_lib
creating /home/rosuser/yahboom_ws/install/yahboomcar_description/lib/python3.10/site-packages/yahboomcar_description
copying /home/rosuser/yahboom_ws/build/yahboomcar_description/build/lib/yahboomcar_description/__init__.py -> /home/rosuser/yahboom_ws/install/yahboomcar_description/lib/python3.10/site-packages/yahboomcar_description
byte-compiling /home/rosuser/yahboom_ws/install/yahboomcar_description/lib/python3.10/site-packages/yahboomcar_description/__init__.py to __init__.cpython-310.pyc
running install_data
creating /home/rosuser/yahboom_ws/install/yahboomcar_description/share/ament_index
creating /home/rosuser/yahboom_ws/install/yahboomcar_description/share/ament_index/resource_index
creating /home/rosuser/yahboom_ws/install/yahboomcar_description/share/ament_index/resource_index/packages
copying resource/yahboomcar_description -> /home/rosuser/yahboom_ws/install/yahboomcar_description/share/ament_index/resource_index/packages
copying package.xml -> /home/rosuser/yahboom_ws/install/yahboomcar_description/share/yahboomcar_description
creating /home/rosuser/yahboom_ws/install/yahboomcar_description/share/yahboomcar_description/launch
copying launch/display_X3.launch.py -> /home/rosuser/yahboom_ws/install/yahboomcar_description/share/yahboomcar_description/launch
copying launch/display_R2.launch.py -> /home/rosuser/yahboom_ws/install/yahboomcar_description/share/yahboomcar_description/launch
creating /home/rosuser/yahboom_ws/install/yahboomcar_description/share/yahboomcar_description/urdf
copying urdf/yahboomcar_X3.urdf.xacro -> /home/rosuser/yahboom_ws/install/yahboomcar_description/share/yahboomcar_description/urdf
copying urdf/yahboomcar_R2_multi.urdf.xacro -> /home/rosuser/yahboom_ws/install/yahboomcar_description/share/yahboomcar_description/urdf
copying urdf/yahboomcar_R2.urdf -> /home/rosuser/yahboom_ws/install/yahboomcar_description/share/yahboomcar_description/urdf
copying urdf/yahboomcar_X3.urdf -> /home/rosuser/yahboom_ws/install/yahboomcar_description/share/yahboomcar_description/urdf
copying urdf/yahboomcar_R2.urdf.xacro -> /home/rosuser/yahboom_ws/install/yahboomcar_description/share/yahboomcar_description/urdf
creating /home/rosuser/yahboom_ws/install/yahboomcar_description/share/yahboomcar_description/meshes
copying meshes/laser_link_R2.STL -> /home/rosuser/yahboom_ws/install/yahboomcar_description/share/yahboomcar_description/meshes
copying meshes/camera_link_R2.STL -> /home/rosuser/yahboom_ws/install/yahboomcar_description/share/yahboomcar_description/meshes
copying meshes/base_link_X3.STL -> /home/rosuser/yahboom_ws/install/yahboomcar_description/share/yahboomcar_description/meshes
copying meshes/front_right_wheel.STL -> /home/rosuser/yahboom_ws/install/yahboomcar_description/share/yahboomcar_description/meshes
copying meshes/front_left_wheel_X3.STL -> /home/rosuser/yahboom_ws/install/yahboomcar_description/share/yahboomcar_description/meshes
copying meshes/camera_link.STL -> /home/rosuser/yahboom_ws/install/yahboomcar_description/share/yahboomcar_description/meshes
copying meshes/base_link.STL -> /home/rosuser/yahboom_ws/install/yahboomcar_description/share/yahboomcar_description/meshes
copying meshes/front_right_steer.STL -> /home/rosuser/yahboom_ws/install/yahboomcar_description/share/yahboomcar_description/meshes
copying meshes/back_right_wheel_X3.STL -> /home/rosuser/yahboom_ws/install/yahboomcar_description/share/yahboomcar_description/meshes
copying meshes/back_left_link.STL -> /home/rosuser/yahboom_ws/install/yahboomcar_description/share/yahboomcar_description/meshes
copying meshes/back_right_link.STL -> /home/rosuser/yahboom_ws/install/yahboomcar_description/share/yahboomcar_description/meshes
copying meshes/front_right_wheel_X3.STL -> /home/rosuser/yahboom_ws/install/yahboomcar_description/share/yahboomcar_description/meshes
copying meshes/front_left_steer.STL -> /home/rosuser/yahboom_ws/install/yahboomcar_description/share/yahboomcar_description/meshes
copying meshes/front_left_wheel.STL -> /home/rosuser/yahboom_ws/install/yahboomcar_description/share/yahboomcar_description/meshes
copying meshes/laser_link.STL -> /home/rosuser/yahboom_ws/install/yahboomcar_description/share/yahboomcar_description/meshes
copying meshes/back_left_wheel_X3.STL -> /home/rosuser/yahboom_ws/install/yahboomcar_description/share/yahboomcar_description/meshes
creating /home/rosuser/yahboom_ws/install/yahboomcar_description/share/yahboomcar_description/rviz
copying rviz/yahboomcar.rviz -> /home/rosuser/yahboom_ws/install/yahboomcar_description/share/yahboomcar_description/rviz
running install_egg_info
Copying ../../build/yahboomcar_description/yahboomcar_description.egg-info to /home/rosuser/yahboom_ws/install/yahboomcar_description/lib/python3.10/site-packages/yahboomcar_description-0.0.0-py3.10.egg-info
running install_scripts
writing list of installed files to '/home/rosuser/yahboom_ws/build/yahboomcar_description/install.log'
