[1.219s] Invoking command in '/home/rosuser/yahboom_ws/src/yahboomcar_description': PYTHONPATH=/home/rosuser/yahboom_ws/build/yahboomcar_description/prefix_override:/home/rosuser/yahboom_ws/install/yahboomcar_description/lib/python3.10/site-packages:${PYTHONPATH} /usr/bin/python3 setup.py egg_info --egg-base ../../build/yahboomcar_description build --build-base /home/rosuser/yahboom_ws/build/yahboomcar_description/build install --record /home/rosuser/yahboom_ws/build/yahboomcar_description/install.log --install-scripts $base/lib/yahboomcar_description --single-version-externally-managed
[1.576s] /home/rosuser/.local/lib/python3.10/site-packages/setuptools/dist.py:717: UserWarning: Usage of dash-separated 'script-dir' will not be supported in future versions. Please use the underscore name 'script_dir' instead
[1.577s]   warnings.warn(
[1.615s] running egg_info
[1.616s] creating ../../build/yahboomcar_description/yahboomcar_description.egg-info
[1.616s] writing ../../build/yahboomcar_description/yahboomcar_description.egg-info/PKG-INFO
[1.616s] writing dependency_links to ../../build/yahboomcar_description/yahboomcar_description.egg-info/dependency_links.txt
[1.617s] writing entry points to ../../build/yahboomcar_description/yahboomcar_description.egg-info/entry_points.txt
[1.617s] writing requirements to ../../build/yahboomcar_description/yahboomcar_description.egg-info/requires.txt
[1.617s] writing top-level names to ../../build/yahboomcar_description/yahboomcar_description.egg-info/top_level.txt
[1.617s] writing manifest file '../../build/yahboomcar_description/yahboomcar_description.egg-info/SOURCES.txt'
[1.619s] reading manifest file '../../build/yahboomcar_description/yahboomcar_description.egg-info/SOURCES.txt'
[1.621s] writing manifest file '../../build/yahboomcar_description/yahboomcar_description.egg-info/SOURCES.txt'
[1.621s] running build
[1.621s] running build_py
[1.621s] creating /home/rosuser/yahboom_ws/build/yahboomcar_description/build
[1.621s] creating /home/rosuser/yahboom_ws/build/yahboomcar_description/build/lib
[1.621s] creating /home/rosuser/yahboom_ws/build/yahboomcar_description/build/lib/yahboomcar_description
[1.622s] copying yahboomcar_description/__init__.py -> /home/rosuser/yahboom_ws/build/yahboomcar_description/build/lib/yahboomcar_description
[1.622s] running install
[1.622s] running install_lib
[1.623s] creating /home/rosuser/yahboom_ws/install/yahboomcar_description/lib/python3.10/site-packages/yahboomcar_description
[1.623s] copying /home/rosuser/yahboom_ws/build/yahboomcar_description/build/lib/yahboomcar_description/__init__.py -> /home/rosuser/yahboom_ws/install/yahboomcar_description/lib/python3.10/site-packages/yahboomcar_description
[1.623s] byte-compiling /home/rosuser/yahboom_ws/install/yahboomcar_description/lib/python3.10/site-packages/yahboomcar_description/__init__.py to __init__.cpython-310.pyc
[1.624s] running install_data
[1.624s] creating /home/rosuser/yahboom_ws/install/yahboomcar_description/share/ament_index
[1.625s] creating /home/rosuser/yahboom_ws/install/yahboomcar_description/share/ament_index/resource_index
[1.625s] creating /home/rosuser/yahboom_ws/install/yahboomcar_description/share/ament_index/resource_index/packages
[1.625s] copying resource/yahboomcar_description -> /home/rosuser/yahboom_ws/install/yahboomcar_description/share/ament_index/resource_index/packages
[1.625s] copying package.xml -> /home/rosuser/yahboom_ws/install/yahboomcar_description/share/yahboomcar_description
[1.625s] creating /home/rosuser/yahboom_ws/install/yahboomcar_description/share/yahboomcar_description/launch
[1.625s] copying launch/display_X3.launch.py -> /home/rosuser/yahboom_ws/install/yahboomcar_description/share/yahboomcar_description/launch
[1.625s] copying launch/display_R2.launch.py -> /home/rosuser/yahboom_ws/install/yahboomcar_description/share/yahboomcar_description/launch
[1.626s] creating /home/rosuser/yahboom_ws/install/yahboomcar_description/share/yahboomcar_description/urdf
[1.626s] copying urdf/yahboomcar_X3.urdf.xacro -> /home/rosuser/yahboom_ws/install/yahboomcar_description/share/yahboomcar_description/urdf
[1.626s] copying urdf/yahboomcar_R2_multi.urdf.xacro -> /home/rosuser/yahboom_ws/install/yahboomcar_description/share/yahboomcar_description/urdf
[1.626s] copying urdf/yahboomcar_R2.urdf -> /home/rosuser/yahboom_ws/install/yahboomcar_description/share/yahboomcar_description/urdf
[1.626s] copying urdf/yahboomcar_X3.urdf -> /home/rosuser/yahboom_ws/install/yahboomcar_description/share/yahboomcar_description/urdf
[1.626s] copying urdf/yahboomcar_R2.urdf.xacro -> /home/rosuser/yahboom_ws/install/yahboomcar_description/share/yahboomcar_description/urdf
[1.626s] creating /home/rosuser/yahboom_ws/install/yahboomcar_description/share/yahboomcar_description/meshes
[1.626s] copying meshes/laser_link_R2.STL -> /home/rosuser/yahboom_ws/install/yahboomcar_description/share/yahboomcar_description/meshes
[1.627s] copying meshes/camera_link_R2.STL -> /home/rosuser/yahboom_ws/install/yahboomcar_description/share/yahboomcar_description/meshes
[1.627s] copying meshes/base_link_X3.STL -> /home/rosuser/yahboom_ws/install/yahboomcar_description/share/yahboomcar_description/meshes
[1.631s] copying meshes/front_right_wheel.STL -> /home/rosuser/yahboom_ws/install/yahboomcar_description/share/yahboomcar_description/meshes
[1.632s] copying meshes/front_left_wheel_X3.STL -> /home/rosuser/yahboom_ws/install/yahboomcar_description/share/yahboomcar_description/meshes
[1.635s] copying meshes/camera_link.STL -> /home/rosuser/yahboom_ws/install/yahboomcar_description/share/yahboomcar_description/meshes
[1.635s] copying meshes/base_link.STL -> /home/rosuser/yahboom_ws/install/yahboomcar_description/share/yahboomcar_description/meshes
[1.693s] copying meshes/front_right_steer.STL -> /home/rosuser/yahboom_ws/install/yahboomcar_description/share/yahboomcar_description/meshes
[1.694s] copying meshes/back_right_wheel_X3.STL -> /home/rosuser/yahboom_ws/install/yahboomcar_description/share/yahboomcar_description/meshes
[1.706s] copying meshes/back_left_link.STL -> /home/rosuser/yahboom_ws/install/yahboomcar_description/share/yahboomcar_description/meshes
[1.711s] copying meshes/back_right_link.STL -> /home/rosuser/yahboom_ws/install/yahboomcar_description/share/yahboomcar_description/meshes
[1.715s] copying meshes/front_right_wheel_X3.STL -> /home/rosuser/yahboom_ws/install/yahboomcar_description/share/yahboomcar_description/meshes
[1.724s] copying meshes/front_left_steer.STL -> /home/rosuser/yahboom_ws/install/yahboomcar_description/share/yahboomcar_description/meshes
[1.725s] copying meshes/front_left_wheel.STL -> /home/rosuser/yahboom_ws/install/yahboomcar_description/share/yahboomcar_description/meshes
[1.729s] copying meshes/laser_link.STL -> /home/rosuser/yahboom_ws/install/yahboomcar_description/share/yahboomcar_description/meshes
[1.774s] copying meshes/back_left_wheel_X3.STL -> /home/rosuser/yahboom_ws/install/yahboomcar_description/share/yahboomcar_description/meshes
[1.789s] creating /home/rosuser/yahboom_ws/install/yahboomcar_description/share/yahboomcar_description/rviz
[1.789s] copying rviz/yahboomcar.rviz -> /home/rosuser/yahboom_ws/install/yahboomcar_description/share/yahboomcar_description/rviz
[1.790s] running install_egg_info
[1.793s] Copying ../../build/yahboomcar_description/yahboomcar_description.egg-info to /home/rosuser/yahboom_ws/install/yahboomcar_description/lib/python3.10/site-packages/yahboomcar_description-0.0.0-py3.10.egg-info
[1.795s] running install_scripts
[1.834s] writing list of installed files to '/home/rosuser/yahboom_ws/build/yahboomcar_description/install.log'
[1.863s] Invoked command in '/home/rosuser/yahboom_ws/src/yahboomcar_description' returned '0': PYTHONPATH=/home/rosuser/yahboom_ws/build/yahboomcar_description/prefix_override:/home/rosuser/yahboom_ws/install/yahboomcar_description/lib/python3.10/site-packages:${PYTHONPATH} /usr/bin/python3 setup.py egg_info --egg-base ../../build/yahboomcar_description build --build-base /home/rosuser/yahboom_ws/build/yahboomcar_description/build install --record /home/rosuser/yahboom_ws/build/yahboomcar_description/install.log --install-scripts $base/lib/yahboomcar_description --single-version-externally-managed
