[0.110s] Invoking command in '/home/rosuser/yahboom_ws/build/yahboomcar_msgs': CMAKE_PREFIX_PATH=${CMAKE_PREFIX_PATH}:/home/rosuser/yahboom_ws/install/yahboomcar_description:/home/rosuser/yahboom_ws/install/yahboom_app_save_map:/home/rosuser/yahboom_ws/install/robot_pose_publisher:/home/rosuser/yahboom_ws/install/laserscan_to_point_pulisher:/home/rosuser/ROS2Dev/turtlebot3_ws/install/turtlebot3_teleop:/home/rosuser/ROS2Dev/turtlebot3_ws/install/turtlebot3_example:/opt/ros/humble /usr/bin/cmake --build /home/rosuser/yahboom_ws/build/yahboomcar_msgs -- -j2 -l2
[0.198s] [  1%] Built target yahboomcar_msgs__cpp
[0.220s] [ 12%] Built target yahboomcar_msgs__rosidl_generator_c
[0.256s] [ 23%] Built target yahboomcar_msgs__rosidl_typesupport_cpp
[0.267s] [ 23%] Built target ament_cmake_python_copy_yahboomcar_msgs
[0.301s] [ 34%] Built target yahboomcar_msgs__rosidl_typesupport_fastrtps_c
[0.316s] [ 46%] Built target yahboomcar_msgs__rosidl_typesupport_introspection_c
[0.345s] [ 57%] Built target yahboomcar_msgs__rosidl_typesupport_c
[0.373s] [ 68%] Built target yahboomcar_msgs__rosidl_typesupport_fastrtps_cpp
[0.397s] [ 79%] Built target yahboomcar_msgs__rosidl_typesupport_introspection_cpp
[0.463s] [ 79%] Built target yahboomcar_msgs
[0.595s] [ 80%] Built target yahboomcar_msgs__py
[0.736s] running egg_info
[0.736s] writing yahboomcar_msgs.egg-info/PKG-INFO
[0.737s] writing dependency_links to yahboomcar_msgs.egg-info/dependency_links.txt
[0.737s] writing top-level names to yahboomcar_msgs.egg-info/top_level.txt
[0.739s] [ 90%] Built target yahboomcar_msgs__rosidl_generator_py
[0.740s] reading manifest file 'yahboomcar_msgs.egg-info/SOURCES.txt'
[0.741s] writing manifest file 'yahboomcar_msgs.egg-info/SOURCES.txt'
[0.783s] [ 90%] Built target ament_cmake_python_build_yahboomcar_msgs_egg
[0.798s] [ 93%] Built target yahboomcar_msgs__rosidl_typesupport_fastrtps_c__pyext
[0.845s] [ 96%] Built target yahboomcar_msgs__rosidl_typesupport_introspection_c__pyext
[0.846s] [100%] Built target yahboomcar_msgs__rosidl_typesupport_c__pyext
[0.862s] Invoked command in '/home/rosuser/yahboom_ws/build/yahboomcar_msgs' returned '0': CMAKE_PREFIX_PATH=${CMAKE_PREFIX_PATH}:/home/rosuser/yahboom_ws/install/yahboomcar_description:/home/rosuser/yahboom_ws/install/yahboom_app_save_map:/home/rosuser/yahboom_ws/install/robot_pose_publisher:/home/rosuser/yahboom_ws/install/laserscan_to_point_pulisher:/home/rosuser/ROS2Dev/turtlebot3_ws/install/turtlebot3_teleop:/home/rosuser/ROS2Dev/turtlebot3_ws/install/turtlebot3_example:/opt/ros/humble /usr/bin/cmake --build /home/rosuser/yahboom_ws/build/yahboomcar_msgs -- -j2 -l2
[1.014s] Invoking command in '/home/rosuser/yahboom_ws/build/yahboomcar_msgs': CMAKE_PREFIX_PATH=${CMAKE_PREFIX_PATH}:/home/rosuser/yahboom_ws/install/yahboomcar_description:/home/rosuser/yahboom_ws/install/yahboom_app_save_map:/home/rosuser/yahboom_ws/install/robot_pose_publisher:/home/rosuser/yahboom_ws/install/laserscan_to_point_pulisher:/home/rosuser/ROS2Dev/turtlebot3_ws/install/turtlebot3_teleop:/home/rosuser/ROS2Dev/turtlebot3_ws/install/turtlebot3_example:/opt/ros/humble /usr/bin/cmake --install /home/rosuser/yahboom_ws/build/yahboomcar_msgs
[1.022s] -- Install configuration: ""
[1.022s] -- Up-to-date: /home/rosuser/yahboom_ws/install/yahboomcar_msgs/share/ament_index/resource_index/rosidl_interfaces/yahboomcar_msgs
[1.023s] -- Up-to-date: /home/rosuser/yahboom_ws/install/yahboomcar_msgs/include/yahboomcar_msgs/yahboomcar_msgs
[1.023s] -- Up-to-date: /home/rosuser/yahboom_ws/install/yahboomcar_msgs/include/yahboomcar_msgs/yahboomcar_msgs/msg
[1.024s] -- Up-to-date: /home/rosuser/yahboom_ws/install/yahboomcar_msgs/include/yahboomcar_msgs/yahboomcar_msgs/msg/point_array.h
[1.024s] -- Up-to-date: /home/rosuser/yahboom_ws/install/yahboomcar_msgs/include/yahboomcar_msgs/yahboomcar_msgs/msg/target.h
[1.025s] -- Up-to-date: /home/rosuser/yahboom_ws/install/yahboomcar_msgs/include/yahboomcar_msgs/yahboomcar_msgs/msg/position.h
[1.025s] -- Up-to-date: /home/rosuser/yahboom_ws/install/yahboomcar_msgs/include/yahboomcar_msgs/yahboomcar_msgs/msg/detail
[1.025s] -- Up-to-date: /home/rosuser/yahboom_ws/install/yahboomcar_msgs/include/yahboomcar_msgs/yahboomcar_msgs/msg/detail/target_array__functions.h
[1.026s] -- Up-to-date: /home/rosuser/yahboom_ws/install/yahboomcar_msgs/include/yahboomcar_msgs/yahboomcar_msgs/msg/detail/target_array__type_support.h
[1.026s] -- Up-to-date: /home/rosuser/yahboom_ws/install/yahboomcar_msgs/include/yahboomcar_msgs/yahboomcar_msgs/msg/detail/image_msg__functions.c
[1.026s] -- Up-to-date: /home/rosuser/yahboom_ws/install/yahboomcar_msgs/include/yahboomcar_msgs/yahboomcar_msgs/msg/detail/image_msg__type_support.h
[1.026s] -- Up-to-date: /home/rosuser/yahboom_ws/install/yahboomcar_msgs/include/yahboomcar_msgs/yahboomcar_msgs/msg/detail/point_array__functions.h
[1.026s] -- Up-to-date: /home/rosuser/yahboom_ws/install/yahboomcar_msgs/include/yahboomcar_msgs/yahboomcar_msgs/msg/detail/point_array__struct.h
[1.027s] -- Up-to-date: /home/rosuser/yahboom_ws/install/yahboomcar_msgs/include/yahboomcar_msgs/yahboomcar_msgs/msg/detail/position__functions.c
[1.027s] -- Up-to-date: /home/rosuser/yahboom_ws/install/yahboomcar_msgs/include/yahboomcar_msgs/yahboomcar_msgs/msg/detail/target__functions.h
[1.027s] -- Up-to-date: /home/rosuser/yahboom_ws/install/yahboomcar_msgs/include/yahboomcar_msgs/yahboomcar_msgs/msg/detail/image_msg__struct.h
[1.027s] -- Up-to-date: /home/rosuser/yahboom_ws/install/yahboomcar_msgs/include/yahboomcar_msgs/yahboomcar_msgs/msg/detail/position__functions.h
[1.027s] -- Up-to-date: /home/rosuser/yahboom_ws/install/yahboomcar_msgs/include/yahboomcar_msgs/yahboomcar_msgs/msg/detail/target_array__functions.c
[1.027s] -- Up-to-date: /home/rosuser/yahboom_ws/install/yahboomcar_msgs/include/yahboomcar_msgs/yahboomcar_msgs/msg/detail/target__functions.c
[1.027s] -- Up-to-date: /home/rosuser/yahboom_ws/install/yahboomcar_msgs/include/yahboomcar_msgs/yahboomcar_msgs/msg/detail/point_array__type_support.h
[1.027s] -- Up-to-date: /home/rosuser/yahboom_ws/install/yahboomcar_msgs/include/yahboomcar_msgs/yahboomcar_msgs/msg/detail/target__type_support.h
[1.027s] -- Up-to-date: /home/rosuser/yahboom_ws/install/yahboomcar_msgs/include/yahboomcar_msgs/yahboomcar_msgs/msg/detail/position__struct.h
[1.027s] -- Up-to-date: /home/rosuser/yahboom_ws/install/yahboomcar_msgs/include/yahboomcar_msgs/yahboomcar_msgs/msg/detail/image_msg__functions.h
[1.028s] -- Up-to-date: /home/rosuser/yahboom_ws/install/yahboomcar_msgs/include/yahboomcar_msgs/yahboomcar_msgs/msg/detail/target_array__struct.h
[1.029s] -- Up-to-date: /home/rosuser/yahboom_ws/install/yahboomcar_msgs/include/yahboomcar_msgs/yahboomcar_msgs/msg/detail/point_array__functions.c
[1.029s] -- Up-to-date: /home/rosuser/yahboom_ws/install/yahboomcar_msgs/include/yahboomcar_msgs/yahboomcar_msgs/msg/detail/position__type_support.h
[1.029s] -- Up-to-date: /home/rosuser/yahboom_ws/install/yahboomcar_msgs/include/yahboomcar_msgs/yahboomcar_msgs/msg/detail/target__struct.h
[1.029s] -- Up-to-date: /home/rosuser/yahboom_ws/install/yahboomcar_msgs/include/yahboomcar_msgs/yahboomcar_msgs/msg/target_array.h
[1.029s] -- Up-to-date: /home/rosuser/yahboom_ws/install/yahboomcar_msgs/include/yahboomcar_msgs/yahboomcar_msgs/msg/rosidl_generator_c__visibility_control.h
[1.029s] -- Up-to-date: /home/rosuser/yahboom_ws/install/yahboomcar_msgs/include/yahboomcar_msgs/yahboomcar_msgs/msg/image_msg.h
[1.030s] -- Up-to-date: /home/rosuser/yahboom_ws/install/yahboomcar_msgs/share/yahboomcar_msgs/environment/library_path.sh
[1.030s] -- Up-to-date: /home/rosuser/yahboom_ws/install/yahboomcar_msgs/share/yahboomcar_msgs/environment/library_path.dsv
[1.033s] -- Up-to-date: /home/rosuser/yahboom_ws/install/yahboomcar_msgs/lib/libyahboomcar_msgs__rosidl_generator_c.so
[1.033s] -- Up-to-date: /home/rosuser/yahboom_ws/install/yahboomcar_msgs/include/yahboomcar_msgs/yahboomcar_msgs
[1.034s] -- Up-to-date: /home/rosuser/yahboom_ws/install/yahboomcar_msgs/include/yahboomcar_msgs/yahboomcar_msgs/msg
[1.034s] -- Up-to-date: /home/rosuser/yahboom_ws/install/yahboomcar_msgs/include/yahboomcar_msgs/yahboomcar_msgs/msg/rosidl_typesupport_fastrtps_c__visibility_control.h
[1.034s] -- Up-to-date: /home/rosuser/yahboom_ws/install/yahboomcar_msgs/include/yahboomcar_msgs/yahboomcar_msgs/msg/detail
[1.034s] -- Up-to-date: /home/rosuser/yahboom_ws/install/yahboomcar_msgs/include/yahboomcar_msgs/yahboomcar_msgs/msg/detail/point_array__rosidl_typesupport_fastrtps_c.h
[1.034s] -- Up-to-date: /home/rosuser/yahboom_ws/install/yahboomcar_msgs/include/yahboomcar_msgs/yahboomcar_msgs/msg/detail/target__rosidl_typesupport_fastrtps_c.h
[1.034s] -- Up-to-date: /home/rosuser/yahboom_ws/install/yahboomcar_msgs/include/yahboomcar_msgs/yahboomcar_msgs/msg/detail/target_array__rosidl_typesupport_fastrtps_c.h
[1.034s] -- Up-to-date: /home/rosuser/yahboom_ws/install/yahboomcar_msgs/include/yahboomcar_msgs/yahboomcar_msgs/msg/detail/position__rosidl_typesupport_fastrtps_c.h
[1.035s] -- Up-to-date: /home/rosuser/yahboom_ws/install/yahboomcar_msgs/include/yahboomcar_msgs/yahboomcar_msgs/msg/detail/image_msg__rosidl_typesupport_fastrtps_c.h
[1.036s] -- Up-to-date: /home/rosuser/yahboom_ws/install/yahboomcar_msgs/lib/libyahboomcar_msgs__rosidl_typesupport_fastrtps_c.so
[1.036s] -- Up-to-date: /home/rosuser/yahboom_ws/install/yahboomcar_msgs/include/yahboomcar_msgs/yahboomcar_msgs
[1.036s] -- Up-to-date: /home/rosuser/yahboom_ws/install/yahboomcar_msgs/include/yahboomcar_msgs/yahboomcar_msgs/msg
[1.036s] -- Up-to-date: /home/rosuser/yahboom_ws/install/yahboomcar_msgs/include/yahboomcar_msgs/yahboomcar_msgs/msg/detail
[1.037s] -- Up-to-date: /home/rosuser/yahboom_ws/install/yahboomcar_msgs/include/yahboomcar_msgs/yahboomcar_msgs/msg/detail/position__rosidl_typesupport_introspection_c.h
[1.037s] -- Up-to-date: /home/rosuser/yahboom_ws/install/yahboomcar_msgs/include/yahboomcar_msgs/yahboomcar_msgs/msg/detail/position__type_support.c
[1.037s] -- Up-to-date: /home/rosuser/yahboom_ws/install/yahboomcar_msgs/include/yahboomcar_msgs/yahboomcar_msgs/msg/detail/target_array__rosidl_typesupport_introspection_c.h
[1.037s] -- Up-to-date: /home/rosuser/yahboom_ws/install/yahboomcar_msgs/include/yahboomcar_msgs/yahboomcar_msgs/msg/detail/target__type_support.c
[1.037s] -- Up-to-date: /home/rosuser/yahboom_ws/install/yahboomcar_msgs/include/yahboomcar_msgs/yahboomcar_msgs/msg/detail/image_msg__rosidl_typesupport_introspection_c.h
[1.037s] -- Up-to-date: /home/rosuser/yahboom_ws/install/yahboomcar_msgs/include/yahboomcar_msgs/yahboomcar_msgs/msg/detail/point_array__rosidl_typesupport_introspection_c.h
[1.037s] -- Up-to-date: /home/rosuser/yahboom_ws/install/yahboomcar_msgs/include/yahboomcar_msgs/yahboomcar_msgs/msg/detail/target__rosidl_typesupport_introspection_c.h
[1.038s] -- Up-to-date: /home/rosuser/yahboom_ws/install/yahboomcar_msgs/include/yahboomcar_msgs/yahboomcar_msgs/msg/detail/point_array__type_support.c
[1.038s] -- Up-to-date: /home/rosuser/yahboom_ws/install/yahboomcar_msgs/include/yahboomcar_msgs/yahboomcar_msgs/msg/detail/image_msg__type_support.c
[1.038s] -- Up-to-date: /home/rosuser/yahboom_ws/install/yahboomcar_msgs/include/yahboomcar_msgs/yahboomcar_msgs/msg/detail/target_array__type_support.c
[1.038s] -- Up-to-date: /home/rosuser/yahboom_ws/install/yahboomcar_msgs/include/yahboomcar_msgs/yahboomcar_msgs/msg/rosidl_typesupport_introspection_c__visibility_control.h
[1.039s] -- Up-to-date: /home/rosuser/yahboom_ws/install/yahboomcar_msgs/lib/libyahboomcar_msgs__rosidl_typesupport_introspection_c.so
[1.040s] -- Up-to-date: /home/rosuser/yahboom_ws/install/yahboomcar_msgs/lib/libyahboomcar_msgs__rosidl_typesupport_c.so
[1.041s] -- Up-to-date: /home/rosuser/yahboom_ws/install/yahboomcar_msgs/include/yahboomcar_msgs/yahboomcar_msgs
[1.041s] -- Up-to-date: /home/rosuser/yahboom_ws/install/yahboomcar_msgs/include/yahboomcar_msgs/yahboomcar_msgs/msg
[1.041s] -- Up-to-date: /home/rosuser/yahboom_ws/install/yahboomcar_msgs/include/yahboomcar_msgs/yahboomcar_msgs/msg/image_msg.hpp
[1.041s] -- Up-to-date: /home/rosuser/yahboom_ws/install/yahboomcar_msgs/include/yahboomcar_msgs/yahboomcar_msgs/msg/target.hpp
[1.041s] -- Up-to-date: /home/rosuser/yahboom_ws/install/yahboomcar_msgs/include/yahboomcar_msgs/yahboomcar_msgs/msg/position.hpp
[1.041s] -- Up-to-date: /home/rosuser/yahboom_ws/install/yahboomcar_msgs/include/yahboomcar_msgs/yahboomcar_msgs/msg/detail
[1.042s] -- Up-to-date: /home/rosuser/yahboom_ws/install/yahboomcar_msgs/include/yahboomcar_msgs/yahboomcar_msgs/msg/detail/point_array__traits.hpp
[1.042s] -- Up-to-date: /home/rosuser/yahboom_ws/install/yahboomcar_msgs/include/yahboomcar_msgs/yahboomcar_msgs/msg/detail/position__builder.hpp
[1.042s] -- Up-to-date: /home/rosuser/yahboom_ws/install/yahboomcar_msgs/include/yahboomcar_msgs/yahboomcar_msgs/msg/detail/image_msg__struct.hpp
[1.042s] -- Up-to-date: /home/rosuser/yahboom_ws/install/yahboomcar_msgs/include/yahboomcar_msgs/yahboomcar_msgs/msg/detail/point_array__builder.hpp
[1.042s] -- Up-to-date: /home/rosuser/yahboom_ws/install/yahboomcar_msgs/include/yahboomcar_msgs/yahboomcar_msgs/msg/detail/position__struct.hpp
[1.042s] -- Up-to-date: /home/rosuser/yahboom_ws/install/yahboomcar_msgs/include/yahboomcar_msgs/yahboomcar_msgs/msg/detail/target_array__traits.hpp
[1.042s] -- Up-to-date: /home/rosuser/yahboom_ws/install/yahboomcar_msgs/include/yahboomcar_msgs/yahboomcar_msgs/msg/detail/target__struct.hpp
[1.043s] -- Up-to-date: /home/rosuser/yahboom_ws/install/yahboomcar_msgs/include/yahboomcar_msgs/yahboomcar_msgs/msg/detail/target_array__builder.hpp
[1.043s] -- Up-to-date: /home/rosuser/yahboom_ws/install/yahboomcar_msgs/include/yahboomcar_msgs/yahboomcar_msgs/msg/detail/target__builder.hpp
[1.043s] -- Up-to-date: /home/rosuser/yahboom_ws/install/yahboomcar_msgs/include/yahboomcar_msgs/yahboomcar_msgs/msg/detail/position__traits.hpp
[1.043s] -- Up-to-date: /home/rosuser/yahboom_ws/install/yahboomcar_msgs/include/yahboomcar_msgs/yahboomcar_msgs/msg/detail/image_msg__traits.hpp
[1.043s] -- Up-to-date: /home/rosuser/yahboom_ws/install/yahboomcar_msgs/include/yahboomcar_msgs/yahboomcar_msgs/msg/detail/target_array__struct.hpp
[1.043s] -- Up-to-date: /home/rosuser/yahboom_ws/install/yahboomcar_msgs/include/yahboomcar_msgs/yahboomcar_msgs/msg/detail/point_array__struct.hpp
[1.043s] -- Up-to-date: /home/rosuser/yahboom_ws/install/yahboomcar_msgs/include/yahboomcar_msgs/yahboomcar_msgs/msg/detail/target__traits.hpp
[1.044s] -- Up-to-date: /home/rosuser/yahboom_ws/install/yahboomcar_msgs/include/yahboomcar_msgs/yahboomcar_msgs/msg/detail/image_msg__builder.hpp
[1.044s] -- Up-to-date: /home/rosuser/yahboom_ws/install/yahboomcar_msgs/include/yahboomcar_msgs/yahboomcar_msgs/msg/target_array.hpp
[1.044s] -- Up-to-date: /home/rosuser/yahboom_ws/install/yahboomcar_msgs/include/yahboomcar_msgs/yahboomcar_msgs/msg/point_array.hpp
[1.044s] -- Up-to-date: /home/rosuser/yahboom_ws/install/yahboomcar_msgs/include/yahboomcar_msgs/yahboomcar_msgs
[1.044s] -- Up-to-date: /home/rosuser/yahboom_ws/install/yahboomcar_msgs/include/yahboomcar_msgs/yahboomcar_msgs/msg
[1.044s] -- Up-to-date: /home/rosuser/yahboom_ws/install/yahboomcar_msgs/include/yahboomcar_msgs/yahboomcar_msgs/msg/rosidl_typesupport_fastrtps_cpp__visibility_control.h
[1.044s] -- Up-to-date: /home/rosuser/yahboom_ws/install/yahboomcar_msgs/include/yahboomcar_msgs/yahboomcar_msgs/msg/detail
[1.045s] -- Up-to-date: /home/rosuser/yahboom_ws/install/yahboomcar_msgs/include/yahboomcar_msgs/yahboomcar_msgs/msg/detail/target_array__rosidl_typesupport_fastrtps_cpp.hpp
[1.045s] -- Up-to-date: /home/rosuser/yahboom_ws/install/yahboomcar_msgs/include/yahboomcar_msgs/yahboomcar_msgs/msg/detail/image_msg__rosidl_typesupport_fastrtps_cpp.hpp
[1.045s] -- Up-to-date: /home/rosuser/yahboom_ws/install/yahboomcar_msgs/include/yahboomcar_msgs/yahboomcar_msgs/msg/detail/dds_fastrtps
[1.045s] -- Up-to-date: /home/rosuser/yahboom_ws/install/yahboomcar_msgs/include/yahboomcar_msgs/yahboomcar_msgs/msg/detail/point_array__rosidl_typesupport_fastrtps_cpp.hpp
[1.045s] -- Up-to-date: /home/rosuser/yahboom_ws/install/yahboomcar_msgs/include/yahboomcar_msgs/yahboomcar_msgs/msg/detail/target__rosidl_typesupport_fastrtps_cpp.hpp
[1.045s] -- Up-to-date: /home/rosuser/yahboom_ws/install/yahboomcar_msgs/include/yahboomcar_msgs/yahboomcar_msgs/msg/detail/position__rosidl_typesupport_fastrtps_cpp.hpp
[1.047s] -- Up-to-date: /home/rosuser/yahboom_ws/install/yahboomcar_msgs/lib/libyahboomcar_msgs__rosidl_typesupport_fastrtps_cpp.so
[1.047s] -- Up-to-date: /home/rosuser/yahboom_ws/install/yahboomcar_msgs/include/yahboomcar_msgs/yahboomcar_msgs
[1.047s] -- Up-to-date: /home/rosuser/yahboom_ws/install/yahboomcar_msgs/include/yahboomcar_msgs/yahboomcar_msgs/msg
[1.048s] -- Up-to-date: /home/rosuser/yahboom_ws/install/yahboomcar_msgs/include/yahboomcar_msgs/yahboomcar_msgs/msg/detail
[1.048s] -- Up-to-date: /home/rosuser/yahboom_ws/install/yahboomcar_msgs/include/yahboomcar_msgs/yahboomcar_msgs/msg/detail/target__type_support.cpp
[1.048s] -- Up-to-date: /home/rosuser/yahboom_ws/install/yahboomcar_msgs/include/yahboomcar_msgs/yahboomcar_msgs/msg/detail/target__rosidl_typesupport_introspection_cpp.hpp
[1.048s] -- Up-to-date: /home/rosuser/yahboom_ws/install/yahboomcar_msgs/include/yahboomcar_msgs/yahboomcar_msgs/msg/detail/image_msg__type_support.cpp
[1.048s] -- Up-to-date: /home/rosuser/yahboom_ws/install/yahboomcar_msgs/include/yahboomcar_msgs/yahboomcar_msgs/msg/detail/image_msg__rosidl_typesupport_introspection_cpp.hpp
[1.048s] -- Up-to-date: /home/rosuser/yahboom_ws/install/yahboomcar_msgs/include/yahboomcar_msgs/yahboomcar_msgs/msg/detail/point_array__rosidl_typesupport_introspection_cpp.hpp
[1.048s] -- Up-to-date: /home/rosuser/yahboom_ws/install/yahboomcar_msgs/include/yahboomcar_msgs/yahboomcar_msgs/msg/detail/point_array__type_support.cpp
[1.049s] -- Up-to-date: /home/rosuser/yahboom_ws/install/yahboomcar_msgs/include/yahboomcar_msgs/yahboomcar_msgs/msg/detail/target_array__rosidl_typesupport_introspection_cpp.hpp
[1.049s] -- Up-to-date: /home/rosuser/yahboom_ws/install/yahboomcar_msgs/include/yahboomcar_msgs/yahboomcar_msgs/msg/detail/position__type_support.cpp
[1.049s] -- Up-to-date: /home/rosuser/yahboom_ws/install/yahboomcar_msgs/include/yahboomcar_msgs/yahboomcar_msgs/msg/detail/target_array__type_support.cpp
[1.049s] -- Up-to-date: /home/rosuser/yahboom_ws/install/yahboomcar_msgs/include/yahboomcar_msgs/yahboomcar_msgs/msg/detail/position__rosidl_typesupport_introspection_cpp.hpp
[1.051s] -- Up-to-date: /home/rosuser/yahboom_ws/install/yahboomcar_msgs/lib/libyahboomcar_msgs__rosidl_typesupport_introspection_cpp.so
[1.052s] -- Up-to-date: /home/rosuser/yahboom_ws/install/yahboomcar_msgs/lib/libyahboomcar_msgs__rosidl_typesupport_cpp.so
[1.052s] -- Up-to-date: /home/rosuser/yahboom_ws/install/yahboomcar_msgs/share/yahboomcar_msgs/environment/pythonpath.sh
[1.052s] -- Up-to-date: /home/rosuser/yahboom_ws/install/yahboomcar_msgs/share/yahboomcar_msgs/environment/pythonpath.dsv
[1.052s] -- Up-to-date: /home/rosuser/yahboom_ws/install/yahboomcar_msgs/local/lib/python3.10/dist-packages/yahboomcar_msgs-0.0.0-py3.10.egg-info
[1.052s] -- Installing: /home/rosuser/yahboom_ws/install/yahboomcar_msgs/local/lib/python3.10/dist-packages/yahboomcar_msgs-0.0.0-py3.10.egg-info/PKG-INFO
[1.053s] -- Installing: /home/rosuser/yahboom_ws/install/yahboomcar_msgs/local/lib/python3.10/dist-packages/yahboomcar_msgs-0.0.0-py3.10.egg-info/top_level.txt
[1.053s] -- Installing: /home/rosuser/yahboom_ws/install/yahboomcar_msgs/local/lib/python3.10/dist-packages/yahboomcar_msgs-0.0.0-py3.10.egg-info/dependency_links.txt
[1.053s] -- Installing: /home/rosuser/yahboom_ws/install/yahboomcar_msgs/local/lib/python3.10/dist-packages/yahboomcar_msgs-0.0.0-py3.10.egg-info/SOURCES.txt
[1.053s] -- Up-to-date: /home/rosuser/yahboom_ws/install/yahboomcar_msgs/local/lib/python3.10/dist-packages/yahboomcar_msgs
[1.054s] -- Up-to-date: /home/rosuser/yahboom_ws/install/yahboomcar_msgs/local/lib/python3.10/dist-packages/yahboomcar_msgs/yahboomcar_msgs_s__rosidl_typesupport_fastrtps_c.cpython-310-x86_64-linux-gnu.so
[1.054s] -- Up-to-date: /home/rosuser/yahboom_ws/install/yahboomcar_msgs/local/lib/python3.10/dist-packages/yahboomcar_msgs/__init__.py
[1.054s] -- Up-to-date: /home/rosuser/yahboom_ws/install/yahboomcar_msgs/local/lib/python3.10/dist-packages/yahboomcar_msgs/_yahboomcar_msgs_s.ep.rosidl_typesupport_c.c
[1.054s] -- Up-to-date: /home/rosuser/yahboom_ws/install/yahboomcar_msgs/local/lib/python3.10/dist-packages/yahboomcar_msgs/libyahboomcar_msgs__rosidl_generator_py.so
[1.054s] -- Up-to-date: /home/rosuser/yahboom_ws/install/yahboomcar_msgs/local/lib/python3.10/dist-packages/yahboomcar_msgs/yahboomcar_msgs_s__rosidl_typesupport_introspection_c.cpython-310-x86_64-linux-gnu.so
[1.054s] -- Up-to-date: /home/rosuser/yahboom_ws/install/yahboomcar_msgs/local/lib/python3.10/dist-packages/yahboomcar_msgs/_yahboomcar_msgs_s.ep.rosidl_typesupport_introspection_c.c
[1.055s] -- Up-to-date: /home/rosuser/yahboom_ws/install/yahboomcar_msgs/local/lib/python3.10/dist-packages/yahboomcar_msgs/msg
[1.055s] -- Up-to-date: /home/rosuser/yahboom_ws/install/yahboomcar_msgs/local/lib/python3.10/dist-packages/yahboomcar_msgs/msg/__init__.py
[1.055s] -- Up-to-date: /home/rosuser/yahboom_ws/install/yahboomcar_msgs/local/lib/python3.10/dist-packages/yahboomcar_msgs/msg/_point_array_s.c
[1.055s] -- Up-to-date: /home/rosuser/yahboom_ws/install/yahboomcar_msgs/local/lib/python3.10/dist-packages/yahboomcar_msgs/msg/_position_s.c
[1.056s] -- Up-to-date: /home/rosuser/yahboom_ws/install/yahboomcar_msgs/local/lib/python3.10/dist-packages/yahboomcar_msgs/msg/_target_array.py
[1.056s] -- Up-to-date: /home/rosuser/yahboom_ws/install/yahboomcar_msgs/local/lib/python3.10/dist-packages/yahboomcar_msgs/msg/_image_msg_s.c
[1.056s] -- Up-to-date: /home/rosuser/yahboom_ws/install/yahboomcar_msgs/local/lib/python3.10/dist-packages/yahboomcar_msgs/msg/_image_msg.py
[1.056s] -- Up-to-date: /home/rosuser/yahboom_ws/install/yahboomcar_msgs/local/lib/python3.10/dist-packages/yahboomcar_msgs/msg/_target_s.c
[1.056s] -- Up-to-date: /home/rosuser/yahboom_ws/install/yahboomcar_msgs/local/lib/python3.10/dist-packages/yahboomcar_msgs/msg/_point_array.py
[1.056s] -- Up-to-date: /home/rosuser/yahboom_ws/install/yahboomcar_msgs/local/lib/python3.10/dist-packages/yahboomcar_msgs/msg/_target.py
[1.056s] -- Up-to-date: /home/rosuser/yahboom_ws/install/yahboomcar_msgs/local/lib/python3.10/dist-packages/yahboomcar_msgs/msg/_target_array_s.c
[1.057s] -- Up-to-date: /home/rosuser/yahboom_ws/install/yahboomcar_msgs/local/lib/python3.10/dist-packages/yahboomcar_msgs/msg/_position.py
[1.057s] -- Up-to-date: /home/rosuser/yahboom_ws/install/yahboomcar_msgs/local/lib/python3.10/dist-packages/yahboomcar_msgs/_yahboomcar_msgs_s.ep.rosidl_typesupport_fastrtps_c.c
[1.057s] -- Up-to-date: /home/rosuser/yahboom_ws/install/yahboomcar_msgs/local/lib/python3.10/dist-packages/yahboomcar_msgs/yahboomcar_msgs_s__rosidl_typesupport_c.cpython-310-x86_64-linux-gnu.so
[1.092s] Listing '/home/rosuser/yahboom_ws/install/yahboomcar_msgs/local/lib/python3.10/dist-packages/yahboomcar_msgs'...
[1.092s] Listing '/home/rosuser/yahboom_ws/install/yahboomcar_msgs/local/lib/python3.10/dist-packages/yahboomcar_msgs/msg'...
[1.105s] -- Up-to-date: /home/rosuser/yahboom_ws/install/yahboomcar_msgs/local/lib/python3.10/dist-packages/yahboomcar_msgs/yahboomcar_msgs_s__rosidl_typesupport_fastrtps_c.cpython-310-x86_64-linux-gnu.so
[1.107s] -- Up-to-date: /home/rosuser/yahboom_ws/install/yahboomcar_msgs/local/lib/python3.10/dist-packages/yahboomcar_msgs/yahboomcar_msgs_s__rosidl_typesupport_introspection_c.cpython-310-x86_64-linux-gnu.so
[1.108s] -- Up-to-date: /home/rosuser/yahboom_ws/install/yahboomcar_msgs/local/lib/python3.10/dist-packages/yahboomcar_msgs/yahboomcar_msgs_s__rosidl_typesupport_c.cpython-310-x86_64-linux-gnu.so
[1.109s] -- Up-to-date: /home/rosuser/yahboom_ws/install/yahboomcar_msgs/lib/libyahboomcar_msgs__rosidl_generator_py.so
[1.110s] -- Up-to-date: /home/rosuser/yahboom_ws/install/yahboomcar_msgs/share/yahboomcar_msgs/msg/ImageMsg.idl
[1.110s] -- Up-to-date: /home/rosuser/yahboom_ws/install/yahboomcar_msgs/share/yahboomcar_msgs/msg/PointArray.idl
[1.110s] -- Up-to-date: /home/rosuser/yahboom_ws/install/yahboomcar_msgs/share/yahboomcar_msgs/msg/Position.idl
[1.110s] -- Up-to-date: /home/rosuser/yahboom_ws/install/yahboomcar_msgs/share/yahboomcar_msgs/msg/Target.idl
[1.111s] -- Up-to-date: /home/rosuser/yahboom_ws/install/yahboomcar_msgs/share/yahboomcar_msgs/msg/TargetArray.idl
[1.111s] -- Up-to-date: /home/rosuser/yahboom_ws/install/yahboomcar_msgs/share/yahboomcar_msgs/msg/ImageMsg.msg
[1.111s] -- Up-to-date: /home/rosuser/yahboom_ws/install/yahboomcar_msgs/share/yahboomcar_msgs/msg/PointArray.msg
[1.111s] -- Up-to-date: /home/rosuser/yahboom_ws/install/yahboomcar_msgs/share/yahboomcar_msgs/msg/Position.msg
[1.111s] -- Up-to-date: /home/rosuser/yahboom_ws/install/yahboomcar_msgs/share/yahboomcar_msgs/msg/Target.msg
[1.111s] -- Up-to-date: /home/rosuser/yahboom_ws/install/yahboomcar_msgs/share/yahboomcar_msgs/msg/TargetArray.msg
[1.111s] -- Up-to-date: /home/rosuser/yahboom_ws/install/yahboomcar_msgs/share/ament_index/resource_index/package_run_dependencies/yahboomcar_msgs
[1.112s] -- Up-to-date: /home/rosuser/yahboom_ws/install/yahboomcar_msgs/share/ament_index/resource_index/parent_prefix_path/yahboomcar_msgs
[1.112s] -- Up-to-date: /home/rosuser/yahboom_ws/install/yahboomcar_msgs/share/yahboomcar_msgs/environment/ament_prefix_path.sh
[1.112s] -- Up-to-date: /home/rosuser/yahboom_ws/install/yahboomcar_msgs/share/yahboomcar_msgs/environment/ament_prefix_path.dsv
[1.112s] -- Up-to-date: /home/rosuser/yahboom_ws/install/yahboomcar_msgs/share/yahboomcar_msgs/environment/path.sh
[1.113s] -- Up-to-date: /home/rosuser/yahboom_ws/install/yahboomcar_msgs/share/yahboomcar_msgs/environment/path.dsv
[1.113s] -- Up-to-date: /home/rosuser/yahboom_ws/install/yahboomcar_msgs/share/yahboomcar_msgs/local_setup.bash
[1.113s] -- Up-to-date: /home/rosuser/yahboom_ws/install/yahboomcar_msgs/share/yahboomcar_msgs/local_setup.sh
[1.113s] -- Up-to-date: /home/rosuser/yahboom_ws/install/yahboomcar_msgs/share/yahboomcar_msgs/local_setup.zsh
[1.113s] -- Up-to-date: /home/rosuser/yahboom_ws/install/yahboomcar_msgs/share/yahboomcar_msgs/local_setup.dsv
[1.113s] -- Installing: /home/rosuser/yahboom_ws/install/yahboomcar_msgs/share/yahboomcar_msgs/package.dsv
[1.113s] -- Up-to-date: /home/rosuser/yahboom_ws/install/yahboomcar_msgs/share/ament_index/resource_index/packages/yahboomcar_msgs
[1.115s] -- Up-to-date: /home/rosuser/yahboom_ws/install/yahboomcar_msgs/share/yahboomcar_msgs/cmake/export_yahboomcar_msgs__rosidl_generator_cExport.cmake
[1.116s] -- Up-to-date: /home/rosuser/yahboom_ws/install/yahboomcar_msgs/share/yahboomcar_msgs/cmake/export_yahboomcar_msgs__rosidl_generator_cExport-noconfig.cmake
[1.116s] -- Up-to-date: /home/rosuser/yahboom_ws/install/yahboomcar_msgs/share/yahboomcar_msgs/cmake/export_yahboomcar_msgs__rosidl_typesupport_fastrtps_cExport.cmake
[1.116s] -- Up-to-date: /home/rosuser/yahboom_ws/install/yahboomcar_msgs/share/yahboomcar_msgs/cmake/export_yahboomcar_msgs__rosidl_typesupport_fastrtps_cExport-noconfig.cmake
[1.116s] -- Up-to-date: /home/rosuser/yahboom_ws/install/yahboomcar_msgs/share/yahboomcar_msgs/cmake/yahboomcar_msgs__rosidl_typesupport_introspection_cExport.cmake
[1.116s] -- Up-to-date: /home/rosuser/yahboom_ws/install/yahboomcar_msgs/share/yahboomcar_msgs/cmake/yahboomcar_msgs__rosidl_typesupport_introspection_cExport-noconfig.cmake
[1.117s] -- Up-to-date: /home/rosuser/yahboom_ws/install/yahboomcar_msgs/share/yahboomcar_msgs/cmake/yahboomcar_msgs__rosidl_typesupport_cExport.cmake
[1.117s] -- Up-to-date: /home/rosuser/yahboom_ws/install/yahboomcar_msgs/share/yahboomcar_msgs/cmake/yahboomcar_msgs__rosidl_typesupport_cExport-noconfig.cmake
[1.117s] -- Up-to-date: /home/rosuser/yahboom_ws/install/yahboomcar_msgs/share/yahboomcar_msgs/cmake/export_yahboomcar_msgs__rosidl_generator_cppExport.cmake
[1.117s] -- Up-to-date: /home/rosuser/yahboom_ws/install/yahboomcar_msgs/share/yahboomcar_msgs/cmake/export_yahboomcar_msgs__rosidl_typesupport_fastrtps_cppExport.cmake
[1.117s] -- Up-to-date: /home/rosuser/yahboom_ws/install/yahboomcar_msgs/share/yahboomcar_msgs/cmake/export_yahboomcar_msgs__rosidl_typesupport_fastrtps_cppExport-noconfig.cmake
[1.117s] -- Up-to-date: /home/rosuser/yahboom_ws/install/yahboomcar_msgs/share/yahboomcar_msgs/cmake/yahboomcar_msgs__rosidl_typesupport_introspection_cppExport.cmake
[1.118s] -- Up-to-date: /home/rosuser/yahboom_ws/install/yahboomcar_msgs/share/yahboomcar_msgs/cmake/yahboomcar_msgs__rosidl_typesupport_introspection_cppExport-noconfig.cmake
[1.118s] -- Up-to-date: /home/rosuser/yahboom_ws/install/yahboomcar_msgs/share/yahboomcar_msgs/cmake/yahboomcar_msgs__rosidl_typesupport_cppExport.cmake
[1.118s] -- Up-to-date: /home/rosuser/yahboom_ws/install/yahboomcar_msgs/share/yahboomcar_msgs/cmake/yahboomcar_msgs__rosidl_typesupport_cppExport-noconfig.cmake
[1.118s] -- Up-to-date: /home/rosuser/yahboom_ws/install/yahboomcar_msgs/share/yahboomcar_msgs/cmake/export_yahboomcar_msgs__rosidl_generator_pyExport.cmake
[1.118s] -- Up-to-date: /home/rosuser/yahboom_ws/install/yahboomcar_msgs/share/yahboomcar_msgs/cmake/export_yahboomcar_msgs__rosidl_generator_pyExport-noconfig.cmake
[1.118s] -- Up-to-date: /home/rosuser/yahboom_ws/install/yahboomcar_msgs/share/yahboomcar_msgs/cmake/rosidl_cmake-extras.cmake
[1.119s] -- Up-to-date: /home/rosuser/yahboom_ws/install/yahboomcar_msgs/share/yahboomcar_msgs/cmake/ament_cmake_export_dependencies-extras.cmake
[1.119s] -- Up-to-date: /home/rosuser/yahboom_ws/install/yahboomcar_msgs/share/yahboomcar_msgs/cmake/ament_cmake_export_include_directories-extras.cmake
[1.119s] -- Up-to-date: /home/rosuser/yahboom_ws/install/yahboomcar_msgs/share/yahboomcar_msgs/cmake/ament_cmake_export_libraries-extras.cmake
[1.119s] -- Up-to-date: /home/rosuser/yahboom_ws/install/yahboomcar_msgs/share/yahboomcar_msgs/cmake/ament_cmake_export_targets-extras.cmake
[1.119s] -- Up-to-date: /home/rosuser/yahboom_ws/install/yahboomcar_msgs/share/yahboomcar_msgs/cmake/rosidl_cmake_export_typesupport_targets-extras.cmake
[1.119s] -- Up-to-date: /home/rosuser/yahboom_ws/install/yahboomcar_msgs/share/yahboomcar_msgs/cmake/rosidl_cmake_export_typesupport_libraries-extras.cmake
[1.120s] -- Up-to-date: /home/rosuser/yahboom_ws/install/yahboomcar_msgs/share/yahboomcar_msgs/cmake/yahboomcar_msgsConfig.cmake
[1.120s] -- Up-to-date: /home/rosuser/yahboom_ws/install/yahboomcar_msgs/share/yahboomcar_msgs/cmake/yahboomcar_msgsConfig-version.cmake
[1.120s] -- Up-to-date: /home/rosuser/yahboom_ws/install/yahboomcar_msgs/share/yahboomcar_msgs/package.xml
[1.122s] Invoked command in '/home/rosuser/yahboom_ws/build/yahboomcar_msgs' returned '0': CMAKE_PREFIX_PATH=${CMAKE_PREFIX_PATH}:/home/rosuser/yahboom_ws/install/yahboomcar_description:/home/rosuser/yahboom_ws/install/yahboom_app_save_map:/home/rosuser/yahboom_ws/install/robot_pose_publisher:/home/rosuser/yahboom_ws/install/laserscan_to_point_pulisher:/home/rosuser/ROS2Dev/turtlebot3_ws/install/turtlebot3_teleop:/home/rosuser/ROS2Dev/turtlebot3_ws/install/turtlebot3_example:/opt/ros/humble /usr/bin/cmake --install /home/rosuser/yahboom_ws/build/yahboomcar_msgs
