[0.586s] Invoking command in '/home/rosuser/yahboom_ws/build/yahboomcar_msgs': CMAKE_PREFIX_PATH=${CMAKE_PREFIX_PATH}:/home/rosuser/yahboom_ws/install/yahboomcar_description:/home/rosuser/yahboom_ws/install/yahboom_app_save_map:/home/rosuser/yahboom_ws/install/robot_pose_publisher:/home/rosuser/yahboom_ws/install/laserscan_to_point_pulisher:/home/rosuser/ROS2Dev/turtlebot3_ws/install/turtlebot3_teleop:/home/rosuser/ROS2Dev/turtlebot3_ws/install/turtlebot3_example:/opt/ros/humble /usr/bin/cmake --build /home/rosuser/yahboom_ws/build/yahboomcar_msgs -- -j2 -l2
[0.646s] [  1%] Built target yahboomcar_msgs__cpp
[0.668s] [35m[1mConsolidate compiler generated dependencies of target yahboomcar_msgs__rosidl_generator_c[0m
[0.694s] [ 12%] Built target yahboomcar_msgs__rosidl_generator_c
[0.711s] [ 12%] Built target ament_cmake_python_copy_yahboomcar_msgs
[0.711s] [35m[1mConsolidate compiler generated dependencies of target yahboomcar_msgs__rosidl_typesupport_cpp[0m
[0.735s] [35m[1mConsolidate compiler generated dependencies of target yahboomcar_msgs__rosidl_typesupport_fastrtps_c[0m
[0.749s] [ 23%] Built target yahboomcar_msgs__rosidl_typesupport_cpp
[0.769s] [ 34%] Built target yahboomcar_msgs__rosidl_typesupport_fastrtps_c
[0.784s] [35m[1mConsolidate compiler generated dependencies of target yahboomcar_msgs__rosidl_typesupport_c[0m
[0.799s] [ 46%] Built target yahboomcar_msgs__rosidl_typesupport_c
[0.804s] [35m[1mConsolidate compiler generated dependencies of target yahboomcar_msgs__rosidl_typesupport_introspection_c[0m
[0.819s] [35m[1mConsolidate compiler generated dependencies of target yahboomcar_msgs__rosidl_typesupport_fastrtps_cpp[0m
[0.841s] [ 57%] Built target yahboomcar_msgs__rosidl_typesupport_introspection_c
[0.842s] [ 68%] Built target yahboomcar_msgs__rosidl_typesupport_fastrtps_cpp
[0.890s] [35m[1mConsolidate compiler generated dependencies of target yahboomcar_msgs__rosidl_typesupport_introspection_cpp[0m
[0.965s] [ 79%] Built target yahboomcar_msgs__rosidl_typesupport_introspection_cpp
[1.102s] [ 79%] Built target yahboomcar_msgs
[1.163s] [ 80%] Built target yahboomcar_msgs__py
[1.213s] running egg_info
[1.213s] writing yahboomcar_msgs.egg-info/PKG-INFO
[1.214s] writing dependency_links to yahboomcar_msgs.egg-info/dependency_links.txt
[1.215s] writing top-level names to yahboomcar_msgs.egg-info/top_level.txt
[1.223s] reading manifest file 'yahboomcar_msgs.egg-info/SOURCES.txt'
[1.224s] writing manifest file 'yahboomcar_msgs.egg-info/SOURCES.txt'
[1.253s] [35m[1mConsolidate compiler generated dependencies of target yahboomcar_msgs__rosidl_generator_py[0m
[1.268s] [ 80%] Built target ament_cmake_python_build_yahboomcar_msgs_egg
[1.280s] [ 90%] Built target yahboomcar_msgs__rosidl_generator_py
[1.300s] [35m[1mConsolidate compiler generated dependencies of target yahboomcar_msgs__rosidl_typesupport_introspection_c__pyext[0m
[1.315s] [ 93%] Built target yahboomcar_msgs__rosidl_typesupport_introspection_c__pyext
[1.315s] [35m[1mConsolidate compiler generated dependencies of target yahboomcar_msgs__rosidl_typesupport_fastrtps_c__pyext[0m
[1.332s] [35m[1mConsolidate compiler generated dependencies of target yahboomcar_msgs__rosidl_typesupport_c__pyext[0m
[1.346s] [ 96%] Built target yahboomcar_msgs__rosidl_typesupport_c__pyext
[1.349s] [100%] Built target yahboomcar_msgs__rosidl_typesupport_fastrtps_c__pyext
[1.364s] Invoked command in '/home/rosuser/yahboom_ws/build/yahboomcar_msgs' returned '0': CMAKE_PREFIX_PATH=${CMAKE_PREFIX_PATH}:/home/rosuser/yahboom_ws/install/yahboomcar_description:/home/rosuser/yahboom_ws/install/yahboom_app_save_map:/home/rosuser/yahboom_ws/install/robot_pose_publisher:/home/rosuser/yahboom_ws/install/laserscan_to_point_pulisher:/home/rosuser/ROS2Dev/turtlebot3_ws/install/turtlebot3_teleop:/home/rosuser/ROS2Dev/turtlebot3_ws/install/turtlebot3_example:/opt/ros/humble /usr/bin/cmake --build /home/rosuser/yahboom_ws/build/yahboomcar_msgs -- -j2 -l2
[1.531s] Invoking command in '/home/rosuser/yahboom_ws/build/yahboomcar_msgs': CMAKE_PREFIX_PATH=${CMAKE_PREFIX_PATH}:/home/rosuser/yahboom_ws/install/yahboomcar_description:/home/rosuser/yahboom_ws/install/yahboom_app_save_map:/home/rosuser/yahboom_ws/install/robot_pose_publisher:/home/rosuser/yahboom_ws/install/laserscan_to_point_pulisher:/home/rosuser/ROS2Dev/turtlebot3_ws/install/turtlebot3_teleop:/home/rosuser/ROS2Dev/turtlebot3_ws/install/turtlebot3_example:/opt/ros/humble /usr/bin/cmake --install /home/rosuser/yahboom_ws/build/yahboomcar_msgs
[1.540s] -- Install configuration: ""
[1.541s] -- Up-to-date: /home/rosuser/yahboom_ws/install/yahboomcar_msgs/share/ament_index/resource_index/rosidl_interfaces/yahboomcar_msgs
[1.541s] -- Up-to-date: /home/rosuser/yahboom_ws/install/yahboomcar_msgs/include/yahboomcar_msgs/yahboomcar_msgs
[1.541s] -- Up-to-date: /home/rosuser/yahboom_ws/install/yahboomcar_msgs/include/yahboomcar_msgs/yahboomcar_msgs/msg
[1.542s] -- Up-to-date: /home/rosuser/yahboom_ws/install/yahboomcar_msgs/include/yahboomcar_msgs/yahboomcar_msgs/msg/point_array.h
[1.542s] -- Up-to-date: /home/rosuser/yahboom_ws/install/yahboomcar_msgs/include/yahboomcar_msgs/yahboomcar_msgs/msg/target.h
[1.542s] -- Up-to-date: /home/rosuser/yahboom_ws/install/yahboomcar_msgs/include/yahboomcar_msgs/yahboomcar_msgs/msg/position.h
[1.543s] -- Up-to-date: /home/rosuser/yahboom_ws/install/yahboomcar_msgs/include/yahboomcar_msgs/yahboomcar_msgs/msg/detail
[1.543s] -- Up-to-date: /home/rosuser/yahboom_ws/install/yahboomcar_msgs/include/yahboomcar_msgs/yahboomcar_msgs/msg/detail/target_array__functions.h
[1.543s] -- Up-to-date: /home/rosuser/yahboom_ws/install/yahboomcar_msgs/include/yahboomcar_msgs/yahboomcar_msgs/msg/detail/target_array__type_support.h
[1.543s] -- Up-to-date: /home/rosuser/yahboom_ws/install/yahboomcar_msgs/include/yahboomcar_msgs/yahboomcar_msgs/msg/detail/image_msg__functions.c
[1.543s] -- Up-to-date: /home/rosuser/yahboom_ws/install/yahboomcar_msgs/include/yahboomcar_msgs/yahboomcar_msgs/msg/detail/image_msg__type_support.h
[1.544s] -- Up-to-date: /home/rosuser/yahboom_ws/install/yahboomcar_msgs/include/yahboomcar_msgs/yahboomcar_msgs/msg/detail/point_array__functions.h
[1.544s] -- Up-to-date: /home/rosuser/yahboom_ws/install/yahboomcar_msgs/include/yahboomcar_msgs/yahboomcar_msgs/msg/detail/point_array__struct.h
[1.544s] -- Up-to-date: /home/rosuser/yahboom_ws/install/yahboomcar_msgs/include/yahboomcar_msgs/yahboomcar_msgs/msg/detail/position__functions.c
[1.545s] -- Up-to-date: /home/rosuser/yahboom_ws/install/yahboomcar_msgs/include/yahboomcar_msgs/yahboomcar_msgs/msg/detail/target__functions.h
[1.545s] -- Up-to-date: /home/rosuser/yahboom_ws/install/yahboomcar_msgs/include/yahboomcar_msgs/yahboomcar_msgs/msg/detail/image_msg__struct.h
[1.545s] -- Up-to-date: /home/rosuser/yahboom_ws/install/yahboomcar_msgs/include/yahboomcar_msgs/yahboomcar_msgs/msg/detail/position__functions.h
[1.545s] -- Up-to-date: /home/rosuser/yahboom_ws/install/yahboomcar_msgs/include/yahboomcar_msgs/yahboomcar_msgs/msg/detail/target_array__functions.c
[1.546s] -- Up-to-date: /home/rosuser/yahboom_ws/install/yahboomcar_msgs/include/yahboomcar_msgs/yahboomcar_msgs/msg/detail/target__functions.c
[1.546s] -- Up-to-date: /home/rosuser/yahboom_ws/install/yahboomcar_msgs/include/yahboomcar_msgs/yahboomcar_msgs/msg/detail/point_array__type_support.h
[1.546s] -- Up-to-date: /home/rosuser/yahboom_ws/install/yahboomcar_msgs/include/yahboomcar_msgs/yahboomcar_msgs/msg/detail/target__type_support.h
[1.547s] -- Up-to-date: /home/rosuser/yahboom_ws/install/yahboomcar_msgs/include/yahboomcar_msgs/yahboomcar_msgs/msg/detail/position__struct.h
[1.547s] -- Up-to-date: /home/rosuser/yahboom_ws/install/yahboomcar_msgs/include/yahboomcar_msgs/yahboomcar_msgs/msg/detail/image_msg__functions.h
[1.547s] -- Up-to-date: /home/rosuser/yahboom_ws/install/yahboomcar_msgs/include/yahboomcar_msgs/yahboomcar_msgs/msg/detail/target_array__struct.h
[1.548s] -- Up-to-date: /home/rosuser/yahboom_ws/install/yahboomcar_msgs/include/yahboomcar_msgs/yahboomcar_msgs/msg/detail/point_array__functions.c
[1.548s] -- Up-to-date: /home/rosuser/yahboom_ws/install/yahboomcar_msgs/include/yahboomcar_msgs/yahboomcar_msgs/msg/detail/position__type_support.h
[1.549s] -- Up-to-date: /home/rosuser/yahboom_ws/install/yahboomcar_msgs/include/yahboomcar_msgs/yahboomcar_msgs/msg/detail/target__struct.h
[1.549s] -- Up-to-date: /home/rosuser/yahboom_ws/install/yahboomcar_msgs/include/yahboomcar_msgs/yahboomcar_msgs/msg/target_array.h
[1.549s] -- Up-to-date: /home/rosuser/yahboom_ws/install/yahboomcar_msgs/include/yahboomcar_msgs/yahboomcar_msgs/msg/rosidl_generator_c__visibility_control.h
[1.550s] -- Up-to-date: /home/rosuser/yahboom_ws/install/yahboomcar_msgs/include/yahboomcar_msgs/yahboomcar_msgs/msg/image_msg.h
[1.550s] -- Up-to-date: /home/rosuser/yahboom_ws/install/yahboomcar_msgs/share/yahboomcar_msgs/environment/library_path.sh
[1.550s] -- Up-to-date: /home/rosuser/yahboom_ws/install/yahboomcar_msgs/share/yahboomcar_msgs/environment/library_path.dsv
[1.551s] -- Up-to-date: /home/rosuser/yahboom_ws/install/yahboomcar_msgs/lib/libyahboomcar_msgs__rosidl_generator_c.so
[1.551s] -- Up-to-date: /home/rosuser/yahboom_ws/install/yahboomcar_msgs/include/yahboomcar_msgs/yahboomcar_msgs
[1.551s] -- Up-to-date: /home/rosuser/yahboom_ws/install/yahboomcar_msgs/include/yahboomcar_msgs/yahboomcar_msgs/msg
[1.551s] -- Up-to-date: /home/rosuser/yahboom_ws/install/yahboomcar_msgs/include/yahboomcar_msgs/yahboomcar_msgs/msg/rosidl_typesupport_fastrtps_c__visibility_control.h
[1.551s] -- Up-to-date: /home/rosuser/yahboom_ws/install/yahboomcar_msgs/include/yahboomcar_msgs/yahboomcar_msgs/msg/detail
[1.552s] -- Up-to-date: /home/rosuser/yahboom_ws/install/yahboomcar_msgs/include/yahboomcar_msgs/yahboomcar_msgs/msg/detail/point_array__rosidl_typesupport_fastrtps_c.h
[1.552s] -- Up-to-date: /home/rosuser/yahboom_ws/install/yahboomcar_msgs/include/yahboomcar_msgs/yahboomcar_msgs/msg/detail/target__rosidl_typesupport_fastrtps_c.h
[1.552s] -- Up-to-date: /home/rosuser/yahboom_ws/install/yahboomcar_msgs/include/yahboomcar_msgs/yahboomcar_msgs/msg/detail/target_array__rosidl_typesupport_fastrtps_c.h
[1.553s] -- Up-to-date: /home/rosuser/yahboom_ws/install/yahboomcar_msgs/include/yahboomcar_msgs/yahboomcar_msgs/msg/detail/position__rosidl_typesupport_fastrtps_c.h
[1.553s] -- Up-to-date: /home/rosuser/yahboom_ws/install/yahboomcar_msgs/include/yahboomcar_msgs/yahboomcar_msgs/msg/detail/image_msg__rosidl_typesupport_fastrtps_c.h
[1.554s] -- Up-to-date: /home/rosuser/yahboom_ws/install/yahboomcar_msgs/lib/libyahboomcar_msgs__rosidl_typesupport_fastrtps_c.so
[1.555s] -- Up-to-date: /home/rosuser/yahboom_ws/install/yahboomcar_msgs/include/yahboomcar_msgs/yahboomcar_msgs
[1.555s] -- Up-to-date: /home/rosuser/yahboom_ws/install/yahboomcar_msgs/include/yahboomcar_msgs/yahboomcar_msgs/msg
[1.555s] -- Up-to-date: /home/rosuser/yahboom_ws/install/yahboomcar_msgs/include/yahboomcar_msgs/yahboomcar_msgs/msg/detail
[1.555s] -- Up-to-date: /home/rosuser/yahboom_ws/install/yahboomcar_msgs/include/yahboomcar_msgs/yahboomcar_msgs/msg/detail/position__rosidl_typesupport_introspection_c.h
[1.556s] -- Up-to-date: /home/rosuser/yahboom_ws/install/yahboomcar_msgs/include/yahboomcar_msgs/yahboomcar_msgs/msg/detail/position__type_support.c
[1.556s] -- Up-to-date: /home/rosuser/yahboom_ws/install/yahboomcar_msgs/include/yahboomcar_msgs/yahboomcar_msgs/msg/detail/target_array__rosidl_typesupport_introspection_c.h
[1.556s] -- Up-to-date: /home/rosuser/yahboom_ws/install/yahboomcar_msgs/include/yahboomcar_msgs/yahboomcar_msgs/msg/detail/target__type_support.c
[1.556s] -- Up-to-date: /home/rosuser/yahboom_ws/install/yahboomcar_msgs/include/yahboomcar_msgs/yahboomcar_msgs/msg/detail/image_msg__rosidl_typesupport_introspection_c.h
[1.556s] -- Up-to-date: /home/rosuser/yahboom_ws/install/yahboomcar_msgs/include/yahboomcar_msgs/yahboomcar_msgs/msg/detail/point_array__rosidl_typesupport_introspection_c.h
[1.556s] -- Up-to-date: /home/rosuser/yahboom_ws/install/yahboomcar_msgs/include/yahboomcar_msgs/yahboomcar_msgs/msg/detail/target__rosidl_typesupport_introspection_c.h
[1.556s] -- Up-to-date: /home/rosuser/yahboom_ws/install/yahboomcar_msgs/include/yahboomcar_msgs/yahboomcar_msgs/msg/detail/point_array__type_support.c
[1.556s] -- Up-to-date: /home/rosuser/yahboom_ws/install/yahboomcar_msgs/include/yahboomcar_msgs/yahboomcar_msgs/msg/detail/image_msg__type_support.c
[1.563s] -- Up-to-date: /home/rosuser/yahboom_ws/install/yahboomcar_msgs/include/yahboomcar_msgs/yahboomcar_msgs/msg/detail/target_array__type_support.c
[1.564s] -- Up-to-date: /home/rosuser/yahboom_ws/install/yahboomcar_msgs/include/yahboomcar_msgs/yahboomcar_msgs/msg/rosidl_typesupport_introspection_c__visibility_control.h
[1.564s] -- Up-to-date: /home/rosuser/yahboom_ws/install/yahboomcar_msgs/lib/libyahboomcar_msgs__rosidl_typesupport_introspection_c.so
[1.564s] -- Up-to-date: /home/rosuser/yahboom_ws/install/yahboomcar_msgs/lib/libyahboomcar_msgs__rosidl_typesupport_c.so
[1.564s] -- Up-to-date: /home/rosuser/yahboom_ws/install/yahboomcar_msgs/include/yahboomcar_msgs/yahboomcar_msgs
[1.564s] -- Up-to-date: /home/rosuser/yahboom_ws/install/yahboomcar_msgs/include/yahboomcar_msgs/yahboomcar_msgs/msg
[1.564s] -- Up-to-date: /home/rosuser/yahboom_ws/install/yahboomcar_msgs/include/yahboomcar_msgs/yahboomcar_msgs/msg/image_msg.hpp
[1.564s] -- Up-to-date: /home/rosuser/yahboom_ws/install/yahboomcar_msgs/include/yahboomcar_msgs/yahboomcar_msgs/msg/target.hpp
[1.564s] -- Up-to-date: /home/rosuser/yahboom_ws/install/yahboomcar_msgs/include/yahboomcar_msgs/yahboomcar_msgs/msg/position.hpp
[1.564s] -- Up-to-date: /home/rosuser/yahboom_ws/install/yahboomcar_msgs/include/yahboomcar_msgs/yahboomcar_msgs/msg/detail
[1.564s] -- Up-to-date: /home/rosuser/yahboom_ws/install/yahboomcar_msgs/include/yahboomcar_msgs/yahboomcar_msgs/msg/detail/point_array__traits.hpp
[1.565s] -- Up-to-date: /home/rosuser/yahboom_ws/install/yahboomcar_msgs/include/yahboomcar_msgs/yahboomcar_msgs/msg/detail/position__builder.hpp
[1.565s] -- Up-to-date: /home/rosuser/yahboom_ws/install/yahboomcar_msgs/include/yahboomcar_msgs/yahboomcar_msgs/msg/detail/image_msg__struct.hpp
[1.565s] -- Up-to-date: /home/rosuser/yahboom_ws/install/yahboomcar_msgs/include/yahboomcar_msgs/yahboomcar_msgs/msg/detail/point_array__builder.hpp
[1.565s] -- Up-to-date: /home/rosuser/yahboom_ws/install/yahboomcar_msgs/include/yahboomcar_msgs/yahboomcar_msgs/msg/detail/position__struct.hpp
[1.565s] -- Up-to-date: /home/rosuser/yahboom_ws/install/yahboomcar_msgs/include/yahboomcar_msgs/yahboomcar_msgs/msg/detail/target_array__traits.hpp
[1.565s] -- Up-to-date: /home/rosuser/yahboom_ws/install/yahboomcar_msgs/include/yahboomcar_msgs/yahboomcar_msgs/msg/detail/target__struct.hpp
[1.565s] -- Up-to-date: /home/rosuser/yahboom_ws/install/yahboomcar_msgs/include/yahboomcar_msgs/yahboomcar_msgs/msg/detail/target_array__builder.hpp
[1.565s] -- Up-to-date: /home/rosuser/yahboom_ws/install/yahboomcar_msgs/include/yahboomcar_msgs/yahboomcar_msgs/msg/detail/target__builder.hpp
[1.565s] -- Up-to-date: /home/rosuser/yahboom_ws/install/yahboomcar_msgs/include/yahboomcar_msgs/yahboomcar_msgs/msg/detail/position__traits.hpp
[1.565s] -- Up-to-date: /home/rosuser/yahboom_ws/install/yahboomcar_msgs/include/yahboomcar_msgs/yahboomcar_msgs/msg/detail/image_msg__traits.hpp
[1.566s] -- Up-to-date: /home/rosuser/yahboom_ws/install/yahboomcar_msgs/include/yahboomcar_msgs/yahboomcar_msgs/msg/detail/target_array__struct.hpp
[1.566s] -- Up-to-date: /home/rosuser/yahboom_ws/install/yahboomcar_msgs/include/yahboomcar_msgs/yahboomcar_msgs/msg/detail/point_array__struct.hpp
[1.566s] -- Up-to-date: /home/rosuser/yahboom_ws/install/yahboomcar_msgs/include/yahboomcar_msgs/yahboomcar_msgs/msg/detail/target__traits.hpp
[1.566s] -- Up-to-date: /home/rosuser/yahboom_ws/install/yahboomcar_msgs/include/yahboomcar_msgs/yahboomcar_msgs/msg/detail/image_msg__builder.hpp
[1.566s] -- Up-to-date: /home/rosuser/yahboom_ws/install/yahboomcar_msgs/include/yahboomcar_msgs/yahboomcar_msgs/msg/target_array.hpp
[1.566s] -- Up-to-date: /home/rosuser/yahboom_ws/install/yahboomcar_msgs/include/yahboomcar_msgs/yahboomcar_msgs/msg/point_array.hpp
[1.566s] -- Up-to-date: /home/rosuser/yahboom_ws/install/yahboomcar_msgs/include/yahboomcar_msgs/yahboomcar_msgs
[1.566s] -- Up-to-date: /home/rosuser/yahboom_ws/install/yahboomcar_msgs/include/yahboomcar_msgs/yahboomcar_msgs/msg
[1.566s] -- Up-to-date: /home/rosuser/yahboom_ws/install/yahboomcar_msgs/include/yahboomcar_msgs/yahboomcar_msgs/msg/rosidl_typesupport_fastrtps_cpp__visibility_control.h
[1.566s] -- Up-to-date: /home/rosuser/yahboom_ws/install/yahboomcar_msgs/include/yahboomcar_msgs/yahboomcar_msgs/msg/detail
[1.567s] -- Up-to-date: /home/rosuser/yahboom_ws/install/yahboomcar_msgs/include/yahboomcar_msgs/yahboomcar_msgs/msg/detail/target_array__rosidl_typesupport_fastrtps_cpp.hpp
[1.567s] -- Up-to-date: /home/rosuser/yahboom_ws/install/yahboomcar_msgs/include/yahboomcar_msgs/yahboomcar_msgs/msg/detail/image_msg__rosidl_typesupport_fastrtps_cpp.hpp
[1.567s] -- Up-to-date: /home/rosuser/yahboom_ws/install/yahboomcar_msgs/include/yahboomcar_msgs/yahboomcar_msgs/msg/detail/dds_fastrtps
[1.567s] -- Up-to-date: /home/rosuser/yahboom_ws/install/yahboomcar_msgs/include/yahboomcar_msgs/yahboomcar_msgs/msg/detail/point_array__rosidl_typesupport_fastrtps_cpp.hpp
[1.567s] -- Up-to-date: /home/rosuser/yahboom_ws/install/yahboomcar_msgs/include/yahboomcar_msgs/yahboomcar_msgs/msg/detail/target__rosidl_typesupport_fastrtps_cpp.hpp
[1.567s] -- Up-to-date: /home/rosuser/yahboom_ws/install/yahboomcar_msgs/include/yahboomcar_msgs/yahboomcar_msgs/msg/detail/position__rosidl_typesupport_fastrtps_cpp.hpp
[1.567s] -- Up-to-date: /home/rosuser/yahboom_ws/install/yahboomcar_msgs/lib/libyahboomcar_msgs__rosidl_typesupport_fastrtps_cpp.so
[1.567s] -- Up-to-date: /home/rosuser/yahboom_ws/install/yahboomcar_msgs/include/yahboomcar_msgs/yahboomcar_msgs
[1.567s] -- Up-to-date: /home/rosuser/yahboom_ws/install/yahboomcar_msgs/include/yahboomcar_msgs/yahboomcar_msgs/msg
[1.567s] -- Up-to-date: /home/rosuser/yahboom_ws/install/yahboomcar_msgs/include/yahboomcar_msgs/yahboomcar_msgs/msg/detail
[1.568s] -- Up-to-date: /home/rosuser/yahboom_ws/install/yahboomcar_msgs/include/yahboomcar_msgs/yahboomcar_msgs/msg/detail/target__type_support.cpp
[1.568s] -- Up-to-date: /home/rosuser/yahboom_ws/install/yahboomcar_msgs/include/yahboomcar_msgs/yahboomcar_msgs/msg/detail/target__rosidl_typesupport_introspection_cpp.hpp
[1.568s] -- Up-to-date: /home/rosuser/yahboom_ws/install/yahboomcar_msgs/include/yahboomcar_msgs/yahboomcar_msgs/msg/detail/image_msg__type_support.cpp
[1.568s] -- Up-to-date: /home/rosuser/yahboom_ws/install/yahboomcar_msgs/include/yahboomcar_msgs/yahboomcar_msgs/msg/detail/image_msg__rosidl_typesupport_introspection_cpp.hpp
[1.568s] -- Up-to-date: /home/rosuser/yahboom_ws/install/yahboomcar_msgs/include/yahboomcar_msgs/yahboomcar_msgs/msg/detail/point_array__rosidl_typesupport_introspection_cpp.hpp
[1.568s] -- Up-to-date: /home/rosuser/yahboom_ws/install/yahboomcar_msgs/include/yahboomcar_msgs/yahboomcar_msgs/msg/detail/point_array__type_support.cpp
[1.568s] -- Up-to-date: /home/rosuser/yahboom_ws/install/yahboomcar_msgs/include/yahboomcar_msgs/yahboomcar_msgs/msg/detail/target_array__rosidl_typesupport_introspection_cpp.hpp
[1.568s] -- Up-to-date: /home/rosuser/yahboom_ws/install/yahboomcar_msgs/include/yahboomcar_msgs/yahboomcar_msgs/msg/detail/position__type_support.cpp
[1.568s] -- Up-to-date: /home/rosuser/yahboom_ws/install/yahboomcar_msgs/include/yahboomcar_msgs/yahboomcar_msgs/msg/detail/target_array__type_support.cpp
[1.568s] -- Up-to-date: /home/rosuser/yahboom_ws/install/yahboomcar_msgs/include/yahboomcar_msgs/yahboomcar_msgs/msg/detail/position__rosidl_typesupport_introspection_cpp.hpp
[1.569s] -- Up-to-date: /home/rosuser/yahboom_ws/install/yahboomcar_msgs/lib/libyahboomcar_msgs__rosidl_typesupport_introspection_cpp.so
[1.569s] -- Up-to-date: /home/rosuser/yahboom_ws/install/yahboomcar_msgs/lib/libyahboomcar_msgs__rosidl_typesupport_cpp.so
[1.569s] -- Up-to-date: /home/rosuser/yahboom_ws/install/yahboomcar_msgs/share/yahboomcar_msgs/environment/pythonpath.sh
[1.569s] -- Up-to-date: /home/rosuser/yahboom_ws/install/yahboomcar_msgs/share/yahboomcar_msgs/environment/pythonpath.dsv
[1.569s] -- Up-to-date: /home/rosuser/yahboom_ws/install/yahboomcar_msgs/local/lib/python3.10/dist-packages/yahboomcar_msgs-0.0.0-py3.10.egg-info
[1.569s] -- Installing: /home/rosuser/yahboom_ws/install/yahboomcar_msgs/local/lib/python3.10/dist-packages/yahboomcar_msgs-0.0.0-py3.10.egg-info/PKG-INFO
[1.569s] -- Installing: /home/rosuser/yahboom_ws/install/yahboomcar_msgs/local/lib/python3.10/dist-packages/yahboomcar_msgs-0.0.0-py3.10.egg-info/top_level.txt
[1.569s] -- Installing: /home/rosuser/yahboom_ws/install/yahboomcar_msgs/local/lib/python3.10/dist-packages/yahboomcar_msgs-0.0.0-py3.10.egg-info/dependency_links.txt
[1.569s] -- Installing: /home/rosuser/yahboom_ws/install/yahboomcar_msgs/local/lib/python3.10/dist-packages/yahboomcar_msgs-0.0.0-py3.10.egg-info/SOURCES.txt
[1.569s] -- Up-to-date: /home/rosuser/yahboom_ws/install/yahboomcar_msgs/local/lib/python3.10/dist-packages/yahboomcar_msgs
[1.569s] -- Up-to-date: /home/rosuser/yahboom_ws/install/yahboomcar_msgs/local/lib/python3.10/dist-packages/yahboomcar_msgs/yahboomcar_msgs_s__rosidl_typesupport_fastrtps_c.cpython-310-x86_64-linux-gnu.so
[1.570s] -- Up-to-date: /home/rosuser/yahboom_ws/install/yahboomcar_msgs/local/lib/python3.10/dist-packages/yahboomcar_msgs/__init__.py
[1.570s] -- Up-to-date: /home/rosuser/yahboom_ws/install/yahboomcar_msgs/local/lib/python3.10/dist-packages/yahboomcar_msgs/_yahboomcar_msgs_s.ep.rosidl_typesupport_c.c
[1.570s] -- Up-to-date: /home/rosuser/yahboom_ws/install/yahboomcar_msgs/local/lib/python3.10/dist-packages/yahboomcar_msgs/libyahboomcar_msgs__rosidl_generator_py.so
[1.570s] -- Up-to-date: /home/rosuser/yahboom_ws/install/yahboomcar_msgs/local/lib/python3.10/dist-packages/yahboomcar_msgs/yahboomcar_msgs_s__rosidl_typesupport_introspection_c.cpython-310-x86_64-linux-gnu.so
[1.570s] -- Up-to-date: /home/rosuser/yahboom_ws/install/yahboomcar_msgs/local/lib/python3.10/dist-packages/yahboomcar_msgs/_yahboomcar_msgs_s.ep.rosidl_typesupport_introspection_c.c
[1.570s] -- Up-to-date: /home/rosuser/yahboom_ws/install/yahboomcar_msgs/local/lib/python3.10/dist-packages/yahboomcar_msgs/msg
[1.570s] -- Up-to-date: /home/rosuser/yahboom_ws/install/yahboomcar_msgs/local/lib/python3.10/dist-packages/yahboomcar_msgs/msg/__init__.py
[1.570s] -- Up-to-date: /home/rosuser/yahboom_ws/install/yahboomcar_msgs/local/lib/python3.10/dist-packages/yahboomcar_msgs/msg/_point_array_s.c
[1.570s] -- Up-to-date: /home/rosuser/yahboom_ws/install/yahboomcar_msgs/local/lib/python3.10/dist-packages/yahboomcar_msgs/msg/_position_s.c
[1.570s] -- Up-to-date: /home/rosuser/yahboom_ws/install/yahboomcar_msgs/local/lib/python3.10/dist-packages/yahboomcar_msgs/msg/_target_array.py
[1.571s] -- Up-to-date: /home/rosuser/yahboom_ws/install/yahboomcar_msgs/local/lib/python3.10/dist-packages/yahboomcar_msgs/msg/_image_msg_s.c
[1.571s] -- Up-to-date: /home/rosuser/yahboom_ws/install/yahboomcar_msgs/local/lib/python3.10/dist-packages/yahboomcar_msgs/msg/_image_msg.py
[1.571s] -- Up-to-date: /home/rosuser/yahboom_ws/install/yahboomcar_msgs/local/lib/python3.10/dist-packages/yahboomcar_msgs/msg/_target_s.c
[1.571s] -- Up-to-date: /home/rosuser/yahboom_ws/install/yahboomcar_msgs/local/lib/python3.10/dist-packages/yahboomcar_msgs/msg/_point_array.py
[1.571s] -- Up-to-date: /home/rosuser/yahboom_ws/install/yahboomcar_msgs/local/lib/python3.10/dist-packages/yahboomcar_msgs/msg/_target.py
[1.571s] -- Up-to-date: /home/rosuser/yahboom_ws/install/yahboomcar_msgs/local/lib/python3.10/dist-packages/yahboomcar_msgs/msg/_target_array_s.c
[1.571s] -- Up-to-date: /home/rosuser/yahboom_ws/install/yahboomcar_msgs/local/lib/python3.10/dist-packages/yahboomcar_msgs/msg/_position.py
[1.571s] -- Up-to-date: /home/rosuser/yahboom_ws/install/yahboomcar_msgs/local/lib/python3.10/dist-packages/yahboomcar_msgs/_yahboomcar_msgs_s.ep.rosidl_typesupport_fastrtps_c.c
[1.571s] -- Up-to-date: /home/rosuser/yahboom_ws/install/yahboomcar_msgs/local/lib/python3.10/dist-packages/yahboomcar_msgs/yahboomcar_msgs_s__rosidl_typesupport_c.cpython-310-x86_64-linux-gnu.so
[1.611s] Listing '/home/rosuser/yahboom_ws/install/yahboomcar_msgs/local/lib/python3.10/dist-packages/yahboomcar_msgs'...
[1.611s] Listing '/home/rosuser/yahboom_ws/install/yahboomcar_msgs/local/lib/python3.10/dist-packages/yahboomcar_msgs/msg'...
[1.621s] -- Up-to-date: /home/rosuser/yahboom_ws/install/yahboomcar_msgs/local/lib/python3.10/dist-packages/yahboomcar_msgs/yahboomcar_msgs_s__rosidl_typesupport_fastrtps_c.cpython-310-x86_64-linux-gnu.so
[1.621s] -- Up-to-date: /home/rosuser/yahboom_ws/install/yahboomcar_msgs/local/lib/python3.10/dist-packages/yahboomcar_msgs/yahboomcar_msgs_s__rosidl_typesupport_introspection_c.cpython-310-x86_64-linux-gnu.so
[1.621s] -- Up-to-date: /home/rosuser/yahboom_ws/install/yahboomcar_msgs/local/lib/python3.10/dist-packages/yahboomcar_msgs/yahboomcar_msgs_s__rosidl_typesupport_c.cpython-310-x86_64-linux-gnu.so
[1.621s] -- Up-to-date: /home/rosuser/yahboom_ws/install/yahboomcar_msgs/lib/libyahboomcar_msgs__rosidl_generator_py.so
[1.621s] -- Up-to-date: /home/rosuser/yahboom_ws/install/yahboomcar_msgs/share/yahboomcar_msgs/msg/ImageMsg.idl
[1.622s] -- Up-to-date: /home/rosuser/yahboom_ws/install/yahboomcar_msgs/share/yahboomcar_msgs/msg/PointArray.idl
[1.622s] -- Up-to-date: /home/rosuser/yahboom_ws/install/yahboomcar_msgs/share/yahboomcar_msgs/msg/Position.idl
[1.622s] -- Up-to-date: /home/rosuser/yahboom_ws/install/yahboomcar_msgs/share/yahboomcar_msgs/msg/Target.idl
[1.623s] -- Up-to-date: /home/rosuser/yahboom_ws/install/yahboomcar_msgs/share/yahboomcar_msgs/msg/TargetArray.idl
[1.623s] -- Up-to-date: /home/rosuser/yahboom_ws/install/yahboomcar_msgs/share/yahboomcar_msgs/msg/ImageMsg.msg
[1.623s] -- Up-to-date: /home/rosuser/yahboom_ws/install/yahboomcar_msgs/share/yahboomcar_msgs/msg/PointArray.msg
[1.623s] -- Up-to-date: /home/rosuser/yahboom_ws/install/yahboomcar_msgs/share/yahboomcar_msgs/msg/Position.msg
[1.624s] -- Up-to-date: /home/rosuser/yahboom_ws/install/yahboomcar_msgs/share/yahboomcar_msgs/msg/Target.msg
[1.624s] -- Up-to-date: /home/rosuser/yahboom_ws/install/yahboomcar_msgs/share/yahboomcar_msgs/msg/TargetArray.msg
[1.624s] -- Up-to-date: /home/rosuser/yahboom_ws/install/yahboomcar_msgs/share/ament_index/resource_index/package_run_dependencies/yahboomcar_msgs
[1.624s] -- Up-to-date: /home/rosuser/yahboom_ws/install/yahboomcar_msgs/share/ament_index/resource_index/parent_prefix_path/yahboomcar_msgs
[1.624s] -- Up-to-date: /home/rosuser/yahboom_ws/install/yahboomcar_msgs/share/yahboomcar_msgs/environment/ament_prefix_path.sh
[1.624s] -- Up-to-date: /home/rosuser/yahboom_ws/install/yahboomcar_msgs/share/yahboomcar_msgs/environment/ament_prefix_path.dsv
[1.625s] -- Up-to-date: /home/rosuser/yahboom_ws/install/yahboomcar_msgs/share/yahboomcar_msgs/environment/path.sh
[1.625s] -- Up-to-date: /home/rosuser/yahboom_ws/install/yahboomcar_msgs/share/yahboomcar_msgs/environment/path.dsv
[1.625s] -- Up-to-date: /home/rosuser/yahboom_ws/install/yahboomcar_msgs/share/yahboomcar_msgs/local_setup.bash
[1.625s] -- Up-to-date: /home/rosuser/yahboom_ws/install/yahboomcar_msgs/share/yahboomcar_msgs/local_setup.sh
[1.625s] -- Up-to-date: /home/rosuser/yahboom_ws/install/yahboomcar_msgs/share/yahboomcar_msgs/local_setup.zsh
[1.625s] -- Up-to-date: /home/rosuser/yahboom_ws/install/yahboomcar_msgs/share/yahboomcar_msgs/local_setup.dsv
[1.625s] -- Installing: /home/rosuser/yahboom_ws/install/yahboomcar_msgs/share/yahboomcar_msgs/package.dsv
[1.625s] -- Up-to-date: /home/rosuser/yahboom_ws/install/yahboomcar_msgs/share/ament_index/resource_index/packages/yahboomcar_msgs
[1.625s] -- Up-to-date: /home/rosuser/yahboom_ws/install/yahboomcar_msgs/share/yahboomcar_msgs/cmake/export_yahboomcar_msgs__rosidl_generator_cExport.cmake
[1.626s] -- Up-to-date: /home/rosuser/yahboom_ws/install/yahboomcar_msgs/share/yahboomcar_msgs/cmake/export_yahboomcar_msgs__rosidl_generator_cExport-noconfig.cmake
[1.626s] -- Up-to-date: /home/rosuser/yahboom_ws/install/yahboomcar_msgs/share/yahboomcar_msgs/cmake/export_yahboomcar_msgs__rosidl_typesupport_fastrtps_cExport.cmake
[1.626s] -- Up-to-date: /home/rosuser/yahboom_ws/install/yahboomcar_msgs/share/yahboomcar_msgs/cmake/export_yahboomcar_msgs__rosidl_typesupport_fastrtps_cExport-noconfig.cmake
[1.627s] -- Up-to-date: /home/rosuser/yahboom_ws/install/yahboomcar_msgs/share/yahboomcar_msgs/cmake/yahboomcar_msgs__rosidl_typesupport_introspection_cExport.cmake
[1.627s] -- Up-to-date: /home/rosuser/yahboom_ws/install/yahboomcar_msgs/share/yahboomcar_msgs/cmake/yahboomcar_msgs__rosidl_typesupport_introspection_cExport-noconfig.cmake
[1.628s] -- Up-to-date: /home/rosuser/yahboom_ws/install/yahboomcar_msgs/share/yahboomcar_msgs/cmake/yahboomcar_msgs__rosidl_typesupport_cExport.cmake
[1.629s] -- Up-to-date: /home/rosuser/yahboom_ws/install/yahboomcar_msgs/share/yahboomcar_msgs/cmake/yahboomcar_msgs__rosidl_typesupport_cExport-noconfig.cmake
[1.629s] -- Up-to-date: /home/rosuser/yahboom_ws/install/yahboomcar_msgs/share/yahboomcar_msgs/cmake/export_yahboomcar_msgs__rosidl_generator_cppExport.cmake
[1.631s] -- Up-to-date: /home/rosuser/yahboom_ws/install/yahboomcar_msgs/share/yahboomcar_msgs/cmake/export_yahboomcar_msgs__rosidl_typesupport_fastrtps_cppExport.cmake
[1.631s] -- Up-to-date: /home/rosuser/yahboom_ws/install/yahboomcar_msgs/share/yahboomcar_msgs/cmake/export_yahboomcar_msgs__rosidl_typesupport_fastrtps_cppExport-noconfig.cmake
[1.633s] -- Up-to-date: /home/rosuser/yahboom_ws/install/yahboomcar_msgs/share/yahboomcar_msgs/cmake/yahboomcar_msgs__rosidl_typesupport_introspection_cppExport.cmake
[1.633s] -- Up-to-date: /home/rosuser/yahboom_ws/install/yahboomcar_msgs/share/yahboomcar_msgs/cmake/yahboomcar_msgs__rosidl_typesupport_introspection_cppExport-noconfig.cmake
[1.634s] -- Up-to-date: /home/rosuser/yahboom_ws/install/yahboomcar_msgs/share/yahboomcar_msgs/cmake/yahboomcar_msgs__rosidl_typesupport_cppExport.cmake
[1.635s] -- Up-to-date: /home/rosuser/yahboom_ws/install/yahboomcar_msgs/share/yahboomcar_msgs/cmake/yahboomcar_msgs__rosidl_typesupport_cppExport-noconfig.cmake
[1.636s] -- Up-to-date: /home/rosuser/yahboom_ws/install/yahboomcar_msgs/share/yahboomcar_msgs/cmake/export_yahboomcar_msgs__rosidl_generator_pyExport.cmake
[1.636s] -- Up-to-date: /home/rosuser/yahboom_ws/install/yahboomcar_msgs/share/yahboomcar_msgs/cmake/export_yahboomcar_msgs__rosidl_generator_pyExport-noconfig.cmake
[1.637s] -- Up-to-date: /home/rosuser/yahboom_ws/install/yahboomcar_msgs/share/yahboomcar_msgs/cmake/rosidl_cmake-extras.cmake
[1.637s] -- Up-to-date: /home/rosuser/yahboom_ws/install/yahboomcar_msgs/share/yahboomcar_msgs/cmake/ament_cmake_export_dependencies-extras.cmake
[1.637s] -- Up-to-date: /home/rosuser/yahboom_ws/install/yahboomcar_msgs/share/yahboomcar_msgs/cmake/ament_cmake_export_include_directories-extras.cmake
[1.638s] -- Up-to-date: /home/rosuser/yahboom_ws/install/yahboomcar_msgs/share/yahboomcar_msgs/cmake/ament_cmake_export_libraries-extras.cmake
[1.638s] -- Up-to-date: /home/rosuser/yahboom_ws/install/yahboomcar_msgs/share/yahboomcar_msgs/cmake/ament_cmake_export_targets-extras.cmake
[1.638s] -- Up-to-date: /home/rosuser/yahboom_ws/install/yahboomcar_msgs/share/yahboomcar_msgs/cmake/rosidl_cmake_export_typesupport_targets-extras.cmake
[1.638s] -- Up-to-date: /home/rosuser/yahboom_ws/install/yahboomcar_msgs/share/yahboomcar_msgs/cmake/rosidl_cmake_export_typesupport_libraries-extras.cmake
[1.639s] -- Up-to-date: /home/rosuser/yahboom_ws/install/yahboomcar_msgs/share/yahboomcar_msgs/cmake/yahboomcar_msgsConfig.cmake
[1.639s] -- Up-to-date: /home/rosuser/yahboom_ws/install/yahboomcar_msgs/share/yahboomcar_msgs/cmake/yahboomcar_msgsConfig-version.cmake
[1.639s] -- Up-to-date: /home/rosuser/yahboom_ws/install/yahboomcar_msgs/share/yahboomcar_msgs/package.xml
[1.646s] Invoked command in '/home/rosuser/yahboom_ws/build/yahboomcar_msgs' returned '0': CMAKE_PREFIX_PATH=${CMAKE_PREFIX_PATH}:/home/rosuser/yahboom_ws/install/yahboomcar_description:/home/rosuser/yahboom_ws/install/yahboom_app_save_map:/home/rosuser/yahboom_ws/install/robot_pose_publisher:/home/rosuser/yahboom_ws/install/laserscan_to_point_pulisher:/home/rosuser/ROS2Dev/turtlebot3_ws/install/turtlebot3_teleop:/home/rosuser/ROS2Dev/turtlebot3_ws/install/turtlebot3_example:/opt/ros/humble /usr/bin/cmake --install /home/rosuser/yahboom_ws/build/yahboomcar_msgs
