[1.388s] Invoking command in '/home/rosuser/yahboom_ws/src/yahboomcar_description': PYTHONPATH=/home/rosuser/yahboom_ws/build/yahboomcar_description/prefix_override:/home/rosuser/yahboom_ws/install/yahboomcar_description/lib/python3.10/site-packages:${PYTHONPATH} /usr/bin/python3 setup.py egg_info --egg-base ../../build/yahboomcar_description build --build-base /home/rosuser/yahboom_ws/build/yahboomcar_description/build install --record /home/rosuser/yahboom_ws/build/yahboomcar_description/install.log --install-scripts $base/lib/yahboomcar_description --single-version-externally-managed
[1.719s] /home/rosuser/.local/lib/python3.10/site-packages/setuptools/dist.py:717: UserWarning: Usage of dash-separated 'script-dir' will not be supported in future versions. Please use the underscore name 'script_dir' instead
[1.720s]   warnings.warn(
[1.754s] running egg_info
[1.755s] writing ../../build/yahboomcar_description/yahboomcar_description.egg-info/PKG-INFO
[1.757s] writing dependency_links to ../../build/yahboomcar_description/yahboomcar_description.egg-info/dependency_links.txt
[1.757s] writing entry points to ../../build/yahboomcar_description/yahboomcar_description.egg-info/entry_points.txt
[1.757s] writing requirements to ../../build/yahboomcar_description/yahboomcar_description.egg-info/requires.txt
[1.758s] writing top-level names to ../../build/yahboomcar_description/yahboomcar_description.egg-info/top_level.txt
[1.761s] reading manifest file '../../build/yahboomcar_description/yahboomcar_description.egg-info/SOURCES.txt'
[1.762s] writing manifest file '../../build/yahboomcar_description/yahboomcar_description.egg-info/SOURCES.txt'
[1.763s] running build
[1.763s] running build_py
[1.763s] running install
[1.764s] running install_lib
[1.766s] running install_data
[1.767s] running install_egg_info
[1.768s] removing '/home/rosuser/yahboom_ws/install/yahboomcar_description/lib/python3.10/site-packages/yahboomcar_description-0.0.0-py3.10.egg-info' (and everything under it)
[1.769s] Copying ../../build/yahboomcar_description/yahboomcar_description.egg-info to /home/rosuser/yahboom_ws/install/yahboomcar_description/lib/python3.10/site-packages/yahboomcar_description-0.0.0-py3.10.egg-info
[1.770s] running install_scripts
[1.791s] writing list of installed files to '/home/rosuser/yahboom_ws/build/yahboomcar_description/install.log'
[1.871s] Invoked command in '/home/rosuser/yahboom_ws/src/yahboomcar_description' returned '0': PYTHONPATH=/home/rosuser/yahboom_ws/build/yahboomcar_description/prefix_override:/home/rosuser/yahboom_ws/install/yahboomcar_description/lib/python3.10/site-packages:${PYTHONPATH} /usr/bin/python3 setup.py egg_info --egg-base ../../build/yahboomcar_description build --build-base /home/rosuser/yahboom_ws/build/yahboomcar_description/build install --record /home/rosuser/yahboom_ws/build/yahboomcar_description/install.log --install-scripts $base/lib/yahboomcar_description --single-version-externally-managed
