[0.493s] Invoking command in '/home/rosuser/yahboom_ws/build/yahboomcar_msgs': CMAKE_PREFIX_PATH=${CMAKE_PREFIX_PATH}:/home/rosuser/yahboom_ws/install/yahboomcar_description:/home/rosuser/yahboom_ws/install/yahboom_app_save_map:/home/rosuser/yahboom_ws/install/robot_pose_publisher:/home/rosuser/yahboom_ws/install/laserscan_to_point_pulisher:/home/rosuser/ROS2Dev/turtlebot3_ws/install/turtlebot3_teleop:/home/rosuser/ROS2Dev/turtlebot3_ws/install/turtlebot3_example:/opt/ros/humble /usr/bin/cmake --build /home/rosuser/yahboom_ws/build/yahboomcar_msgs -- -j2 -l2
[0.553s] [  1%] Built target yahboomcar_msgs__cpp
[0.583s] [ 12%] Built target yahboomcar_msgs__rosidl_generator_c
[0.628s] [ 12%] Built target ament_cmake_python_copy_yahboomcar_msgs
[0.640s] [ 23%] Built target yahboomcar_msgs__rosidl_typesupport_cpp
[0.672s] [ 34%] Built target yahboomcar_msgs__rosidl_typesupport_fastrtps_c
[0.682s] [ 46%] Built target yahboomcar_msgs__rosidl_typesupport_introspection_c
[0.713s] [ 57%] Built target yahboomcar_msgs__rosidl_typesupport_fastrtps_cpp
[0.729s] [ 68%] Built target yahboomcar_msgs__rosidl_typesupport_c
[0.749s] [ 79%] Built target yahboomcar_msgs__rosidl_typesupport_introspection_cpp
[0.802s] [ 79%] Built target yahboomcar_msgs
[0.888s] [ 80%] Built target yahboomcar_msgs__py
[0.978s] [ 90%] Built target yahboomcar_msgs__rosidl_generator_py
[1.001s] [ 93%] Built target yahboomcar_msgs__rosidl_typesupport_fastrtps_c__pyext
[1.026s] [ 96%] Built target yahboomcar_msgs__rosidl_typesupport_introspection_c__pyext
[1.055s] [100%] Built target yahboomcar_msgs__rosidl_typesupport_c__pyext
[1.084s] running egg_info
[1.085s] writing yahboomcar_msgs.egg-info/PKG-INFO
[1.085s] writing dependency_links to yahboomcar_msgs.egg-info/dependency_links.txt
[1.086s] writing top-level names to yahboomcar_msgs.egg-info/top_level.txt
[1.088s] reading manifest file 'yahboomcar_msgs.egg-info/SOURCES.txt'
[1.089s] writing manifest file 'yahboomcar_msgs.egg-info/SOURCES.txt'
[1.113s] [100%] Built target ament_cmake_python_build_yahboomcar_msgs_egg
[1.136s] Invoked command in '/home/rosuser/yahboom_ws/build/yahboomcar_msgs' returned '0': CMAKE_PREFIX_PATH=${CMAKE_PREFIX_PATH}:/home/rosuser/yahboom_ws/install/yahboomcar_description:/home/rosuser/yahboom_ws/install/yahboom_app_save_map:/home/rosuser/yahboom_ws/install/robot_pose_publisher:/home/rosuser/yahboom_ws/install/laserscan_to_point_pulisher:/home/rosuser/ROS2Dev/turtlebot3_ws/install/turtlebot3_teleop:/home/rosuser/ROS2Dev/turtlebot3_ws/install/turtlebot3_example:/opt/ros/humble /usr/bin/cmake --build /home/rosuser/yahboom_ws/build/yahboomcar_msgs -- -j2 -l2
[1.336s] Invoking command in '/home/rosuser/yahboom_ws/build/yahboomcar_msgs': CMAKE_PREFIX_PATH=${CMAKE_PREFIX_PATH}:/home/rosuser/yahboom_ws/install/yahboomcar_description:/home/rosuser/yahboom_ws/install/yahboom_app_save_map:/home/rosuser/yahboom_ws/install/robot_pose_publisher:/home/rosuser/yahboom_ws/install/laserscan_to_point_pulisher:/home/rosuser/ROS2Dev/turtlebot3_ws/install/turtlebot3_teleop:/home/rosuser/ROS2Dev/turtlebot3_ws/install/turtlebot3_example:/opt/ros/humble /usr/bin/cmake --install /home/rosuser/yahboom_ws/build/yahboomcar_msgs
[1.344s] -- Install configuration: ""
[1.344s] -- Up-to-date: /home/rosuser/yahboom_ws/install/yahboomcar_msgs/share/ament_index/resource_index/rosidl_interfaces/yahboomcar_msgs
[1.344s] -- Up-to-date: /home/rosuser/yahboom_ws/install/yahboomcar_msgs/include/yahboomcar_msgs/yahboomcar_msgs
[1.345s] -- Up-to-date: /home/rosuser/yahboom_ws/install/yahboomcar_msgs/include/yahboomcar_msgs/yahboomcar_msgs/msg
[1.345s] -- Up-to-date: /home/rosuser/yahboom_ws/install/yahboomcar_msgs/include/yahboomcar_msgs/yahboomcar_msgs/msg/point_array.h
[1.345s] -- Up-to-date: /home/rosuser/yahboom_ws/install/yahboomcar_msgs/include/yahboomcar_msgs/yahboomcar_msgs/msg/target.h
[1.345s] -- Up-to-date: /home/rosuser/yahboom_ws/install/yahboomcar_msgs/include/yahboomcar_msgs/yahboomcar_msgs/msg/position.h
[1.345s] -- Up-to-date: /home/rosuser/yahboom_ws/install/yahboomcar_msgs/include/yahboomcar_msgs/yahboomcar_msgs/msg/detail
[1.346s] -- Up-to-date: /home/rosuser/yahboom_ws/install/yahboomcar_msgs/include/yahboomcar_msgs/yahboomcar_msgs/msg/detail/target_array__functions.h
[1.346s] -- Up-to-date: /home/rosuser/yahboom_ws/install/yahboomcar_msgs/include/yahboomcar_msgs/yahboomcar_msgs/msg/detail/target_array__type_support.h
[1.346s] -- Up-to-date: /home/rosuser/yahboom_ws/install/yahboomcar_msgs/include/yahboomcar_msgs/yahboomcar_msgs/msg/detail/image_msg__functions.c
[1.346s] -- Up-to-date: /home/rosuser/yahboom_ws/install/yahboomcar_msgs/include/yahboomcar_msgs/yahboomcar_msgs/msg/detail/image_msg__type_support.h
[1.346s] -- Up-to-date: /home/rosuser/yahboom_ws/install/yahboomcar_msgs/include/yahboomcar_msgs/yahboomcar_msgs/msg/detail/point_array__functions.h
[1.347s] -- Up-to-date: /home/rosuser/yahboom_ws/install/yahboomcar_msgs/include/yahboomcar_msgs/yahboomcar_msgs/msg/detail/point_array__struct.h
[1.347s] -- Up-to-date: /home/rosuser/yahboom_ws/install/yahboomcar_msgs/include/yahboomcar_msgs/yahboomcar_msgs/msg/detail/position__functions.c
[1.347s] -- Up-to-date: /home/rosuser/yahboom_ws/install/yahboomcar_msgs/include/yahboomcar_msgs/yahboomcar_msgs/msg/detail/target__functions.h
[1.347s] -- Up-to-date: /home/rosuser/yahboom_ws/install/yahboomcar_msgs/include/yahboomcar_msgs/yahboomcar_msgs/msg/detail/image_msg__struct.h
[1.347s] -- Up-to-date: /home/rosuser/yahboom_ws/install/yahboomcar_msgs/include/yahboomcar_msgs/yahboomcar_msgs/msg/detail/position__functions.h
[1.347s] -- Up-to-date: /home/rosuser/yahboom_ws/install/yahboomcar_msgs/include/yahboomcar_msgs/yahboomcar_msgs/msg/detail/target_array__functions.c
[1.347s] -- Up-to-date: /home/rosuser/yahboom_ws/install/yahboomcar_msgs/include/yahboomcar_msgs/yahboomcar_msgs/msg/detail/target__functions.c
[1.348s] -- Up-to-date: /home/rosuser/yahboom_ws/install/yahboomcar_msgs/include/yahboomcar_msgs/yahboomcar_msgs/msg/detail/point_array__type_support.h
[1.348s] -- Up-to-date: /home/rosuser/yahboom_ws/install/yahboomcar_msgs/include/yahboomcar_msgs/yahboomcar_msgs/msg/detail/target__type_support.h
[1.348s] -- Up-to-date: /home/rosuser/yahboom_ws/install/yahboomcar_msgs/include/yahboomcar_msgs/yahboomcar_msgs/msg/detail/position__struct.h
[1.348s] -- Up-to-date: /home/rosuser/yahboom_ws/install/yahboomcar_msgs/include/yahboomcar_msgs/yahboomcar_msgs/msg/detail/image_msg__functions.h
[1.348s] -- Up-to-date: /home/rosuser/yahboom_ws/install/yahboomcar_msgs/include/yahboomcar_msgs/yahboomcar_msgs/msg/detail/target_array__struct.h
[1.349s] -- Up-to-date: /home/rosuser/yahboom_ws/install/yahboomcar_msgs/include/yahboomcar_msgs/yahboomcar_msgs/msg/detail/point_array__functions.c
[1.349s] -- Up-to-date: /home/rosuser/yahboom_ws/install/yahboomcar_msgs/include/yahboomcar_msgs/yahboomcar_msgs/msg/detail/position__type_support.h
[1.349s] -- Up-to-date: /home/rosuser/yahboom_ws/install/yahboomcar_msgs/include/yahboomcar_msgs/yahboomcar_msgs/msg/detail/target__struct.h
[1.349s] -- Up-to-date: /home/rosuser/yahboom_ws/install/yahboomcar_msgs/include/yahboomcar_msgs/yahboomcar_msgs/msg/target_array.h
[1.349s] -- Up-to-date: /home/rosuser/yahboom_ws/install/yahboomcar_msgs/include/yahboomcar_msgs/yahboomcar_msgs/msg/rosidl_generator_c__visibility_control.h
[1.349s] -- Up-to-date: /home/rosuser/yahboom_ws/install/yahboomcar_msgs/include/yahboomcar_msgs/yahboomcar_msgs/msg/image_msg.h
[1.349s] -- Up-to-date: /home/rosuser/yahboom_ws/install/yahboomcar_msgs/share/yahboomcar_msgs/environment/library_path.sh
[1.349s] -- Up-to-date: /home/rosuser/yahboom_ws/install/yahboomcar_msgs/share/yahboomcar_msgs/environment/library_path.dsv
[1.350s] -- Up-to-date: /home/rosuser/yahboom_ws/install/yahboomcar_msgs/lib/libyahboomcar_msgs__rosidl_generator_c.so
[1.350s] -- Up-to-date: /home/rosuser/yahboom_ws/install/yahboomcar_msgs/include/yahboomcar_msgs/yahboomcar_msgs
[1.350s] -- Up-to-date: /home/rosuser/yahboom_ws/install/yahboomcar_msgs/include/yahboomcar_msgs/yahboomcar_msgs/msg
[1.350s] -- Up-to-date: /home/rosuser/yahboom_ws/install/yahboomcar_msgs/include/yahboomcar_msgs/yahboomcar_msgs/msg/rosidl_typesupport_fastrtps_c__visibility_control.h
[1.351s] -- Up-to-date: /home/rosuser/yahboom_ws/install/yahboomcar_msgs/include/yahboomcar_msgs/yahboomcar_msgs/msg/detail
[1.351s] -- Up-to-date: /home/rosuser/yahboom_ws/install/yahboomcar_msgs/include/yahboomcar_msgs/yahboomcar_msgs/msg/detail/point_array__rosidl_typesupport_fastrtps_c.h
[1.351s] -- Up-to-date: /home/rosuser/yahboom_ws/install/yahboomcar_msgs/include/yahboomcar_msgs/yahboomcar_msgs/msg/detail/target__rosidl_typesupport_fastrtps_c.h
[1.351s] -- Up-to-date: /home/rosuser/yahboom_ws/install/yahboomcar_msgs/include/yahboomcar_msgs/yahboomcar_msgs/msg/detail/target_array__rosidl_typesupport_fastrtps_c.h
[1.351s] -- Up-to-date: /home/rosuser/yahboom_ws/install/yahboomcar_msgs/include/yahboomcar_msgs/yahboomcar_msgs/msg/detail/position__rosidl_typesupport_fastrtps_c.h
[1.352s] -- Up-to-date: /home/rosuser/yahboom_ws/install/yahboomcar_msgs/include/yahboomcar_msgs/yahboomcar_msgs/msg/detail/image_msg__rosidl_typesupport_fastrtps_c.h
[1.352s] -- Up-to-date: /home/rosuser/yahboom_ws/install/yahboomcar_msgs/lib/libyahboomcar_msgs__rosidl_typesupport_fastrtps_c.so
[1.352s] -- Up-to-date: /home/rosuser/yahboom_ws/install/yahboomcar_msgs/include/yahboomcar_msgs/yahboomcar_msgs
[1.353s] -- Up-to-date: /home/rosuser/yahboom_ws/install/yahboomcar_msgs/include/yahboomcar_msgs/yahboomcar_msgs/msg
[1.353s] -- Up-to-date: /home/rosuser/yahboom_ws/install/yahboomcar_msgs/include/yahboomcar_msgs/yahboomcar_msgs/msg/detail
[1.353s] -- Up-to-date: /home/rosuser/yahboom_ws/install/yahboomcar_msgs/include/yahboomcar_msgs/yahboomcar_msgs/msg/detail/position__rosidl_typesupport_introspection_c.h
[1.353s] -- Up-to-date: /home/rosuser/yahboom_ws/install/yahboomcar_msgs/include/yahboomcar_msgs/yahboomcar_msgs/msg/detail/position__type_support.c
[1.354s] -- Up-to-date: /home/rosuser/yahboom_ws/install/yahboomcar_msgs/include/yahboomcar_msgs/yahboomcar_msgs/msg/detail/target_array__rosidl_typesupport_introspection_c.h
[1.354s] -- Up-to-date: /home/rosuser/yahboom_ws/install/yahboomcar_msgs/include/yahboomcar_msgs/yahboomcar_msgs/msg/detail/target__type_support.c
[1.354s] -- Up-to-date: /home/rosuser/yahboom_ws/install/yahboomcar_msgs/include/yahboomcar_msgs/yahboomcar_msgs/msg/detail/image_msg__rosidl_typesupport_introspection_c.h
[1.354s] -- Up-to-date: /home/rosuser/yahboom_ws/install/yahboomcar_msgs/include/yahboomcar_msgs/yahboomcar_msgs/msg/detail/point_array__rosidl_typesupport_introspection_c.h
[1.354s] -- Up-to-date: /home/rosuser/yahboom_ws/install/yahboomcar_msgs/include/yahboomcar_msgs/yahboomcar_msgs/msg/detail/target__rosidl_typesupport_introspection_c.h
[1.357s] -- Up-to-date: /home/rosuser/yahboom_ws/install/yahboomcar_msgs/include/yahboomcar_msgs/yahboomcar_msgs/msg/detail/point_array__type_support.c
[1.357s] -- Up-to-date: /home/rosuser/yahboom_ws/install/yahboomcar_msgs/include/yahboomcar_msgs/yahboomcar_msgs/msg/detail/image_msg__type_support.c
[1.357s] -- Up-to-date: /home/rosuser/yahboom_ws/install/yahboomcar_msgs/include/yahboomcar_msgs/yahboomcar_msgs/msg/detail/target_array__type_support.c
[1.357s] -- Up-to-date: /home/rosuser/yahboom_ws/install/yahboomcar_msgs/include/yahboomcar_msgs/yahboomcar_msgs/msg/rosidl_typesupport_introspection_c__visibility_control.h
[1.358s] -- Up-to-date: /home/rosuser/yahboom_ws/install/yahboomcar_msgs/lib/libyahboomcar_msgs__rosidl_typesupport_introspection_c.so
[1.358s] -- Up-to-date: /home/rosuser/yahboom_ws/install/yahboomcar_msgs/lib/libyahboomcar_msgs__rosidl_typesupport_c.so
[1.358s] -- Up-to-date: /home/rosuser/yahboom_ws/install/yahboomcar_msgs/include/yahboomcar_msgs/yahboomcar_msgs
[1.358s] -- Up-to-date: /home/rosuser/yahboom_ws/install/yahboomcar_msgs/include/yahboomcar_msgs/yahboomcar_msgs/msg
[1.358s] -- Up-to-date: /home/rosuser/yahboom_ws/install/yahboomcar_msgs/include/yahboomcar_msgs/yahboomcar_msgs/msg/image_msg.hpp
[1.358s] -- Up-to-date: /home/rosuser/yahboom_ws/install/yahboomcar_msgs/include/yahboomcar_msgs/yahboomcar_msgs/msg/target.hpp
[1.358s] -- Up-to-date: /home/rosuser/yahboom_ws/install/yahboomcar_msgs/include/yahboomcar_msgs/yahboomcar_msgs/msg/position.hpp
[1.358s] -- Up-to-date: /home/rosuser/yahboom_ws/install/yahboomcar_msgs/include/yahboomcar_msgs/yahboomcar_msgs/msg/detail
[1.358s] -- Up-to-date: /home/rosuser/yahboom_ws/install/yahboomcar_msgs/include/yahboomcar_msgs/yahboomcar_msgs/msg/detail/point_array__traits.hpp
[1.358s] -- Up-to-date: /home/rosuser/yahboom_ws/install/yahboomcar_msgs/include/yahboomcar_msgs/yahboomcar_msgs/msg/detail/position__builder.hpp
[1.358s] -- Up-to-date: /home/rosuser/yahboom_ws/install/yahboomcar_msgs/include/yahboomcar_msgs/yahboomcar_msgs/msg/detail/image_msg__struct.hpp
[1.358s] -- Up-to-date: /home/rosuser/yahboom_ws/install/yahboomcar_msgs/include/yahboomcar_msgs/yahboomcar_msgs/msg/detail/point_array__builder.hpp
[1.358s] -- Up-to-date: /home/rosuser/yahboom_ws/install/yahboomcar_msgs/include/yahboomcar_msgs/yahboomcar_msgs/msg/detail/position__struct.hpp
[1.358s] -- Up-to-date: /home/rosuser/yahboom_ws/install/yahboomcar_msgs/include/yahboomcar_msgs/yahboomcar_msgs/msg/detail/target_array__traits.hpp
[1.358s] -- Up-to-date: /home/rosuser/yahboom_ws/install/yahboomcar_msgs/include/yahboomcar_msgs/yahboomcar_msgs/msg/detail/target__struct.hpp
[1.358s] -- Up-to-date: /home/rosuser/yahboom_ws/install/yahboomcar_msgs/include/yahboomcar_msgs/yahboomcar_msgs/msg/detail/target_array__builder.hpp
[1.358s] -- Up-to-date: /home/rosuser/yahboom_ws/install/yahboomcar_msgs/include/yahboomcar_msgs/yahboomcar_msgs/msg/detail/target__builder.hpp
[1.358s] -- Up-to-date: /home/rosuser/yahboom_ws/install/yahboomcar_msgs/include/yahboomcar_msgs/yahboomcar_msgs/msg/detail/position__traits.hpp
[1.358s] -- Up-to-date: /home/rosuser/yahboom_ws/install/yahboomcar_msgs/include/yahboomcar_msgs/yahboomcar_msgs/msg/detail/image_msg__traits.hpp
[1.359s] -- Up-to-date: /home/rosuser/yahboom_ws/install/yahboomcar_msgs/include/yahboomcar_msgs/yahboomcar_msgs/msg/detail/target_array__struct.hpp
[1.359s] -- Up-to-date: /home/rosuser/yahboom_ws/install/yahboomcar_msgs/include/yahboomcar_msgs/yahboomcar_msgs/msg/detail/point_array__struct.hpp
[1.359s] -- Up-to-date: /home/rosuser/yahboom_ws/install/yahboomcar_msgs/include/yahboomcar_msgs/yahboomcar_msgs/msg/detail/target__traits.hpp
[1.359s] -- Up-to-date: /home/rosuser/yahboom_ws/install/yahboomcar_msgs/include/yahboomcar_msgs/yahboomcar_msgs/msg/detail/image_msg__builder.hpp
[1.359s] -- Up-to-date: /home/rosuser/yahboom_ws/install/yahboomcar_msgs/include/yahboomcar_msgs/yahboomcar_msgs/msg/target_array.hpp
[1.359s] -- Up-to-date: /home/rosuser/yahboom_ws/install/yahboomcar_msgs/include/yahboomcar_msgs/yahboomcar_msgs/msg/point_array.hpp
[1.359s] -- Up-to-date: /home/rosuser/yahboom_ws/install/yahboomcar_msgs/include/yahboomcar_msgs/yahboomcar_msgs
[1.359s] -- Up-to-date: /home/rosuser/yahboom_ws/install/yahboomcar_msgs/include/yahboomcar_msgs/yahboomcar_msgs/msg
[1.359s] -- Up-to-date: /home/rosuser/yahboom_ws/install/yahboomcar_msgs/include/yahboomcar_msgs/yahboomcar_msgs/msg/rosidl_typesupport_fastrtps_cpp__visibility_control.h
[1.359s] -- Up-to-date: /home/rosuser/yahboom_ws/install/yahboomcar_msgs/include/yahboomcar_msgs/yahboomcar_msgs/msg/detail
[1.359s] -- Up-to-date: /home/rosuser/yahboom_ws/install/yahboomcar_msgs/include/yahboomcar_msgs/yahboomcar_msgs/msg/detail/target_array__rosidl_typesupport_fastrtps_cpp.hpp
[1.359s] -- Up-to-date: /home/rosuser/yahboom_ws/install/yahboomcar_msgs/include/yahboomcar_msgs/yahboomcar_msgs/msg/detail/image_msg__rosidl_typesupport_fastrtps_cpp.hpp
[1.359s] -- Up-to-date: /home/rosuser/yahboom_ws/install/yahboomcar_msgs/include/yahboomcar_msgs/yahboomcar_msgs/msg/detail/dds_fastrtps
[1.359s] -- Up-to-date: /home/rosuser/yahboom_ws/install/yahboomcar_msgs/include/yahboomcar_msgs/yahboomcar_msgs/msg/detail/point_array__rosidl_typesupport_fastrtps_cpp.hpp
[1.359s] -- Up-to-date: /home/rosuser/yahboom_ws/install/yahboomcar_msgs/include/yahboomcar_msgs/yahboomcar_msgs/msg/detail/target__rosidl_typesupport_fastrtps_cpp.hpp
[1.359s] -- Up-to-date: /home/rosuser/yahboom_ws/install/yahboomcar_msgs/include/yahboomcar_msgs/yahboomcar_msgs/msg/detail/position__rosidl_typesupport_fastrtps_cpp.hpp
[1.359s] -- Up-to-date: /home/rosuser/yahboom_ws/install/yahboomcar_msgs/lib/libyahboomcar_msgs__rosidl_typesupport_fastrtps_cpp.so
[1.359s] -- Up-to-date: /home/rosuser/yahboom_ws/install/yahboomcar_msgs/include/yahboomcar_msgs/yahboomcar_msgs
[1.359s] -- Up-to-date: /home/rosuser/yahboom_ws/install/yahboomcar_msgs/include/yahboomcar_msgs/yahboomcar_msgs/msg
[1.360s] -- Up-to-date: /home/rosuser/yahboom_ws/install/yahboomcar_msgs/include/yahboomcar_msgs/yahboomcar_msgs/msg/detail
[1.360s] -- Up-to-date: /home/rosuser/yahboom_ws/install/yahboomcar_msgs/include/yahboomcar_msgs/yahboomcar_msgs/msg/detail/target__type_support.cpp
[1.360s] -- Up-to-date: /home/rosuser/yahboom_ws/install/yahboomcar_msgs/include/yahboomcar_msgs/yahboomcar_msgs/msg/detail/target__rosidl_typesupport_introspection_cpp.hpp
[1.360s] -- Up-to-date: /home/rosuser/yahboom_ws/install/yahboomcar_msgs/include/yahboomcar_msgs/yahboomcar_msgs/msg/detail/image_msg__type_support.cpp
[1.360s] -- Up-to-date: /home/rosuser/yahboom_ws/install/yahboomcar_msgs/include/yahboomcar_msgs/yahboomcar_msgs/msg/detail/image_msg__rosidl_typesupport_introspection_cpp.hpp
[1.360s] -- Up-to-date: /home/rosuser/yahboom_ws/install/yahboomcar_msgs/include/yahboomcar_msgs/yahboomcar_msgs/msg/detail/point_array__rosidl_typesupport_introspection_cpp.hpp
[1.360s] -- Up-to-date: /home/rosuser/yahboom_ws/install/yahboomcar_msgs/include/yahboomcar_msgs/yahboomcar_msgs/msg/detail/point_array__type_support.cpp
[1.360s] -- Up-to-date: /home/rosuser/yahboom_ws/install/yahboomcar_msgs/include/yahboomcar_msgs/yahboomcar_msgs/msg/detail/target_array__rosidl_typesupport_introspection_cpp.hpp
[1.360s] -- Up-to-date: /home/rosuser/yahboom_ws/install/yahboomcar_msgs/include/yahboomcar_msgs/yahboomcar_msgs/msg/detail/position__type_support.cpp
[1.360s] -- Up-to-date: /home/rosuser/yahboom_ws/install/yahboomcar_msgs/include/yahboomcar_msgs/yahboomcar_msgs/msg/detail/target_array__type_support.cpp
[1.360s] -- Up-to-date: /home/rosuser/yahboom_ws/install/yahboomcar_msgs/include/yahboomcar_msgs/yahboomcar_msgs/msg/detail/position__rosidl_typesupport_introspection_cpp.hpp
[1.360s] -- Up-to-date: /home/rosuser/yahboom_ws/install/yahboomcar_msgs/lib/libyahboomcar_msgs__rosidl_typesupport_introspection_cpp.so
[1.360s] -- Up-to-date: /home/rosuser/yahboom_ws/install/yahboomcar_msgs/lib/libyahboomcar_msgs__rosidl_typesupport_cpp.so
[1.360s] -- Up-to-date: /home/rosuser/yahboom_ws/install/yahboomcar_msgs/share/yahboomcar_msgs/environment/pythonpath.sh
[1.360s] -- Up-to-date: /home/rosuser/yahboom_ws/install/yahboomcar_msgs/share/yahboomcar_msgs/environment/pythonpath.dsv
[1.360s] -- Up-to-date: /home/rosuser/yahboom_ws/install/yahboomcar_msgs/local/lib/python3.10/dist-packages/yahboomcar_msgs-0.0.0-py3.10.egg-info
[1.360s] -- Installing: /home/rosuser/yahboom_ws/install/yahboomcar_msgs/local/lib/python3.10/dist-packages/yahboomcar_msgs-0.0.0-py3.10.egg-info/PKG-INFO
[1.360s] -- Installing: /home/rosuser/yahboom_ws/install/yahboomcar_msgs/local/lib/python3.10/dist-packages/yahboomcar_msgs-0.0.0-py3.10.egg-info/top_level.txt
[1.360s] -- Installing: /home/rosuser/yahboom_ws/install/yahboomcar_msgs/local/lib/python3.10/dist-packages/yahboomcar_msgs-0.0.0-py3.10.egg-info/dependency_links.txt
[1.360s] -- Installing: /home/rosuser/yahboom_ws/install/yahboomcar_msgs/local/lib/python3.10/dist-packages/yahboomcar_msgs-0.0.0-py3.10.egg-info/SOURCES.txt
[1.361s] -- Up-to-date: /home/rosuser/yahboom_ws/install/yahboomcar_msgs/local/lib/python3.10/dist-packages/yahboomcar_msgs
[1.361s] -- Up-to-date: /home/rosuser/yahboom_ws/install/yahboomcar_msgs/local/lib/python3.10/dist-packages/yahboomcar_msgs/yahboomcar_msgs_s__rosidl_typesupport_fastrtps_c.cpython-310-x86_64-linux-gnu.so
[1.361s] -- Up-to-date: /home/rosuser/yahboom_ws/install/yahboomcar_msgs/local/lib/python3.10/dist-packages/yahboomcar_msgs/__init__.py
[1.361s] -- Up-to-date: /home/rosuser/yahboom_ws/install/yahboomcar_msgs/local/lib/python3.10/dist-packages/yahboomcar_msgs/_yahboomcar_msgs_s.ep.rosidl_typesupport_c.c
[1.361s] -- Up-to-date: /home/rosuser/yahboom_ws/install/yahboomcar_msgs/local/lib/python3.10/dist-packages/yahboomcar_msgs/libyahboomcar_msgs__rosidl_generator_py.so
[1.361s] -- Up-to-date: /home/rosuser/yahboom_ws/install/yahboomcar_msgs/local/lib/python3.10/dist-packages/yahboomcar_msgs/yahboomcar_msgs_s__rosidl_typesupport_introspection_c.cpython-310-x86_64-linux-gnu.so
[1.361s] -- Up-to-date: /home/rosuser/yahboom_ws/install/yahboomcar_msgs/local/lib/python3.10/dist-packages/yahboomcar_msgs/_yahboomcar_msgs_s.ep.rosidl_typesupport_introspection_c.c
[1.361s] -- Up-to-date: /home/rosuser/yahboom_ws/install/yahboomcar_msgs/local/lib/python3.10/dist-packages/yahboomcar_msgs/msg
[1.361s] -- Up-to-date: /home/rosuser/yahboom_ws/install/yahboomcar_msgs/local/lib/python3.10/dist-packages/yahboomcar_msgs/msg/__init__.py
[1.361s] -- Up-to-date: /home/rosuser/yahboom_ws/install/yahboomcar_msgs/local/lib/python3.10/dist-packages/yahboomcar_msgs/msg/_point_array_s.c
[1.361s] -- Up-to-date: /home/rosuser/yahboom_ws/install/yahboomcar_msgs/local/lib/python3.10/dist-packages/yahboomcar_msgs/msg/_position_s.c
[1.361s] -- Up-to-date: /home/rosuser/yahboom_ws/install/yahboomcar_msgs/local/lib/python3.10/dist-packages/yahboomcar_msgs/msg/_target_array.py
[1.361s] -- Up-to-date: /home/rosuser/yahboom_ws/install/yahboomcar_msgs/local/lib/python3.10/dist-packages/yahboomcar_msgs/msg/_image_msg_s.c
[1.361s] -- Up-to-date: /home/rosuser/yahboom_ws/install/yahboomcar_msgs/local/lib/python3.10/dist-packages/yahboomcar_msgs/msg/_image_msg.py
[1.361s] -- Up-to-date: /home/rosuser/yahboom_ws/install/yahboomcar_msgs/local/lib/python3.10/dist-packages/yahboomcar_msgs/msg/_target_s.c
[1.361s] -- Up-to-date: /home/rosuser/yahboom_ws/install/yahboomcar_msgs/local/lib/python3.10/dist-packages/yahboomcar_msgs/msg/_point_array.py
[1.361s] -- Up-to-date: /home/rosuser/yahboom_ws/install/yahboomcar_msgs/local/lib/python3.10/dist-packages/yahboomcar_msgs/msg/_target.py
[1.361s] -- Up-to-date: /home/rosuser/yahboom_ws/install/yahboomcar_msgs/local/lib/python3.10/dist-packages/yahboomcar_msgs/msg/_target_array_s.c
[1.361s] -- Up-to-date: /home/rosuser/yahboom_ws/install/yahboomcar_msgs/local/lib/python3.10/dist-packages/yahboomcar_msgs/msg/_position.py
[1.362s] -- Up-to-date: /home/rosuser/yahboom_ws/install/yahboomcar_msgs/local/lib/python3.10/dist-packages/yahboomcar_msgs/_yahboomcar_msgs_s.ep.rosidl_typesupport_fastrtps_c.c
[1.362s] -- Up-to-date: /home/rosuser/yahboom_ws/install/yahboomcar_msgs/local/lib/python3.10/dist-packages/yahboomcar_msgs/yahboomcar_msgs_s__rosidl_typesupport_c.cpython-310-x86_64-linux-gnu.so
[1.392s] Listing '/home/rosuser/yahboom_ws/install/yahboomcar_msgs/local/lib/python3.10/dist-packages/yahboomcar_msgs'...
[1.392s] Listing '/home/rosuser/yahboom_ws/install/yahboomcar_msgs/local/lib/python3.10/dist-packages/yahboomcar_msgs/msg'...
[1.397s] -- Up-to-date: /home/rosuser/yahboom_ws/install/yahboomcar_msgs/local/lib/python3.10/dist-packages/yahboomcar_msgs/yahboomcar_msgs_s__rosidl_typesupport_fastrtps_c.cpython-310-x86_64-linux-gnu.so
[1.397s] -- Up-to-date: /home/rosuser/yahboom_ws/install/yahboomcar_msgs/local/lib/python3.10/dist-packages/yahboomcar_msgs/yahboomcar_msgs_s__rosidl_typesupport_introspection_c.cpython-310-x86_64-linux-gnu.so
[1.398s] -- Up-to-date: /home/rosuser/yahboom_ws/install/yahboomcar_msgs/local/lib/python3.10/dist-packages/yahboomcar_msgs/yahboomcar_msgs_s__rosidl_typesupport_c.cpython-310-x86_64-linux-gnu.so
[1.398s] -- Up-to-date: /home/rosuser/yahboom_ws/install/yahboomcar_msgs/lib/libyahboomcar_msgs__rosidl_generator_py.so
[1.398s] -- Up-to-date: /home/rosuser/yahboom_ws/install/yahboomcar_msgs/share/yahboomcar_msgs/msg/ImageMsg.idl
[1.398s] -- Up-to-date: /home/rosuser/yahboom_ws/install/yahboomcar_msgs/share/yahboomcar_msgs/msg/PointArray.idl
[1.398s] -- Up-to-date: /home/rosuser/yahboom_ws/install/yahboomcar_msgs/share/yahboomcar_msgs/msg/Position.idl
[1.398s] -- Up-to-date: /home/rosuser/yahboom_ws/install/yahboomcar_msgs/share/yahboomcar_msgs/msg/Target.idl
[1.398s] -- Up-to-date: /home/rosuser/yahboom_ws/install/yahboomcar_msgs/share/yahboomcar_msgs/msg/TargetArray.idl
[1.398s] -- Up-to-date: /home/rosuser/yahboom_ws/install/yahboomcar_msgs/share/yahboomcar_msgs/msg/ImageMsg.msg
[1.399s] -- Up-to-date: /home/rosuser/yahboom_ws/install/yahboomcar_msgs/share/yahboomcar_msgs/msg/PointArray.msg
[1.399s] -- Up-to-date: /home/rosuser/yahboom_ws/install/yahboomcar_msgs/share/yahboomcar_msgs/msg/Position.msg
[1.399s] -- Up-to-date: /home/rosuser/yahboom_ws/install/yahboomcar_msgs/share/yahboomcar_msgs/msg/Target.msg
[1.399s] -- Up-to-date: /home/rosuser/yahboom_ws/install/yahboomcar_msgs/share/yahboomcar_msgs/msg/TargetArray.msg
[1.399s] -- Up-to-date: /home/rosuser/yahboom_ws/install/yahboomcar_msgs/share/ament_index/resource_index/package_run_dependencies/yahboomcar_msgs
[1.399s] -- Up-to-date: /home/rosuser/yahboom_ws/install/yahboomcar_msgs/share/ament_index/resource_index/parent_prefix_path/yahboomcar_msgs
[1.399s] -- Up-to-date: /home/rosuser/yahboom_ws/install/yahboomcar_msgs/share/yahboomcar_msgs/environment/ament_prefix_path.sh
[1.400s] -- Up-to-date: /home/rosuser/yahboom_ws/install/yahboomcar_msgs/share/yahboomcar_msgs/environment/ament_prefix_path.dsv
[1.400s] -- Up-to-date: /home/rosuser/yahboom_ws/install/yahboomcar_msgs/share/yahboomcar_msgs/environment/path.sh
[1.400s] -- Up-to-date: /home/rosuser/yahboom_ws/install/yahboomcar_msgs/share/yahboomcar_msgs/environment/path.dsv
[1.400s] -- Up-to-date: /home/rosuser/yahboom_ws/install/yahboomcar_msgs/share/yahboomcar_msgs/local_setup.bash
[1.400s] -- Up-to-date: /home/rosuser/yahboom_ws/install/yahboomcar_msgs/share/yahboomcar_msgs/local_setup.sh
[1.400s] -- Up-to-date: /home/rosuser/yahboom_ws/install/yahboomcar_msgs/share/yahboomcar_msgs/local_setup.zsh
[1.400s] -- Up-to-date: /home/rosuser/yahboom_ws/install/yahboomcar_msgs/share/yahboomcar_msgs/local_setup.dsv
[1.400s] -- Installing: /home/rosuser/yahboom_ws/install/yahboomcar_msgs/share/yahboomcar_msgs/package.dsv
[1.401s] -- Up-to-date: /home/rosuser/yahboom_ws/install/yahboomcar_msgs/share/ament_index/resource_index/packages/yahboomcar_msgs
[1.402s] -- Up-to-date: /home/rosuser/yahboom_ws/install/yahboomcar_msgs/share/yahboomcar_msgs/cmake/export_yahboomcar_msgs__rosidl_generator_cExport.cmake
[1.402s] -- Up-to-date: /home/rosuser/yahboom_ws/install/yahboomcar_msgs/share/yahboomcar_msgs/cmake/export_yahboomcar_msgs__rosidl_generator_cExport-noconfig.cmake
[1.403s] -- Up-to-date: /home/rosuser/yahboom_ws/install/yahboomcar_msgs/share/yahboomcar_msgs/cmake/export_yahboomcar_msgs__rosidl_typesupport_fastrtps_cExport.cmake
[1.403s] -- Up-to-date: /home/rosuser/yahboom_ws/install/yahboomcar_msgs/share/yahboomcar_msgs/cmake/export_yahboomcar_msgs__rosidl_typesupport_fastrtps_cExport-noconfig.cmake
[1.404s] -- Up-to-date: /home/rosuser/yahboom_ws/install/yahboomcar_msgs/share/yahboomcar_msgs/cmake/yahboomcar_msgs__rosidl_typesupport_introspection_cExport.cmake
[1.404s] -- Up-to-date: /home/rosuser/yahboom_ws/install/yahboomcar_msgs/share/yahboomcar_msgs/cmake/yahboomcar_msgs__rosidl_typesupport_introspection_cExport-noconfig.cmake
[1.405s] -- Up-to-date: /home/rosuser/yahboom_ws/install/yahboomcar_msgs/share/yahboomcar_msgs/cmake/yahboomcar_msgs__rosidl_typesupport_cExport.cmake
[1.405s] -- Up-to-date: /home/rosuser/yahboom_ws/install/yahboomcar_msgs/share/yahboomcar_msgs/cmake/yahboomcar_msgs__rosidl_typesupport_cExport-noconfig.cmake
[1.406s] -- Up-to-date: /home/rosuser/yahboom_ws/install/yahboomcar_msgs/share/yahboomcar_msgs/cmake/export_yahboomcar_msgs__rosidl_generator_cppExport.cmake
[1.406s] -- Up-to-date: /home/rosuser/yahboom_ws/install/yahboomcar_msgs/share/yahboomcar_msgs/cmake/export_yahboomcar_msgs__rosidl_typesupport_fastrtps_cppExport.cmake
[1.407s] -- Up-to-date: /home/rosuser/yahboom_ws/install/yahboomcar_msgs/share/yahboomcar_msgs/cmake/export_yahboomcar_msgs__rosidl_typesupport_fastrtps_cppExport-noconfig.cmake
[1.408s] -- Up-to-date: /home/rosuser/yahboom_ws/install/yahboomcar_msgs/share/yahboomcar_msgs/cmake/yahboomcar_msgs__rosidl_typesupport_introspection_cppExport.cmake
[1.408s] -- Up-to-date: /home/rosuser/yahboom_ws/install/yahboomcar_msgs/share/yahboomcar_msgs/cmake/yahboomcar_msgs__rosidl_typesupport_introspection_cppExport-noconfig.cmake
[1.409s] -- Up-to-date: /home/rosuser/yahboom_ws/install/yahboomcar_msgs/share/yahboomcar_msgs/cmake/yahboomcar_msgs__rosidl_typesupport_cppExport.cmake
[1.409s] -- Up-to-date: /home/rosuser/yahboom_ws/install/yahboomcar_msgs/share/yahboomcar_msgs/cmake/yahboomcar_msgs__rosidl_typesupport_cppExport-noconfig.cmake
[1.410s] -- Up-to-date: /home/rosuser/yahboom_ws/install/yahboomcar_msgs/share/yahboomcar_msgs/cmake/export_yahboomcar_msgs__rosidl_generator_pyExport.cmake
[1.410s] -- Up-to-date: /home/rosuser/yahboom_ws/install/yahboomcar_msgs/share/yahboomcar_msgs/cmake/export_yahboomcar_msgs__rosidl_generator_pyExport-noconfig.cmake
[1.410s] -- Up-to-date: /home/rosuser/yahboom_ws/install/yahboomcar_msgs/share/yahboomcar_msgs/cmake/rosidl_cmake-extras.cmake
[1.410s] -- Up-to-date: /home/rosuser/yahboom_ws/install/yahboomcar_msgs/share/yahboomcar_msgs/cmake/ament_cmake_export_dependencies-extras.cmake
[1.411s] -- Up-to-date: /home/rosuser/yahboom_ws/install/yahboomcar_msgs/share/yahboomcar_msgs/cmake/ament_cmake_export_include_directories-extras.cmake
[1.411s] -- Up-to-date: /home/rosuser/yahboom_ws/install/yahboomcar_msgs/share/yahboomcar_msgs/cmake/ament_cmake_export_libraries-extras.cmake
[1.411s] -- Up-to-date: /home/rosuser/yahboom_ws/install/yahboomcar_msgs/share/yahboomcar_msgs/cmake/ament_cmake_export_targets-extras.cmake
[1.411s] -- Up-to-date: /home/rosuser/yahboom_ws/install/yahboomcar_msgs/share/yahboomcar_msgs/cmake/rosidl_cmake_export_typesupport_targets-extras.cmake
[1.411s] -- Up-to-date: /home/rosuser/yahboom_ws/install/yahboomcar_msgs/share/yahboomcar_msgs/cmake/rosidl_cmake_export_typesupport_libraries-extras.cmake
[1.411s] -- Up-to-date: /home/rosuser/yahboom_ws/install/yahboomcar_msgs/share/yahboomcar_msgs/cmake/yahboomcar_msgsConfig.cmake
[1.411s] -- Up-to-date: /home/rosuser/yahboom_ws/install/yahboomcar_msgs/share/yahboomcar_msgs/cmake/yahboomcar_msgsConfig-version.cmake
[1.411s] -- Up-to-date: /home/rosuser/yahboom_ws/install/yahboomcar_msgs/share/yahboomcar_msgs/package.xml
[1.428s] Invoked command in '/home/rosuser/yahboom_ws/build/yahboomcar_msgs' returned '0': CMAKE_PREFIX_PATH=${CMAKE_PREFIX_PATH}:/home/rosuser/yahboom_ws/install/yahboomcar_description:/home/rosuser/yahboom_ws/install/yahboom_app_save_map:/home/rosuser/yahboom_ws/install/robot_pose_publisher:/home/rosuser/yahboom_ws/install/laserscan_to_point_pulisher:/home/rosuser/ROS2Dev/turtlebot3_ws/install/turtlebot3_teleop:/home/rosuser/ROS2Dev/turtlebot3_ws/install/turtlebot3_example:/opt/ros/humble /usr/bin/cmake --install /home/rosuser/yahboom_ws/build/yahboomcar_msgs
