[1.320s] Invoking command in '/home/rosuser/yahboom_ws/src/yahboom_app_save_map': PYTHONPATH=/home/rosuser/yahboom_ws/build/yahboom_app_save_map/prefix_override:/home/rosuser/yahboom_ws/install/yahboom_app_save_map/lib/python3.10/site-packages:${PYTHONPATH} /usr/bin/python3 setup.py egg_info --egg-base ../../build/yahboom_app_save_map build --build-base /home/rosuser/yahboom_ws/build/yahboom_app_save_map/build install --record /home/rosuser/yahboom_ws/build/yahboom_app_save_map/install.log --install-scripts $base/lib/yahboom_app_save_map --single-version-externally-managed
[1.596s] /home/rosuser/.local/lib/python3.10/site-packages/setuptools/dist.py:717: UserWarning: Usage of dash-separated 'script-dir' will not be supported in future versions. Please use the underscore name 'script_dir' instead
[1.596s]   warnings.warn(
[1.630s] running egg_info
[1.631s] creating ../../build/yahboom_app_save_map/yahboom_app_save_map.egg-info
[1.631s] writing ../../build/yahboom_app_save_map/yahboom_app_save_map.egg-info/PKG-INFO
[1.631s] writing dependency_links to ../../build/yahboom_app_save_map/yahboom_app_save_map.egg-info/dependency_links.txt
[1.632s] writing entry points to ../../build/yahboom_app_save_map/yahboom_app_save_map.egg-info/entry_points.txt
[1.632s] writing requirements to ../../build/yahboom_app_save_map/yahboom_app_save_map.egg-info/requires.txt
[1.632s] writing top-level names to ../../build/yahboom_app_save_map/yahboom_app_save_map.egg-info/top_level.txt
[1.632s] writing manifest file '../../build/yahboom_app_save_map/yahboom_app_save_map.egg-info/SOURCES.txt'
[1.634s] reading manifest file '../../build/yahboom_app_save_map/yahboom_app_save_map.egg-info/SOURCES.txt'
[1.634s] writing manifest file '../../build/yahboom_app_save_map/yahboom_app_save_map.egg-info/SOURCES.txt'
[1.635s] running build
[1.635s] running build_py
[1.635s] creating /home/rosuser/yahboom_ws/build/yahboom_app_save_map/build
[1.635s] creating /home/rosuser/yahboom_ws/build/yahboom_app_save_map/build/lib
[1.635s] creating /home/rosuser/yahboom_ws/build/yahboom_app_save_map/build/lib/yahboom_app_save_map
[1.635s] copying yahboom_app_save_map/__init__.py -> /home/rosuser/yahboom_ws/build/yahboom_app_save_map/build/lib/yahboom_app_save_map
[1.635s] copying yahboom_app_save_map/yahboom_app_save_map.py -> /home/rosuser/yahboom_ws/build/yahboom_app_save_map/build/lib/yahboom_app_save_map
[1.635s] copying yahboom_app_save_map/yahboom_app_save_map_client.py -> /home/rosuser/yahboom_ws/build/yahboom_app_save_map/build/lib/yahboom_app_save_map
[1.636s] running install
[1.636s] running install_lib
[1.637s] creating /home/rosuser/yahboom_ws/install/yahboom_app_save_map/lib/python3.10/site-packages/yahboom_app_save_map
[1.637s] copying /home/rosuser/yahboom_ws/build/yahboom_app_save_map/build/lib/yahboom_app_save_map/__init__.py -> /home/rosuser/yahboom_ws/install/yahboom_app_save_map/lib/python3.10/site-packages/yahboom_app_save_map
[1.637s] copying /home/rosuser/yahboom_ws/build/yahboom_app_save_map/build/lib/yahboom_app_save_map/yahboom_app_save_map.py -> /home/rosuser/yahboom_ws/install/yahboom_app_save_map/lib/python3.10/site-packages/yahboom_app_save_map
[1.637s] copying /home/rosuser/yahboom_ws/build/yahboom_app_save_map/build/lib/yahboom_app_save_map/yahboom_app_save_map_client.py -> /home/rosuser/yahboom_ws/install/yahboom_app_save_map/lib/python3.10/site-packages/yahboom_app_save_map
[1.638s] byte-compiling /home/rosuser/yahboom_ws/install/yahboom_app_save_map/lib/python3.10/site-packages/yahboom_app_save_map/__init__.py to __init__.cpython-310.pyc
[1.638s] byte-compiling /home/rosuser/yahboom_ws/install/yahboom_app_save_map/lib/python3.10/site-packages/yahboom_app_save_map/yahboom_app_save_map.py to yahboom_app_save_map.cpython-310.pyc
[1.638s] byte-compiling /home/rosuser/yahboom_ws/install/yahboom_app_save_map/lib/python3.10/site-packages/yahboom_app_save_map/yahboom_app_save_map_client.py to yahboom_app_save_map_client.cpython-310.pyc
[1.639s] running install_data
[1.639s] creating /home/rosuser/yahboom_ws/install/yahboom_app_save_map/share/ament_index
[1.640s] creating /home/rosuser/yahboom_ws/install/yahboom_app_save_map/share/ament_index/resource_index
[1.640s] creating /home/rosuser/yahboom_ws/install/yahboom_app_save_map/share/ament_index/resource_index/packages
[1.640s] copying resource/yahboom_app_save_map -> /home/rosuser/yahboom_ws/install/yahboom_app_save_map/share/ament_index/resource_index/packages
[1.640s] copying package.xml -> /home/rosuser/yahboom_ws/install/yahboom_app_save_map/share/yahboom_app_save_map
[1.640s] copying launch/yahboom_app_save_map.launch.py -> /home/rosuser/yahboom_ws/install/yahboom_app_save_map/share/yahboom_app_save_map
[1.640s] running install_egg_info
[1.642s] Copying ../../build/yahboom_app_save_map/yahboom_app_save_map.egg-info to /home/rosuser/yahboom_ws/install/yahboom_app_save_map/lib/python3.10/site-packages/yahboom_app_save_map-0.0.0-py3.10.egg-info
[1.643s] running install_scripts
[1.664s] Installing client script to /home/rosuser/yahboom_ws/install/yahboom_app_save_map/lib/yahboom_app_save_map
[1.665s] Installing server script to /home/rosuser/yahboom_ws/install/yahboom_app_save_map/lib/yahboom_app_save_map
[1.665s] writing list of installed files to '/home/rosuser/yahboom_ws/build/yahboom_app_save_map/install.log'
[1.699s] Invoked command in '/home/rosuser/yahboom_ws/src/yahboom_app_save_map' returned '0': PYTHONPATH=/home/rosuser/yahboom_ws/build/yahboom_app_save_map/prefix_override:/home/rosuser/yahboom_ws/install/yahboom_app_save_map/lib/python3.10/site-packages:${PYTHONPATH} /usr/bin/python3 setup.py egg_info --egg-base ../../build/yahboom_app_save_map build --build-base /home/rosuser/yahboom_ws/build/yahboom_app_save_map/build install --record /home/rosuser/yahboom_ws/build/yahboom_app_save_map/install.log --install-scripts $base/lib/yahboom_app_save_map --single-version-externally-managed
