[1.123s] DEBUG:colcon:Command line arguments: ['/usr/bin/colcon', 'build']
[1.123s] DEBUG:colcon:Parsed command line arguments: Namespace(log_base=None, log_level=None, verb_name='build', build_base='build', install_base='install', merge_install=False, symlink_install=False, test_result_base=None, continue_on_error=False, executor='parallel', parallel_workers=2, event_handlers=None, ignore_user_meta=False, metas=['./colcon.meta'], base_paths=['.'], packages_ignore=None, packages_ignore_regex=None, paths=None, packages_up_to=None, packages_up_to_regex=None, packages_above=None, packages_above_and_dependencies=None, packages_above_depth=None, packages_select_by_dep=None, packages_skip_by_dep=None, packages_skip_up_to=None, packages_select_build_failed=False, packages_skip_build_finished=False, packages_select_test_failures=False, packages_skip_test_passed=False, packages_select=None, packages_skip=None, packages_select_regex=None, packages_skip_regex=None, packages_start=None, packages_end=None, allow_overriding=[], cmake_args=None, cmake_target=None, cmake_target_skip_unavailable=False, cmake_clean_cache=False, cmake_clean_first=False, cmake_force_configure=False, ament_cmake_args=None, catkin_cmake_args=None, catkin_skip_building_tests=False, verb_parser=<colcon_defaults.argument_parser.defaults.DefaultArgumentsDecorator object at 0x7f256cefeaa0>, verb_extension=<colcon_core.verb.build.BuildVerb object at 0x7f256cefe0e0>, main=<bound method BuildVerb.main of <colcon_core.verb.build.BuildVerb object at 0x7f256cefe0e0>>)
[1.176s] Level 1:colcon.colcon_core.package_discovery:discover_packages(colcon_meta) check parameters
[1.176s] Level 1:colcon.colcon_core.package_discovery:discover_packages(recursive) check parameters
[1.176s] Level 1:colcon.colcon_core.package_discovery:discover_packages(ignore) check parameters
[1.176s] Level 1:colcon.colcon_core.package_discovery:discover_packages(path) check parameters
[1.176s] Level 1:colcon.colcon_core.package_discovery:discover_packages(colcon_meta) discover
[1.176s] Level 1:colcon.colcon_core.package_discovery:discover_packages(recursive) discover
[1.176s] INFO:colcon.colcon_core.package_discovery:Crawling recursively for packages in '/home/rosuser/yahboom_ws'
[1.176s] Level 1:colcon.colcon_core.package_identification:_identify(.) by extensions ['ignore', 'ignore_ament_install']
[1.176s] Level 1:colcon.colcon_core.package_identification:_identify(.) by extension 'ignore'
[1.176s] Level 1:colcon.colcon_core.package_identification:_identify(.) by extension 'ignore_ament_install'
[1.176s] Level 1:colcon.colcon_core.package_identification:_identify(.) by extensions ['colcon_pkg']
[1.176s] Level 1:colcon.colcon_core.package_identification:_identify(.) by extension 'colcon_pkg'
[1.176s] Level 1:colcon.colcon_core.package_identification:_identify(.) by extensions ['colcon_meta']
[1.176s] Level 1:colcon.colcon_core.package_identification:_identify(.) by extension 'colcon_meta'
[1.177s] Level 1:colcon.colcon_core.package_identification:_identify(.) by extensions ['ros']
[1.177s] Level 1:colcon.colcon_core.package_identification:_identify(.) by extension 'ros'
[1.192s] Level 1:colcon.colcon_core.package_identification:_identify(.) by extensions ['cmake', 'python']
[1.193s] Level 1:colcon.colcon_core.package_identification:_identify(.) by extension 'cmake'
[1.193s] Level 1:colcon.colcon_core.package_identification:_identify(.) by extension 'python'
[1.193s] Level 1:colcon.colcon_core.package_identification:_identify(.) by extensions ['python_setup_py']
[1.193s] Level 1:colcon.colcon_core.package_identification:_identify(.) by extension 'python_setup_py'
[1.193s] Level 1:colcon.colcon_core.package_identification:_identify(build) by extensions ['ignore', 'ignore_ament_install']
[1.193s] Level 1:colcon.colcon_core.package_identification:_identify(build) by extension 'ignore'
[1.193s] Level 1:colcon.colcon_core.package_identification:_identify(build) ignored
[1.193s] Level 1:colcon.colcon_core.package_identification:_identify(install) by extensions ['ignore', 'ignore_ament_install']
[1.193s] Level 1:colcon.colcon_core.package_identification:_identify(install) by extension 'ignore'
[1.193s] Level 1:colcon.colcon_core.package_identification:_identify(install) ignored
[1.193s] Level 1:colcon.colcon_core.package_identification:_identify(log) by extensions ['ignore', 'ignore_ament_install']
[1.193s] Level 1:colcon.colcon_core.package_identification:_identify(log) by extension 'ignore'
[1.193s] Level 1:colcon.colcon_core.package_identification:_identify(log) ignored
[1.193s] Level 1:colcon.colcon_core.package_identification:_identify(src) by extensions ['ignore', 'ignore_ament_install']
[1.194s] Level 1:colcon.colcon_core.package_identification:_identify(src) by extension 'ignore'
[1.194s] Level 1:colcon.colcon_core.package_identification:_identify(src) by extension 'ignore_ament_install'
[1.194s] Level 1:colcon.colcon_core.package_identification:_identify(src) by extensions ['colcon_pkg']
[1.194s] Level 1:colcon.colcon_core.package_identification:_identify(src) by extension 'colcon_pkg'
[1.194s] Level 1:colcon.colcon_core.package_identification:_identify(src) by extensions ['colcon_meta']
[1.194s] Level 1:colcon.colcon_core.package_identification:_identify(src) by extension 'colcon_meta'
[1.194s] Level 1:colcon.colcon_core.package_identification:_identify(src) by extensions ['ros']
[1.194s] Level 1:colcon.colcon_core.package_identification:_identify(src) by extension 'ros'
[1.194s] Level 1:colcon.colcon_core.package_identification:_identify(src) by extensions ['cmake', 'python']
[1.194s] Level 1:colcon.colcon_core.package_identification:_identify(src) by extension 'cmake'
[1.194s] Level 1:colcon.colcon_core.package_identification:_identify(src) by extension 'python'
[1.194s] Level 1:colcon.colcon_core.package_identification:_identify(src) by extensions ['python_setup_py']
[1.194s] Level 1:colcon.colcon_core.package_identification:_identify(src) by extension 'python_setup_py'
[1.194s] Level 1:colcon.colcon_core.package_identification:_identify(src/laserscan_to_point_pulisher) by extensions ['ignore', 'ignore_ament_install']
[1.194s] Level 1:colcon.colcon_core.package_identification:_identify(src/laserscan_to_point_pulisher) by extension 'ignore'
[1.194s] Level 1:colcon.colcon_core.package_identification:_identify(src/laserscan_to_point_pulisher) by extension 'ignore_ament_install'
[1.194s] Level 1:colcon.colcon_core.package_identification:_identify(src/laserscan_to_point_pulisher) by extensions ['colcon_pkg']
[1.194s] Level 1:colcon.colcon_core.package_identification:_identify(src/laserscan_to_point_pulisher) by extension 'colcon_pkg'
[1.194s] Level 1:colcon.colcon_core.package_identification:_identify(src/laserscan_to_point_pulisher) by extensions ['colcon_meta']
[1.194s] Level 1:colcon.colcon_core.package_identification:_identify(src/laserscan_to_point_pulisher) by extension 'colcon_meta'
[1.194s] Level 1:colcon.colcon_core.package_identification:_identify(src/laserscan_to_point_pulisher) by extensions ['ros']
[1.194s] Level 1:colcon.colcon_core.package_identification:_identify(src/laserscan_to_point_pulisher) by extension 'ros'
[1.198s] DEBUG:colcon.colcon_core.package_identification:Package 'src/laserscan_to_point_pulisher' with type 'ros.ament_python' and name 'laserscan_to_point_pulisher'
[1.198s] Level 1:colcon.colcon_core.package_identification:_identify(src/robot_pose_publisher) by extensions ['ignore', 'ignore_ament_install']
[1.198s] Level 1:colcon.colcon_core.package_identification:_identify(src/robot_pose_publisher) by extension 'ignore'
[1.198s] Level 1:colcon.colcon_core.package_identification:_identify(src/robot_pose_publisher) by extension 'ignore_ament_install'
[1.198s] Level 1:colcon.colcon_core.package_identification:_identify(src/robot_pose_publisher) by extensions ['colcon_pkg']
[1.198s] Level 1:colcon.colcon_core.package_identification:_identify(src/robot_pose_publisher) by extension 'colcon_pkg'
[1.198s] Level 1:colcon.colcon_core.package_identification:_identify(src/robot_pose_publisher) by extensions ['colcon_meta']
[1.198s] Level 1:colcon.colcon_core.package_identification:_identify(src/robot_pose_publisher) by extension 'colcon_meta'
[1.198s] Level 1:colcon.colcon_core.package_identification:_identify(src/robot_pose_publisher) by extensions ['ros']
[1.198s] Level 1:colcon.colcon_core.package_identification:_identify(src/robot_pose_publisher) by extension 'ros'
[1.199s] DEBUG:colcon.colcon_core.package_identification:Package 'src/robot_pose_publisher' with type 'ros.ament_python' and name 'robot_pose_publisher'
[1.199s] Level 1:colcon.colcon_core.package_identification:_identify(src/yahboom_app_save_map) by extensions ['ignore', 'ignore_ament_install']
[1.199s] Level 1:colcon.colcon_core.package_identification:_identify(src/yahboom_app_save_map) by extension 'ignore'
[1.199s] Level 1:colcon.colcon_core.package_identification:_identify(src/yahboom_app_save_map) by extension 'ignore_ament_install'
[1.199s] Level 1:colcon.colcon_core.package_identification:_identify(src/yahboom_app_save_map) by extensions ['colcon_pkg']
[1.199s] Level 1:colcon.colcon_core.package_identification:_identify(src/yahboom_app_save_map) by extension 'colcon_pkg'
[1.199s] Level 1:colcon.colcon_core.package_identification:_identify(src/yahboom_app_save_map) by extensions ['colcon_meta']
[1.199s] Level 1:colcon.colcon_core.package_identification:_identify(src/yahboom_app_save_map) by extension 'colcon_meta'
[1.199s] Level 1:colcon.colcon_core.package_identification:_identify(src/yahboom_app_save_map) by extensions ['ros']
[1.199s] Level 1:colcon.colcon_core.package_identification:_identify(src/yahboom_app_save_map) by extension 'ros'
[1.201s] DEBUG:colcon.colcon_core.package_identification:Package 'src/yahboom_app_save_map' with type 'ros.ament_python' and name 'yahboom_app_save_map'
[1.201s] Level 1:colcon.colcon_core.package_identification:_identify(src/yahboom_web_savmap_interfaces) by extensions ['ignore', 'ignore_ament_install']
[1.201s] Level 1:colcon.colcon_core.package_identification:_identify(src/yahboom_web_savmap_interfaces) by extension 'ignore'
[1.201s] Level 1:colcon.colcon_core.package_identification:_identify(src/yahboom_web_savmap_interfaces) by extension 'ignore_ament_install'
[1.201s] Level 1:colcon.colcon_core.package_identification:_identify(src/yahboom_web_savmap_interfaces) by extensions ['colcon_pkg']
[1.201s] Level 1:colcon.colcon_core.package_identification:_identify(src/yahboom_web_savmap_interfaces) by extension 'colcon_pkg'
[1.201s] Level 1:colcon.colcon_core.package_identification:_identify(src/yahboom_web_savmap_interfaces) by extensions ['colcon_meta']
[1.201s] Level 1:colcon.colcon_core.package_identification:_identify(src/yahboom_web_savmap_interfaces) by extension 'colcon_meta'
[1.202s] Level 1:colcon.colcon_core.package_identification:_identify(src/yahboom_web_savmap_interfaces) by extensions ['ros']
[1.202s] Level 1:colcon.colcon_core.package_identification:_identify(src/yahboom_web_savmap_interfaces) by extension 'ros'
[1.203s] DEBUG:colcon.colcon_core.package_identification:Package 'src/yahboom_web_savmap_interfaces' with type 'ros.ament_cmake' and name 'yahboom_web_savmap_interfaces'
[1.203s] Level 1:colcon.colcon_core.package_identification:_identify(src/yahboomcar_description) by extensions ['ignore', 'ignore_ament_install']
[1.203s] Level 1:colcon.colcon_core.package_identification:_identify(src/yahboomcar_description) by extension 'ignore'
[1.203s] Level 1:colcon.colcon_core.package_identification:_identify(src/yahboomcar_description) by extension 'ignore_ament_install'
[1.203s] Level 1:colcon.colcon_core.package_identification:_identify(src/yahboomcar_description) by extensions ['colcon_pkg']
[1.203s] Level 1:colcon.colcon_core.package_identification:_identify(src/yahboomcar_description) by extension 'colcon_pkg'
[1.203s] Level 1:colcon.colcon_core.package_identification:_identify(src/yahboomcar_description) by extensions ['colcon_meta']
[1.203s] Level 1:colcon.colcon_core.package_identification:_identify(src/yahboomcar_description) by extension 'colcon_meta'
[1.203s] Level 1:colcon.colcon_core.package_identification:_identify(src/yahboomcar_description) by extensions ['ros']
[1.203s] Level 1:colcon.colcon_core.package_identification:_identify(src/yahboomcar_description) by extension 'ros'
[1.204s] DEBUG:colcon.colcon_core.package_identification:Package 'src/yahboomcar_description' with type 'ros.ament_python' and name 'yahboomcar_description'
[1.205s] Level 1:colcon.colcon_core.package_identification:_identify(src/yahboomcar_msgs) by extensions ['ignore', 'ignore_ament_install']
[1.205s] Level 1:colcon.colcon_core.package_identification:_identify(src/yahboomcar_msgs) by extension 'ignore'
[1.205s] Level 1:colcon.colcon_core.package_identification:_identify(src/yahboomcar_msgs) by extension 'ignore_ament_install'
[1.205s] Level 1:colcon.colcon_core.package_identification:_identify(src/yahboomcar_msgs) by extensions ['colcon_pkg']
[1.205s] Level 1:colcon.colcon_core.package_identification:_identify(src/yahboomcar_msgs) by extension 'colcon_pkg'
[1.205s] Level 1:colcon.colcon_core.package_identification:_identify(src/yahboomcar_msgs) by extensions ['colcon_meta']
[1.205s] Level 1:colcon.colcon_core.package_identification:_identify(src/yahboomcar_msgs) by extension 'colcon_meta'
[1.205s] Level 1:colcon.colcon_core.package_identification:_identify(src/yahboomcar_msgs) by extensions ['ros']
[1.205s] Level 1:colcon.colcon_core.package_identification:_identify(src/yahboomcar_msgs) by extension 'ros'
[1.206s] DEBUG:colcon.colcon_core.package_identification:Package 'src/yahboomcar_msgs' with type 'ros.ament_cmake' and name 'yahboomcar_msgs'
[1.206s] Level 1:colcon.colcon_core.package_discovery:discover_packages(recursive) using defaults
[1.206s] Level 1:colcon.colcon_core.package_discovery:discover_packages(ignore) discover
[1.206s] Level 1:colcon.colcon_core.package_discovery:discover_packages(ignore) using defaults
[1.206s] Level 1:colcon.colcon_core.package_discovery:discover_packages(path) discover
[1.206s] Level 1:colcon.colcon_core.package_discovery:discover_packages(path) using defaults
[1.305s] Level 1:colcon.colcon_core.package_discovery:discover_packages(prefix_path) check parameters
[1.305s] Level 1:colcon.colcon_core.package_discovery:discover_packages(prefix_path) discover
[1.335s] DEBUG:colcon.colcon_installed_package_information.package_discovery:Found 6 installed packages in /home/rosuser/yahboom_ws/install
[1.358s] DEBUG:colcon.colcon_installed_package_information.package_discovery:Found 2 installed packages in /home/rosuser/my_robot_ws/install
[1.376s] DEBUG:colcon.colcon_installed_package_information.package_discovery:Found 15 installed packages in /home/rosuser/ROS2Dev/turtlebot3_ws/install
[1.395s] DEBUG:colcon.colcon_installed_package_information.package_discovery:Found 368 installed packages in /opt/ros/humble
[1.397s] Level 1:colcon.colcon_core.package_discovery:discover_packages(prefix_path) using defaults
[1.532s] Level 5:colcon.colcon_core.verb:set package 'laserscan_to_point_pulisher' build argument 'cmake_args' from command line to 'None'
[1.532s] Level 5:colcon.colcon_core.verb:set package 'laserscan_to_point_pulisher' build argument 'cmake_target' from command line to 'None'
[1.532s] Level 5:colcon.colcon_core.verb:set package 'laserscan_to_point_pulisher' build argument 'cmake_target_skip_unavailable' from command line to 'False'
[1.532s] Level 5:colcon.colcon_core.verb:set package 'laserscan_to_point_pulisher' build argument 'cmake_clean_cache' from command line to 'False'
[1.533s] Level 5:colcon.colcon_core.verb:set package 'laserscan_to_point_pulisher' build argument 'cmake_clean_first' from command line to 'False'
[1.533s] Level 5:colcon.colcon_core.verb:set package 'laserscan_to_point_pulisher' build argument 'cmake_force_configure' from command line to 'False'
[1.533s] Level 5:colcon.colcon_core.verb:set package 'laserscan_to_point_pulisher' build argument 'ament_cmake_args' from command line to 'None'
[1.533s] Level 5:colcon.colcon_core.verb:set package 'laserscan_to_point_pulisher' build argument 'catkin_cmake_args' from command line to 'None'
[1.533s] Level 5:colcon.colcon_core.verb:set package 'laserscan_to_point_pulisher' build argument 'catkin_skip_building_tests' from command line to 'False'
[1.533s] DEBUG:colcon.colcon_core.verb:Building package 'laserscan_to_point_pulisher' with the following arguments: {'ament_cmake_args': None, 'build_base': '/home/rosuser/yahboom_ws/build/laserscan_to_point_pulisher', 'catkin_cmake_args': None, 'catkin_skip_building_tests': False, 'cmake_args': None, 'cmake_clean_cache': False, 'cmake_clean_first': False, 'cmake_force_configure': False, 'cmake_target': None, 'cmake_target_skip_unavailable': False, 'install_base': '/home/rosuser/yahboom_ws/install/laserscan_to_point_pulisher', 'merge_install': False, 'path': '/home/rosuser/yahboom_ws/src/laserscan_to_point_pulisher', 'symlink_install': False, 'test_result_base': None}
[1.551s] Level 5:colcon.colcon_core.verb:set package 'robot_pose_publisher' build argument 'cmake_args' from command line to 'None'
[1.551s] Level 5:colcon.colcon_core.verb:set package 'robot_pose_publisher' build argument 'cmake_target' from command line to 'None'
[1.551s] Level 5:colcon.colcon_core.verb:set package 'robot_pose_publisher' build argument 'cmake_target_skip_unavailable' from command line to 'False'
[1.551s] Level 5:colcon.colcon_core.verb:set package 'robot_pose_publisher' build argument 'cmake_clean_cache' from command line to 'False'
[1.551s] Level 5:colcon.colcon_core.verb:set package 'robot_pose_publisher' build argument 'cmake_clean_first' from command line to 'False'
[1.551s] Level 5:colcon.colcon_core.verb:set package 'robot_pose_publisher' build argument 'cmake_force_configure' from command line to 'False'
[1.551s] Level 5:colcon.colcon_core.verb:set package 'robot_pose_publisher' build argument 'ament_cmake_args' from command line to 'None'
[1.551s] Level 5:colcon.colcon_core.verb:set package 'robot_pose_publisher' build argument 'catkin_cmake_args' from command line to 'None'
[1.551s] Level 5:colcon.colcon_core.verb:set package 'robot_pose_publisher' build argument 'catkin_skip_building_tests' from command line to 'False'
[1.551s] DEBUG:colcon.colcon_core.verb:Building package 'robot_pose_publisher' with the following arguments: {'ament_cmake_args': None, 'build_base': '/home/rosuser/yahboom_ws/build/robot_pose_publisher', 'catkin_cmake_args': None, 'catkin_skip_building_tests': False, 'cmake_args': None, 'cmake_clean_cache': False, 'cmake_clean_first': False, 'cmake_force_configure': False, 'cmake_target': None, 'cmake_target_skip_unavailable': False, 'install_base': '/home/rosuser/yahboom_ws/install/robot_pose_publisher', 'merge_install': False, 'path': '/home/rosuser/yahboom_ws/src/robot_pose_publisher', 'symlink_install': False, 'test_result_base': None}
[1.570s] Level 5:colcon.colcon_core.verb:set package 'yahboom_app_save_map' build argument 'cmake_args' from command line to 'None'
[1.570s] Level 5:colcon.colcon_core.verb:set package 'yahboom_app_save_map' build argument 'cmake_target' from command line to 'None'
[1.570s] Level 5:colcon.colcon_core.verb:set package 'yahboom_app_save_map' build argument 'cmake_target_skip_unavailable' from command line to 'False'
[1.570s] Level 5:colcon.colcon_core.verb:set package 'yahboom_app_save_map' build argument 'cmake_clean_cache' from command line to 'False'
[1.570s] Level 5:colcon.colcon_core.verb:set package 'yahboom_app_save_map' build argument 'cmake_clean_first' from command line to 'False'
[1.570s] Level 5:colcon.colcon_core.verb:set package 'yahboom_app_save_map' build argument 'cmake_force_configure' from command line to 'False'
[1.570s] Level 5:colcon.colcon_core.verb:set package 'yahboom_app_save_map' build argument 'ament_cmake_args' from command line to 'None'
[1.571s] Level 5:colcon.colcon_core.verb:set package 'yahboom_app_save_map' build argument 'catkin_cmake_args' from command line to 'None'
[1.571s] Level 5:colcon.colcon_core.verb:set package 'yahboom_app_save_map' build argument 'catkin_skip_building_tests' from command line to 'False'
[1.571s] DEBUG:colcon.colcon_core.verb:Building package 'yahboom_app_save_map' with the following arguments: {'ament_cmake_args': None, 'build_base': '/home/rosuser/yahboom_ws/build/yahboom_app_save_map', 'catkin_cmake_args': None, 'catkin_skip_building_tests': False, 'cmake_args': None, 'cmake_clean_cache': False, 'cmake_clean_first': False, 'cmake_force_configure': False, 'cmake_target': None, 'cmake_target_skip_unavailable': False, 'install_base': '/home/rosuser/yahboom_ws/install/yahboom_app_save_map', 'merge_install': False, 'path': '/home/rosuser/yahboom_ws/src/yahboom_app_save_map', 'symlink_install': False, 'test_result_base': None}
[1.586s] Level 5:colcon.colcon_core.verb:set package 'yahboom_web_savmap_interfaces' build argument 'cmake_args' from command line to 'None'
[1.586s] Level 5:colcon.colcon_core.verb:set package 'yahboom_web_savmap_interfaces' build argument 'cmake_target' from command line to 'None'
[1.586s] Level 5:colcon.colcon_core.verb:set package 'yahboom_web_savmap_interfaces' build argument 'cmake_target_skip_unavailable' from command line to 'False'
[1.586s] Level 5:colcon.colcon_core.verb:set package 'yahboom_web_savmap_interfaces' build argument 'cmake_clean_cache' from command line to 'False'
[1.586s] Level 5:colcon.colcon_core.verb:set package 'yahboom_web_savmap_interfaces' build argument 'cmake_clean_first' from command line to 'False'
[1.586s] Level 5:colcon.colcon_core.verb:set package 'yahboom_web_savmap_interfaces' build argument 'cmake_force_configure' from command line to 'False'
[1.586s] Level 5:colcon.colcon_core.verb:set package 'yahboom_web_savmap_interfaces' build argument 'ament_cmake_args' from command line to 'None'
[1.586s] Level 5:colcon.colcon_core.verb:set package 'yahboom_web_savmap_interfaces' build argument 'catkin_cmake_args' from command line to 'None'
[1.586s] Level 5:colcon.colcon_core.verb:set package 'yahboom_web_savmap_interfaces' build argument 'catkin_skip_building_tests' from command line to 'False'
[1.586s] DEBUG:colcon.colcon_core.verb:Building package 'yahboom_web_savmap_interfaces' with the following arguments: {'ament_cmake_args': None, 'build_base': '/home/rosuser/yahboom_ws/build/yahboom_web_savmap_interfaces', 'catkin_cmake_args': None, 'catkin_skip_building_tests': False, 'cmake_args': None, 'cmake_clean_cache': False, 'cmake_clean_first': False, 'cmake_force_configure': False, 'cmake_target': None, 'cmake_target_skip_unavailable': False, 'install_base': '/home/rosuser/yahboom_ws/install/yahboom_web_savmap_interfaces', 'merge_install': False, 'path': '/home/rosuser/yahboom_ws/src/yahboom_web_savmap_interfaces', 'symlink_install': False, 'test_result_base': None}
[1.603s] Level 5:colcon.colcon_core.verb:set package 'yahboomcar_description' build argument 'cmake_args' from command line to 'None'
[1.603s] Level 5:colcon.colcon_core.verb:set package 'yahboomcar_description' build argument 'cmake_target' from command line to 'None'
[1.604s] Level 5:colcon.colcon_core.verb:set package 'yahboomcar_description' build argument 'cmake_target_skip_unavailable' from command line to 'False'
[1.604s] Level 5:colcon.colcon_core.verb:set package 'yahboomcar_description' build argument 'cmake_clean_cache' from command line to 'False'
[1.604s] Level 5:colcon.colcon_core.verb:set package 'yahboomcar_description' build argument 'cmake_clean_first' from command line to 'False'
[1.604s] Level 5:colcon.colcon_core.verb:set package 'yahboomcar_description' build argument 'cmake_force_configure' from command line to 'False'
[1.604s] Level 5:colcon.colcon_core.verb:set package 'yahboomcar_description' build argument 'ament_cmake_args' from command line to 'None'
[1.604s] Level 5:colcon.colcon_core.verb:set package 'yahboomcar_description' build argument 'catkin_cmake_args' from command line to 'None'
[1.604s] Level 5:colcon.colcon_core.verb:set package 'yahboomcar_description' build argument 'catkin_skip_building_tests' from command line to 'False'
[1.604s] DEBUG:colcon.colcon_core.verb:Building package 'yahboomcar_description' with the following arguments: {'ament_cmake_args': None, 'build_base': '/home/rosuser/yahboom_ws/build/yahboomcar_description', 'catkin_cmake_args': None, 'catkin_skip_building_tests': False, 'cmake_args': None, 'cmake_clean_cache': False, 'cmake_clean_first': False, 'cmake_force_configure': False, 'cmake_target': None, 'cmake_target_skip_unavailable': False, 'install_base': '/home/rosuser/yahboom_ws/install/yahboomcar_description', 'merge_install': False, 'path': '/home/rosuser/yahboom_ws/src/yahboomcar_description', 'symlink_install': False, 'test_result_base': None}
[1.618s] Level 5:colcon.colcon_core.verb:set package 'yahboomcar_msgs' build argument 'cmake_args' from command line to 'None'
[1.618s] Level 5:colcon.colcon_core.verb:set package 'yahboomcar_msgs' build argument 'cmake_target' from command line to 'None'
[1.618s] Level 5:colcon.colcon_core.verb:set package 'yahboomcar_msgs' build argument 'cmake_target_skip_unavailable' from command line to 'False'
[1.618s] Level 5:colcon.colcon_core.verb:set package 'yahboomcar_msgs' build argument 'cmake_clean_cache' from command line to 'False'
[1.618s] Level 5:colcon.colcon_core.verb:set package 'yahboomcar_msgs' build argument 'cmake_clean_first' from command line to 'False'
[1.618s] Level 5:colcon.colcon_core.verb:set package 'yahboomcar_msgs' build argument 'cmake_force_configure' from command line to 'False'
[1.618s] Level 5:colcon.colcon_core.verb:set package 'yahboomcar_msgs' build argument 'ament_cmake_args' from command line to 'None'
[1.618s] Level 5:colcon.colcon_core.verb:set package 'yahboomcar_msgs' build argument 'catkin_cmake_args' from command line to 'None'
[1.618s] Level 5:colcon.colcon_core.verb:set package 'yahboomcar_msgs' build argument 'catkin_skip_building_tests' from command line to 'False'
[1.618s] DEBUG:colcon.colcon_core.verb:Building package 'yahboomcar_msgs' with the following arguments: {'ament_cmake_args': None, 'build_base': '/home/rosuser/yahboom_ws/build/yahboomcar_msgs', 'catkin_cmake_args': None, 'catkin_skip_building_tests': False, 'cmake_args': None, 'cmake_clean_cache': False, 'cmake_clean_first': False, 'cmake_force_configure': False, 'cmake_target': None, 'cmake_target_skip_unavailable': False, 'install_base': '/home/rosuser/yahboom_ws/install/yahboomcar_msgs', 'merge_install': False, 'path': '/home/rosuser/yahboom_ws/src/yahboomcar_msgs', 'symlink_install': False, 'test_result_base': None}
[1.632s] INFO:colcon.colcon_core.executor:Executing jobs using 'parallel' executor
[1.647s] DEBUG:colcon.colcon_parallel_executor.executor.parallel:run_until_complete
[1.647s] INFO:colcon.colcon_ros.task.ament_python.build:Building ROS package in '/home/rosuser/yahboom_ws/src/laserscan_to_point_pulisher' with build type 'ament_python'
[1.648s] Level 1:colcon.colcon_core.shell:create_environment_hook('laserscan_to_point_pulisher', 'ament_prefix_path')
[1.673s] INFO:colcon.colcon_core.plugin_system:Skipping extension 'colcon_core.shell.bat': Not used on non-Windows systems
[1.673s] INFO:colcon.colcon_core.shell:Creating environment hook '/home/rosuser/yahboom_ws/install/laserscan_to_point_pulisher/share/laserscan_to_point_pulisher/hook/ament_prefix_path.ps1'
[1.676s] INFO:colcon.colcon_core.shell:Creating environment descriptor '/home/rosuser/yahboom_ws/install/laserscan_to_point_pulisher/share/laserscan_to_point_pulisher/hook/ament_prefix_path.dsv'
[1.679s] INFO:colcon.colcon_core.shell:Creating environment hook '/home/rosuser/yahboom_ws/install/laserscan_to_point_pulisher/share/laserscan_to_point_pulisher/hook/ament_prefix_path.sh'
[1.704s] INFO:colcon.colcon_core.shell:Skip shell extension 'powershell' for command environment: Not usable outside of PowerShell
[1.704s] DEBUG:colcon.colcon_core.shell:Skip shell extension 'dsv' for command environment
[1.811s] INFO:colcon.colcon_ros.task.ament_python.build:Building ROS package in '/home/rosuser/yahboom_ws/src/robot_pose_publisher' with build type 'ament_python'
[1.811s] Level 1:colcon.colcon_core.shell:create_environment_hook('robot_pose_publisher', 'ament_prefix_path')
[1.828s] INFO:colcon.colcon_core.shell:Creating environment hook '/home/rosuser/yahboom_ws/install/robot_pose_publisher/share/robot_pose_publisher/hook/ament_prefix_path.ps1'
[1.829s] INFO:colcon.colcon_core.shell:Creating environment descriptor '/home/rosuser/yahboom_ws/install/robot_pose_publisher/share/robot_pose_publisher/hook/ament_prefix_path.dsv'
[1.830s] INFO:colcon.colcon_core.shell:Creating environment hook '/home/rosuser/yahboom_ws/install/robot_pose_publisher/share/robot_pose_publisher/hook/ament_prefix_path.sh'
[1.856s] INFO:colcon.colcon_core.shell:Skip shell extension 'powershell' for command environment: Not usable outside of PowerShell
[1.856s] DEBUG:colcon.colcon_core.shell:Skip shell extension 'dsv' for command environment
[2.246s] INFO:colcon.colcon_core.task.python.build:Building Python package in '/home/rosuser/yahboom_ws/src/laserscan_to_point_pulisher'
[2.264s] INFO:colcon.colcon_core.shell:Skip shell extension 'powershell' for command environment: Not usable outside of PowerShell
[2.264s] DEBUG:colcon.colcon_core.shell:Skip shell extension 'dsv' for command environment
[2.698s] INFO:colcon.colcon_core.task.python.build:Building Python package in '/home/rosuser/yahboom_ws/src/robot_pose_publisher'
[2.723s] INFO:colcon.colcon_core.shell:Skip shell extension 'powershell' for command environment: Not usable outside of PowerShell
[2.723s] DEBUG:colcon.colcon_core.shell:Skip shell extension 'dsv' for command environment
[3.303s] DEBUG:colcon.colcon_core.event_handler.log_command:Invoking command in '/home/rosuser/yahboom_ws/src/robot_pose_publisher': PYTHONPATH=/home/rosuser/yahboom_ws/build/robot_pose_publisher/prefix_override:/home/rosuser/yahboom_ws/install/robot_pose_publisher/lib/python3.10/site-packages:${PYTHONPATH} /usr/bin/python3 setup.py egg_info --egg-base ../../build/robot_pose_publisher build --build-base /home/rosuser/yahboom_ws/build/robot_pose_publisher/build install --record /home/rosuser/yahboom_ws/build/robot_pose_publisher/install.log --install-scripts $base/lib/robot_pose_publisher --single-version-externally-managed
[3.334s] DEBUG:colcon.colcon_core.event_handler.log_command:Invoking command in '/home/rosuser/yahboom_ws/src/laserscan_to_point_pulisher': PYTHONPATH=/home/rosuser/yahboom_ws/build/laserscan_to_point_pulisher/prefix_override:/home/rosuser/yahboom_ws/install/laserscan_to_point_pulisher/lib/python3.10/site-packages:${PYTHONPATH} /usr/bin/python3 setup.py egg_info --egg-base ../../build/laserscan_to_point_pulisher build --build-base /home/rosuser/yahboom_ws/build/laserscan_to_point_pulisher/build install --record /home/rosuser/yahboom_ws/build/laserscan_to_point_pulisher/install.log --install-scripts $base/lib/laserscan_to_point_pulisher --single-version-externally-managed
[3.730s] DEBUG:colcon.colcon_core.event_handler.log_command:Invoked command in '/home/rosuser/yahboom_ws/src/robot_pose_publisher' returned '0': PYTHONPATH=/home/rosuser/yahboom_ws/build/robot_pose_publisher/prefix_override:/home/rosuser/yahboom_ws/install/robot_pose_publisher/lib/python3.10/site-packages:${PYTHONPATH} /usr/bin/python3 setup.py egg_info --egg-base ../../build/robot_pose_publisher build --build-base /home/rosuser/yahboom_ws/build/robot_pose_publisher/build install --record /home/rosuser/yahboom_ws/build/robot_pose_publisher/install.log --install-scripts $base/lib/robot_pose_publisher --single-version-externally-managed
[3.757s] Level 1:colcon.colcon_core.environment:checking '/home/rosuser/yahboom_ws/install/robot_pose_publisher' for CMake module files
[3.758s] Level 1:colcon.colcon_core.environment:checking '/home/rosuser/yahboom_ws/install/robot_pose_publisher' for CMake config files
[3.758s] Level 1:colcon.colcon_core.environment:checking '/home/rosuser/yahboom_ws/install/robot_pose_publisher/lib'
[3.759s] Level 1:colcon.colcon_core.environment:checking '/home/rosuser/yahboom_ws/install/robot_pose_publisher/bin'
[3.759s] Level 1:colcon.colcon_core.environment:checking '/home/rosuser/yahboom_ws/install/robot_pose_publisher/lib/pkgconfig/robot_pose_publisher.pc'
[3.759s] Level 1:colcon.colcon_core.environment:checking '/home/rosuser/yahboom_ws/install/robot_pose_publisher/lib/python3.10/site-packages'
[3.759s] Level 1:colcon.colcon_core.shell:create_environment_hook('robot_pose_publisher', 'pythonpath')
[3.777s] INFO:colcon.colcon_core.shell:Creating environment hook '/home/rosuser/yahboom_ws/install/robot_pose_publisher/share/robot_pose_publisher/hook/pythonpath.ps1'
[3.777s] INFO:colcon.colcon_core.shell:Creating environment descriptor '/home/rosuser/yahboom_ws/install/robot_pose_publisher/share/robot_pose_publisher/hook/pythonpath.dsv'
[3.778s] INFO:colcon.colcon_core.shell:Creating environment hook '/home/rosuser/yahboom_ws/install/robot_pose_publisher/share/robot_pose_publisher/hook/pythonpath.sh'
[3.778s] Level 1:colcon.colcon_core.environment:checking '/home/rosuser/yahboom_ws/install/robot_pose_publisher/bin'
[3.779s] Level 1:colcon.colcon_core.environment:create_environment_scripts_only(robot_pose_publisher)
[3.798s] INFO:colcon.colcon_core.shell:Creating package script '/home/rosuser/yahboom_ws/install/robot_pose_publisher/share/robot_pose_publisher/package.ps1'
[3.799s] INFO:colcon.colcon_core.shell:Creating package descriptor '/home/rosuser/yahboom_ws/install/robot_pose_publisher/share/robot_pose_publisher/package.dsv'
[3.799s] INFO:colcon.colcon_core.shell:Creating package script '/home/rosuser/yahboom_ws/install/robot_pose_publisher/share/robot_pose_publisher/package.sh'
[3.800s] INFO:colcon.colcon_core.shell:Creating package script '/home/rosuser/yahboom_ws/install/robot_pose_publisher/share/robot_pose_publisher/package.bash'
[3.801s] INFO:colcon.colcon_core.shell:Creating package script '/home/rosuser/yahboom_ws/install/robot_pose_publisher/share/robot_pose_publisher/package.zsh'
[3.802s] Level 1:colcon.colcon_core.environment:create_file_with_runtime_dependencies(/home/rosuser/yahboom_ws/install/robot_pose_publisher/share/colcon-core/packages/robot_pose_publisher)
[3.803s] INFO:colcon.colcon_ros.task.ament_python.build:Building ROS package in '/home/rosuser/yahboom_ws/src/yahboom_app_save_map' with build type 'ament_python'
[3.803s] Level 1:colcon.colcon_core.shell:create_environment_hook('yahboom_app_save_map', 'ament_prefix_path')
[3.826s] INFO:colcon.colcon_core.shell:Creating environment hook '/home/rosuser/yahboom_ws/install/yahboom_app_save_map/share/yahboom_app_save_map/hook/ament_prefix_path.ps1'
[3.827s] INFO:colcon.colcon_core.shell:Creating environment descriptor '/home/rosuser/yahboom_ws/install/yahboom_app_save_map/share/yahboom_app_save_map/hook/ament_prefix_path.dsv'
[3.828s] INFO:colcon.colcon_core.shell:Creating environment hook '/home/rosuser/yahboom_ws/install/yahboom_app_save_map/share/yahboom_app_save_map/hook/ament_prefix_path.sh'
[3.850s] INFO:colcon.colcon_core.shell:Skip shell extension 'powershell' for command environment: Not usable outside of PowerShell
[3.850s] DEBUG:colcon.colcon_core.shell:Skip shell extension 'dsv' for command environment
[3.953s] DEBUG:colcon.colcon_core.event_handler.log_command:Invoked command in '/home/rosuser/yahboom_ws/src/laserscan_to_point_pulisher' returned '0': PYTHONPATH=/home/rosuser/yahboom_ws/build/laserscan_to_point_pulisher/prefix_override:/home/rosuser/yahboom_ws/install/laserscan_to_point_pulisher/lib/python3.10/site-packages:${PYTHONPATH} /usr/bin/python3 setup.py egg_info --egg-base ../../build/laserscan_to_point_pulisher build --build-base /home/rosuser/yahboom_ws/build/laserscan_to_point_pulisher/build install --record /home/rosuser/yahboom_ws/build/laserscan_to_point_pulisher/install.log --install-scripts $base/lib/laserscan_to_point_pulisher --single-version-externally-managed
[3.972s] Level 1:colcon.colcon_core.environment:checking '/home/rosuser/yahboom_ws/install/laserscan_to_point_pulisher' for CMake module files
[3.973s] Level 1:colcon.colcon_core.environment:checking '/home/rosuser/yahboom_ws/install/laserscan_to_point_pulisher' for CMake config files
[3.973s] Level 1:colcon.colcon_core.environment:checking '/home/rosuser/yahboom_ws/install/laserscan_to_point_pulisher/lib'
[3.973s] Level 1:colcon.colcon_core.environment:checking '/home/rosuser/yahboom_ws/install/laserscan_to_point_pulisher/bin'
[3.973s] Level 1:colcon.colcon_core.environment:checking '/home/rosuser/yahboom_ws/install/laserscan_to_point_pulisher/lib/pkgconfig/laserscan_to_point_pulisher.pc'
[3.974s] Level 1:colcon.colcon_core.environment:checking '/home/rosuser/yahboom_ws/install/laserscan_to_point_pulisher/lib/python3.10/site-packages'
[3.974s] Level 1:colcon.colcon_core.shell:create_environment_hook('laserscan_to_point_pulisher', 'pythonpath')
[3.993s] INFO:colcon.colcon_core.shell:Creating environment hook '/home/rosuser/yahboom_ws/install/laserscan_to_point_pulisher/share/laserscan_to_point_pulisher/hook/pythonpath.ps1'
[3.994s] INFO:colcon.colcon_core.shell:Creating environment descriptor '/home/rosuser/yahboom_ws/install/laserscan_to_point_pulisher/share/laserscan_to_point_pulisher/hook/pythonpath.dsv'
[3.994s] INFO:colcon.colcon_core.shell:Creating environment hook '/home/rosuser/yahboom_ws/install/laserscan_to_point_pulisher/share/laserscan_to_point_pulisher/hook/pythonpath.sh'
[3.995s] Level 1:colcon.colcon_core.environment:checking '/home/rosuser/yahboom_ws/install/laserscan_to_point_pulisher/bin'
[3.995s] Level 1:colcon.colcon_core.environment:create_environment_scripts_only(laserscan_to_point_pulisher)
[4.024s] INFO:colcon.colcon_core.shell:Creating package script '/home/rosuser/yahboom_ws/install/laserscan_to_point_pulisher/share/laserscan_to_point_pulisher/package.ps1'
[4.025s] INFO:colcon.colcon_core.shell:Creating package descriptor '/home/rosuser/yahboom_ws/install/laserscan_to_point_pulisher/share/laserscan_to_point_pulisher/package.dsv'
[4.026s] INFO:colcon.colcon_core.shell:Creating package script '/home/rosuser/yahboom_ws/install/laserscan_to_point_pulisher/share/laserscan_to_point_pulisher/package.sh'
[4.027s] INFO:colcon.colcon_core.shell:Creating package script '/home/rosuser/yahboom_ws/install/laserscan_to_point_pulisher/share/laserscan_to_point_pulisher/package.bash'
[4.027s] INFO:colcon.colcon_core.shell:Creating package script '/home/rosuser/yahboom_ws/install/laserscan_to_point_pulisher/share/laserscan_to_point_pulisher/package.zsh'
[4.028s] Level 1:colcon.colcon_core.environment:create_file_with_runtime_dependencies(/home/rosuser/yahboom_ws/install/laserscan_to_point_pulisher/share/colcon-core/packages/laserscan_to_point_pulisher)
[4.028s] INFO:colcon.colcon_ros.task.ament_cmake.build:Building ROS package in '/home/rosuser/yahboom_ws/src/yahboom_web_savmap_interfaces' with build type 'ament_cmake'
[4.029s] INFO:colcon.colcon_cmake.task.cmake.build:Building CMake package in '/home/rosuser/yahboom_ws/src/yahboom_web_savmap_interfaces'
[4.053s] INFO:colcon.colcon_core.shell:Skip shell extension 'powershell' for command environment: Not usable outside of PowerShell
[4.053s] DEBUG:colcon.colcon_core.shell:Skip shell extension 'dsv' for command environment
[4.521s] INFO:colcon.colcon_core.task.python.build:Building Python package in '/home/rosuser/yahboom_ws/src/yahboom_app_save_map'
[4.544s] INFO:colcon.colcon_core.shell:Skip shell extension 'powershell' for command environment: Not usable outside of PowerShell
[4.544s] DEBUG:colcon.colcon_core.shell:Skip shell extension 'dsv' for command environment
[4.646s] DEBUG:colcon.colcon_core.event_handler.log_command:Invoking command in '/home/rosuser/yahboom_ws/build/yahboom_web_savmap_interfaces': CMAKE_PREFIX_PATH=${CMAKE_PREFIX_PATH}:/home/rosuser/yahboom_ws/install/yahboomcar_description:/home/rosuser/yahboom_ws/install/yahboom_app_save_map:/home/rosuser/yahboom_ws/install/robot_pose_publisher:/home/rosuser/yahboom_ws/install/laserscan_to_point_pulisher:/home/rosuser/ROS2Dev/turtlebot3_ws/install/turtlebot3_teleop:/home/rosuser/ROS2Dev/turtlebot3_ws/install/turtlebot3_example:/opt/ros/humble /usr/bin/cmake --build /home/rosuser/yahboom_ws/build/yahboom_web_savmap_interfaces -- -j2 -l2
[5.199s] DEBUG:colcon.colcon_core.event_handler.log_command:Invoking command in '/home/rosuser/yahboom_ws/src/yahboom_app_save_map': PYTHONPATH=/home/rosuser/yahboom_ws/build/yahboom_app_save_map/prefix_override:/home/rosuser/yahboom_ws/install/yahboom_app_save_map/lib/python3.10/site-packages:${PYTHONPATH} /usr/bin/python3 setup.py egg_info --egg-base ../../build/yahboom_app_save_map build --build-base /home/rosuser/yahboom_ws/build/yahboom_app_save_map/build install --record /home/rosuser/yahboom_ws/build/yahboom_app_save_map/install.log --install-scripts $base/lib/yahboom_app_save_map --single-version-externally-managed
[5.470s] DEBUG:colcon.colcon_core.event_handler.log_command:Invoked command in '/home/rosuser/yahboom_ws/build/yahboom_web_savmap_interfaces' returned '0': CMAKE_PREFIX_PATH=${CMAKE_PREFIX_PATH}:/home/rosuser/yahboom_ws/install/yahboomcar_description:/home/rosuser/yahboom_ws/install/yahboom_app_save_map:/home/rosuser/yahboom_ws/install/robot_pose_publisher:/home/rosuser/yahboom_ws/install/laserscan_to_point_pulisher:/home/rosuser/ROS2Dev/turtlebot3_ws/install/turtlebot3_teleop:/home/rosuser/ROS2Dev/turtlebot3_ws/install/turtlebot3_example:/opt/ros/humble /usr/bin/cmake --build /home/rosuser/yahboom_ws/build/yahboom_web_savmap_interfaces -- -j2 -l2
[5.566s] DEBUG:colcon.colcon_core.event_handler.log_command:Invoking command in '/home/rosuser/yahboom_ws/build/yahboom_web_savmap_interfaces': CMAKE_PREFIX_PATH=${CMAKE_PREFIX_PATH}:/home/rosuser/yahboom_ws/install/yahboomcar_description:/home/rosuser/yahboom_ws/install/yahboom_app_save_map:/home/rosuser/yahboom_ws/install/robot_pose_publisher:/home/rosuser/yahboom_ws/install/laserscan_to_point_pulisher:/home/rosuser/ROS2Dev/turtlebot3_ws/install/turtlebot3_teleop:/home/rosuser/ROS2Dev/turtlebot3_ws/install/turtlebot3_example:/opt/ros/humble /usr/bin/cmake --install /home/rosuser/yahboom_ws/build/yahboom_web_savmap_interfaces
[5.657s] Level 1:colcon.colcon_core.environment:create_environment_scripts_only(yahboom_web_savmap_interfaces)
[5.658s] DEBUG:colcon.colcon_core.event_handler.log_command:Invoked command in '/home/rosuser/yahboom_ws/build/yahboom_web_savmap_interfaces' returned '0': CMAKE_PREFIX_PATH=${CMAKE_PREFIX_PATH}:/home/rosuser/yahboom_ws/install/yahboomcar_description:/home/rosuser/yahboom_ws/install/yahboom_app_save_map:/home/rosuser/yahboom_ws/install/robot_pose_publisher:/home/rosuser/yahboom_ws/install/laserscan_to_point_pulisher:/home/rosuser/ROS2Dev/turtlebot3_ws/install/turtlebot3_teleop:/home/rosuser/ROS2Dev/turtlebot3_ws/install/turtlebot3_example:/opt/ros/humble /usr/bin/cmake --install /home/rosuser/yahboom_ws/build/yahboom_web_savmap_interfaces
[5.680s] Level 1:colcon.colcon_core.environment:checking '/home/rosuser/yahboom_ws/install/yahboom_web_savmap_interfaces' for CMake module files
[5.681s] Level 1:colcon.colcon_core.environment:checking '/home/rosuser/yahboom_ws/install/yahboom_web_savmap_interfaces' for CMake config files
[5.682s] Level 1:colcon.colcon_core.shell:create_environment_hook('yahboom_web_savmap_interfaces', 'cmake_prefix_path')
[5.698s] INFO:colcon.colcon_core.shell:Creating environment hook '/home/rosuser/yahboom_ws/install/yahboom_web_savmap_interfaces/share/yahboom_web_savmap_interfaces/hook/cmake_prefix_path.ps1'
[5.699s] INFO:colcon.colcon_core.shell:Creating environment descriptor '/home/rosuser/yahboom_ws/install/yahboom_web_savmap_interfaces/share/yahboom_web_savmap_interfaces/hook/cmake_prefix_path.dsv'
[5.699s] INFO:colcon.colcon_core.shell:Creating environment hook '/home/rosuser/yahboom_ws/install/yahboom_web_savmap_interfaces/share/yahboom_web_savmap_interfaces/hook/cmake_prefix_path.sh'
[5.700s] Level 1:colcon.colcon_core.environment:checking '/home/rosuser/yahboom_ws/install/yahboom_web_savmap_interfaces/lib'
[5.700s] Level 1:colcon.colcon_core.shell:create_environment_hook('yahboom_web_savmap_interfaces', 'ld_library_path_lib')
[5.714s] INFO:colcon.colcon_core.shell:Creating environment hook '/home/rosuser/yahboom_ws/install/yahboom_web_savmap_interfaces/share/yahboom_web_savmap_interfaces/hook/ld_library_path_lib.ps1'
[5.714s] INFO:colcon.colcon_core.shell:Creating environment descriptor '/home/rosuser/yahboom_ws/install/yahboom_web_savmap_interfaces/share/yahboom_web_savmap_interfaces/hook/ld_library_path_lib.dsv'
[5.715s] INFO:colcon.colcon_core.shell:Creating environment hook '/home/rosuser/yahboom_ws/install/yahboom_web_savmap_interfaces/share/yahboom_web_savmap_interfaces/hook/ld_library_path_lib.sh'
[5.716s] Level 1:colcon.colcon_core.environment:checking '/home/rosuser/yahboom_ws/install/yahboom_web_savmap_interfaces/bin'
[5.716s] Level 1:colcon.colcon_core.environment:checking '/home/rosuser/yahboom_ws/install/yahboom_web_savmap_interfaces/lib/pkgconfig/yahboom_web_savmap_interfaces.pc'
[5.717s] Level 1:colcon.colcon_core.environment:checking '/home/rosuser/yahboom_ws/install/yahboom_web_savmap_interfaces/lib/python3.10/site-packages'
[5.717s] Level 1:colcon.colcon_core.environment:checking '/home/rosuser/yahboom_ws/install/yahboom_web_savmap_interfaces/bin'
[5.743s] INFO:colcon.colcon_core.shell:Creating package script '/home/rosuser/yahboom_ws/install/yahboom_web_savmap_interfaces/share/yahboom_web_savmap_interfaces/package.ps1'
[5.744s] INFO:colcon.colcon_core.shell:Creating package descriptor '/home/rosuser/yahboom_ws/install/yahboom_web_savmap_interfaces/share/yahboom_web_savmap_interfaces/package.dsv'
[5.745s] INFO:colcon.colcon_core.shell:Creating package script '/home/rosuser/yahboom_ws/install/yahboom_web_savmap_interfaces/share/yahboom_web_savmap_interfaces/package.sh'
[5.746s] INFO:colcon.colcon_core.shell:Creating package script '/home/rosuser/yahboom_ws/install/yahboom_web_savmap_interfaces/share/yahboom_web_savmap_interfaces/package.bash'
[5.746s] INFO:colcon.colcon_core.shell:Creating package script '/home/rosuser/yahboom_ws/install/yahboom_web_savmap_interfaces/share/yahboom_web_savmap_interfaces/package.zsh'
[5.747s] Level 1:colcon.colcon_core.environment:create_file_with_runtime_dependencies(/home/rosuser/yahboom_ws/install/yahboom_web_savmap_interfaces/share/colcon-core/packages/yahboom_web_savmap_interfaces)
[5.750s] DEBUG:colcon.colcon_core.event_handler.log_command:Invoked command in '/home/rosuser/yahboom_ws/src/yahboom_app_save_map' returned '0': PYTHONPATH=/home/rosuser/yahboom_ws/build/yahboom_app_save_map/prefix_override:/home/rosuser/yahboom_ws/install/yahboom_app_save_map/lib/python3.10/site-packages:${PYTHONPATH} /usr/bin/python3 setup.py egg_info --egg-base ../../build/yahboom_app_save_map build --build-base /home/rosuser/yahboom_ws/build/yahboom_app_save_map/build install --record /home/rosuser/yahboom_ws/build/yahboom_app_save_map/install.log --install-scripts $base/lib/yahboom_app_save_map --single-version-externally-managed
[5.775s] Level 1:colcon.colcon_core.environment:checking '/home/rosuser/yahboom_ws/install/yahboom_app_save_map' for CMake module files
[5.775s] Level 1:colcon.colcon_core.environment:checking '/home/rosuser/yahboom_ws/install/yahboom_app_save_map' for CMake config files
[5.776s] Level 1:colcon.colcon_core.environment:checking '/home/rosuser/yahboom_ws/install/yahboom_app_save_map/lib'
[5.776s] Level 1:colcon.colcon_core.environment:checking '/home/rosuser/yahboom_ws/install/yahboom_app_save_map/bin'
[5.776s] Level 1:colcon.colcon_core.environment:checking '/home/rosuser/yahboom_ws/install/yahboom_app_save_map/lib/pkgconfig/yahboom_app_save_map.pc'
[5.777s] Level 1:colcon.colcon_core.environment:checking '/home/rosuser/yahboom_ws/install/yahboom_app_save_map/lib/python3.10/site-packages'
[5.777s] Level 1:colcon.colcon_core.shell:create_environment_hook('yahboom_app_save_map', 'pythonpath')
[5.805s] INFO:colcon.colcon_core.shell:Creating environment hook '/home/rosuser/yahboom_ws/install/yahboom_app_save_map/share/yahboom_app_save_map/hook/pythonpath.ps1'
[5.806s] INFO:colcon.colcon_core.shell:Creating environment descriptor '/home/rosuser/yahboom_ws/install/yahboom_app_save_map/share/yahboom_app_save_map/hook/pythonpath.dsv'
[5.807s] INFO:colcon.colcon_core.shell:Creating environment hook '/home/rosuser/yahboom_ws/install/yahboom_app_save_map/share/yahboom_app_save_map/hook/pythonpath.sh'
[5.808s] Level 1:colcon.colcon_core.environment:checking '/home/rosuser/yahboom_ws/install/yahboom_app_save_map/bin'
[5.808s] Level 1:colcon.colcon_core.environment:create_environment_scripts_only(yahboom_app_save_map)
[5.846s] INFO:colcon.colcon_core.shell:Creating package script '/home/rosuser/yahboom_ws/install/yahboom_app_save_map/share/yahboom_app_save_map/package.ps1'
[5.847s] INFO:colcon.colcon_core.shell:Creating package descriptor '/home/rosuser/yahboom_ws/install/yahboom_app_save_map/share/yahboom_app_save_map/package.dsv'
[5.848s] INFO:colcon.colcon_core.shell:Creating package script '/home/rosuser/yahboom_ws/install/yahboom_app_save_map/share/yahboom_app_save_map/package.sh'
[5.849s] INFO:colcon.colcon_core.shell:Creating package script '/home/rosuser/yahboom_ws/install/yahboom_app_save_map/share/yahboom_app_save_map/package.bash'
[5.849s] INFO:colcon.colcon_core.shell:Creating package script '/home/rosuser/yahboom_ws/install/yahboom_app_save_map/share/yahboom_app_save_map/package.zsh'
[5.849s] Level 1:colcon.colcon_core.environment:create_file_with_runtime_dependencies(/home/rosuser/yahboom_ws/install/yahboom_app_save_map/share/colcon-core/packages/yahboom_app_save_map)
[5.850s] INFO:colcon.colcon_ros.task.ament_python.build:Building ROS package in '/home/rosuser/yahboom_ws/src/yahboomcar_description' with build type 'ament_python'
[5.850s] Level 1:colcon.colcon_core.shell:create_environment_hook('yahboomcar_description', 'ament_prefix_path')
[5.872s] INFO:colcon.colcon_core.shell:Creating environment hook '/home/rosuser/yahboom_ws/install/yahboomcar_description/share/yahboomcar_description/hook/ament_prefix_path.ps1'
[5.874s] INFO:colcon.colcon_core.shell:Creating environment descriptor '/home/rosuser/yahboom_ws/install/yahboomcar_description/share/yahboomcar_description/hook/ament_prefix_path.dsv'
[5.875s] INFO:colcon.colcon_core.shell:Creating environment hook '/home/rosuser/yahboom_ws/install/yahboomcar_description/share/yahboomcar_description/hook/ament_prefix_path.sh'
[5.898s] INFO:colcon.colcon_core.shell:Skip shell extension 'powershell' for command environment: Not usable outside of PowerShell
[5.898s] DEBUG:colcon.colcon_core.shell:Skip shell extension 'dsv' for command environment
[6.014s] Level 1:colcon.colcon_core.environment:create_environment_scripts_only(yahboom_web_savmap_interfaces)
[6.035s] Level 1:colcon.colcon_core.environment:checking '/home/rosuser/yahboom_ws/install/yahboom_web_savmap_interfaces' for CMake module files
[6.036s] Level 1:colcon.colcon_core.environment:checking '/home/rosuser/yahboom_ws/install/yahboom_web_savmap_interfaces' for CMake config files
[6.036s] Level 1:colcon.colcon_core.shell:create_environment_hook('yahboom_web_savmap_interfaces', 'cmake_prefix_path')
[6.053s] INFO:colcon.colcon_core.shell:Creating environment hook '/home/rosuser/yahboom_ws/install/yahboom_web_savmap_interfaces/share/yahboom_web_savmap_interfaces/hook/cmake_prefix_path.ps1'
[6.054s] INFO:colcon.colcon_core.shell:Creating environment descriptor '/home/rosuser/yahboom_ws/install/yahboom_web_savmap_interfaces/share/yahboom_web_savmap_interfaces/hook/cmake_prefix_path.dsv'
[6.055s] INFO:colcon.colcon_core.shell:Creating environment hook '/home/rosuser/yahboom_ws/install/yahboom_web_savmap_interfaces/share/yahboom_web_savmap_interfaces/hook/cmake_prefix_path.sh'
[6.055s] Level 1:colcon.colcon_core.environment:checking '/home/rosuser/yahboom_ws/install/yahboom_web_savmap_interfaces/lib'
[6.056s] Level 1:colcon.colcon_core.shell:create_environment_hook('yahboom_web_savmap_interfaces', 'ld_library_path_lib')
[6.076s] INFO:colcon.colcon_core.shell:Creating environment hook '/home/rosuser/yahboom_ws/install/yahboom_web_savmap_interfaces/share/yahboom_web_savmap_interfaces/hook/ld_library_path_lib.ps1'
[6.077s] INFO:colcon.colcon_core.shell:Creating environment descriptor '/home/rosuser/yahboom_ws/install/yahboom_web_savmap_interfaces/share/yahboom_web_savmap_interfaces/hook/ld_library_path_lib.dsv'
[6.077s] INFO:colcon.colcon_core.shell:Creating environment hook '/home/rosuser/yahboom_ws/install/yahboom_web_savmap_interfaces/share/yahboom_web_savmap_interfaces/hook/ld_library_path_lib.sh'
[6.078s] Level 1:colcon.colcon_core.environment:checking '/home/rosuser/yahboom_ws/install/yahboom_web_savmap_interfaces/bin'
[6.078s] Level 1:colcon.colcon_core.environment:checking '/home/rosuser/yahboom_ws/install/yahboom_web_savmap_interfaces/lib/pkgconfig/yahboom_web_savmap_interfaces.pc'
[6.078s] Level 1:colcon.colcon_core.environment:checking '/home/rosuser/yahboom_ws/install/yahboom_web_savmap_interfaces/lib/python3.10/site-packages'
[6.078s] Level 1:colcon.colcon_core.environment:checking '/home/rosuser/yahboom_ws/install/yahboom_web_savmap_interfaces/bin'
[6.094s] INFO:colcon.colcon_core.shell:Creating package script '/home/rosuser/yahboom_ws/install/yahboom_web_savmap_interfaces/share/yahboom_web_savmap_interfaces/package.ps1'
[6.095s] INFO:colcon.colcon_core.shell:Creating package descriptor '/home/rosuser/yahboom_ws/install/yahboom_web_savmap_interfaces/share/yahboom_web_savmap_interfaces/package.dsv'
[6.096s] INFO:colcon.colcon_core.shell:Creating package script '/home/rosuser/yahboom_ws/install/yahboom_web_savmap_interfaces/share/yahboom_web_savmap_interfaces/package.sh'
[6.098s] INFO:colcon.colcon_core.shell:Creating package script '/home/rosuser/yahboom_ws/install/yahboom_web_savmap_interfaces/share/yahboom_web_savmap_interfaces/package.bash'
[6.099s] INFO:colcon.colcon_core.shell:Creating package script '/home/rosuser/yahboom_ws/install/yahboom_web_savmap_interfaces/share/yahboom_web_savmap_interfaces/package.zsh'
[6.100s] Level 1:colcon.colcon_core.environment:create_file_with_runtime_dependencies(/home/rosuser/yahboom_ws/install/yahboom_web_savmap_interfaces/share/colcon-core/packages/yahboom_web_savmap_interfaces)
[6.101s] INFO:colcon.colcon_ros.task.ament_cmake.build:Building ROS package in '/home/rosuser/yahboom_ws/src/yahboomcar_msgs' with build type 'ament_cmake'
[6.101s] INFO:colcon.colcon_cmake.task.cmake.build:Building CMake package in '/home/rosuser/yahboom_ws/src/yahboomcar_msgs'
[6.117s] INFO:colcon.colcon_core.shell:Skip shell extension 'powershell' for command environment: Not usable outside of PowerShell
[6.120s] DEBUG:colcon.colcon_core.shell:Skip shell extension 'dsv' for command environment
[6.558s] INFO:colcon.colcon_core.task.python.build:Building Python package in '/home/rosuser/yahboom_ws/src/yahboomcar_description'
[6.578s] INFO:colcon.colcon_core.shell:Skip shell extension 'powershell' for command environment: Not usable outside of PowerShell
[6.578s] DEBUG:colcon.colcon_core.shell:Skip shell extension 'dsv' for command environment
[6.687s] DEBUG:colcon.colcon_core.event_handler.log_command:Invoking command in '/home/rosuser/yahboom_ws/build/yahboomcar_msgs': CMAKE_PREFIX_PATH=${CMAKE_PREFIX_PATH}:/home/rosuser/yahboom_ws/install/yahboomcar_description:/home/rosuser/yahboom_ws/install/yahboom_app_save_map:/home/rosuser/yahboom_ws/install/robot_pose_publisher:/home/rosuser/yahboom_ws/install/laserscan_to_point_pulisher:/home/rosuser/ROS2Dev/turtlebot3_ws/install/turtlebot3_teleop:/home/rosuser/ROS2Dev/turtlebot3_ws/install/turtlebot3_example:/opt/ros/humble /usr/bin/cmake --build /home/rosuser/yahboom_ws/build/yahboomcar_msgs -- -j2 -l2
[7.267s] DEBUG:colcon.colcon_core.event_handler.log_command:Invoking command in '/home/rosuser/yahboom_ws/src/yahboomcar_description': PYTHONPATH=/home/rosuser/yahboom_ws/build/yahboomcar_description/prefix_override:/home/rosuser/yahboom_ws/install/yahboomcar_description/lib/python3.10/site-packages:${PYTHONPATH} /usr/bin/python3 setup.py egg_info --egg-base ../../build/yahboomcar_description build --build-base /home/rosuser/yahboom_ws/build/yahboomcar_description/build install --record /home/rosuser/yahboom_ws/build/yahboomcar_description/install.log --install-scripts $base/lib/yahboomcar_description --single-version-externally-managed
[7.465s] DEBUG:colcon.colcon_core.event_handler.log_command:Invoked command in '/home/rosuser/yahboom_ws/build/yahboomcar_msgs' returned '0': CMAKE_PREFIX_PATH=${CMAKE_PREFIX_PATH}:/home/rosuser/yahboom_ws/install/yahboomcar_description:/home/rosuser/yahboom_ws/install/yahboom_app_save_map:/home/rosuser/yahboom_ws/install/robot_pose_publisher:/home/rosuser/yahboom_ws/install/laserscan_to_point_pulisher:/home/rosuser/ROS2Dev/turtlebot3_ws/install/turtlebot3_teleop:/home/rosuser/ROS2Dev/turtlebot3_ws/install/turtlebot3_example:/opt/ros/humble /usr/bin/cmake --build /home/rosuser/yahboom_ws/build/yahboomcar_msgs -- -j2 -l2
[7.632s] DEBUG:colcon.colcon_core.event_handler.log_command:Invoking command in '/home/rosuser/yahboom_ws/build/yahboomcar_msgs': CMAKE_PREFIX_PATH=${CMAKE_PREFIX_PATH}:/home/rosuser/yahboom_ws/install/yahboomcar_description:/home/rosuser/yahboom_ws/install/yahboom_app_save_map:/home/rosuser/yahboom_ws/install/robot_pose_publisher:/home/rosuser/yahboom_ws/install/laserscan_to_point_pulisher:/home/rosuser/ROS2Dev/turtlebot3_ws/install/turtlebot3_teleop:/home/rosuser/ROS2Dev/turtlebot3_ws/install/turtlebot3_example:/opt/ros/humble /usr/bin/cmake --install /home/rosuser/yahboom_ws/build/yahboomcar_msgs
[7.744s] Level 1:colcon.colcon_core.environment:create_environment_scripts_only(yahboomcar_msgs)
[7.747s] DEBUG:colcon.colcon_core.event_handler.log_command:Invoked command in '/home/rosuser/yahboom_ws/build/yahboomcar_msgs' returned '0': CMAKE_PREFIX_PATH=${CMAKE_PREFIX_PATH}:/home/rosuser/yahboom_ws/install/yahboomcar_description:/home/rosuser/yahboom_ws/install/yahboom_app_save_map:/home/rosuser/yahboom_ws/install/robot_pose_publisher:/home/rosuser/yahboom_ws/install/laserscan_to_point_pulisher:/home/rosuser/ROS2Dev/turtlebot3_ws/install/turtlebot3_teleop:/home/rosuser/ROS2Dev/turtlebot3_ws/install/turtlebot3_example:/opt/ros/humble /usr/bin/cmake --install /home/rosuser/yahboom_ws/build/yahboomcar_msgs
[7.763s] Level 1:colcon.colcon_core.environment:checking '/home/rosuser/yahboom_ws/install/yahboomcar_msgs' for CMake module files
[7.765s] Level 1:colcon.colcon_core.environment:checking '/home/rosuser/yahboom_ws/install/yahboomcar_msgs' for CMake config files
[7.765s] Level 1:colcon.colcon_core.shell:create_environment_hook('yahboomcar_msgs', 'cmake_prefix_path')
[7.782s] INFO:colcon.colcon_core.shell:Creating environment hook '/home/rosuser/yahboom_ws/install/yahboomcar_msgs/share/yahboomcar_msgs/hook/cmake_prefix_path.ps1'
[7.783s] INFO:colcon.colcon_core.shell:Creating environment descriptor '/home/rosuser/yahboom_ws/install/yahboomcar_msgs/share/yahboomcar_msgs/hook/cmake_prefix_path.dsv'
[7.784s] INFO:colcon.colcon_core.shell:Creating environment hook '/home/rosuser/yahboom_ws/install/yahboomcar_msgs/share/yahboomcar_msgs/hook/cmake_prefix_path.sh'
[7.784s] Level 1:colcon.colcon_core.environment:checking '/home/rosuser/yahboom_ws/install/yahboomcar_msgs/lib'
[7.784s] Level 1:colcon.colcon_core.shell:create_environment_hook('yahboomcar_msgs', 'ld_library_path_lib')
[7.802s] INFO:colcon.colcon_core.shell:Creating environment hook '/home/rosuser/yahboom_ws/install/yahboomcar_msgs/share/yahboomcar_msgs/hook/ld_library_path_lib.ps1'
[7.803s] INFO:colcon.colcon_core.shell:Creating environment descriptor '/home/rosuser/yahboom_ws/install/yahboomcar_msgs/share/yahboomcar_msgs/hook/ld_library_path_lib.dsv'
[7.803s] INFO:colcon.colcon_core.shell:Creating environment hook '/home/rosuser/yahboom_ws/install/yahboomcar_msgs/share/yahboomcar_msgs/hook/ld_library_path_lib.sh'
[7.804s] Level 1:colcon.colcon_core.environment:checking '/home/rosuser/yahboom_ws/install/yahboomcar_msgs/bin'
[7.804s] Level 1:colcon.colcon_core.environment:checking '/home/rosuser/yahboom_ws/install/yahboomcar_msgs/lib/pkgconfig/yahboomcar_msgs.pc'
[7.805s] Level 1:colcon.colcon_core.environment:checking '/home/rosuser/yahboom_ws/install/yahboomcar_msgs/lib/python3.10/site-packages'
[7.805s] Level 1:colcon.colcon_core.environment:checking '/home/rosuser/yahboom_ws/install/yahboomcar_msgs/bin'
[7.826s] INFO:colcon.colcon_core.shell:Creating package script '/home/rosuser/yahboom_ws/install/yahboomcar_msgs/share/yahboomcar_msgs/package.ps1'
[7.826s] INFO:colcon.colcon_core.shell:Creating package descriptor '/home/rosuser/yahboom_ws/install/yahboomcar_msgs/share/yahboomcar_msgs/package.dsv'
[7.827s] INFO:colcon.colcon_core.shell:Creating package script '/home/rosuser/yahboom_ws/install/yahboomcar_msgs/share/yahboomcar_msgs/package.sh'
[7.827s] INFO:colcon.colcon_core.shell:Creating package script '/home/rosuser/yahboom_ws/install/yahboomcar_msgs/share/yahboomcar_msgs/package.bash'
[7.828s] INFO:colcon.colcon_core.shell:Creating package script '/home/rosuser/yahboom_ws/install/yahboomcar_msgs/share/yahboomcar_msgs/package.zsh'
[7.828s] Level 1:colcon.colcon_core.environment:create_file_with_runtime_dependencies(/home/rosuser/yahboom_ws/install/yahboomcar_msgs/share/colcon-core/packages/yahboomcar_msgs)
[7.831s] DEBUG:colcon.colcon_core.event_handler.log_command:Invoked command in '/home/rosuser/yahboom_ws/src/yahboomcar_description' returned '0': PYTHONPATH=/home/rosuser/yahboom_ws/build/yahboomcar_description/prefix_override:/home/rosuser/yahboom_ws/install/yahboomcar_description/lib/python3.10/site-packages:${PYTHONPATH} /usr/bin/python3 setup.py egg_info --egg-base ../../build/yahboomcar_description build --build-base /home/rosuser/yahboom_ws/build/yahboomcar_description/build install --record /home/rosuser/yahboom_ws/build/yahboomcar_description/install.log --install-scripts $base/lib/yahboomcar_description --single-version-externally-managed
[7.850s] Level 1:colcon.colcon_core.environment:checking '/home/rosuser/yahboom_ws/install/yahboomcar_description' for CMake module files
[7.850s] Level 1:colcon.colcon_core.environment:checking '/home/rosuser/yahboom_ws/install/yahboomcar_description' for CMake config files
[7.851s] Level 1:colcon.colcon_core.environment:checking '/home/rosuser/yahboom_ws/install/yahboomcar_description/lib'
[7.851s] Level 1:colcon.colcon_core.environment:checking '/home/rosuser/yahboom_ws/install/yahboomcar_description/bin'
[7.852s] Level 1:colcon.colcon_core.environment:checking '/home/rosuser/yahboom_ws/install/yahboomcar_description/lib/pkgconfig/yahboomcar_description.pc'
[7.852s] Level 1:colcon.colcon_core.environment:checking '/home/rosuser/yahboom_ws/install/yahboomcar_description/lib/python3.10/site-packages'
[7.852s] Level 1:colcon.colcon_core.shell:create_environment_hook('yahboomcar_description', 'pythonpath')
[7.875s] INFO:colcon.colcon_core.shell:Creating environment hook '/home/rosuser/yahboom_ws/install/yahboomcar_description/share/yahboomcar_description/hook/pythonpath.ps1'
[7.876s] INFO:colcon.colcon_core.shell:Creating environment descriptor '/home/rosuser/yahboom_ws/install/yahboomcar_description/share/yahboomcar_description/hook/pythonpath.dsv'
[7.876s] INFO:colcon.colcon_core.shell:Creating environment hook '/home/rosuser/yahboom_ws/install/yahboomcar_description/share/yahboomcar_description/hook/pythonpath.sh'
[7.877s] Level 1:colcon.colcon_core.environment:checking '/home/rosuser/yahboom_ws/install/yahboomcar_description/bin'
[7.877s] Level 1:colcon.colcon_core.environment:create_environment_scripts_only(yahboomcar_description)
[7.896s] INFO:colcon.colcon_core.shell:Creating package script '/home/rosuser/yahboom_ws/install/yahboomcar_description/share/yahboomcar_description/package.ps1'
[7.897s] INFO:colcon.colcon_core.shell:Creating package descriptor '/home/rosuser/yahboom_ws/install/yahboomcar_description/share/yahboomcar_description/package.dsv'
[7.897s] INFO:colcon.colcon_core.shell:Creating package script '/home/rosuser/yahboom_ws/install/yahboomcar_description/share/yahboomcar_description/package.sh'
[7.898s] INFO:colcon.colcon_core.shell:Creating package script '/home/rosuser/yahboom_ws/install/yahboomcar_description/share/yahboomcar_description/package.bash'
[7.899s] INFO:colcon.colcon_core.shell:Creating package script '/home/rosuser/yahboom_ws/install/yahboomcar_description/share/yahboomcar_description/package.zsh'
[7.899s] Level 1:colcon.colcon_core.environment:create_file_with_runtime_dependencies(/home/rosuser/yahboom_ws/install/yahboomcar_description/share/colcon-core/packages/yahboomcar_description)
[8.045s] Level 1:colcon.colcon_core.environment:create_environment_scripts_only(yahboomcar_msgs)
[8.063s] Level 1:colcon.colcon_core.environment:checking '/home/rosuser/yahboom_ws/install/yahboomcar_msgs' for CMake module files
[8.064s] Level 1:colcon.colcon_core.environment:checking '/home/rosuser/yahboom_ws/install/yahboomcar_msgs' for CMake config files
[8.064s] Level 1:colcon.colcon_core.shell:create_environment_hook('yahboomcar_msgs', 'cmake_prefix_path')
[8.080s] INFO:colcon.colcon_core.shell:Creating environment hook '/home/rosuser/yahboom_ws/install/yahboomcar_msgs/share/yahboomcar_msgs/hook/cmake_prefix_path.ps1'
[8.081s] INFO:colcon.colcon_core.shell:Creating environment descriptor '/home/rosuser/yahboom_ws/install/yahboomcar_msgs/share/yahboomcar_msgs/hook/cmake_prefix_path.dsv'
[8.081s] INFO:colcon.colcon_core.shell:Creating environment hook '/home/rosuser/yahboom_ws/install/yahboomcar_msgs/share/yahboomcar_msgs/hook/cmake_prefix_path.sh'
[8.082s] Level 1:colcon.colcon_core.environment:checking '/home/rosuser/yahboom_ws/install/yahboomcar_msgs/lib'
[8.082s] Level 1:colcon.colcon_core.shell:create_environment_hook('yahboomcar_msgs', 'ld_library_path_lib')
[8.107s] INFO:colcon.colcon_core.shell:Creating environment hook '/home/rosuser/yahboom_ws/install/yahboomcar_msgs/share/yahboomcar_msgs/hook/ld_library_path_lib.ps1'
[8.108s] INFO:colcon.colcon_core.shell:Creating environment descriptor '/home/rosuser/yahboom_ws/install/yahboomcar_msgs/share/yahboomcar_msgs/hook/ld_library_path_lib.dsv'
[8.108s] INFO:colcon.colcon_core.shell:Creating environment hook '/home/rosuser/yahboom_ws/install/yahboomcar_msgs/share/yahboomcar_msgs/hook/ld_library_path_lib.sh'
[8.109s] Level 1:colcon.colcon_core.environment:checking '/home/rosuser/yahboom_ws/install/yahboomcar_msgs/bin'
[8.109s] Level 1:colcon.colcon_core.environment:checking '/home/rosuser/yahboom_ws/install/yahboomcar_msgs/lib/pkgconfig/yahboomcar_msgs.pc'
[8.109s] Level 1:colcon.colcon_core.environment:checking '/home/rosuser/yahboom_ws/install/yahboomcar_msgs/lib/python3.10/site-packages'
[8.109s] Level 1:colcon.colcon_core.environment:checking '/home/rosuser/yahboom_ws/install/yahboomcar_msgs/bin'
[8.129s] INFO:colcon.colcon_core.shell:Creating package script '/home/rosuser/yahboom_ws/install/yahboomcar_msgs/share/yahboomcar_msgs/package.ps1'
[8.129s] INFO:colcon.colcon_core.shell:Creating package descriptor '/home/rosuser/yahboom_ws/install/yahboomcar_msgs/share/yahboomcar_msgs/package.dsv'
[8.130s] INFO:colcon.colcon_core.shell:Creating package script '/home/rosuser/yahboom_ws/install/yahboomcar_msgs/share/yahboomcar_msgs/package.sh'
[8.131s] INFO:colcon.colcon_core.shell:Creating package script '/home/rosuser/yahboom_ws/install/yahboomcar_msgs/share/yahboomcar_msgs/package.bash'
[8.131s] INFO:colcon.colcon_core.shell:Creating package script '/home/rosuser/yahboom_ws/install/yahboomcar_msgs/share/yahboomcar_msgs/package.zsh'
[8.132s] Level 1:colcon.colcon_core.environment:create_file_with_runtime_dependencies(/home/rosuser/yahboom_ws/install/yahboomcar_msgs/share/colcon-core/packages/yahboomcar_msgs)
[8.133s] DEBUG:colcon.colcon_parallel_executor.executor.parallel:closing loop
[8.133s] DEBUG:colcon.colcon_parallel_executor.executor.parallel:loop closed
[8.133s] DEBUG:colcon.colcon_parallel_executor.executor.parallel:run_until_complete finished with '0'
[8.133s] DEBUG:colcon.colcon_core.event_reactor:joining thread
[8.161s] INFO:colcon.colcon_core.plugin_system:Skipping extension 'colcon_notification.desktop_notification.terminal_notifier': Not used on non-Darwin systems
[8.161s] INFO:colcon.colcon_core.plugin_system:Skipping extension 'colcon_notification.desktop_notification.win32': Not used on non-Windows systems
[8.161s] INFO:colcon.colcon_notification.desktop_notification:Sending desktop notification using 'notify2'
[8.188s] DEBUG:colcon.colcon_core.event_reactor:joined thread
[8.212s] INFO:colcon.colcon_core.shell:Creating prefix script '/home/rosuser/yahboom_ws/install/local_setup.ps1'
[8.214s] INFO:colcon.colcon_core.shell:Creating prefix util module '/home/rosuser/yahboom_ws/install/_local_setup_util_ps1.py'
[8.217s] INFO:colcon.colcon_core.shell:Creating prefix chain script '/home/rosuser/yahboom_ws/install/setup.ps1'
[8.250s] INFO:colcon.colcon_core.shell:Creating prefix script '/home/rosuser/yahboom_ws/install/local_setup.sh'
[8.251s] INFO:colcon.colcon_core.shell:Creating prefix util module '/home/rosuser/yahboom_ws/install/_local_setup_util_sh.py'
[8.252s] INFO:colcon.colcon_core.shell:Creating prefix chain script '/home/rosuser/yahboom_ws/install/setup.sh'
[8.275s] INFO:colcon.colcon_core.shell:Creating prefix script '/home/rosuser/yahboom_ws/install/local_setup.bash'
[8.276s] INFO:colcon.colcon_core.shell:Creating prefix chain script '/home/rosuser/yahboom_ws/install/setup.bash'
[8.296s] INFO:colcon.colcon_core.shell:Creating prefix script '/home/rosuser/yahboom_ws/install/local_setup.zsh'
[8.297s] INFO:colcon.colcon_core.shell:Creating prefix chain script '/home/rosuser/yahboom_ws/install/setup.zsh'
