[0.527s] Invoking command in '/home/rosuser/yahboom_ws/build/yahboom_web_savmap_interfaces': CMAKE_PREFIX_PATH=${CMAKE_PREFIX_PATH}:/home/rosuser/yahboom_ws/install/yahboomcar_description:/home/rosuser/yahboom_ws/install/yahboom_app_save_map:/home/rosuser/yahboom_ws/install/robot_pose_publisher:/home/rosuser/yahboom_ws/install/laserscan_to_point_pulisher:/home/rosuser/ROS2Dev/turtlebot3_ws/install/turtlebot3_teleop:/home/rosuser/ROS2Dev/turtlebot3_ws/install/turtlebot3_example:/opt/ros/humble /usr/bin/cmake --build /home/rosuser/yahboom_ws/build/yahboom_web_savmap_interfaces -- -j2 -l2
[0.619s] [  3%] Built target yahboom_web_savmap_interfaces__cpp
[0.630s] [ 12%] Built target yahboom_web_savmap_interfaces__rosidl_generator_c
[0.670s] [ 22%] Built target yahboom_web_savmap_interfaces__rosidl_typesupport_cpp
[0.700s] [ 32%] Built target yahboom_web_savmap_interfaces__rosidl_typesupport_fastrtps_c
[0.712s] [ 32%] Built target ament_cmake_python_copy_yahboom_web_savmap_interfaces
[0.736s] [ 41%] Built target yahboom_web_savmap_interfaces__rosidl_typesupport_fastrtps_cpp
[0.768s] [ 51%] Built target yahboom_web_savmap_interfaces__rosidl_typesupport_introspection_c
[0.793s] [ 61%] Built target yahboom_web_savmap_interfaces__rosidl_typesupport_introspection_cpp
[0.795s] [ 70%] Built target yahboom_web_savmap_interfaces__rosidl_typesupport_c
[0.816s] [ 70%] Built target yahboom_web_savmap_interfaces
[0.908s] [ 74%] Built target yahboom_web_savmap_interfaces__py
[1.030s] [ 80%] Built target yahboom_web_savmap_interfaces__rosidl_generator_py
[1.119s] [ 87%] Built target yahboom_web_savmap_interfaces__rosidl_typesupport_fastrtps_c__pyext
[1.192s] running egg_info
[1.194s] writing yahboom_web_savmap_interfaces.egg-info/PKG-INFO
[1.195s] writing dependency_links to yahboom_web_savmap_interfaces.egg-info/dependency_links.txt
[1.196s] writing top-level names to yahboom_web_savmap_interfaces.egg-info/top_level.txt
[1.201s] reading manifest file 'yahboom_web_savmap_interfaces.egg-info/SOURCES.txt'
[1.202s] writing manifest file 'yahboom_web_savmap_interfaces.egg-info/SOURCES.txt'
[1.240s] [ 90%] Built target ament_cmake_python_build_yahboom_web_savmap_interfaces_egg
[1.241s] [ 93%] Built target yahboom_web_savmap_interfaces__rosidl_typesupport_introspection_c__pyext
[1.263s] [100%] Built target yahboom_web_savmap_interfaces__rosidl_typesupport_c__pyext
[1.275s] Invoked command in '/home/rosuser/yahboom_ws/build/yahboom_web_savmap_interfaces' returned '0': CMAKE_PREFIX_PATH=${CMAKE_PREFIX_PATH}:/home/rosuser/yahboom_ws/install/yahboomcar_description:/home/rosuser/yahboom_ws/install/yahboom_app_save_map:/home/rosuser/yahboom_ws/install/robot_pose_publisher:/home/rosuser/yahboom_ws/install/laserscan_to_point_pulisher:/home/rosuser/ROS2Dev/turtlebot3_ws/install/turtlebot3_teleop:/home/rosuser/ROS2Dev/turtlebot3_ws/install/turtlebot3_example:/opt/ros/humble /usr/bin/cmake --build /home/rosuser/yahboom_ws/build/yahboom_web_savmap_interfaces -- -j2 -l2
[1.370s] Invoking command in '/home/rosuser/yahboom_ws/build/yahboom_web_savmap_interfaces': CMAKE_PREFIX_PATH=${CMAKE_PREFIX_PATH}:/home/rosuser/yahboom_ws/install/yahboomcar_description:/home/rosuser/yahboom_ws/install/yahboom_app_save_map:/home/rosuser/yahboom_ws/install/robot_pose_publisher:/home/rosuser/yahboom_ws/install/laserscan_to_point_pulisher:/home/rosuser/ROS2Dev/turtlebot3_ws/install/turtlebot3_teleop:/home/rosuser/ROS2Dev/turtlebot3_ws/install/turtlebot3_example:/opt/ros/humble /usr/bin/cmake --install /home/rosuser/yahboom_ws/build/yahboom_web_savmap_interfaces
[1.381s] -- Install configuration: ""
[1.381s] -- Up-to-date: /home/rosuser/yahboom_ws/install/yahboom_web_savmap_interfaces/share/ament_index/resource_index/rosidl_interfaces/yahboom_web_savmap_interfaces
[1.382s] -- Up-to-date: /home/rosuser/yahboom_ws/install/yahboom_web_savmap_interfaces/include/yahboom_web_savmap_interfaces/yahboom_web_savmap_interfaces
[1.382s] -- Up-to-date: /home/rosuser/yahboom_ws/install/yahboom_web_savmap_interfaces/include/yahboom_web_savmap_interfaces/yahboom_web_savmap_interfaces/srv
[1.382s] -- Up-to-date: /home/rosuser/yahboom_ws/install/yahboom_web_savmap_interfaces/include/yahboom_web_savmap_interfaces/yahboom_web_savmap_interfaces/srv/detail
[1.382s] -- Up-to-date: /home/rosuser/yahboom_ws/install/yahboom_web_savmap_interfaces/include/yahboom_web_savmap_interfaces/yahboom_web_savmap_interfaces/srv/detail/web_save_map__type_support.h
[1.382s] -- Up-to-date: /home/rosuser/yahboom_ws/install/yahboom_web_savmap_interfaces/include/yahboom_web_savmap_interfaces/yahboom_web_savmap_interfaces/srv/detail/web_save_map__functions.h
[1.383s] -- Up-to-date: /home/rosuser/yahboom_ws/install/yahboom_web_savmap_interfaces/include/yahboom_web_savmap_interfaces/yahboom_web_savmap_interfaces/srv/detail/web_save_map__struct.h
[1.383s] -- Up-to-date: /home/rosuser/yahboom_ws/install/yahboom_web_savmap_interfaces/include/yahboom_web_savmap_interfaces/yahboom_web_savmap_interfaces/srv/detail/web_save_map__functions.c
[1.383s] -- Up-to-date: /home/rosuser/yahboom_ws/install/yahboom_web_savmap_interfaces/include/yahboom_web_savmap_interfaces/yahboom_web_savmap_interfaces/srv/web_save_map.h
[1.383s] -- Up-to-date: /home/rosuser/yahboom_ws/install/yahboom_web_savmap_interfaces/include/yahboom_web_savmap_interfaces/yahboom_web_savmap_interfaces/msg
[1.383s] -- Up-to-date: /home/rosuser/yahboom_ws/install/yahboom_web_savmap_interfaces/include/yahboom_web_savmap_interfaces/yahboom_web_savmap_interfaces/msg/rosidl_generator_c__visibility_control.h
[1.383s] -- Up-to-date: /home/rosuser/yahboom_ws/install/yahboom_web_savmap_interfaces/share/yahboom_web_savmap_interfaces/environment/library_path.sh
[1.384s] -- Up-to-date: /home/rosuser/yahboom_ws/install/yahboom_web_savmap_interfaces/share/yahboom_web_savmap_interfaces/environment/library_path.dsv
[1.384s] -- Up-to-date: /home/rosuser/yahboom_ws/install/yahboom_web_savmap_interfaces/lib/libyahboom_web_savmap_interfaces__rosidl_generator_c.so
[1.384s] -- Up-to-date: /home/rosuser/yahboom_ws/install/yahboom_web_savmap_interfaces/include/yahboom_web_savmap_interfaces/yahboom_web_savmap_interfaces
[1.384s] -- Up-to-date: /home/rosuser/yahboom_ws/install/yahboom_web_savmap_interfaces/include/yahboom_web_savmap_interfaces/yahboom_web_savmap_interfaces/srv
[1.385s] -- Up-to-date: /home/rosuser/yahboom_ws/install/yahboom_web_savmap_interfaces/include/yahboom_web_savmap_interfaces/yahboom_web_savmap_interfaces/srv/detail
[1.385s] -- Up-to-date: /home/rosuser/yahboom_ws/install/yahboom_web_savmap_interfaces/include/yahboom_web_savmap_interfaces/yahboom_web_savmap_interfaces/srv/detail/web_save_map__rosidl_typesupport_fastrtps_c.h
[1.385s] -- Up-to-date: /home/rosuser/yahboom_ws/install/yahboom_web_savmap_interfaces/include/yahboom_web_savmap_interfaces/yahboom_web_savmap_interfaces/msg
[1.385s] -- Up-to-date: /home/rosuser/yahboom_ws/install/yahboom_web_savmap_interfaces/include/yahboom_web_savmap_interfaces/yahboom_web_savmap_interfaces/msg/rosidl_typesupport_fastrtps_c__visibility_control.h
[1.385s] -- Up-to-date: /home/rosuser/yahboom_ws/install/yahboom_web_savmap_interfaces/lib/libyahboom_web_savmap_interfaces__rosidl_typesupport_fastrtps_c.so
[1.386s] -- Up-to-date: /home/rosuser/yahboom_ws/install/yahboom_web_savmap_interfaces/include/yahboom_web_savmap_interfaces/yahboom_web_savmap_interfaces
[1.386s] -- Up-to-date: /home/rosuser/yahboom_ws/install/yahboom_web_savmap_interfaces/include/yahboom_web_savmap_interfaces/yahboom_web_savmap_interfaces/srv
[1.386s] -- Up-to-date: /home/rosuser/yahboom_ws/install/yahboom_web_savmap_interfaces/include/yahboom_web_savmap_interfaces/yahboom_web_savmap_interfaces/srv/web_save_map.hpp
[1.386s] -- Up-to-date: /home/rosuser/yahboom_ws/install/yahboom_web_savmap_interfaces/include/yahboom_web_savmap_interfaces/yahboom_web_savmap_interfaces/srv/detail
[1.386s] -- Up-to-date: /home/rosuser/yahboom_ws/install/yahboom_web_savmap_interfaces/include/yahboom_web_savmap_interfaces/yahboom_web_savmap_interfaces/srv/detail/web_save_map__struct.hpp
[1.387s] -- Up-to-date: /home/rosuser/yahboom_ws/install/yahboom_web_savmap_interfaces/include/yahboom_web_savmap_interfaces/yahboom_web_savmap_interfaces/srv/detail/web_save_map__builder.hpp
[1.387s] -- Up-to-date: /home/rosuser/yahboom_ws/install/yahboom_web_savmap_interfaces/include/yahboom_web_savmap_interfaces/yahboom_web_savmap_interfaces/srv/detail/web_save_map__traits.hpp
[1.387s] -- Up-to-date: /home/rosuser/yahboom_ws/install/yahboom_web_savmap_interfaces/include/yahboom_web_savmap_interfaces/yahboom_web_savmap_interfaces
[1.387s] -- Up-to-date: /home/rosuser/yahboom_ws/install/yahboom_web_savmap_interfaces/include/yahboom_web_savmap_interfaces/yahboom_web_savmap_interfaces/srv
[1.387s] -- Up-to-date: /home/rosuser/yahboom_ws/install/yahboom_web_savmap_interfaces/include/yahboom_web_savmap_interfaces/yahboom_web_savmap_interfaces/srv/detail
[1.388s] -- Up-to-date: /home/rosuser/yahboom_ws/install/yahboom_web_savmap_interfaces/include/yahboom_web_savmap_interfaces/yahboom_web_savmap_interfaces/srv/detail/web_save_map__rosidl_typesupport_fastrtps_cpp.hpp
[1.388s] -- Up-to-date: /home/rosuser/yahboom_ws/install/yahboom_web_savmap_interfaces/include/yahboom_web_savmap_interfaces/yahboom_web_savmap_interfaces/srv/detail/dds_fastrtps
[1.388s] -- Up-to-date: /home/rosuser/yahboom_ws/install/yahboom_web_savmap_interfaces/include/yahboom_web_savmap_interfaces/yahboom_web_savmap_interfaces/msg
[1.388s] -- Up-to-date: /home/rosuser/yahboom_ws/install/yahboom_web_savmap_interfaces/include/yahboom_web_savmap_interfaces/yahboom_web_savmap_interfaces/msg/rosidl_typesupport_fastrtps_cpp__visibility_control.h
[1.388s] -- Up-to-date: /home/rosuser/yahboom_ws/install/yahboom_web_savmap_interfaces/lib/libyahboom_web_savmap_interfaces__rosidl_typesupport_fastrtps_cpp.so
[1.389s] -- Up-to-date: /home/rosuser/yahboom_ws/install/yahboom_web_savmap_interfaces/include/yahboom_web_savmap_interfaces/yahboom_web_savmap_interfaces
[1.390s] -- Up-to-date: /home/rosuser/yahboom_ws/install/yahboom_web_savmap_interfaces/include/yahboom_web_savmap_interfaces/yahboom_web_savmap_interfaces/srv
[1.390s] -- Up-to-date: /home/rosuser/yahboom_ws/install/yahboom_web_savmap_interfaces/include/yahboom_web_savmap_interfaces/yahboom_web_savmap_interfaces/srv/detail
[1.390s] -- Up-to-date: /home/rosuser/yahboom_ws/install/yahboom_web_savmap_interfaces/include/yahboom_web_savmap_interfaces/yahboom_web_savmap_interfaces/srv/detail/web_save_map__type_support.c
[1.390s] -- Up-to-date: /home/rosuser/yahboom_ws/install/yahboom_web_savmap_interfaces/include/yahboom_web_savmap_interfaces/yahboom_web_savmap_interfaces/srv/detail/web_save_map__rosidl_typesupport_introspection_c.h
[1.391s] -- Up-to-date: /home/rosuser/yahboom_ws/install/yahboom_web_savmap_interfaces/include/yahboom_web_savmap_interfaces/yahboom_web_savmap_interfaces/msg
[1.391s] -- Up-to-date: /home/rosuser/yahboom_ws/install/yahboom_web_savmap_interfaces/include/yahboom_web_savmap_interfaces/yahboom_web_savmap_interfaces/msg/rosidl_typesupport_introspection_c__visibility_control.h
[1.391s] -- Up-to-date: /home/rosuser/yahboom_ws/install/yahboom_web_savmap_interfaces/lib/libyahboom_web_savmap_interfaces__rosidl_typesupport_introspection_c.so
[1.392s] -- Up-to-date: /home/rosuser/yahboom_ws/install/yahboom_web_savmap_interfaces/lib/libyahboom_web_savmap_interfaces__rosidl_typesupport_c.so
[1.392s] -- Up-to-date: /home/rosuser/yahboom_ws/install/yahboom_web_savmap_interfaces/include/yahboom_web_savmap_interfaces/yahboom_web_savmap_interfaces
[1.392s] -- Up-to-date: /home/rosuser/yahboom_ws/install/yahboom_web_savmap_interfaces/include/yahboom_web_savmap_interfaces/yahboom_web_savmap_interfaces/srv
[1.392s] -- Up-to-date: /home/rosuser/yahboom_ws/install/yahboom_web_savmap_interfaces/include/yahboom_web_savmap_interfaces/yahboom_web_savmap_interfaces/srv/detail
[1.392s] -- Up-to-date: /home/rosuser/yahboom_ws/install/yahboom_web_savmap_interfaces/include/yahboom_web_savmap_interfaces/yahboom_web_savmap_interfaces/srv/detail/web_save_map__type_support.cpp
[1.392s] -- Up-to-date: /home/rosuser/yahboom_ws/install/yahboom_web_savmap_interfaces/include/yahboom_web_savmap_interfaces/yahboom_web_savmap_interfaces/srv/detail/web_save_map__rosidl_typesupport_introspection_cpp.hpp
[1.393s] -- Up-to-date: /home/rosuser/yahboom_ws/install/yahboom_web_savmap_interfaces/lib/libyahboom_web_savmap_interfaces__rosidl_typesupport_introspection_cpp.so
[1.394s] -- Up-to-date: /home/rosuser/yahboom_ws/install/yahboom_web_savmap_interfaces/lib/libyahboom_web_savmap_interfaces__rosidl_typesupport_cpp.so
[1.394s] -- Up-to-date: /home/rosuser/yahboom_ws/install/yahboom_web_savmap_interfaces/share/yahboom_web_savmap_interfaces/environment/pythonpath.sh
[1.394s] -- Up-to-date: /home/rosuser/yahboom_ws/install/yahboom_web_savmap_interfaces/share/yahboom_web_savmap_interfaces/environment/pythonpath.dsv
[1.394s] -- Up-to-date: /home/rosuser/yahboom_ws/install/yahboom_web_savmap_interfaces/local/lib/python3.10/dist-packages/yahboom_web_savmap_interfaces-0.0.0-py3.10.egg-info
[1.394s] -- Installing: /home/rosuser/yahboom_ws/install/yahboom_web_savmap_interfaces/local/lib/python3.10/dist-packages/yahboom_web_savmap_interfaces-0.0.0-py3.10.egg-info/PKG-INFO
[1.395s] -- Installing: /home/rosuser/yahboom_ws/install/yahboom_web_savmap_interfaces/local/lib/python3.10/dist-packages/yahboom_web_savmap_interfaces-0.0.0-py3.10.egg-info/top_level.txt
[1.395s] -- Installing: /home/rosuser/yahboom_ws/install/yahboom_web_savmap_interfaces/local/lib/python3.10/dist-packages/yahboom_web_savmap_interfaces-0.0.0-py3.10.egg-info/dependency_links.txt
[1.396s] -- Installing: /home/rosuser/yahboom_ws/install/yahboom_web_savmap_interfaces/local/lib/python3.10/dist-packages/yahboom_web_savmap_interfaces-0.0.0-py3.10.egg-info/SOURCES.txt
[1.396s] -- Up-to-date: /home/rosuser/yahboom_ws/install/yahboom_web_savmap_interfaces/local/lib/python3.10/dist-packages/yahboom_web_savmap_interfaces
[1.396s] -- Up-to-date: /home/rosuser/yahboom_ws/install/yahboom_web_savmap_interfaces/local/lib/python3.10/dist-packages/yahboom_web_savmap_interfaces/_yahboom_web_savmap_interfaces_s.ep.rosidl_typesupport_fastrtps_c.c
[1.396s] -- Up-to-date: /home/rosuser/yahboom_ws/install/yahboom_web_savmap_interfaces/local/lib/python3.10/dist-packages/yahboom_web_savmap_interfaces/__init__.py
[1.396s] -- Up-to-date: /home/rosuser/yahboom_ws/install/yahboom_web_savmap_interfaces/local/lib/python3.10/dist-packages/yahboom_web_savmap_interfaces/yahboom_web_savmap_interfaces_s__rosidl_typesupport_c.cpython-310-x86_64-linux-gnu.so
[1.397s] -- Up-to-date: /home/rosuser/yahboom_ws/install/yahboom_web_savmap_interfaces/local/lib/python3.10/dist-packages/yahboom_web_savmap_interfaces/yahboom_web_savmap_interfaces_s__rosidl_typesupport_fastrtps_c.cpython-310-x86_64-linux-gnu.so
[1.397s] -- Up-to-date: /home/rosuser/yahboom_ws/install/yahboom_web_savmap_interfaces/local/lib/python3.10/dist-packages/yahboom_web_savmap_interfaces/_yahboom_web_savmap_interfaces_s.ep.rosidl_typesupport_introspection_c.c
[1.397s] -- Up-to-date: /home/rosuser/yahboom_ws/install/yahboom_web_savmap_interfaces/local/lib/python3.10/dist-packages/yahboom_web_savmap_interfaces/srv
[1.397s] -- Up-to-date: /home/rosuser/yahboom_ws/install/yahboom_web_savmap_interfaces/local/lib/python3.10/dist-packages/yahboom_web_savmap_interfaces/srv/_web_save_map.py
[1.397s] -- Up-to-date: /home/rosuser/yahboom_ws/install/yahboom_web_savmap_interfaces/local/lib/python3.10/dist-packages/yahboom_web_savmap_interfaces/srv/__init__.py
[1.397s] -- Up-to-date: /home/rosuser/yahboom_ws/install/yahboom_web_savmap_interfaces/local/lib/python3.10/dist-packages/yahboom_web_savmap_interfaces/srv/_web_save_map_s.c
[1.397s] -- Up-to-date: /home/rosuser/yahboom_ws/install/yahboom_web_savmap_interfaces/local/lib/python3.10/dist-packages/yahboom_web_savmap_interfaces/libyahboom_web_savmap_interfaces__rosidl_generator_py.so
[1.398s] -- Up-to-date: /home/rosuser/yahboom_ws/install/yahboom_web_savmap_interfaces/local/lib/python3.10/dist-packages/yahboom_web_savmap_interfaces/_yahboom_web_savmap_interfaces_s.ep.rosidl_typesupport_c.c
[1.398s] -- Up-to-date: /home/rosuser/yahboom_ws/install/yahboom_web_savmap_interfaces/local/lib/python3.10/dist-packages/yahboom_web_savmap_interfaces/yahboom_web_savmap_interfaces_s__rosidl_typesupport_introspection_c.cpython-310-x86_64-linux-gnu.so
[1.443s] Listing '/home/rosuser/yahboom_ws/install/yahboom_web_savmap_interfaces/local/lib/python3.10/dist-packages/yahboom_web_savmap_interfaces'...
[1.443s] Listing '/home/rosuser/yahboom_ws/install/yahboom_web_savmap_interfaces/local/lib/python3.10/dist-packages/yahboom_web_savmap_interfaces/srv'...
[1.450s] -- Up-to-date: /home/rosuser/yahboom_ws/install/yahboom_web_savmap_interfaces/local/lib/python3.10/dist-packages/yahboom_web_savmap_interfaces/yahboom_web_savmap_interfaces_s__rosidl_typesupport_fastrtps_c.cpython-310-x86_64-linux-gnu.so
[1.450s] -- Up-to-date: /home/rosuser/yahboom_ws/install/yahboom_web_savmap_interfaces/local/lib/python3.10/dist-packages/yahboom_web_savmap_interfaces/yahboom_web_savmap_interfaces_s__rosidl_typesupport_introspection_c.cpython-310-x86_64-linux-gnu.so
[1.451s] -- Up-to-date: /home/rosuser/yahboom_ws/install/yahboom_web_savmap_interfaces/local/lib/python3.10/dist-packages/yahboom_web_savmap_interfaces/yahboom_web_savmap_interfaces_s__rosidl_typesupport_c.cpython-310-x86_64-linux-gnu.so
[1.452s] -- Up-to-date: /home/rosuser/yahboom_ws/install/yahboom_web_savmap_interfaces/lib/libyahboom_web_savmap_interfaces__rosidl_generator_py.so
[1.452s] -- Up-to-date: /home/rosuser/yahboom_ws/install/yahboom_web_savmap_interfaces/share/yahboom_web_savmap_interfaces/srv/WebSaveMap.idl
[1.452s] -- Up-to-date: /home/rosuser/yahboom_ws/install/yahboom_web_savmap_interfaces/share/yahboom_web_savmap_interfaces/srv/WebSaveMap.srv
[1.453s] -- Up-to-date: /home/rosuser/yahboom_ws/install/yahboom_web_savmap_interfaces/share/yahboom_web_savmap_interfaces/srv/WebSaveMap_Request.msg
[1.453s] -- Up-to-date: /home/rosuser/yahboom_ws/install/yahboom_web_savmap_interfaces/share/yahboom_web_savmap_interfaces/srv/WebSaveMap_Response.msg
[1.453s] -- Up-to-date: /home/rosuser/yahboom_ws/install/yahboom_web_savmap_interfaces/share/ament_index/resource_index/package_run_dependencies/yahboom_web_savmap_interfaces
[1.453s] -- Up-to-date: /home/rosuser/yahboom_ws/install/yahboom_web_savmap_interfaces/share/ament_index/resource_index/parent_prefix_path/yahboom_web_savmap_interfaces
[1.454s] -- Up-to-date: /home/rosuser/yahboom_ws/install/yahboom_web_savmap_interfaces/share/yahboom_web_savmap_interfaces/environment/ament_prefix_path.sh
[1.454s] -- Up-to-date: /home/rosuser/yahboom_ws/install/yahboom_web_savmap_interfaces/share/yahboom_web_savmap_interfaces/environment/ament_prefix_path.dsv
[1.454s] -- Up-to-date: /home/rosuser/yahboom_ws/install/yahboom_web_savmap_interfaces/share/yahboom_web_savmap_interfaces/environment/path.sh
[1.454s] -- Up-to-date: /home/rosuser/yahboom_ws/install/yahboom_web_savmap_interfaces/share/yahboom_web_savmap_interfaces/environment/path.dsv
[1.454s] -- Up-to-date: /home/rosuser/yahboom_ws/install/yahboom_web_savmap_interfaces/share/yahboom_web_savmap_interfaces/local_setup.bash
[1.455s] -- Up-to-date: /home/rosuser/yahboom_ws/install/yahboom_web_savmap_interfaces/share/yahboom_web_savmap_interfaces/local_setup.sh
[1.455s] -- Up-to-date: /home/rosuser/yahboom_ws/install/yahboom_web_savmap_interfaces/share/yahboom_web_savmap_interfaces/local_setup.zsh
[1.455s] -- Up-to-date: /home/rosuser/yahboom_ws/install/yahboom_web_savmap_interfaces/share/yahboom_web_savmap_interfaces/local_setup.dsv
[1.455s] -- Installing: /home/rosuser/yahboom_ws/install/yahboom_web_savmap_interfaces/share/yahboom_web_savmap_interfaces/package.dsv
[1.455s] -- Up-to-date: /home/rosuser/yahboom_ws/install/yahboom_web_savmap_interfaces/share/ament_index/resource_index/packages/yahboom_web_savmap_interfaces
[1.456s] -- Up-to-date: /home/rosuser/yahboom_ws/install/yahboom_web_savmap_interfaces/share/yahboom_web_savmap_interfaces/cmake/export_yahboom_web_savmap_interfaces__rosidl_generator_cExport.cmake
[1.456s] -- Up-to-date: /home/rosuser/yahboom_ws/install/yahboom_web_savmap_interfaces/share/yahboom_web_savmap_interfaces/cmake/export_yahboom_web_savmap_interfaces__rosidl_generator_cExport-noconfig.cmake
[1.456s] -- Up-to-date: /home/rosuser/yahboom_ws/install/yahboom_web_savmap_interfaces/share/yahboom_web_savmap_interfaces/cmake/export_yahboom_web_savmap_interfaces__rosidl_typesupport_fastrtps_cExport.cmake
[1.456s] -- Up-to-date: /home/rosuser/yahboom_ws/install/yahboom_web_savmap_interfaces/share/yahboom_web_savmap_interfaces/cmake/export_yahboom_web_savmap_interfaces__rosidl_typesupport_fastrtps_cExport-noconfig.cmake
[1.456s] -- Up-to-date: /home/rosuser/yahboom_ws/install/yahboom_web_savmap_interfaces/share/yahboom_web_savmap_interfaces/cmake/export_yahboom_web_savmap_interfaces__rosidl_generator_cppExport.cmake
[1.457s] -- Up-to-date: /home/rosuser/yahboom_ws/install/yahboom_web_savmap_interfaces/share/yahboom_web_savmap_interfaces/cmake/export_yahboom_web_savmap_interfaces__rosidl_typesupport_fastrtps_cppExport.cmake
[1.457s] -- Up-to-date: /home/rosuser/yahboom_ws/install/yahboom_web_savmap_interfaces/share/yahboom_web_savmap_interfaces/cmake/export_yahboom_web_savmap_interfaces__rosidl_typesupport_fastrtps_cppExport-noconfig.cmake
[1.457s] -- Up-to-date: /home/rosuser/yahboom_ws/install/yahboom_web_savmap_interfaces/share/yahboom_web_savmap_interfaces/cmake/yahboom_web_savmap_interfaces__rosidl_typesupport_introspection_cExport.cmake
[1.457s] -- Up-to-date: /home/rosuser/yahboom_ws/install/yahboom_web_savmap_interfaces/share/yahboom_web_savmap_interfaces/cmake/yahboom_web_savmap_interfaces__rosidl_typesupport_introspection_cExport-noconfig.cmake
[1.457s] -- Up-to-date: /home/rosuser/yahboom_ws/install/yahboom_web_savmap_interfaces/share/yahboom_web_savmap_interfaces/cmake/yahboom_web_savmap_interfaces__rosidl_typesupport_cExport.cmake
[1.458s] -- Up-to-date: /home/rosuser/yahboom_ws/install/yahboom_web_savmap_interfaces/share/yahboom_web_savmap_interfaces/cmake/yahboom_web_savmap_interfaces__rosidl_typesupport_cExport-noconfig.cmake
[1.458s] -- Up-to-date: /home/rosuser/yahboom_ws/install/yahboom_web_savmap_interfaces/share/yahboom_web_savmap_interfaces/cmake/yahboom_web_savmap_interfaces__rosidl_typesupport_introspection_cppExport.cmake
[1.458s] -- Up-to-date: /home/rosuser/yahboom_ws/install/yahboom_web_savmap_interfaces/share/yahboom_web_savmap_interfaces/cmake/yahboom_web_savmap_interfaces__rosidl_typesupport_introspection_cppExport-noconfig.cmake
[1.459s] -- Up-to-date: /home/rosuser/yahboom_ws/install/yahboom_web_savmap_interfaces/share/yahboom_web_savmap_interfaces/cmake/yahboom_web_savmap_interfaces__rosidl_typesupport_cppExport.cmake
[1.459s] -- Up-to-date: /home/rosuser/yahboom_ws/install/yahboom_web_savmap_interfaces/share/yahboom_web_savmap_interfaces/cmake/yahboom_web_savmap_interfaces__rosidl_typesupport_cppExport-noconfig.cmake
[1.459s] -- Up-to-date: /home/rosuser/yahboom_ws/install/yahboom_web_savmap_interfaces/share/yahboom_web_savmap_interfaces/cmake/export_yahboom_web_savmap_interfaces__rosidl_generator_pyExport.cmake
[1.459s] -- Up-to-date: /home/rosuser/yahboom_ws/install/yahboom_web_savmap_interfaces/share/yahboom_web_savmap_interfaces/cmake/export_yahboom_web_savmap_interfaces__rosidl_generator_pyExport-noconfig.cmake
[1.459s] -- Up-to-date: /home/rosuser/yahboom_ws/install/yahboom_web_savmap_interfaces/share/yahboom_web_savmap_interfaces/cmake/rosidl_cmake-extras.cmake
[1.459s] -- Up-to-date: /home/rosuser/yahboom_ws/install/yahboom_web_savmap_interfaces/share/yahboom_web_savmap_interfaces/cmake/ament_cmake_export_include_directories-extras.cmake
[1.460s] -- Up-to-date: /home/rosuser/yahboom_ws/install/yahboom_web_savmap_interfaces/share/yahboom_web_savmap_interfaces/cmake/ament_cmake_export_libraries-extras.cmake
[1.460s] -- Up-to-date: /home/rosuser/yahboom_ws/install/yahboom_web_savmap_interfaces/share/yahboom_web_savmap_interfaces/cmake/ament_cmake_export_targets-extras.cmake
[1.460s] -- Up-to-date: /home/rosuser/yahboom_ws/install/yahboom_web_savmap_interfaces/share/yahboom_web_savmap_interfaces/cmake/rosidl_cmake_export_typesupport_targets-extras.cmake
[1.460s] -- Up-to-date: /home/rosuser/yahboom_ws/install/yahboom_web_savmap_interfaces/share/yahboom_web_savmap_interfaces/cmake/ament_cmake_export_dependencies-extras.cmake
[1.460s] -- Up-to-date: /home/rosuser/yahboom_ws/install/yahboom_web_savmap_interfaces/share/yahboom_web_savmap_interfaces/cmake/rosidl_cmake_export_typesupport_libraries-extras.cmake
[1.461s] -- Up-to-date: /home/rosuser/yahboom_ws/install/yahboom_web_savmap_interfaces/share/yahboom_web_savmap_interfaces/cmake/yahboom_web_savmap_interfacesConfig.cmake
[1.461s] -- Up-to-date: /home/rosuser/yahboom_ws/install/yahboom_web_savmap_interfaces/share/yahboom_web_savmap_interfaces/cmake/yahboom_web_savmap_interfacesConfig-version.cmake
[1.461s] -- Up-to-date: /home/rosuser/yahboom_ws/install/yahboom_web_savmap_interfaces/share/yahboom_web_savmap_interfaces/package.xml
[1.477s] Invoked command in '/home/rosuser/yahboom_ws/build/yahboom_web_savmap_interfaces' returned '0': CMAKE_PREFIX_PATH=${CMAKE_PREFIX_PATH}:/home/rosuser/yahboom_ws/install/yahboomcar_description:/home/rosuser/yahboom_ws/install/yahboom_app_save_map:/home/rosuser/yahboom_ws/install/robot_pose_publisher:/home/rosuser/yahboom_ws/install/laserscan_to_point_pulisher:/home/rosuser/ROS2Dev/turtlebot3_ws/install/turtlebot3_teleop:/home/rosuser/ROS2Dev/turtlebot3_ws/install/turtlebot3_example:/opt/ros/humble /usr/bin/cmake --install /home/rosuser/yahboom_ws/build/yahboom_web_savmap_interfaces
