[0.951s] Invoking command in '/home/rosuser/yahboom_ws/build/yahboom_web_savmap_interfaces': CMAKE_PREFIX_PATH=${CMAKE_PREFIX_PATH}:/home/rosuser/ROS2Dev/turtlebot3_ws/install/turtlebot3_teleop:/home/rosuser/ROS2Dev/turtlebot3_ws/install/turtlebot3_example:/opt/ros/humble /usr/bin/cmake --build /home/rosuser/yahboom_ws/build/yahboom_web_savmap_interfaces -- -j2 -l2
[1.191s] [  3%] Built target yahboom_web_savmap_interfaces__cpp
[1.204s] [ 12%] Built target yahboom_web_savmap_interfaces__rosidl_generator_c
[1.281s] [ 12%] Built target ament_cmake_python_copy_yahboom_web_savmap_interfaces
[1.298s] [ 22%] Built target yahboom_web_savmap_interfaces__rosidl_typesupport_cpp
[1.356s] [ 32%] Built target yahboom_web_savmap_interfaces__rosidl_typesupport_fastrtps_c
[1.367s] [ 41%] Built target yahboom_web_savmap_interfaces__rosidl_typesupport_fastrtps_cpp
[1.419s] [ 51%] Built target yahboom_web_savmap_interfaces__rosidl_typesupport_introspection_c
[1.484s] [ 61%] Built target yahboom_web_savmap_interfaces__rosidl_typesupport_c
[1.507s] [ 70%] Built target yahboom_web_savmap_interfaces__rosidl_typesupport_introspection_cpp
[1.637s] [ 70%] Built target yahboom_web_savmap_interfaces
[1.772s] [ 74%] Built target yahboom_web_savmap_interfaces__py
[1.938s] [ 80%] Built target yahboom_web_savmap_interfaces__rosidl_generator_py
[2.044s] running egg_info
[2.046s] writing yahboom_web_savmap_interfaces.egg-info/PKG-INFO
[2.047s] writing dependency_links to yahboom_web_savmap_interfaces.egg-info/dependency_links.txt
[2.048s] writing top-level names to yahboom_web_savmap_interfaces.egg-info/top_level.txt
[2.053s] reading manifest file 'yahboom_web_savmap_interfaces.egg-info/SOURCES.txt'
[2.055s] writing manifest file 'yahboom_web_savmap_interfaces.egg-info/SOURCES.txt'
[2.092s] [ 87%] Built target yahboom_web_savmap_interfaces__rosidl_typesupport_fastrtps_c__pyext
[2.106s] [ 87%] Built target ament_cmake_python_build_yahboom_web_savmap_interfaces_egg
[2.158s] [ 93%] Built target yahboom_web_savmap_interfaces__rosidl_typesupport_introspection_c__pyext
[2.170s] [100%] Built target yahboom_web_savmap_interfaces__rosidl_typesupport_c__pyext
[2.187s] Invoked command in '/home/rosuser/yahboom_ws/build/yahboom_web_savmap_interfaces' returned '0': CMAKE_PREFIX_PATH=${CMAKE_PREFIX_PATH}:/home/rosuser/ROS2Dev/turtlebot3_ws/install/turtlebot3_teleop:/home/rosuser/ROS2Dev/turtlebot3_ws/install/turtlebot3_example:/opt/ros/humble /usr/bin/cmake --build /home/rosuser/yahboom_ws/build/yahboom_web_savmap_interfaces -- -j2 -l2
[2.307s] Invoking command in '/home/rosuser/yahboom_ws/build/yahboom_web_savmap_interfaces': CMAKE_PREFIX_PATH=${CMAKE_PREFIX_PATH}:/home/rosuser/ROS2Dev/turtlebot3_ws/install/turtlebot3_teleop:/home/rosuser/ROS2Dev/turtlebot3_ws/install/turtlebot3_example:/opt/ros/humble /usr/bin/cmake --install /home/rosuser/yahboom_ws/build/yahboom_web_savmap_interfaces
[2.326s] -- Install configuration: ""
[2.331s] -- Up-to-date: /home/rosuser/yahboom_ws/install/yahboom_web_savmap_interfaces/share/ament_index/resource_index/rosidl_interfaces/yahboom_web_savmap_interfaces
[2.332s] -- Up-to-date: /home/rosuser/yahboom_ws/install/yahboom_web_savmap_interfaces/include/yahboom_web_savmap_interfaces/yahboom_web_savmap_interfaces
[2.332s] -- Up-to-date: /home/rosuser/yahboom_ws/install/yahboom_web_savmap_interfaces/include/yahboom_web_savmap_interfaces/yahboom_web_savmap_interfaces/srv
[2.332s] -- Up-to-date: /home/rosuser/yahboom_ws/install/yahboom_web_savmap_interfaces/include/yahboom_web_savmap_interfaces/yahboom_web_savmap_interfaces/srv/detail
[2.332s] -- Up-to-date: /home/rosuser/yahboom_ws/install/yahboom_web_savmap_interfaces/include/yahboom_web_savmap_interfaces/yahboom_web_savmap_interfaces/srv/detail/web_save_map__type_support.h
[2.333s] -- Up-to-date: /home/rosuser/yahboom_ws/install/yahboom_web_savmap_interfaces/include/yahboom_web_savmap_interfaces/yahboom_web_savmap_interfaces/srv/detail/web_save_map__functions.h
[2.333s] -- Up-to-date: /home/rosuser/yahboom_ws/install/yahboom_web_savmap_interfaces/include/yahboom_web_savmap_interfaces/yahboom_web_savmap_interfaces/srv/detail/web_save_map__struct.h
[2.333s] -- Up-to-date: /home/rosuser/yahboom_ws/install/yahboom_web_savmap_interfaces/include/yahboom_web_savmap_interfaces/yahboom_web_savmap_interfaces/srv/detail/web_save_map__functions.c
[2.333s] -- Up-to-date: /home/rosuser/yahboom_ws/install/yahboom_web_savmap_interfaces/include/yahboom_web_savmap_interfaces/yahboom_web_savmap_interfaces/srv/web_save_map.h
[2.333s] -- Up-to-date: /home/rosuser/yahboom_ws/install/yahboom_web_savmap_interfaces/include/yahboom_web_savmap_interfaces/yahboom_web_savmap_interfaces/msg
[2.335s] -- Up-to-date: /home/rosuser/yahboom_ws/install/yahboom_web_savmap_interfaces/include/yahboom_web_savmap_interfaces/yahboom_web_savmap_interfaces/msg/rosidl_generator_c__visibility_control.h
[2.336s] -- Up-to-date: /home/rosuser/yahboom_ws/install/yahboom_web_savmap_interfaces/share/yahboom_web_savmap_interfaces/environment/library_path.sh
[2.336s] -- Up-to-date: /home/rosuser/yahboom_ws/install/yahboom_web_savmap_interfaces/share/yahboom_web_savmap_interfaces/environment/library_path.dsv
[2.339s] -- Up-to-date: /home/rosuser/yahboom_ws/install/yahboom_web_savmap_interfaces/lib/libyahboom_web_savmap_interfaces__rosidl_generator_c.so
[2.340s] -- Up-to-date: /home/rosuser/yahboom_ws/install/yahboom_web_savmap_interfaces/include/yahboom_web_savmap_interfaces/yahboom_web_savmap_interfaces
[2.340s] -- Up-to-date: /home/rosuser/yahboom_ws/install/yahboom_web_savmap_interfaces/include/yahboom_web_savmap_interfaces/yahboom_web_savmap_interfaces/srv
[2.340s] -- Up-to-date: /home/rosuser/yahboom_ws/install/yahboom_web_savmap_interfaces/include/yahboom_web_savmap_interfaces/yahboom_web_savmap_interfaces/srv/detail
[2.340s] -- Up-to-date: /home/rosuser/yahboom_ws/install/yahboom_web_savmap_interfaces/include/yahboom_web_savmap_interfaces/yahboom_web_savmap_interfaces/srv/detail/web_save_map__rosidl_typesupport_fastrtps_c.h
[2.341s] -- Up-to-date: /home/rosuser/yahboom_ws/install/yahboom_web_savmap_interfaces/include/yahboom_web_savmap_interfaces/yahboom_web_savmap_interfaces/msg
[2.342s] -- Up-to-date: /home/rosuser/yahboom_ws/install/yahboom_web_savmap_interfaces/include/yahboom_web_savmap_interfaces/yahboom_web_savmap_interfaces/msg/rosidl_typesupport_fastrtps_c__visibility_control.h
[2.343s] -- Up-to-date: /home/rosuser/yahboom_ws/install/yahboom_web_savmap_interfaces/lib/libyahboom_web_savmap_interfaces__rosidl_typesupport_fastrtps_c.so
[2.344s] -- Up-to-date: /home/rosuser/yahboom_ws/install/yahboom_web_savmap_interfaces/include/yahboom_web_savmap_interfaces/yahboom_web_savmap_interfaces
[2.344s] -- Up-to-date: /home/rosuser/yahboom_ws/install/yahboom_web_savmap_interfaces/include/yahboom_web_savmap_interfaces/yahboom_web_savmap_interfaces/srv
[2.344s] -- Up-to-date: /home/rosuser/yahboom_ws/install/yahboom_web_savmap_interfaces/include/yahboom_web_savmap_interfaces/yahboom_web_savmap_interfaces/srv/web_save_map.hpp
[2.346s] -- Up-to-date: /home/rosuser/yahboom_ws/install/yahboom_web_savmap_interfaces/include/yahboom_web_savmap_interfaces/yahboom_web_savmap_interfaces/srv/detail
[2.346s] -- Up-to-date: /home/rosuser/yahboom_ws/install/yahboom_web_savmap_interfaces/include/yahboom_web_savmap_interfaces/yahboom_web_savmap_interfaces/srv/detail/web_save_map__struct.hpp
[2.346s] -- Up-to-date: /home/rosuser/yahboom_ws/install/yahboom_web_savmap_interfaces/include/yahboom_web_savmap_interfaces/yahboom_web_savmap_interfaces/srv/detail/web_save_map__builder.hpp
[2.346s] -- Up-to-date: /home/rosuser/yahboom_ws/install/yahboom_web_savmap_interfaces/include/yahboom_web_savmap_interfaces/yahboom_web_savmap_interfaces/srv/detail/web_save_map__traits.hpp
[2.346s] -- Up-to-date: /home/rosuser/yahboom_ws/install/yahboom_web_savmap_interfaces/include/yahboom_web_savmap_interfaces/yahboom_web_savmap_interfaces
[2.346s] -- Up-to-date: /home/rosuser/yahboom_ws/install/yahboom_web_savmap_interfaces/include/yahboom_web_savmap_interfaces/yahboom_web_savmap_interfaces/srv
[2.347s] -- Up-to-date: /home/rosuser/yahboom_ws/install/yahboom_web_savmap_interfaces/include/yahboom_web_savmap_interfaces/yahboom_web_savmap_interfaces/srv/detail
[2.347s] -- Up-to-date: /home/rosuser/yahboom_ws/install/yahboom_web_savmap_interfaces/include/yahboom_web_savmap_interfaces/yahboom_web_savmap_interfaces/srv/detail/web_save_map__rosidl_typesupport_fastrtps_cpp.hpp
[2.348s] -- Up-to-date: /home/rosuser/yahboom_ws/install/yahboom_web_savmap_interfaces/include/yahboom_web_savmap_interfaces/yahboom_web_savmap_interfaces/srv/detail/dds_fastrtps
[2.348s] -- Up-to-date: /home/rosuser/yahboom_ws/install/yahboom_web_savmap_interfaces/include/yahboom_web_savmap_interfaces/yahboom_web_savmap_interfaces/msg
[2.348s] -- Up-to-date: /home/rosuser/yahboom_ws/install/yahboom_web_savmap_interfaces/include/yahboom_web_savmap_interfaces/yahboom_web_savmap_interfaces/msg/rosidl_typesupport_fastrtps_cpp__visibility_control.h
[2.351s] -- Up-to-date: /home/rosuser/yahboom_ws/install/yahboom_web_savmap_interfaces/lib/libyahboom_web_savmap_interfaces__rosidl_typesupport_fastrtps_cpp.so
[2.351s] -- Up-to-date: /home/rosuser/yahboom_ws/install/yahboom_web_savmap_interfaces/include/yahboom_web_savmap_interfaces/yahboom_web_savmap_interfaces
[2.351s] -- Up-to-date: /home/rosuser/yahboom_ws/install/yahboom_web_savmap_interfaces/include/yahboom_web_savmap_interfaces/yahboom_web_savmap_interfaces/srv
[2.352s] -- Up-to-date: /home/rosuser/yahboom_ws/install/yahboom_web_savmap_interfaces/include/yahboom_web_savmap_interfaces/yahboom_web_savmap_interfaces/srv/detail
[2.352s] -- Up-to-date: /home/rosuser/yahboom_ws/install/yahboom_web_savmap_interfaces/include/yahboom_web_savmap_interfaces/yahboom_web_savmap_interfaces/srv/detail/web_save_map__type_support.c
[2.352s] -- Up-to-date: /home/rosuser/yahboom_ws/install/yahboom_web_savmap_interfaces/include/yahboom_web_savmap_interfaces/yahboom_web_savmap_interfaces/srv/detail/web_save_map__rosidl_typesupport_introspection_c.h
[2.352s] -- Up-to-date: /home/rosuser/yahboom_ws/install/yahboom_web_savmap_interfaces/include/yahboom_web_savmap_interfaces/yahboom_web_savmap_interfaces/msg
[2.352s] -- Up-to-date: /home/rosuser/yahboom_ws/install/yahboom_web_savmap_interfaces/include/yahboom_web_savmap_interfaces/yahboom_web_savmap_interfaces/msg/rosidl_typesupport_introspection_c__visibility_control.h
[2.352s] -- Up-to-date: /home/rosuser/yahboom_ws/install/yahboom_web_savmap_interfaces/lib/libyahboom_web_savmap_interfaces__rosidl_typesupport_introspection_c.so
[2.355s] -- Up-to-date: /home/rosuser/yahboom_ws/install/yahboom_web_savmap_interfaces/lib/libyahboom_web_savmap_interfaces__rosidl_typesupport_c.so
[2.355s] -- Up-to-date: /home/rosuser/yahboom_ws/install/yahboom_web_savmap_interfaces/include/yahboom_web_savmap_interfaces/yahboom_web_savmap_interfaces
[2.355s] -- Up-to-date: /home/rosuser/yahboom_ws/install/yahboom_web_savmap_interfaces/include/yahboom_web_savmap_interfaces/yahboom_web_savmap_interfaces/srv
[2.355s] -- Up-to-date: /home/rosuser/yahboom_ws/install/yahboom_web_savmap_interfaces/include/yahboom_web_savmap_interfaces/yahboom_web_savmap_interfaces/srv/detail
[2.355s] -- Up-to-date: /home/rosuser/yahboom_ws/install/yahboom_web_savmap_interfaces/include/yahboom_web_savmap_interfaces/yahboom_web_savmap_interfaces/srv/detail/web_save_map__type_support.cpp
[2.355s] -- Up-to-date: /home/rosuser/yahboom_ws/install/yahboom_web_savmap_interfaces/include/yahboom_web_savmap_interfaces/yahboom_web_savmap_interfaces/srv/detail/web_save_map__rosidl_typesupport_introspection_cpp.hpp
[2.356s] -- Up-to-date: /home/rosuser/yahboom_ws/install/yahboom_web_savmap_interfaces/lib/libyahboom_web_savmap_interfaces__rosidl_typesupport_introspection_cpp.so
[2.358s] -- Up-to-date: /home/rosuser/yahboom_ws/install/yahboom_web_savmap_interfaces/lib/libyahboom_web_savmap_interfaces__rosidl_typesupport_cpp.so
[2.359s] -- Up-to-date: /home/rosuser/yahboom_ws/install/yahboom_web_savmap_interfaces/share/yahboom_web_savmap_interfaces/environment/pythonpath.sh
[2.360s] -- Up-to-date: /home/rosuser/yahboom_ws/install/yahboom_web_savmap_interfaces/share/yahboom_web_savmap_interfaces/environment/pythonpath.dsv
[2.362s] -- Up-to-date: /home/rosuser/yahboom_ws/install/yahboom_web_savmap_interfaces/local/lib/python3.10/dist-packages/yahboom_web_savmap_interfaces-0.0.0-py3.10.egg-info
[2.362s] -- Installing: /home/rosuser/yahboom_ws/install/yahboom_web_savmap_interfaces/local/lib/python3.10/dist-packages/yahboom_web_savmap_interfaces-0.0.0-py3.10.egg-info/PKG-INFO
[2.363s] -- Installing: /home/rosuser/yahboom_ws/install/yahboom_web_savmap_interfaces/local/lib/python3.10/dist-packages/yahboom_web_savmap_interfaces-0.0.0-py3.10.egg-info/top_level.txt
[2.364s] -- Installing: /home/rosuser/yahboom_ws/install/yahboom_web_savmap_interfaces/local/lib/python3.10/dist-packages/yahboom_web_savmap_interfaces-0.0.0-py3.10.egg-info/dependency_links.txt
[2.364s] -- Installing: /home/rosuser/yahboom_ws/install/yahboom_web_savmap_interfaces/local/lib/python3.10/dist-packages/yahboom_web_savmap_interfaces-0.0.0-py3.10.egg-info/SOURCES.txt
[2.365s] -- Up-to-date: /home/rosuser/yahboom_ws/install/yahboom_web_savmap_interfaces/local/lib/python3.10/dist-packages/yahboom_web_savmap_interfaces
[2.365s] -- Up-to-date: /home/rosuser/yahboom_ws/install/yahboom_web_savmap_interfaces/local/lib/python3.10/dist-packages/yahboom_web_savmap_interfaces/_yahboom_web_savmap_interfaces_s.ep.rosidl_typesupport_fastrtps_c.c
[2.366s] -- Up-to-date: /home/rosuser/yahboom_ws/install/yahboom_web_savmap_interfaces/local/lib/python3.10/dist-packages/yahboom_web_savmap_interfaces/__init__.py
[2.366s] -- Up-to-date: /home/rosuser/yahboom_ws/install/yahboom_web_savmap_interfaces/local/lib/python3.10/dist-packages/yahboom_web_savmap_interfaces/yahboom_web_savmap_interfaces_s__rosidl_typesupport_c.cpython-310-x86_64-linux-gnu.so
[2.366s] -- Up-to-date: /home/rosuser/yahboom_ws/install/yahboom_web_savmap_interfaces/local/lib/python3.10/dist-packages/yahboom_web_savmap_interfaces/yahboom_web_savmap_interfaces_s__rosidl_typesupport_fastrtps_c.cpython-310-x86_64-linux-gnu.so
[2.366s] -- Up-to-date: /home/rosuser/yahboom_ws/install/yahboom_web_savmap_interfaces/local/lib/python3.10/dist-packages/yahboom_web_savmap_interfaces/_yahboom_web_savmap_interfaces_s.ep.rosidl_typesupport_introspection_c.c
[2.366s] -- Up-to-date: /home/rosuser/yahboom_ws/install/yahboom_web_savmap_interfaces/local/lib/python3.10/dist-packages/yahboom_web_savmap_interfaces/srv
[2.367s] -- Up-to-date: /home/rosuser/yahboom_ws/install/yahboom_web_savmap_interfaces/local/lib/python3.10/dist-packages/yahboom_web_savmap_interfaces/srv/_web_save_map.py
[2.367s] -- Up-to-date: /home/rosuser/yahboom_ws/install/yahboom_web_savmap_interfaces/local/lib/python3.10/dist-packages/yahboom_web_savmap_interfaces/srv/__init__.py
[2.370s] -- Up-to-date: /home/rosuser/yahboom_ws/install/yahboom_web_savmap_interfaces/local/lib/python3.10/dist-packages/yahboom_web_savmap_interfaces/srv/_web_save_map_s.c
[2.370s] -- Up-to-date: /home/rosuser/yahboom_ws/install/yahboom_web_savmap_interfaces/local/lib/python3.10/dist-packages/yahboom_web_savmap_interfaces/libyahboom_web_savmap_interfaces__rosidl_generator_py.so
[2.370s] -- Up-to-date: /home/rosuser/yahboom_ws/install/yahboom_web_savmap_interfaces/local/lib/python3.10/dist-packages/yahboom_web_savmap_interfaces/_yahboom_web_savmap_interfaces_s.ep.rosidl_typesupport_c.c
[2.370s] -- Up-to-date: /home/rosuser/yahboom_ws/install/yahboom_web_savmap_interfaces/local/lib/python3.10/dist-packages/yahboom_web_savmap_interfaces/yahboom_web_savmap_interfaces_s__rosidl_typesupport_introspection_c.cpython-310-x86_64-linux-gnu.so
[2.422s] Listing '/home/rosuser/yahboom_ws/install/yahboom_web_savmap_interfaces/local/lib/python3.10/dist-packages/yahboom_web_savmap_interfaces'...
[2.422s] Listing '/home/rosuser/yahboom_ws/install/yahboom_web_savmap_interfaces/local/lib/python3.10/dist-packages/yahboom_web_savmap_interfaces/srv'...
[2.431s] -- Up-to-date: /home/rosuser/yahboom_ws/install/yahboom_web_savmap_interfaces/local/lib/python3.10/dist-packages/yahboom_web_savmap_interfaces/yahboom_web_savmap_interfaces_s__rosidl_typesupport_fastrtps_c.cpython-310-x86_64-linux-gnu.so
[2.435s] -- Up-to-date: /home/rosuser/yahboom_ws/install/yahboom_web_savmap_interfaces/local/lib/python3.10/dist-packages/yahboom_web_savmap_interfaces/yahboom_web_savmap_interfaces_s__rosidl_typesupport_introspection_c.cpython-310-x86_64-linux-gnu.so
[2.437s] -- Up-to-date: /home/rosuser/yahboom_ws/install/yahboom_web_savmap_interfaces/local/lib/python3.10/dist-packages/yahboom_web_savmap_interfaces/yahboom_web_savmap_interfaces_s__rosidl_typesupport_c.cpython-310-x86_64-linux-gnu.so
[2.440s] -- Up-to-date: /home/rosuser/yahboom_ws/install/yahboom_web_savmap_interfaces/lib/libyahboom_web_savmap_interfaces__rosidl_generator_py.so
[2.446s] -- Up-to-date: /home/rosuser/yahboom_ws/install/yahboom_web_savmap_interfaces/share/yahboom_web_savmap_interfaces/srv/WebSaveMap.idl
[2.447s] -- Up-to-date: /home/rosuser/yahboom_ws/install/yahboom_web_savmap_interfaces/share/yahboom_web_savmap_interfaces/srv/WebSaveMap.srv
[2.448s] -- Up-to-date: /home/rosuser/yahboom_ws/install/yahboom_web_savmap_interfaces/share/yahboom_web_savmap_interfaces/srv/WebSaveMap_Request.msg
[2.448s] -- Up-to-date: /home/rosuser/yahboom_ws/install/yahboom_web_savmap_interfaces/share/yahboom_web_savmap_interfaces/srv/WebSaveMap_Response.msg
[2.449s] -- Up-to-date: /home/rosuser/yahboom_ws/install/yahboom_web_savmap_interfaces/share/ament_index/resource_index/package_run_dependencies/yahboom_web_savmap_interfaces
[2.450s] -- Up-to-date: /home/rosuser/yahboom_ws/install/yahboom_web_savmap_interfaces/share/ament_index/resource_index/parent_prefix_path/yahboom_web_savmap_interfaces
[2.453s] -- Up-to-date: /home/rosuser/yahboom_ws/install/yahboom_web_savmap_interfaces/share/yahboom_web_savmap_interfaces/environment/ament_prefix_path.sh
[2.454s] -- Up-to-date: /home/rosuser/yahboom_ws/install/yahboom_web_savmap_interfaces/share/yahboom_web_savmap_interfaces/environment/ament_prefix_path.dsv
[2.454s] -- Up-to-date: /home/rosuser/yahboom_ws/install/yahboom_web_savmap_interfaces/share/yahboom_web_savmap_interfaces/environment/path.sh
[2.454s] -- Up-to-date: /home/rosuser/yahboom_ws/install/yahboom_web_savmap_interfaces/share/yahboom_web_savmap_interfaces/environment/path.dsv
[2.454s] -- Up-to-date: /home/rosuser/yahboom_ws/install/yahboom_web_savmap_interfaces/share/yahboom_web_savmap_interfaces/local_setup.bash
[2.455s] -- Up-to-date: /home/rosuser/yahboom_ws/install/yahboom_web_savmap_interfaces/share/yahboom_web_savmap_interfaces/local_setup.sh
[2.455s] -- Up-to-date: /home/rosuser/yahboom_ws/install/yahboom_web_savmap_interfaces/share/yahboom_web_savmap_interfaces/local_setup.zsh
[2.458s] -- Up-to-date: /home/rosuser/yahboom_ws/install/yahboom_web_savmap_interfaces/share/yahboom_web_savmap_interfaces/local_setup.dsv
[2.458s] -- Installing: /home/rosuser/yahboom_ws/install/yahboom_web_savmap_interfaces/share/yahboom_web_savmap_interfaces/package.dsv
[2.458s] -- Up-to-date: /home/rosuser/yahboom_ws/install/yahboom_web_savmap_interfaces/share/ament_index/resource_index/packages/yahboom_web_savmap_interfaces
[2.458s] -- Up-to-date: /home/rosuser/yahboom_ws/install/yahboom_web_savmap_interfaces/share/yahboom_web_savmap_interfaces/cmake/export_yahboom_web_savmap_interfaces__rosidl_generator_cExport.cmake
[2.461s] -- Up-to-date: /home/rosuser/yahboom_ws/install/yahboom_web_savmap_interfaces/share/yahboom_web_savmap_interfaces/cmake/export_yahboom_web_savmap_interfaces__rosidl_generator_cExport-noconfig.cmake
[2.461s] -- Up-to-date: /home/rosuser/yahboom_ws/install/yahboom_web_savmap_interfaces/share/yahboom_web_savmap_interfaces/cmake/export_yahboom_web_savmap_interfaces__rosidl_typesupport_fastrtps_cExport.cmake
[2.461s] -- Up-to-date: /home/rosuser/yahboom_ws/install/yahboom_web_savmap_interfaces/share/yahboom_web_savmap_interfaces/cmake/export_yahboom_web_savmap_interfaces__rosidl_typesupport_fastrtps_cExport-noconfig.cmake
[2.462s] -- Up-to-date: /home/rosuser/yahboom_ws/install/yahboom_web_savmap_interfaces/share/yahboom_web_savmap_interfaces/cmake/export_yahboom_web_savmap_interfaces__rosidl_generator_cppExport.cmake
[2.464s] -- Up-to-date: /home/rosuser/yahboom_ws/install/yahboom_web_savmap_interfaces/share/yahboom_web_savmap_interfaces/cmake/export_yahboom_web_savmap_interfaces__rosidl_typesupport_fastrtps_cppExport.cmake
[2.465s] -- Up-to-date: /home/rosuser/yahboom_ws/install/yahboom_web_savmap_interfaces/share/yahboom_web_savmap_interfaces/cmake/export_yahboom_web_savmap_interfaces__rosidl_typesupport_fastrtps_cppExport-noconfig.cmake
[2.468s] -- Up-to-date: /home/rosuser/yahboom_ws/install/yahboom_web_savmap_interfaces/share/yahboom_web_savmap_interfaces/cmake/yahboom_web_savmap_interfaces__rosidl_typesupport_introspection_cExport.cmake
[2.468s] -- Up-to-date: /home/rosuser/yahboom_ws/install/yahboom_web_savmap_interfaces/share/yahboom_web_savmap_interfaces/cmake/yahboom_web_savmap_interfaces__rosidl_typesupport_introspection_cExport-noconfig.cmake
[2.468s] -- Up-to-date: /home/rosuser/yahboom_ws/install/yahboom_web_savmap_interfaces/share/yahboom_web_savmap_interfaces/cmake/yahboom_web_savmap_interfaces__rosidl_typesupport_cExport.cmake
[2.468s] -- Up-to-date: /home/rosuser/yahboom_ws/install/yahboom_web_savmap_interfaces/share/yahboom_web_savmap_interfaces/cmake/yahboom_web_savmap_interfaces__rosidl_typesupport_cExport-noconfig.cmake
[2.471s] -- Up-to-date: /home/rosuser/yahboom_ws/install/yahboom_web_savmap_interfaces/share/yahboom_web_savmap_interfaces/cmake/yahboom_web_savmap_interfaces__rosidl_typesupport_introspection_cppExport.cmake
[2.471s] -- Up-to-date: /home/rosuser/yahboom_ws/install/yahboom_web_savmap_interfaces/share/yahboom_web_savmap_interfaces/cmake/yahboom_web_savmap_interfaces__rosidl_typesupport_introspection_cppExport-noconfig.cmake
[2.473s] -- Up-to-date: /home/rosuser/yahboom_ws/install/yahboom_web_savmap_interfaces/share/yahboom_web_savmap_interfaces/cmake/yahboom_web_savmap_interfaces__rosidl_typesupport_cppExport.cmake
[2.473s] -- Up-to-date: /home/rosuser/yahboom_ws/install/yahboom_web_savmap_interfaces/share/yahboom_web_savmap_interfaces/cmake/yahboom_web_savmap_interfaces__rosidl_typesupport_cppExport-noconfig.cmake
[2.474s] -- Up-to-date: /home/rosuser/yahboom_ws/install/yahboom_web_savmap_interfaces/share/yahboom_web_savmap_interfaces/cmake/export_yahboom_web_savmap_interfaces__rosidl_generator_pyExport.cmake
[2.474s] -- Up-to-date: /home/rosuser/yahboom_ws/install/yahboom_web_savmap_interfaces/share/yahboom_web_savmap_interfaces/cmake/export_yahboom_web_savmap_interfaces__rosidl_generator_pyExport-noconfig.cmake
[2.475s] -- Up-to-date: /home/rosuser/yahboom_ws/install/yahboom_web_savmap_interfaces/share/yahboom_web_savmap_interfaces/cmake/rosidl_cmake-extras.cmake
[2.475s] -- Up-to-date: /home/rosuser/yahboom_ws/install/yahboom_web_savmap_interfaces/share/yahboom_web_savmap_interfaces/cmake/ament_cmake_export_include_directories-extras.cmake
[2.479s] -- Up-to-date: /home/rosuser/yahboom_ws/install/yahboom_web_savmap_interfaces/share/yahboom_web_savmap_interfaces/cmake/ament_cmake_export_libraries-extras.cmake
[2.480s] -- Up-to-date: /home/rosuser/yahboom_ws/install/yahboom_web_savmap_interfaces/share/yahboom_web_savmap_interfaces/cmake/ament_cmake_export_targets-extras.cmake
[2.480s] -- Up-to-date: /home/rosuser/yahboom_ws/install/yahboom_web_savmap_interfaces/share/yahboom_web_savmap_interfaces/cmake/rosidl_cmake_export_typesupport_targets-extras.cmake
[2.480s] -- Up-to-date: /home/rosuser/yahboom_ws/install/yahboom_web_savmap_interfaces/share/yahboom_web_savmap_interfaces/cmake/ament_cmake_export_dependencies-extras.cmake
[2.480s] -- Up-to-date: /home/rosuser/yahboom_ws/install/yahboom_web_savmap_interfaces/share/yahboom_web_savmap_interfaces/cmake/rosidl_cmake_export_typesupport_libraries-extras.cmake
[2.480s] -- Up-to-date: /home/rosuser/yahboom_ws/install/yahboom_web_savmap_interfaces/share/yahboom_web_savmap_interfaces/cmake/yahboom_web_savmap_interfacesConfig.cmake
[2.480s] -- Up-to-date: /home/rosuser/yahboom_ws/install/yahboom_web_savmap_interfaces/share/yahboom_web_savmap_interfaces/cmake/yahboom_web_savmap_interfacesConfig-version.cmake
[2.481s] -- Up-to-date: /home/rosuser/yahboom_ws/install/yahboom_web_savmap_interfaces/share/yahboom_web_savmap_interfaces/package.xml
[2.609s] Invoked command in '/home/rosuser/yahboom_ws/build/yahboom_web_savmap_interfaces' returned '0': CMAKE_PREFIX_PATH=${CMAKE_PREFIX_PATH}:/home/rosuser/ROS2Dev/turtlebot3_ws/install/turtlebot3_teleop:/home/rosuser/ROS2Dev/turtlebot3_ws/install/turtlebot3_example:/opt/ros/humble /usr/bin/cmake --install /home/rosuser/yahboom_ws/build/yahboom_web_savmap_interfaces
