/home/rosuser/.local/lib/python3.10/site-packages/setuptools/dist.py:717: UserWarning: Usage of dash-separated 'script-dir' will not be supported in future versions. Please use the underscore name 'script_dir' instead
  warnings.warn(
running egg_info
writing ../../build/robot_pose_publisher/robot_pose_publisher.egg-info/PKG-INFO
writing dependency_links to ../../build/robot_pose_publisher/robot_pose_publisher.egg-info/dependency_links.txt
writing entry points to ../../build/robot_pose_publisher/robot_pose_publisher.egg-info/entry_points.txt
writing requirements to ../../build/robot_pose_publisher/robot_pose_publisher.egg-info/requires.txt
writing top-level names to ../../build/robot_pose_publisher/robot_pose_publisher.egg-info/top_level.txt
reading manifest file '../../build/robot_pose_publisher/robot_pose_publisher.egg-info/SOURCES.txt'
writing manifest file '../../build/robot_pose_publisher/robot_pose_publisher.egg-info/SOURCES.txt'
running build
running build_py
running install
running install_lib
running install_data
running install_egg_info
removing '/home/rosuser/yahboom_ws/install/robot_pose_publisher/lib/python3.10/site-packages/robot_pose_publisher-0.0.0-py3.10.egg-info' (and everything under it)
Copying ../../build/robot_pose_publisher/robot_pose_publisher.egg-info to /home/rosuser/yahboom_ws/install/robot_pose_publisher/lib/python3.10/site-packages/robot_pose_publisher-0.0.0-py3.10.egg-info
running install_scripts
Installing robot_pose_publisher script to /home/rosuser/yahboom_ws/install/robot_pose_publisher/lib/robot_pose_publisher
writing list of installed files to '/home/rosuser/yahboom_ws/build/robot_pose_publisher/install.log'
