[1.424s] Invoking command in '/home/rosuser/yahboom_ws/src/robot_pose_publisher': PYTHONPATH=/home/rosuser/yahboom_ws/build/robot_pose_publisher/prefix_override:/home/rosuser/yahboom_ws/install/robot_pose_publisher/lib/python3.10/site-packages:${PYTHONPATH} /usr/bin/python3 setup.py egg_info --egg-base ../../build/robot_pose_publisher build --build-base /home/rosuser/yahboom_ws/build/robot_pose_publisher/build install --record /home/rosuser/yahboom_ws/build/robot_pose_publisher/install.log --install-scripts $base/lib/robot_pose_publisher --single-version-externally-managed
[1.681s] /home/rosuser/.local/lib/python3.10/site-packages/setuptools/dist.py:717: UserWarning: Usage of dash-separated 'script-dir' will not be supported in future versions. Please use the underscore name 'script_dir' instead
[1.681s]   warnings.warn(
[1.720s] running egg_info
[1.724s] writing ../../build/robot_pose_publisher/robot_pose_publisher.egg-info/PKG-INFO
[1.725s] writing dependency_links to ../../build/robot_pose_publisher/robot_pose_publisher.egg-info/dependency_links.txt
[1.725s] writing entry points to ../../build/robot_pose_publisher/robot_pose_publisher.egg-info/entry_points.txt
[1.726s] writing requirements to ../../build/robot_pose_publisher/robot_pose_publisher.egg-info/requires.txt
[1.726s] writing top-level names to ../../build/robot_pose_publisher/robot_pose_publisher.egg-info/top_level.txt
[1.728s] reading manifest file '../../build/robot_pose_publisher/robot_pose_publisher.egg-info/SOURCES.txt'
[1.729s] writing manifest file '../../build/robot_pose_publisher/robot_pose_publisher.egg-info/SOURCES.txt'
[1.729s] running build
[1.729s] running build_py
[1.730s] running install
[1.731s] running install_lib
[1.733s] running install_data
[1.735s] running install_egg_info
[1.737s] removing '/home/rosuser/yahboom_ws/install/robot_pose_publisher/lib/python3.10/site-packages/robot_pose_publisher-0.0.0-py3.10.egg-info' (and everything under it)
[1.746s] Copying ../../build/robot_pose_publisher/robot_pose_publisher.egg-info to /home/rosuser/yahboom_ws/install/robot_pose_publisher/lib/python3.10/site-packages/robot_pose_publisher-0.0.0-py3.10.egg-info
[1.751s] running install_scripts
[1.769s] Installing robot_pose_publisher script to /home/rosuser/yahboom_ws/install/robot_pose_publisher/lib/robot_pose_publisher
[1.770s] writing list of installed files to '/home/rosuser/yahboom_ws/build/robot_pose_publisher/install.log'
[1.996s] Invoked command in '/home/rosuser/yahboom_ws/src/robot_pose_publisher' returned '0': PYTHONPATH=/home/rosuser/yahboom_ws/build/robot_pose_publisher/prefix_override:/home/rosuser/yahboom_ws/install/robot_pose_publisher/lib/python3.10/site-packages:${PYTHONPATH} /usr/bin/python3 setup.py egg_info --egg-base ../../build/robot_pose_publisher build --build-base /home/rosuser/yahboom_ws/build/robot_pose_publisher/build install --record /home/rosuser/yahboom_ws/build/robot_pose_publisher/install.log --install-scripts $base/lib/robot_pose_publisher --single-version-externally-managed
