[1.617s] Invoking command in '/home/rosuser/yahboom_ws/src/laserscan_to_point_pulisher': PYTHONPATH=/home/rosuser/yahboom_ws/build/laserscan_to_point_pulisher/prefix_override:/home/rosuser/yahboom_ws/install/laserscan_to_point_pulisher/lib/python3.10/site-packages:${PYTHONPATH} /usr/bin/python3 setup.py egg_info --egg-base ../../build/laserscan_to_point_pulisher build --build-base /home/rosuser/yahboom_ws/build/laserscan_to_point_pulisher/build install --record /home/rosuser/yahboom_ws/build/laserscan_to_point_pulisher/install.log --install-scripts $base/lib/laserscan_to_point_pulisher --single-version-externally-managed
[1.864s] /home/rosuser/.local/lib/python3.10/site-packages/setuptools/dist.py:717: UserWarning: Usage of dash-separated 'script-dir' will not be supported in future versions. Please use the underscore name 'script_dir' instead
[1.864s]   warnings.warn(
[1.910s] running egg_info
[1.911s] writing ../../build/laserscan_to_point_pulisher/laserscan_to_point_pulisher.egg-info/PKG-INFO
[1.913s] writing dependency_links to ../../build/laserscan_to_point_pulisher/laserscan_to_point_pulisher.egg-info/dependency_links.txt
[1.915s] writing entry points to ../../build/laserscan_to_point_pulisher/laserscan_to_point_pulisher.egg-info/entry_points.txt
[1.916s] writing requirements to ../../build/laserscan_to_point_pulisher/laserscan_to_point_pulisher.egg-info/requires.txt
[1.916s] writing top-level names to ../../build/laserscan_to_point_pulisher/laserscan_to_point_pulisher.egg-info/top_level.txt
[1.920s] reading manifest file '../../build/laserscan_to_point_pulisher/laserscan_to_point_pulisher.egg-info/SOURCES.txt'
[1.923s] writing manifest file '../../build/laserscan_to_point_pulisher/laserscan_to_point_pulisher.egg-info/SOURCES.txt'
[1.923s] running build
[1.924s] running build_py
[1.926s] running install
[1.926s] running install_lib
[1.930s] running install_data
[1.934s] running install_egg_info
[1.937s] removing '/home/rosuser/yahboom_ws/install/laserscan_to_point_pulisher/lib/python3.10/site-packages/laserscan_to_point_pulisher-0.0.0-py3.10.egg-info' (and everything under it)
[1.937s] Copying ../../build/laserscan_to_point_pulisher/laserscan_to_point_pulisher.egg-info to /home/rosuser/yahboom_ws/install/laserscan_to_point_pulisher/lib/python3.10/site-packages/laserscan_to_point_pulisher-0.0.0-py3.10.egg-info
[1.939s] running install_scripts
[1.963s] Installing laserscan_to_point_pulisher script to /home/rosuser/yahboom_ws/install/laserscan_to_point_pulisher/lib/laserscan_to_point_pulisher
[1.964s] writing list of installed files to '/home/rosuser/yahboom_ws/build/laserscan_to_point_pulisher/install.log'
[2.140s] Invoked command in '/home/rosuser/yahboom_ws/src/laserscan_to_point_pulisher' returned '0': PYTHONPATH=/home/rosuser/yahboom_ws/build/laserscan_to_point_pulisher/prefix_override:/home/rosuser/yahboom_ws/install/laserscan_to_point_pulisher/lib/python3.10/site-packages:${PYTHONPATH} /usr/bin/python3 setup.py egg_info --egg-base ../../build/laserscan_to_point_pulisher build --build-base /home/rosuser/yahboom_ws/build/laserscan_to_point_pulisher/build install --record /home/rosuser/yahboom_ws/build/laserscan_to_point_pulisher/install.log --install-scripts $base/lib/laserscan_to_point_pulisher --single-version-externally-managed
