/home/rosuser/yahboom_ws/install/yahboomcar_description/lib/python3.10/site-packages/yahboomcar_description/__init__.py
/home/rosuser/yahboom_ws/install/yahboomcar_description/lib/python3.10/site-packages/yahboomcar_description/__pycache__/__init__.cpython-310.pyc
/home/rosuser/yahboom_ws/install/yahboomcar_description/share/ament_index/resource_index/packages/yahboomcar_description
/home/rosuser/yahboom_ws/install/yahboomcar_description/share/yahboomcar_description/package.xml
/home/rosuser/yahboom_ws/install/yahboomcar_description/share/yahboomcar_description/launch/display_X3plus.launch.py
/home/rosuser/yahboom_ws/install/yahboomcar_description/share/yahboomcar_description/launch/display_X3.launch.py
/home/rosuser/yahboom_ws/install/yahboomcar_description/share/yahboomcar_description/launch/display_R2.launch.py
/home/rosuser/yahboom_ws/install/yahboomcar_description/share/yahboomcar_description/urdf/yahboomcar_X3plus.urdf
/home/rosuser/yahboom_ws/install/yahboomcar_description/share/yahboomcar_description/urdf/yahboomcar_X3.urdf.xacro
/home/rosuser/yahboom_ws/install/yahboomcar_description/share/yahboomcar_description/urdf/yahboomcar_R2_multi.urdf.xacro
/home/rosuser/yahboom_ws/install/yahboomcar_description/share/yahboomcar_description/urdf/yahboomcar_R2.urdf
/home/rosuser/yahboom_ws/install/yahboomcar_description/share/yahboomcar_description/urdf/yahboomcar_X3plus.urdf.xacro
/home/rosuser/yahboom_ws/install/yahboomcar_description/share/yahboomcar_description/urdf/yahboomcar_X3.urdf
/home/rosuser/yahboom_ws/install/yahboomcar_description/share/yahboomcar_description/urdf/yahboomcar_R2.urdf.xacro
/home/rosuser/yahboom_ws/install/yahboomcar_description/share/yahboomcar_description/meshes/Ackermann/front_right_wheel.STL
/home/rosuser/yahboom_ws/install/yahboomcar_description/share/yahboomcar_description/meshes/Ackermann/camera_link.STL
/home/rosuser/yahboom_ws/install/yahboomcar_description/share/yahboomcar_description/meshes/Ackermann/base_link.STL
/home/rosuser/yahboom_ws/install/yahboomcar_description/share/yahboomcar_description/meshes/Ackermann/front_right_steer.STL
/home/rosuser/yahboom_ws/install/yahboomcar_description/share/yahboomcar_description/meshes/Ackermann/back_left_link.STL
/home/rosuser/yahboom_ws/install/yahboomcar_description/share/yahboomcar_description/meshes/Ackermann/back_right_link.STL
/home/rosuser/yahboom_ws/install/yahboomcar_description/share/yahboomcar_description/meshes/Ackermann/front_left_steer.STL
/home/rosuser/yahboom_ws/install/yahboomcar_description/share/yahboomcar_description/meshes/Ackermann/front_left_wheel.STL
/home/rosuser/yahboom_ws/install/yahboomcar_description/share/yahboomcar_description/meshes/Ackermann/laser_link.STL
/home/rosuser/yahboom_ws/install/yahboomcar_description/share/yahboomcar_description/meshes/mecanum/base_link_X3.STL
/home/rosuser/yahboom_ws/install/yahboomcar_description/share/yahboomcar_description/meshes/mecanum/front_left_wheel_X3.STL
/home/rosuser/yahboom_ws/install/yahboomcar_description/share/yahboomcar_description/meshes/mecanum/back_right_wheel_X3.STL
/home/rosuser/yahboom_ws/install/yahboomcar_description/share/yahboomcar_description/meshes/mecanum/front_right_wheel_X3.STL
/home/rosuser/yahboom_ws/install/yahboomcar_description/share/yahboomcar_description/meshes/mecanum/back_left_wheel_X3.STL
/home/rosuser/yahboom_ws/install/yahboomcar_description/share/yahboomcar_description/meshes/sensor/camera_link.STL
/home/rosuser/yahboom_ws/install/yahboomcar_description/share/yahboomcar_description/meshes/sensor/laser_link.STL
/home/rosuser/yahboom_ws/install/yahboomcar_description/share/yahboomcar_description/meshes/sensor/collision/camera_link.STL
/home/rosuser/yahboom_ws/install/yahboomcar_description/share/yahboomcar_description/meshes/sensor/collision/mono_link.STL
/home/rosuser/yahboom_ws/install/yahboomcar_description/share/yahboomcar_description/meshes/sensor/collision/laser_link.STL
/home/rosuser/yahboom_ws/install/yahboomcar_description/share/yahboomcar_description/meshes/sensor/visual/camera_link.STL
/home/rosuser/yahboom_ws/install/yahboomcar_description/share/yahboomcar_description/meshes/sensor/visual/mono_link.STL
/home/rosuser/yahboom_ws/install/yahboomcar_description/share/yahboomcar_description/meshes/sensor/visual/laser_link.STL
/home/rosuser/yahboom_ws/install/yahboomcar_description/share/yahboomcar_description/meshes/X3plus/collision/rlink1.STL
/home/rosuser/yahboom_ws/install/yahboomcar_description/share/yahboomcar_description/meshes/X3plus/collision/arm_link3.STL
/home/rosuser/yahboom_ws/install/yahboomcar_description/share/yahboomcar_description/meshes/X3plus/collision/llink3.STL
/home/rosuser/yahboom_ws/install/yahboomcar_description/share/yahboomcar_description/meshes/X3plus/collision/arm_link4.STL
/home/rosuser/yahboom_ws/install/yahboomcar_description/share/yahboomcar_description/meshes/X3plus/collision/arm_link5.STL
/home/rosuser/yahboom_ws/install/yahboomcar_description/share/yahboomcar_description/meshes/X3plus/collision/base_link.STL
/home/rosuser/yahboom_ws/install/yahboomcar_description/share/yahboomcar_description/meshes/X3plus/collision/rlink3.STL
/home/rosuser/yahboom_ws/install/yahboomcar_description/share/yahboomcar_description/meshes/X3plus/collision/rlink2.STL
/home/rosuser/yahboom_ws/install/yahboomcar_description/share/yahboomcar_description/meshes/X3plus/collision/arm_link2.STL
/home/rosuser/yahboom_ws/install/yahboomcar_description/share/yahboomcar_description/meshes/X3plus/collision/llink1.STL
/home/rosuser/yahboom_ws/install/yahboomcar_description/share/yahboomcar_description/meshes/X3plus/collision/llink2.STL
/home/rosuser/yahboom_ws/install/yahboomcar_description/share/yahboomcar_description/meshes/X3plus/collision/arm_link1.STL
/home/rosuser/yahboom_ws/install/yahboomcar_description/share/yahboomcar_description/meshes/X3plus/visual/rlink1.STL
/home/rosuser/yahboom_ws/install/yahboomcar_description/share/yahboomcar_description/meshes/X3plus/visual/arm_link3.STL
/home/rosuser/yahboom_ws/install/yahboomcar_description/share/yahboomcar_description/meshes/X3plus/visual/llink3.STL
/home/rosuser/yahboom_ws/install/yahboomcar_description/share/yahboomcar_description/meshes/X3plus/visual/arm_link4.STL
/home/rosuser/yahboom_ws/install/yahboomcar_description/share/yahboomcar_description/meshes/X3plus/visual/arm_link5.STL
/home/rosuser/yahboom_ws/install/yahboomcar_description/share/yahboomcar_description/meshes/X3plus/visual/base_link.STL
/home/rosuser/yahboom_ws/install/yahboomcar_description/share/yahboomcar_description/meshes/X3plus/visual/rlink3.STL
/home/rosuser/yahboom_ws/install/yahboomcar_description/share/yahboomcar_description/meshes/X3plus/visual/rlink2.STL
/home/rosuser/yahboom_ws/install/yahboomcar_description/share/yahboomcar_description/meshes/X3plus/visual/arm_link2.STL
/home/rosuser/yahboom_ws/install/yahboomcar_description/share/yahboomcar_description/meshes/X3plus/visual/llink1.STL
/home/rosuser/yahboom_ws/install/yahboomcar_description/share/yahboomcar_description/meshes/X3plus/visual/llink2.STL
/home/rosuser/yahboom_ws/install/yahboomcar_description/share/yahboomcar_description/meshes/X3plus/visual/arm_link1.STL
/home/rosuser/yahboom_ws/install/yahboomcar_description/share/yahboomcar_description/meshes/laser_link_R2.STL
/home/rosuser/yahboom_ws/install/yahboomcar_description/share/yahboomcar_description/meshes/camera_link_R2.STL
/home/rosuser/yahboom_ws/install/yahboomcar_description/share/yahboomcar_description/meshes/base_link_X3.STL
/home/rosuser/yahboom_ws/install/yahboomcar_description/share/yahboomcar_description/meshes/front_right_wheel.STL
/home/rosuser/yahboom_ws/install/yahboomcar_description/share/yahboomcar_description/meshes/front_left_wheel_X3.STL
/home/rosuser/yahboom_ws/install/yahboomcar_description/share/yahboomcar_description/meshes/camera_link.STL
/home/rosuser/yahboom_ws/install/yahboomcar_description/share/yahboomcar_description/meshes/base_link.STL
/home/rosuser/yahboom_ws/install/yahboomcar_description/share/yahboomcar_description/meshes/front_right_steer.STL
/home/rosuser/yahboom_ws/install/yahboomcar_description/share/yahboomcar_description/meshes/back_right_wheel_X3.STL
/home/rosuser/yahboom_ws/install/yahboomcar_description/share/yahboomcar_description/meshes/back_left_link.STL
/home/rosuser/yahboom_ws/install/yahboomcar_description/share/yahboomcar_description/meshes/back_right_link.STL
/home/rosuser/yahboom_ws/install/yahboomcar_description/share/yahboomcar_description/meshes/front_right_wheel_X3.STL
/home/rosuser/yahboom_ws/install/yahboomcar_description/share/yahboomcar_description/meshes/front_left_steer.STL
/home/rosuser/yahboom_ws/install/yahboomcar_description/share/yahboomcar_description/meshes/front_left_wheel.STL
/home/rosuser/yahboom_ws/install/yahboomcar_description/share/yahboomcar_description/meshes/laser_link.STL
/home/rosuser/yahboom_ws/install/yahboomcar_description/share/yahboomcar_description/meshes/back_left_wheel_X3.STL
/home/rosuser/yahboom_ws/install/yahboomcar_description/share/yahboomcar_description/rviz/yahboomcar.rviz
/home/rosuser/yahboom_ws/install/yahboomcar_description/lib/python3.10/site-packages/yahboomcar_description-0.0.0-py3.10.egg-info/PKG-INFO
/home/rosuser/yahboom_ws/install/yahboomcar_description/lib/python3.10/site-packages/yahboomcar_description-0.0.0-py3.10.egg-info/top_level.txt
/home/rosuser/yahboom_ws/install/yahboomcar_description/lib/python3.10/site-packages/yahboomcar_description-0.0.0-py3.10.egg-info/zip-safe
/home/rosuser/yahboom_ws/install/yahboomcar_description/lib/python3.10/site-packages/yahboomcar_description-0.0.0-py3.10.egg-info/dependency_links.txt
/home/rosuser/yahboom_ws/install/yahboomcar_description/lib/python3.10/site-packages/yahboomcar_description-0.0.0-py3.10.egg-info/entry_points.txt
/home/rosuser/yahboom_ws/install/yahboomcar_description/lib/python3.10/site-packages/yahboomcar_description-0.0.0-py3.10.egg-info/requires.txt
/home/rosuser/yahboom_ws/install/yahboomcar_description/lib/python3.10/site-packages/yahboomcar_description-0.0.0-py3.10.egg-info/SOURCES.txt
