[1.688s] Invoking command in '/home/rosuser/yahboom_ws/src/laserscan_to_point_pulisher': PYTHONPATH=/home/rosuser/yahboom_ws/build/laserscan_to_point_pulisher/prefix_override:/home/rosuser/yahboom_ws/install/laserscan_to_point_pulisher/lib/python3.10/site-packages:${PYTHONPATH} /usr/bin/python3 setup.py egg_info --egg-base ../../build/laserscan_to_point_pulisher build --build-base /home/rosuser/yahboom_ws/build/laserscan_to_point_pulisher/build install --record /home/rosuser/yahboom_ws/build/laserscan_to_point_pulisher/install.log --install-scripts $base/lib/laserscan_to_point_pulisher --single-version-externally-managed
[1.987s] /home/rosuser/.local/lib/python3.10/site-packages/setuptools/dist.py:717: UserWarning: Usage of dash-separated 'script-dir' will not be supported in future versions. Please use the underscore name 'script_dir' instead
[1.987s]   warnings.warn(
[2.019s] running egg_info
[2.020s] writing ../../build/laserscan_to_point_pulisher/laserscan_to_point_pulisher.egg-info/PKG-INFO
[2.021s] writing dependency_links to ../../build/laserscan_to_point_pulisher/laserscan_to_point_pulisher.egg-info/dependency_links.txt
[2.021s] writing entry points to ../../build/laserscan_to_point_pulisher/laserscan_to_point_pulisher.egg-info/entry_points.txt
[2.022s] writing requirements to ../../build/laserscan_to_point_pulisher/laserscan_to_point_pulisher.egg-info/requires.txt
[2.022s] writing top-level names to ../../build/laserscan_to_point_pulisher/laserscan_to_point_pulisher.egg-info/top_level.txt
[2.025s] reading manifest file '../../build/laserscan_to_point_pulisher/laserscan_to_point_pulisher.egg-info/SOURCES.txt'
[2.026s] writing manifest file '../../build/laserscan_to_point_pulisher/laserscan_to_point_pulisher.egg-info/SOURCES.txt'
[2.027s] running build
[2.027s] running build_py
[2.027s] running install
[2.028s] running install_lib
[2.030s] running install_data
[2.031s] running install_egg_info
[2.033s] removing '/home/rosuser/yahboom_ws/install/laserscan_to_point_pulisher/lib/python3.10/site-packages/laserscan_to_point_pulisher-0.0.0-py3.10.egg-info' (and everything under it)
[2.034s] Copying ../../build/laserscan_to_point_pulisher/laserscan_to_point_pulisher.egg-info to /home/rosuser/yahboom_ws/install/laserscan_to_point_pulisher/lib/python3.10/site-packages/laserscan_to_point_pulisher-0.0.0-py3.10.egg-info
[2.035s] running install_scripts
[2.058s] Installing laserscan_to_point_pulisher script to /home/rosuser/yahboom_ws/install/laserscan_to_point_pulisher/lib/laserscan_to_point_pulisher
[2.059s] writing list of installed files to '/home/rosuser/yahboom_ws/build/laserscan_to_point_pulisher/install.log'
[2.241s] Invoked command in '/home/rosuser/yahboom_ws/src/laserscan_to_point_pulisher' returned '0': PYTHONPATH=/home/rosuser/yahboom_ws/build/laserscan_to_point_pulisher/prefix_override:/home/rosuser/yahboom_ws/install/laserscan_to_point_pulisher/lib/python3.10/site-packages:${PYTHONPATH} /usr/bin/python3 setup.py egg_info --egg-base ../../build/laserscan_to_point_pulisher build --build-base /home/rosuser/yahboom_ws/build/laserscan_to_point_pulisher/build install --record /home/rosuser/yahboom_ws/build/laserscan_to_point_pulisher/install.log --install-scripts $base/lib/laserscan_to_point_pulisher --single-version-externally-managed
