/home/rosuser/.local/lib/python3.10/site-packages/setuptools/dist.py:717: UserWarning: Usage of dash-separated 'script-dir' will not be supported in future versions. Please use the underscore name 'script_dir' instead
  warnings.warn(
running egg_info
creating ../../build/robot_pose_publisher/robot_pose_publisher.egg-info
writing ../../build/robot_pose_publisher/robot_pose_publisher.egg-info/PKG-INFO
writing dependency_links to ../../build/robot_pose_publisher/robot_pose_publisher.egg-info/dependency_links.txt
writing entry points to ../../build/robot_pose_publisher/robot_pose_publisher.egg-info/entry_points.txt
writing requirements to ../../build/robot_pose_publisher/robot_pose_publisher.egg-info/requires.txt
writing top-level names to ../../build/robot_pose_publisher/robot_pose_publisher.egg-info/top_level.txt
writing manifest file '../../build/robot_pose_publisher/robot_pose_publisher.egg-info/SOURCES.txt'
reading manifest file '../../build/robot_pose_publisher/robot_pose_publisher.egg-info/SOURCES.txt'
writing manifest file '../../build/robot_pose_publisher/robot_pose_publisher.egg-info/SOURCES.txt'
running build
running build_py
creating /home/rosuser/yahboom_ws/build/robot_pose_publisher/build
creating /home/rosuser/yahboom_ws/build/robot_pose_publisher/build/lib
creating /home/rosuser/yahboom_ws/build/robot_pose_publisher/build/lib/robot_pose_publisher
copying robot_pose_publisher/__init__.py -> /home/rosuser/yahboom_ws/build/robot_pose_publisher/build/lib/robot_pose_publisher
copying robot_pose_publisher/robot_pose_publisher.py -> /home/rosuser/yahboom_ws/build/robot_pose_publisher/build/lib/robot_pose_publisher
running install
running install_lib
creating /home/rosuser/yahboom_ws/install/robot_pose_publisher/lib/python3.10/site-packages/robot_pose_publisher
copying /home/rosuser/yahboom_ws/build/robot_pose_publisher/build/lib/robot_pose_publisher/__init__.py -> /home/rosuser/yahboom_ws/install/robot_pose_publisher/lib/python3.10/site-packages/robot_pose_publisher
copying /home/rosuser/yahboom_ws/build/robot_pose_publisher/build/lib/robot_pose_publisher/robot_pose_publisher.py -> /home/rosuser/yahboom_ws/install/robot_pose_publisher/lib/python3.10/site-packages/robot_pose_publisher
byte-compiling /home/rosuser/yahboom_ws/install/robot_pose_publisher/lib/python3.10/site-packages/robot_pose_publisher/__init__.py to __init__.cpython-310.pyc
byte-compiling /home/rosuser/yahboom_ws/install/robot_pose_publisher/lib/python3.10/site-packages/robot_pose_publisher/robot_pose_publisher.py to robot_pose_publisher.cpython-310.pyc
running install_data
creating /home/rosuser/yahboom_ws/install/robot_pose_publisher/share/ament_index
creating /home/rosuser/yahboom_ws/install/robot_pose_publisher/share/ament_index/resource_index
creating /home/rosuser/yahboom_ws/install/robot_pose_publisher/share/ament_index/resource_index/packages
copying resource/robot_pose_publisher -> /home/rosuser/yahboom_ws/install/robot_pose_publisher/share/ament_index/resource_index/packages
copying package.xml -> /home/rosuser/yahboom_ws/install/robot_pose_publisher/share/robot_pose_publisher
running install_egg_info
Copying ../../build/robot_pose_publisher/robot_pose_publisher.egg-info to /home/rosuser/yahboom_ws/install/robot_pose_publisher/lib/python3.10/site-packages/robot_pose_publisher-0.0.0-py3.10.egg-info
running install_scripts
Installing robot_pose_publisher script to /home/rosuser/yahboom_ws/install/robot_pose_publisher/lib/robot_pose_publisher
writing list of installed files to '/home/rosuser/yahboom_ws/build/robot_pose_publisher/install.log'
