/home/rosuser/.local/lib/python3.10/site-packages/setuptools/dist.py:717: UserWarning: Usage of dash-separated 'script-dir' will not be supported in future versions. Please use the underscore name 'script_dir' instead
  warnings.warn(
running egg_info
writing ../../build/yahboomcar_description/yahboomcar_description.egg-info/PKG-INFO
writing dependency_links to ../../build/yahboomcar_description/yahboomcar_description.egg-info/dependency_links.txt
writing entry points to ../../build/yahboomcar_description/yahboomcar_description.egg-info/entry_points.txt
writing requirements to ../../build/yahboomcar_description/yahboomcar_description.egg-info/requires.txt
writing top-level names to ../../build/yahboomcar_description/yahboomcar_description.egg-info/top_level.txt
reading manifest file '../../build/yahboomcar_description/yahboomcar_description.egg-info/SOURCES.txt'
writing manifest file '../../build/yahboomcar_description/yahboomcar_description.egg-info/SOURCES.txt'
running build
running build_py
running install
running install_lib
running install_data
creating /home/rosuser/yahboom_ws/install/yahboomcar_description/share/yahboomcar_description/meshes/Ackermann
copying meshes/Ackermann/front_right_wheel.STL -> /home/rosuser/yahboom_ws/install/yahboomcar_description/share/yahboomcar_description/meshes/Ackermann
copying meshes/Ackermann/camera_link.STL -> /home/rosuser/yahboom_ws/install/yahboomcar_description/share/yahboomcar_description/meshes/Ackermann
copying meshes/Ackermann/base_link.STL -> /home/rosuser/yahboom_ws/install/yahboomcar_description/share/yahboomcar_description/meshes/Ackermann
copying meshes/Ackermann/front_right_steer.STL -> /home/rosuser/yahboom_ws/install/yahboomcar_description/share/yahboomcar_description/meshes/Ackermann
copying meshes/Ackermann/back_left_link.STL -> /home/rosuser/yahboom_ws/install/yahboomcar_description/share/yahboomcar_description/meshes/Ackermann
copying meshes/Ackermann/back_right_link.STL -> /home/rosuser/yahboom_ws/install/yahboomcar_description/share/yahboomcar_description/meshes/Ackermann
copying meshes/Ackermann/front_left_steer.STL -> /home/rosuser/yahboom_ws/install/yahboomcar_description/share/yahboomcar_description/meshes/Ackermann
copying meshes/Ackermann/front_left_wheel.STL -> /home/rosuser/yahboom_ws/install/yahboomcar_description/share/yahboomcar_description/meshes/Ackermann
copying meshes/Ackermann/laser_link.STL -> /home/rosuser/yahboom_ws/install/yahboomcar_description/share/yahboomcar_description/meshes/Ackermann
creating /home/rosuser/yahboom_ws/install/yahboomcar_description/share/yahboomcar_description/meshes/mecanum
copying meshes/mecanum/base_link_X3.STL -> /home/rosuser/yahboom_ws/install/yahboomcar_description/share/yahboomcar_description/meshes/mecanum
copying meshes/mecanum/front_left_wheel_X3.STL -> /home/rosuser/yahboom_ws/install/yahboomcar_description/share/yahboomcar_description/meshes/mecanum
copying meshes/mecanum/back_right_wheel_X3.STL -> /home/rosuser/yahboom_ws/install/yahboomcar_description/share/yahboomcar_description/meshes/mecanum
copying meshes/mecanum/front_right_wheel_X3.STL -> /home/rosuser/yahboom_ws/install/yahboomcar_description/share/yahboomcar_description/meshes/mecanum
copying meshes/mecanum/back_left_wheel_X3.STL -> /home/rosuser/yahboom_ws/install/yahboomcar_description/share/yahboomcar_description/meshes/mecanum
creating /home/rosuser/yahboom_ws/install/yahboomcar_description/share/yahboomcar_description/meshes/sensor
copying meshes/sensor/camera_link.STL -> /home/rosuser/yahboom_ws/install/yahboomcar_description/share/yahboomcar_description/meshes/sensor
copying meshes/sensor/laser_link.STL -> /home/rosuser/yahboom_ws/install/yahboomcar_description/share/yahboomcar_description/meshes/sensor
creating /home/rosuser/yahboom_ws/install/yahboomcar_description/share/yahboomcar_description/meshes/sensor/collision
copying meshes/sensor/collision/camera_link.STL -> /home/rosuser/yahboom_ws/install/yahboomcar_description/share/yahboomcar_description/meshes/sensor/collision
copying meshes/sensor/collision/mono_link.STL -> /home/rosuser/yahboom_ws/install/yahboomcar_description/share/yahboomcar_description/meshes/sensor/collision
copying meshes/sensor/collision/laser_link.STL -> /home/rosuser/yahboom_ws/install/yahboomcar_description/share/yahboomcar_description/meshes/sensor/collision
creating /home/rosuser/yahboom_ws/install/yahboomcar_description/share/yahboomcar_description/meshes/sensor/visual
copying meshes/sensor/visual/camera_link.STL -> /home/rosuser/yahboom_ws/install/yahboomcar_description/share/yahboomcar_description/meshes/sensor/visual
copying meshes/sensor/visual/mono_link.STL -> /home/rosuser/yahboom_ws/install/yahboomcar_description/share/yahboomcar_description/meshes/sensor/visual
copying meshes/sensor/visual/laser_link.STL -> /home/rosuser/yahboom_ws/install/yahboomcar_description/share/yahboomcar_description/meshes/sensor/visual
creating /home/rosuser/yahboom_ws/install/yahboomcar_description/share/yahboomcar_description/meshes/X3plus
creating /home/rosuser/yahboom_ws/install/yahboomcar_description/share/yahboomcar_description/meshes/X3plus/collision
copying meshes/X3plus/collision/rlink1.STL -> /home/rosuser/yahboom_ws/install/yahboomcar_description/share/yahboomcar_description/meshes/X3plus/collision
copying meshes/X3plus/collision/arm_link3.STL -> /home/rosuser/yahboom_ws/install/yahboomcar_description/share/yahboomcar_description/meshes/X3plus/collision
copying meshes/X3plus/collision/llink3.STL -> /home/rosuser/yahboom_ws/install/yahboomcar_description/share/yahboomcar_description/meshes/X3plus/collision
copying meshes/X3plus/collision/arm_link4.STL -> /home/rosuser/yahboom_ws/install/yahboomcar_description/share/yahboomcar_description/meshes/X3plus/collision
copying meshes/X3plus/collision/arm_link5.STL -> /home/rosuser/yahboom_ws/install/yahboomcar_description/share/yahboomcar_description/meshes/X3plus/collision
copying meshes/X3plus/collision/base_link.STL -> /home/rosuser/yahboom_ws/install/yahboomcar_description/share/yahboomcar_description/meshes/X3plus/collision
copying meshes/X3plus/collision/rlink3.STL -> /home/rosuser/yahboom_ws/install/yahboomcar_description/share/yahboomcar_description/meshes/X3plus/collision
copying meshes/X3plus/collision/rlink2.STL -> /home/rosuser/yahboom_ws/install/yahboomcar_description/share/yahboomcar_description/meshes/X3plus/collision
copying meshes/X3plus/collision/arm_link2.STL -> /home/rosuser/yahboom_ws/install/yahboomcar_description/share/yahboomcar_description/meshes/X3plus/collision
copying meshes/X3plus/collision/llink1.STL -> /home/rosuser/yahboom_ws/install/yahboomcar_description/share/yahboomcar_description/meshes/X3plus/collision
copying meshes/X3plus/collision/llink2.STL -> /home/rosuser/yahboom_ws/install/yahboomcar_description/share/yahboomcar_description/meshes/X3plus/collision
copying meshes/X3plus/collision/arm_link1.STL -> /home/rosuser/yahboom_ws/install/yahboomcar_description/share/yahboomcar_description/meshes/X3plus/collision
creating /home/rosuser/yahboom_ws/install/yahboomcar_description/share/yahboomcar_description/meshes/X3plus/visual
copying meshes/X3plus/visual/rlink1.STL -> /home/rosuser/yahboom_ws/install/yahboomcar_description/share/yahboomcar_description/meshes/X3plus/visual
copying meshes/X3plus/visual/arm_link3.STL -> /home/rosuser/yahboom_ws/install/yahboomcar_description/share/yahboomcar_description/meshes/X3plus/visual
copying meshes/X3plus/visual/llink3.STL -> /home/rosuser/yahboom_ws/install/yahboomcar_description/share/yahboomcar_description/meshes/X3plus/visual
copying meshes/X3plus/visual/arm_link4.STL -> /home/rosuser/yahboom_ws/install/yahboomcar_description/share/yahboomcar_description/meshes/X3plus/visual
copying meshes/X3plus/visual/arm_link5.STL -> /home/rosuser/yahboom_ws/install/yahboomcar_description/share/yahboomcar_description/meshes/X3plus/visual
copying meshes/X3plus/visual/base_link.STL -> /home/rosuser/yahboom_ws/install/yahboomcar_description/share/yahboomcar_description/meshes/X3plus/visual
copying meshes/X3plus/visual/rlink3.STL -> /home/rosuser/yahboom_ws/install/yahboomcar_description/share/yahboomcar_description/meshes/X3plus/visual
copying meshes/X3plus/visual/rlink2.STL -> /home/rosuser/yahboom_ws/install/yahboomcar_description/share/yahboomcar_description/meshes/X3plus/visual
copying meshes/X3plus/visual/arm_link2.STL -> /home/rosuser/yahboom_ws/install/yahboomcar_description/share/yahboomcar_description/meshes/X3plus/visual
copying meshes/X3plus/visual/llink1.STL -> /home/rosuser/yahboom_ws/install/yahboomcar_description/share/yahboomcar_description/meshes/X3plus/visual
copying meshes/X3plus/visual/llink2.STL -> /home/rosuser/yahboom_ws/install/yahboomcar_description/share/yahboomcar_description/meshes/X3plus/visual
copying meshes/X3plus/visual/arm_link1.STL -> /home/rosuser/yahboom_ws/install/yahboomcar_description/share/yahboomcar_description/meshes/X3plus/visual
running install_egg_info
removing '/home/rosuser/yahboom_ws/install/yahboomcar_description/lib/python3.10/site-packages/yahboomcar_description-0.0.0-py3.10.egg-info' (and everything under it)
Copying ../../build/yahboomcar_description/yahboomcar_description.egg-info to /home/rosuser/yahboom_ws/install/yahboomcar_description/lib/python3.10/site-packages/yahboomcar_description-0.0.0-py3.10.egg-info
running install_scripts
writing list of installed files to '/home/rosuser/yahboom_ws/build/yahboomcar_description/install.log'
