[1.139s] Invoking command in '/home/rosuser/yahboom_ws/src/yahboomcar_description': PYTHONPATH=/home/rosuser/yahboom_ws/build/yahboomcar_description/prefix_override:/home/rosuser/yahboom_ws/install/yahboomcar_description/lib/python3.10/site-packages:${PYTHONPATH} /usr/bin/python3 setup.py egg_info --egg-base ../../build/yahboomcar_description build --build-base /home/rosuser/yahboom_ws/build/yahboomcar_description/build install --record /home/rosuser/yahboom_ws/build/yahboomcar_description/install.log --install-scripts $base/lib/yahboomcar_description --single-version-externally-managed
[1.437s] /home/rosuser/.local/lib/python3.10/site-packages/setuptools/dist.py:717: UserWarning: Usage of dash-separated 'script-dir' will not be supported in future versions. Please use the underscore name 'script_dir' instead
[1.437s]   warnings.warn(
[1.464s] running egg_info
[1.465s] writing ../../build/yahboomcar_description/yahboomcar_description.egg-info/PKG-INFO
[1.465s] writing dependency_links to ../../build/yahboomcar_description/yahboomcar_description.egg-info/dependency_links.txt
[1.466s] writing entry points to ../../build/yahboomcar_description/yahboomcar_description.egg-info/entry_points.txt
[1.466s] writing requirements to ../../build/yahboomcar_description/yahboomcar_description.egg-info/requires.txt
[1.466s] writing top-level names to ../../build/yahboomcar_description/yahboomcar_description.egg-info/top_level.txt
[1.469s] reading manifest file '../../build/yahboomcar_description/yahboomcar_description.egg-info/SOURCES.txt'
[1.469s] writing manifest file '../../build/yahboomcar_description/yahboomcar_description.egg-info/SOURCES.txt'
[1.470s] running build
[1.470s] running build_py
[1.470s] running install
[1.471s] running install_lib
[1.474s] running install_data
[1.478s] creating /home/rosuser/yahboom_ws/install/yahboomcar_description/share/yahboomcar_description/meshes/Ackermann
[1.479s] copying meshes/Ackermann/front_right_wheel.STL -> /home/rosuser/yahboom_ws/install/yahboomcar_description/share/yahboomcar_description/meshes/Ackermann
[1.481s] copying meshes/Ackermann/camera_link.STL -> /home/rosuser/yahboom_ws/install/yahboomcar_description/share/yahboomcar_description/meshes/Ackermann
[1.481s] copying meshes/Ackermann/base_link.STL -> /home/rosuser/yahboom_ws/install/yahboomcar_description/share/yahboomcar_description/meshes/Ackermann
[1.492s] copying meshes/Ackermann/front_right_steer.STL -> /home/rosuser/yahboom_ws/install/yahboomcar_description/share/yahboomcar_description/meshes/Ackermann
[1.492s] copying meshes/Ackermann/back_left_link.STL -> /home/rosuser/yahboom_ws/install/yahboomcar_description/share/yahboomcar_description/meshes/Ackermann
[1.493s] copying meshes/Ackermann/back_right_link.STL -> /home/rosuser/yahboom_ws/install/yahboomcar_description/share/yahboomcar_description/meshes/Ackermann
[1.494s] copying meshes/Ackermann/front_left_steer.STL -> /home/rosuser/yahboom_ws/install/yahboomcar_description/share/yahboomcar_description/meshes/Ackermann
[1.494s] copying meshes/Ackermann/front_left_wheel.STL -> /home/rosuser/yahboom_ws/install/yahboomcar_description/share/yahboomcar_description/meshes/Ackermann
[1.495s] copying meshes/Ackermann/laser_link.STL -> /home/rosuser/yahboom_ws/install/yahboomcar_description/share/yahboomcar_description/meshes/Ackermann
[1.496s] creating /home/rosuser/yahboom_ws/install/yahboomcar_description/share/yahboomcar_description/meshes/mecanum
[1.497s] copying meshes/mecanum/base_link_X3.STL -> /home/rosuser/yahboom_ws/install/yahboomcar_description/share/yahboomcar_description/meshes/mecanum
[1.508s] copying meshes/mecanum/front_left_wheel_X3.STL -> /home/rosuser/yahboom_ws/install/yahboomcar_description/share/yahboomcar_description/meshes/mecanum
[1.516s] copying meshes/mecanum/back_right_wheel_X3.STL -> /home/rosuser/yahboom_ws/install/yahboomcar_description/share/yahboomcar_description/meshes/mecanum
[1.529s] copying meshes/mecanum/front_right_wheel_X3.STL -> /home/rosuser/yahboom_ws/install/yahboomcar_description/share/yahboomcar_description/meshes/mecanum
[1.544s] copying meshes/mecanum/back_left_wheel_X3.STL -> /home/rosuser/yahboom_ws/install/yahboomcar_description/share/yahboomcar_description/meshes/mecanum
[1.551s] creating /home/rosuser/yahboom_ws/install/yahboomcar_description/share/yahboomcar_description/meshes/sensor
[1.552s] copying meshes/sensor/camera_link.STL -> /home/rosuser/yahboom_ws/install/yahboomcar_description/share/yahboomcar_description/meshes/sensor
[1.554s] copying meshes/sensor/laser_link.STL -> /home/rosuser/yahboom_ws/install/yahboomcar_description/share/yahboomcar_description/meshes/sensor
[1.575s] creating /home/rosuser/yahboom_ws/install/yahboomcar_description/share/yahboomcar_description/meshes/sensor/collision
[1.576s] copying meshes/sensor/collision/camera_link.STL -> /home/rosuser/yahboom_ws/install/yahboomcar_description/share/yahboomcar_description/meshes/sensor/collision
[1.579s] copying meshes/sensor/collision/mono_link.STL -> /home/rosuser/yahboom_ws/install/yahboomcar_description/share/yahboomcar_description/meshes/sensor/collision
[1.620s] copying meshes/sensor/collision/laser_link.STL -> /home/rosuser/yahboom_ws/install/yahboomcar_description/share/yahboomcar_description/meshes/sensor/collision
[1.622s] creating /home/rosuser/yahboom_ws/install/yahboomcar_description/share/yahboomcar_description/meshes/sensor/visual
[1.622s] copying meshes/sensor/visual/camera_link.STL -> /home/rosuser/yahboom_ws/install/yahboomcar_description/share/yahboomcar_description/meshes/sensor/visual
[1.623s] copying meshes/sensor/visual/mono_link.STL -> /home/rosuser/yahboom_ws/install/yahboomcar_description/share/yahboomcar_description/meshes/sensor/visual
[1.646s] copying meshes/sensor/visual/laser_link.STL -> /home/rosuser/yahboom_ws/install/yahboomcar_description/share/yahboomcar_description/meshes/sensor/visual
[1.652s] creating /home/rosuser/yahboom_ws/install/yahboomcar_description/share/yahboomcar_description/meshes/X3plus
[1.652s] creating /home/rosuser/yahboom_ws/install/yahboomcar_description/share/yahboomcar_description/meshes/X3plus/collision
[1.653s] copying meshes/X3plus/collision/rlink1.STL -> /home/rosuser/yahboom_ws/install/yahboomcar_description/share/yahboomcar_description/meshes/X3plus/collision
[1.657s] copying meshes/X3plus/collision/arm_link3.STL -> /home/rosuser/yahboom_ws/install/yahboomcar_description/share/yahboomcar_description/meshes/X3plus/collision
[1.658s] copying meshes/X3plus/collision/llink3.STL -> /home/rosuser/yahboom_ws/install/yahboomcar_description/share/yahboomcar_description/meshes/X3plus/collision
[1.671s] copying meshes/X3plus/collision/arm_link4.STL -> /home/rosuser/yahboom_ws/install/yahboomcar_description/share/yahboomcar_description/meshes/X3plus/collision
[1.671s] copying meshes/X3plus/collision/arm_link5.STL -> /home/rosuser/yahboom_ws/install/yahboomcar_description/share/yahboomcar_description/meshes/X3plus/collision
[1.686s] copying meshes/X3plus/collision/base_link.STL -> /home/rosuser/yahboom_ws/install/yahboomcar_description/share/yahboomcar_description/meshes/X3plus/collision
[1.689s] copying meshes/X3plus/collision/rlink3.STL -> /home/rosuser/yahboom_ws/install/yahboomcar_description/share/yahboomcar_description/meshes/X3plus/collision
[1.691s] copying meshes/X3plus/collision/rlink2.STL -> /home/rosuser/yahboom_ws/install/yahboomcar_description/share/yahboomcar_description/meshes/X3plus/collision
[1.694s] copying meshes/X3plus/collision/arm_link2.STL -> /home/rosuser/yahboom_ws/install/yahboomcar_description/share/yahboomcar_description/meshes/X3plus/collision
[1.695s] copying meshes/X3plus/collision/llink1.STL -> /home/rosuser/yahboom_ws/install/yahboomcar_description/share/yahboomcar_description/meshes/X3plus/collision
[1.695s] copying meshes/X3plus/collision/llink2.STL -> /home/rosuser/yahboom_ws/install/yahboomcar_description/share/yahboomcar_description/meshes/X3plus/collision
[1.698s] copying meshes/X3plus/collision/arm_link1.STL -> /home/rosuser/yahboom_ws/install/yahboomcar_description/share/yahboomcar_description/meshes/X3plus/collision
[1.698s] creating /home/rosuser/yahboom_ws/install/yahboomcar_description/share/yahboomcar_description/meshes/X3plus/visual
[1.699s] copying meshes/X3plus/visual/rlink1.STL -> /home/rosuser/yahboom_ws/install/yahboomcar_description/share/yahboomcar_description/meshes/X3plus/visual
[1.702s] copying meshes/X3plus/visual/arm_link3.STL -> /home/rosuser/yahboom_ws/install/yahboomcar_description/share/yahboomcar_description/meshes/X3plus/visual
[1.743s] copying meshes/X3plus/visual/llink3.STL -> /home/rosuser/yahboom_ws/install/yahboomcar_description/share/yahboomcar_description/meshes/X3plus/visual
[1.749s] copying meshes/X3plus/visual/arm_link4.STL -> /home/rosuser/yahboom_ws/install/yahboomcar_description/share/yahboomcar_description/meshes/X3plus/visual
[1.811s] copying meshes/X3plus/visual/arm_link5.STL -> /home/rosuser/yahboom_ws/install/yahboomcar_description/share/yahboomcar_description/meshes/X3plus/visual
[1.830s] copying meshes/X3plus/visual/base_link.STL -> /home/rosuser/yahboom_ws/install/yahboomcar_description/share/yahboomcar_description/meshes/X3plus/visual
[1.921s] copying meshes/X3plus/visual/rlink3.STL -> /home/rosuser/yahboom_ws/install/yahboomcar_description/share/yahboomcar_description/meshes/X3plus/visual
[1.929s] copying meshes/X3plus/visual/rlink2.STL -> /home/rosuser/yahboom_ws/install/yahboomcar_description/share/yahboomcar_description/meshes/X3plus/visual
[1.929s] copying meshes/X3plus/visual/arm_link2.STL -> /home/rosuser/yahboom_ws/install/yahboomcar_description/share/yahboomcar_description/meshes/X3plus/visual
[1.967s] copying meshes/X3plus/visual/llink1.STL -> /home/rosuser/yahboom_ws/install/yahboomcar_description/share/yahboomcar_description/meshes/X3plus/visual
[1.968s] copying meshes/X3plus/visual/llink2.STL -> /home/rosuser/yahboom_ws/install/yahboomcar_description/share/yahboomcar_description/meshes/X3plus/visual
[1.972s] copying meshes/X3plus/visual/arm_link1.STL -> /home/rosuser/yahboom_ws/install/yahboomcar_description/share/yahboomcar_description/meshes/X3plus/visual
[2.002s] running install_egg_info
[2.005s] removing '/home/rosuser/yahboom_ws/install/yahboomcar_description/lib/python3.10/site-packages/yahboomcar_description-0.0.0-py3.10.egg-info' (and everything under it)
[2.005s] Copying ../../build/yahboomcar_description/yahboomcar_description.egg-info to /home/rosuser/yahboom_ws/install/yahboomcar_description/lib/python3.10/site-packages/yahboomcar_description-0.0.0-py3.10.egg-info
[2.005s] running install_scripts
[2.024s] writing list of installed files to '/home/rosuser/yahboom_ws/build/yahboomcar_description/install.log'
[2.077s] Invoked command in '/home/rosuser/yahboom_ws/src/yahboomcar_description' returned '0': PYTHONPATH=/home/rosuser/yahboom_ws/build/yahboomcar_description/prefix_override:/home/rosuser/yahboom_ws/install/yahboomcar_description/lib/python3.10/site-packages:${PYTHONPATH} /usr/bin/python3 setup.py egg_info --egg-base ../../build/yahboomcar_description build --build-base /home/rosuser/yahboom_ws/build/yahboomcar_description/build install --record /home/rosuser/yahboom_ws/build/yahboomcar_description/install.log --install-scripts $base/lib/yahboomcar_description --single-version-externally-managed
