[1.146s] DEBUG:colcon:Command line arguments: ['/usr/bin/colcon', 'build']
[1.146s] DEBUG:colcon:Parsed command line arguments: Namespace(log_base=None, log_level=None, verb_name='build', build_base='build', install_base='install', merge_install=False, symlink_install=False, test_result_base=None, continue_on_error=False, executor='parallel', parallel_workers=2, event_handlers=None, ignore_user_meta=False, metas=['./colcon.meta'], base_paths=['.'], packages_ignore=None, packages_ignore_regex=None, paths=None, packages_up_to=None, packages_up_to_regex=None, packages_above=None, packages_above_and_dependencies=None, packages_above_depth=None, packages_select_by_dep=None, packages_skip_by_dep=None, packages_skip_up_to=None, packages_select_build_failed=False, packages_skip_build_finished=False, packages_select_test_failures=False, packages_skip_test_passed=False, packages_select=None, packages_skip=None, packages_select_regex=None, packages_skip_regex=None, packages_start=None, packages_end=None, allow_overriding=[], cmake_args=None, cmake_target=None, cmake_target_skip_unavailable=False, cmake_clean_cache=False, cmake_clean_first=False, cmake_force_configure=False, ament_cmake_args=None, catkin_cmake_args=None, catkin_skip_building_tests=False, verb_parser=<colcon_defaults.argument_parser.defaults.DefaultArgumentsDecorator object at 0x7f5572fd8be0>, verb_extension=<colcon_core.verb.build.BuildVerb object at 0x7f5572fda440>, main=<bound method BuildVerb.main of <colcon_core.verb.build.BuildVerb object at 0x7f5572fda440>>)
[1.218s] Level 1:colcon.colcon_core.package_discovery:discover_packages(colcon_meta) check parameters
[1.219s] Level 1:colcon.colcon_core.package_discovery:discover_packages(recursive) check parameters
[1.219s] Level 1:colcon.colcon_core.package_discovery:discover_packages(ignore) check parameters
[1.219s] Level 1:colcon.colcon_core.package_discovery:discover_packages(path) check parameters
[1.219s] Level 1:colcon.colcon_core.package_discovery:discover_packages(colcon_meta) discover
[1.219s] Level 1:colcon.colcon_core.package_discovery:discover_packages(recursive) discover
[1.219s] INFO:colcon.colcon_core.package_discovery:Crawling recursively for packages in '/home/rosuser/yahboom_ws'
[1.219s] Level 1:colcon.colcon_core.package_identification:_identify(.) by extensions ['ignore', 'ignore_ament_install']
[1.219s] Level 1:colcon.colcon_core.package_identification:_identify(.) by extension 'ignore'
[1.219s] Level 1:colcon.colcon_core.package_identification:_identify(.) by extension 'ignore_ament_install'
[1.219s] Level 1:colcon.colcon_core.package_identification:_identify(.) by extensions ['colcon_pkg']
[1.219s] Level 1:colcon.colcon_core.package_identification:_identify(.) by extension 'colcon_pkg'
[1.219s] Level 1:colcon.colcon_core.package_identification:_identify(.) by extensions ['colcon_meta']
[1.219s] Level 1:colcon.colcon_core.package_identification:_identify(.) by extension 'colcon_meta'
[1.219s] Level 1:colcon.colcon_core.package_identification:_identify(.) by extensions ['ros']
[1.219s] Level 1:colcon.colcon_core.package_identification:_identify(.) by extension 'ros'
[1.235s] Level 1:colcon.colcon_core.package_identification:_identify(.) by extensions ['cmake', 'python']
[1.235s] Level 1:colcon.colcon_core.package_identification:_identify(.) by extension 'cmake'
[1.235s] Level 1:colcon.colcon_core.package_identification:_identify(.) by extension 'python'
[1.235s] Level 1:colcon.colcon_core.package_identification:_identify(.) by extensions ['python_setup_py']
[1.235s] Level 1:colcon.colcon_core.package_identification:_identify(.) by extension 'python_setup_py'
[1.235s] Level 1:colcon.colcon_core.package_identification:_identify(build) by extensions ['ignore', 'ignore_ament_install']
[1.235s] Level 1:colcon.colcon_core.package_identification:_identify(build) by extension 'ignore'
[1.235s] Level 1:colcon.colcon_core.package_identification:_identify(build) ignored
[1.235s] Level 1:colcon.colcon_core.package_identification:_identify(install) by extensions ['ignore', 'ignore_ament_install']
[1.236s] Level 1:colcon.colcon_core.package_identification:_identify(install) by extension 'ignore'
[1.236s] Level 1:colcon.colcon_core.package_identification:_identify(install) ignored
[1.236s] Level 1:colcon.colcon_core.package_identification:_identify(log) by extensions ['ignore', 'ignore_ament_install']
[1.236s] Level 1:colcon.colcon_core.package_identification:_identify(log) by extension 'ignore'
[1.236s] Level 1:colcon.colcon_core.package_identification:_identify(log) ignored
[1.236s] Level 1:colcon.colcon_core.package_identification:_identify(src) by extensions ['ignore', 'ignore_ament_install']
[1.236s] Level 1:colcon.colcon_core.package_identification:_identify(src) by extension 'ignore'
[1.236s] Level 1:colcon.colcon_core.package_identification:_identify(src) by extension 'ignore_ament_install'
[1.236s] Level 1:colcon.colcon_core.package_identification:_identify(src) by extensions ['colcon_pkg']
[1.236s] Level 1:colcon.colcon_core.package_identification:_identify(src) by extension 'colcon_pkg'
[1.236s] Level 1:colcon.colcon_core.package_identification:_identify(src) by extensions ['colcon_meta']
[1.236s] Level 1:colcon.colcon_core.package_identification:_identify(src) by extension 'colcon_meta'
[1.236s] Level 1:colcon.colcon_core.package_identification:_identify(src) by extensions ['ros']
[1.236s] Level 1:colcon.colcon_core.package_identification:_identify(src) by extension 'ros'
[1.236s] Level 1:colcon.colcon_core.package_identification:_identify(src) by extensions ['cmake', 'python']
[1.236s] Level 1:colcon.colcon_core.package_identification:_identify(src) by extension 'cmake'
[1.236s] Level 1:colcon.colcon_core.package_identification:_identify(src) by extension 'python'
[1.236s] Level 1:colcon.colcon_core.package_identification:_identify(src) by extensions ['python_setup_py']
[1.236s] Level 1:colcon.colcon_core.package_identification:_identify(src) by extension 'python_setup_py'
[1.236s] Level 1:colcon.colcon_core.package_identification:_identify(src/yahboomcar_description) by extensions ['ignore', 'ignore_ament_install']
[1.237s] Level 1:colcon.colcon_core.package_identification:_identify(src/yahboomcar_description) by extension 'ignore'
[1.237s] Level 1:colcon.colcon_core.package_identification:_identify(src/yahboomcar_description) by extension 'ignore_ament_install'
[1.237s] Level 1:colcon.colcon_core.package_identification:_identify(src/yahboomcar_description) by extensions ['colcon_pkg']
[1.237s] Level 1:colcon.colcon_core.package_identification:_identify(src/yahboomcar_description) by extension 'colcon_pkg'
[1.237s] Level 1:colcon.colcon_core.package_identification:_identify(src/yahboomcar_description) by extensions ['colcon_meta']
[1.237s] Level 1:colcon.colcon_core.package_identification:_identify(src/yahboomcar_description) by extension 'colcon_meta'
[1.237s] Level 1:colcon.colcon_core.package_identification:_identify(src/yahboomcar_description) by extensions ['ros']
[1.237s] Level 1:colcon.colcon_core.package_identification:_identify(src/yahboomcar_description) by extension 'ros'
[1.239s] DEBUG:colcon.colcon_core.package_identification:Package 'src/yahboomcar_description' with type 'ros.ament_python' and name 'yahboomcar_description'
[1.239s] Level 1:colcon.colcon_core.package_discovery:discover_packages(recursive) using defaults
[1.239s] Level 1:colcon.colcon_core.package_discovery:discover_packages(ignore) discover
[1.239s] Level 1:colcon.colcon_core.package_discovery:discover_packages(ignore) using defaults
[1.239s] Level 1:colcon.colcon_core.package_discovery:discover_packages(path) discover
[1.239s] Level 1:colcon.colcon_core.package_discovery:discover_packages(path) using defaults
[1.354s] Level 1:colcon.colcon_core.package_discovery:discover_packages(prefix_path) check parameters
[1.354s] Level 1:colcon.colcon_core.package_discovery:discover_packages(prefix_path) discover
[1.370s] WARNING:colcon.colcon_ros.prefix_path.ament:The path '/home/rosuser/yahboom_ws/install/yahboomcar_msgs' in the environment variable AMENT_PREFIX_PATH doesn't exist
[1.370s] WARNING:colcon.colcon_ros.prefix_path.ament:The path '/home/rosuser/yahboom_ws/install/yahboom_web_savmap_interfaces' in the environment variable AMENT_PREFIX_PATH doesn't exist
[1.370s] WARNING:colcon.colcon_ros.prefix_path.ament:The path '/home/rosuser/yahboom_ws/install/yahboom_app_save_map' in the environment variable AMENT_PREFIX_PATH doesn't exist
[1.370s] WARNING:colcon.colcon_ros.prefix_path.ament:The path '/home/rosuser/yahboom_ws/install/robot_pose_publisher' in the environment variable AMENT_PREFIX_PATH doesn't exist
[1.370s] WARNING:colcon.colcon_ros.prefix_path.ament:The path '/home/rosuser/yahboom_ws/install/laserscan_to_point_pulisher' in the environment variable AMENT_PREFIX_PATH doesn't exist
[1.371s] WARNING:colcon.colcon_ros.prefix_path.catkin:The path '/home/rosuser/yahboom_ws/install/yahboomcar_msgs' in the environment variable CMAKE_PREFIX_PATH doesn't exist
[1.371s] WARNING:colcon.colcon_ros.prefix_path.catkin:The path '/home/rosuser/yahboom_ws/install/yahboom_web_savmap_interfaces' in the environment variable CMAKE_PREFIX_PATH doesn't exist
[1.392s] DEBUG:colcon.colcon_installed_package_information.package_discovery:Found 1 installed packages in /home/rosuser/yahboom_ws/install
[1.428s] DEBUG:colcon.colcon_installed_package_information.package_discovery:Found 2 installed packages in /home/rosuser/my_robot_ws/install
[1.448s] DEBUG:colcon.colcon_installed_package_information.package_discovery:Found 15 installed packages in /home/rosuser/ROS2Dev/turtlebot3_ws/install
[1.471s] DEBUG:colcon.colcon_installed_package_information.package_discovery:Found 368 installed packages in /opt/ros/humble
[1.473s] Level 1:colcon.colcon_core.package_discovery:discover_packages(prefix_path) using defaults
[1.619s] Level 5:colcon.colcon_core.verb:set package 'yahboomcar_description' build argument 'cmake_args' from command line to 'None'
[1.619s] Level 5:colcon.colcon_core.verb:set package 'yahboomcar_description' build argument 'cmake_target' from command line to 'None'
[1.619s] Level 5:colcon.colcon_core.verb:set package 'yahboomcar_description' build argument 'cmake_target_skip_unavailable' from command line to 'False'
[1.619s] Level 5:colcon.colcon_core.verb:set package 'yahboomcar_description' build argument 'cmake_clean_cache' from command line to 'False'
[1.619s] Level 5:colcon.colcon_core.verb:set package 'yahboomcar_description' build argument 'cmake_clean_first' from command line to 'False'
[1.619s] Level 5:colcon.colcon_core.verb:set package 'yahboomcar_description' build argument 'cmake_force_configure' from command line to 'False'
[1.619s] Level 5:colcon.colcon_core.verb:set package 'yahboomcar_description' build argument 'ament_cmake_args' from command line to 'None'
[1.619s] Level 5:colcon.colcon_core.verb:set package 'yahboomcar_description' build argument 'catkin_cmake_args' from command line to 'None'
[1.619s] Level 5:colcon.colcon_core.verb:set package 'yahboomcar_description' build argument 'catkin_skip_building_tests' from command line to 'False'
[1.619s] DEBUG:colcon.colcon_core.verb:Building package 'yahboomcar_description' with the following arguments: {'ament_cmake_args': None, 'build_base': '/home/rosuser/yahboom_ws/build/yahboomcar_description', 'catkin_cmake_args': None, 'catkin_skip_building_tests': False, 'cmake_args': None, 'cmake_clean_cache': False, 'cmake_clean_first': False, 'cmake_force_configure': False, 'cmake_target': None, 'cmake_target_skip_unavailable': False, 'install_base': '/home/rosuser/yahboom_ws/install/yahboomcar_description', 'merge_install': False, 'path': '/home/rosuser/yahboom_ws/src/yahboomcar_description', 'symlink_install': False, 'test_result_base': None}
[1.635s] INFO:colcon.colcon_core.executor:Executing jobs using 'parallel' executor
[1.651s] DEBUG:colcon.colcon_parallel_executor.executor.parallel:run_until_complete
[1.651s] INFO:colcon.colcon_ros.task.ament_python.build:Building ROS package in '/home/rosuser/yahboom_ws/src/yahboomcar_description' with build type 'ament_python'
[1.651s] Level 1:colcon.colcon_core.shell:create_environment_hook('yahboomcar_description', 'ament_prefix_path')
[1.669s] INFO:colcon.colcon_core.plugin_system:Skipping extension 'colcon_core.shell.bat': Not used on non-Windows systems
[1.669s] INFO:colcon.colcon_core.shell:Creating environment hook '/home/rosuser/yahboom_ws/install/yahboomcar_description/share/yahboomcar_description/hook/ament_prefix_path.ps1'
[1.673s] INFO:colcon.colcon_core.shell:Creating environment descriptor '/home/rosuser/yahboom_ws/install/yahboomcar_description/share/yahboomcar_description/hook/ament_prefix_path.dsv'
[1.673s] INFO:colcon.colcon_core.shell:Creating environment hook '/home/rosuser/yahboom_ws/install/yahboomcar_description/share/yahboomcar_description/hook/ament_prefix_path.sh'
[1.701s] INFO:colcon.colcon_core.shell:Skip shell extension 'powershell' for command environment: Not usable outside of PowerShell
[1.701s] DEBUG:colcon.colcon_core.shell:Skip shell extension 'dsv' for command environment
[2.161s] INFO:colcon.colcon_core.task.python.build:Building Python package in '/home/rosuser/yahboom_ws/src/yahboomcar_description'
[2.178s] INFO:colcon.colcon_core.shell:Skip shell extension 'powershell' for command environment: Not usable outside of PowerShell
[2.178s] DEBUG:colcon.colcon_core.shell:Skip shell extension 'dsv' for command environment
[2.748s] DEBUG:colcon.colcon_core.event_handler.log_command:Invoking command in '/home/rosuser/yahboom_ws/src/yahboomcar_description': PYTHONPATH=/home/rosuser/yahboom_ws/build/yahboomcar_description/prefix_override:/home/rosuser/yahboom_ws/install/yahboomcar_description/lib/python3.10/site-packages:${PYTHONPATH} /usr/bin/python3 setup.py egg_info --egg-base ../../build/yahboomcar_description build --build-base /home/rosuser/yahboom_ws/build/yahboomcar_description/build install --record /home/rosuser/yahboom_ws/build/yahboomcar_description/install.log --install-scripts $base/lib/yahboomcar_description --single-version-externally-managed
[3.092s] DEBUG:colcon.colcon_core.event_handler.log_command:Invoked command in '/home/rosuser/yahboom_ws/src/yahboomcar_description' returned '0': PYTHONPATH=/home/rosuser/yahboom_ws/build/yahboomcar_description/prefix_override:/home/rosuser/yahboom_ws/install/yahboomcar_description/lib/python3.10/site-packages:${PYTHONPATH} /usr/bin/python3 setup.py egg_info --egg-base ../../build/yahboomcar_description build --build-base /home/rosuser/yahboom_ws/build/yahboomcar_description/build install --record /home/rosuser/yahboom_ws/build/yahboomcar_description/install.log --install-scripts $base/lib/yahboomcar_description --single-version-externally-managed
[3.107s] Level 1:colcon.colcon_core.environment:checking '/home/rosuser/yahboom_ws/install/yahboomcar_description' for CMake module files
[3.108s] Level 1:colcon.colcon_core.environment:checking '/home/rosuser/yahboom_ws/install/yahboomcar_description' for CMake config files
[3.108s] Level 1:colcon.colcon_core.environment:checking '/home/rosuser/yahboom_ws/install/yahboomcar_description/lib'
[3.108s] Level 1:colcon.colcon_core.environment:checking '/home/rosuser/yahboom_ws/install/yahboomcar_description/bin'
[3.108s] Level 1:colcon.colcon_core.environment:checking '/home/rosuser/yahboom_ws/install/yahboomcar_description/lib/pkgconfig/yahboomcar_description.pc'
[3.109s] Level 1:colcon.colcon_core.environment:checking '/home/rosuser/yahboom_ws/install/yahboomcar_description/lib/python3.10/site-packages'
[3.109s] Level 1:colcon.colcon_core.shell:create_environment_hook('yahboomcar_description', 'pythonpath')
[3.130s] INFO:colcon.colcon_core.shell:Creating environment hook '/home/rosuser/yahboom_ws/install/yahboomcar_description/share/yahboomcar_description/hook/pythonpath.ps1'
[3.131s] INFO:colcon.colcon_core.shell:Creating environment descriptor '/home/rosuser/yahboom_ws/install/yahboomcar_description/share/yahboomcar_description/hook/pythonpath.dsv'
[3.132s] INFO:colcon.colcon_core.shell:Creating environment hook '/home/rosuser/yahboom_ws/install/yahboomcar_description/share/yahboomcar_description/hook/pythonpath.sh'
[3.135s] Level 1:colcon.colcon_core.environment:checking '/home/rosuser/yahboom_ws/install/yahboomcar_description/bin'
[3.135s] Level 1:colcon.colcon_core.environment:create_environment_scripts_only(yahboomcar_description)
[3.158s] INFO:colcon.colcon_core.shell:Creating package script '/home/rosuser/yahboom_ws/install/yahboomcar_description/share/yahboomcar_description/package.ps1'
[3.159s] INFO:colcon.colcon_core.shell:Creating package descriptor '/home/rosuser/yahboom_ws/install/yahboomcar_description/share/yahboomcar_description/package.dsv'
[3.160s] INFO:colcon.colcon_core.shell:Creating package script '/home/rosuser/yahboom_ws/install/yahboomcar_description/share/yahboomcar_description/package.sh'
[3.161s] INFO:colcon.colcon_core.shell:Creating package script '/home/rosuser/yahboom_ws/install/yahboomcar_description/share/yahboomcar_description/package.bash'
[3.162s] INFO:colcon.colcon_core.shell:Creating package script '/home/rosuser/yahboom_ws/install/yahboomcar_description/share/yahboomcar_description/package.zsh'
[3.163s] Level 1:colcon.colcon_core.environment:create_file_with_runtime_dependencies(/home/rosuser/yahboom_ws/install/yahboomcar_description/share/colcon-core/packages/yahboomcar_description)
[3.163s] DEBUG:colcon.colcon_parallel_executor.executor.parallel:closing loop
[3.164s] DEBUG:colcon.colcon_parallel_executor.executor.parallel:loop closed
[3.164s] DEBUG:colcon.colcon_parallel_executor.executor.parallel:run_until_complete finished with '0'
[3.164s] DEBUG:colcon.colcon_core.event_reactor:joining thread
[3.196s] INFO:colcon.colcon_core.plugin_system:Skipping extension 'colcon_notification.desktop_notification.terminal_notifier': Not used on non-Darwin systems
[3.196s] INFO:colcon.colcon_core.plugin_system:Skipping extension 'colcon_notification.desktop_notification.win32': Not used on non-Windows systems
[3.196s] INFO:colcon.colcon_notification.desktop_notification:Sending desktop notification using 'notify2'
[3.223s] DEBUG:colcon.colcon_core.event_reactor:joined thread
[3.248s] INFO:colcon.colcon_core.shell:Creating prefix script '/home/rosuser/yahboom_ws/install/local_setup.ps1'
[3.250s] INFO:colcon.colcon_core.shell:Creating prefix util module '/home/rosuser/yahboom_ws/install/_local_setup_util_ps1.py'
[3.252s] INFO:colcon.colcon_core.shell:Creating prefix chain script '/home/rosuser/yahboom_ws/install/setup.ps1'
[3.285s] INFO:colcon.colcon_core.shell:Creating prefix script '/home/rosuser/yahboom_ws/install/local_setup.sh'
[3.285s] INFO:colcon.colcon_core.shell:Creating prefix util module '/home/rosuser/yahboom_ws/install/_local_setup_util_sh.py'
[3.286s] INFO:colcon.colcon_core.shell:Creating prefix chain script '/home/rosuser/yahboom_ws/install/setup.sh'
[3.315s] INFO:colcon.colcon_core.shell:Creating prefix script '/home/rosuser/yahboom_ws/install/local_setup.bash'
[3.316s] INFO:colcon.colcon_core.shell:Creating prefix chain script '/home/rosuser/yahboom_ws/install/setup.bash'
[3.346s] INFO:colcon.colcon_core.shell:Creating prefix script '/home/rosuser/yahboom_ws/install/local_setup.zsh'
[3.347s] INFO:colcon.colcon_core.shell:Creating prefix chain script '/home/rosuser/yahboom_ws/install/setup.zsh'
