[0.498s] Invoking command in '/home/rosuser/yahboom_ws/build/yahboom_web_savmap_interfaces': CMAKE_PREFIX_PATH=${CMAKE_PREFIX_PATH}:/home/rosuser/yahboom_ws/install/yahboomcar_description:/home/rosuser/yahboom_ws/install/yahboom_app_save_map:/home/rosuser/yahboom_ws/install/robot_pose_publisher:/home/rosuser/yahboom_ws/install/laserscan_to_point_pulisher:/home/rosuser/ROS2Dev/turtlebot3_ws/install/turtlebot3_teleop:/home/rosuser/ROS2Dev/turtlebot3_ws/install/turtlebot3_example:/opt/ros/humble /usr/bin/cmake --build /home/rosuser/yahboom_ws/build/yahboom_web_savmap_interfaces -- -j2 -l2
[0.597s] [  3%] Built target yahboom_web_savmap_interfaces__cpp
[0.605s] [ 12%] Built target yahboom_web_savmap_interfaces__rosidl_generator_c
[0.657s] [ 22%] Built target yahboom_web_savmap_interfaces__rosidl_typesupport_cpp
[0.661s] [ 22%] Built target ament_cmake_python_copy_yahboom_web_savmap_interfaces
[0.685s] [ 32%] Built target yahboom_web_savmap_interfaces__rosidl_typesupport_fastrtps_c
[0.707s] [ 41%] Built target yahboom_web_savmap_interfaces__rosidl_typesupport_introspection_c
[0.723s] [ 51%] Built target yahboom_web_savmap_interfaces__rosidl_typesupport_fastrtps_cpp
[0.727s] [ 61%] Built target yahboom_web_savmap_interfaces__rosidl_typesupport_c
[0.864s] [ 70%] Built target yahboom_web_savmap_interfaces__rosidl_typesupport_introspection_cpp
[0.930s] [ 70%] Built target yahboom_web_savmap_interfaces
[0.957s] [ 74%] Built target yahboom_web_savmap_interfaces__py
[1.013s] [ 80%] Built target yahboom_web_savmap_interfaces__rosidl_generator_py
[1.054s] running egg_info
[1.055s] writing yahboom_web_savmap_interfaces.egg-info/PKG-INFO
[1.056s] writing dependency_links to yahboom_web_savmap_interfaces.egg-info/dependency_links.txt
[1.056s] writing top-level names to yahboom_web_savmap_interfaces.egg-info/top_level.txt
[1.064s] reading manifest file 'yahboom_web_savmap_interfaces.egg-info/SOURCES.txt'
[1.066s] writing manifest file 'yahboom_web_savmap_interfaces.egg-info/SOURCES.txt'
[1.088s] [ 87%] Built target yahboom_web_savmap_interfaces__rosidl_typesupport_fastrtps_c__pyext
[1.096s] [ 87%] Built target ament_cmake_python_build_yahboom_web_savmap_interfaces_egg
[1.135s] [ 93%] Built target yahboom_web_savmap_interfaces__rosidl_typesupport_introspection_c__pyext
[1.142s] [100%] Built target yahboom_web_savmap_interfaces__rosidl_typesupport_c__pyext
[1.168s] Invoked command in '/home/rosuser/yahboom_ws/build/yahboom_web_savmap_interfaces' returned '0': CMAKE_PREFIX_PATH=${CMAKE_PREFIX_PATH}:/home/rosuser/yahboom_ws/install/yahboomcar_description:/home/rosuser/yahboom_ws/install/yahboom_app_save_map:/home/rosuser/yahboom_ws/install/robot_pose_publisher:/home/rosuser/yahboom_ws/install/laserscan_to_point_pulisher:/home/rosuser/ROS2Dev/turtlebot3_ws/install/turtlebot3_teleop:/home/rosuser/ROS2Dev/turtlebot3_ws/install/turtlebot3_example:/opt/ros/humble /usr/bin/cmake --build /home/rosuser/yahboom_ws/build/yahboom_web_savmap_interfaces -- -j2 -l2
[1.250s] Invoking command in '/home/rosuser/yahboom_ws/build/yahboom_web_savmap_interfaces': CMAKE_PREFIX_PATH=${CMAKE_PREFIX_PATH}:/home/rosuser/yahboom_ws/install/yahboomcar_description:/home/rosuser/yahboom_ws/install/yahboom_app_save_map:/home/rosuser/yahboom_ws/install/robot_pose_publisher:/home/rosuser/yahboom_ws/install/laserscan_to_point_pulisher:/home/rosuser/ROS2Dev/turtlebot3_ws/install/turtlebot3_teleop:/home/rosuser/ROS2Dev/turtlebot3_ws/install/turtlebot3_example:/opt/ros/humble /usr/bin/cmake --install /home/rosuser/yahboom_ws/build/yahboom_web_savmap_interfaces
[1.268s] -- Install configuration: ""
[1.269s] -- Up-to-date: /home/rosuser/yahboom_ws/install/yahboom_web_savmap_interfaces/share/ament_index/resource_index/rosidl_interfaces/yahboom_web_savmap_interfaces
[1.270s] -- Up-to-date: /home/rosuser/yahboom_ws/install/yahboom_web_savmap_interfaces/include/yahboom_web_savmap_interfaces/yahboom_web_savmap_interfaces
[1.272s] -- Up-to-date: /home/rosuser/yahboom_ws/install/yahboom_web_savmap_interfaces/include/yahboom_web_savmap_interfaces/yahboom_web_savmap_interfaces/srv
[1.272s] -- Up-to-date: /home/rosuser/yahboom_ws/install/yahboom_web_savmap_interfaces/include/yahboom_web_savmap_interfaces/yahboom_web_savmap_interfaces/srv/detail
[1.273s] -- Up-to-date: /home/rosuser/yahboom_ws/install/yahboom_web_savmap_interfaces/include/yahboom_web_savmap_interfaces/yahboom_web_savmap_interfaces/srv/detail/web_save_map__type_support.h
[1.273s] -- Up-to-date: /home/rosuser/yahboom_ws/install/yahboom_web_savmap_interfaces/include/yahboom_web_savmap_interfaces/yahboom_web_savmap_interfaces/srv/detail/web_save_map__functions.h
[1.273s] -- Up-to-date: /home/rosuser/yahboom_ws/install/yahboom_web_savmap_interfaces/include/yahboom_web_savmap_interfaces/yahboom_web_savmap_interfaces/srv/detail/web_save_map__struct.h
[1.273s] -- Up-to-date: /home/rosuser/yahboom_ws/install/yahboom_web_savmap_interfaces/include/yahboom_web_savmap_interfaces/yahboom_web_savmap_interfaces/srv/detail/web_save_map__functions.c
[1.273s] -- Up-to-date: /home/rosuser/yahboom_ws/install/yahboom_web_savmap_interfaces/include/yahboom_web_savmap_interfaces/yahboom_web_savmap_interfaces/srv/web_save_map.h
[1.273s] -- Up-to-date: /home/rosuser/yahboom_ws/install/yahboom_web_savmap_interfaces/include/yahboom_web_savmap_interfaces/yahboom_web_savmap_interfaces/msg
[1.274s] -- Up-to-date: /home/rosuser/yahboom_ws/install/yahboom_web_savmap_interfaces/include/yahboom_web_savmap_interfaces/yahboom_web_savmap_interfaces/msg/rosidl_generator_c__visibility_control.h
[1.274s] -- Up-to-date: /home/rosuser/yahboom_ws/install/yahboom_web_savmap_interfaces/share/yahboom_web_savmap_interfaces/environment/library_path.sh
[1.274s] -- Up-to-date: /home/rosuser/yahboom_ws/install/yahboom_web_savmap_interfaces/share/yahboom_web_savmap_interfaces/environment/library_path.dsv
[1.275s] -- Up-to-date: /home/rosuser/yahboom_ws/install/yahboom_web_savmap_interfaces/lib/libyahboom_web_savmap_interfaces__rosidl_generator_c.so
[1.275s] -- Up-to-date: /home/rosuser/yahboom_ws/install/yahboom_web_savmap_interfaces/include/yahboom_web_savmap_interfaces/yahboom_web_savmap_interfaces
[1.275s] -- Up-to-date: /home/rosuser/yahboom_ws/install/yahboom_web_savmap_interfaces/include/yahboom_web_savmap_interfaces/yahboom_web_savmap_interfaces/srv
[1.275s] -- Up-to-date: /home/rosuser/yahboom_ws/install/yahboom_web_savmap_interfaces/include/yahboom_web_savmap_interfaces/yahboom_web_savmap_interfaces/srv/detail
[1.275s] -- Up-to-date: /home/rosuser/yahboom_ws/install/yahboom_web_savmap_interfaces/include/yahboom_web_savmap_interfaces/yahboom_web_savmap_interfaces/srv/detail/web_save_map__rosidl_typesupport_fastrtps_c.h
[1.276s] -- Up-to-date: /home/rosuser/yahboom_ws/install/yahboom_web_savmap_interfaces/include/yahboom_web_savmap_interfaces/yahboom_web_savmap_interfaces/msg
[1.276s] -- Up-to-date: /home/rosuser/yahboom_ws/install/yahboom_web_savmap_interfaces/include/yahboom_web_savmap_interfaces/yahboom_web_savmap_interfaces/msg/rosidl_typesupport_fastrtps_c__visibility_control.h
[1.276s] -- Up-to-date: /home/rosuser/yahboom_ws/install/yahboom_web_savmap_interfaces/lib/libyahboom_web_savmap_interfaces__rosidl_typesupport_fastrtps_c.so
[1.276s] -- Up-to-date: /home/rosuser/yahboom_ws/install/yahboom_web_savmap_interfaces/include/yahboom_web_savmap_interfaces/yahboom_web_savmap_interfaces
[1.277s] -- Up-to-date: /home/rosuser/yahboom_ws/install/yahboom_web_savmap_interfaces/include/yahboom_web_savmap_interfaces/yahboom_web_savmap_interfaces/srv
[1.277s] -- Up-to-date: /home/rosuser/yahboom_ws/install/yahboom_web_savmap_interfaces/include/yahboom_web_savmap_interfaces/yahboom_web_savmap_interfaces/srv/web_save_map.hpp
[1.277s] -- Up-to-date: /home/rosuser/yahboom_ws/install/yahboom_web_savmap_interfaces/include/yahboom_web_savmap_interfaces/yahboom_web_savmap_interfaces/srv/detail
[1.277s] -- Up-to-date: /home/rosuser/yahboom_ws/install/yahboom_web_savmap_interfaces/include/yahboom_web_savmap_interfaces/yahboom_web_savmap_interfaces/srv/detail/web_save_map__struct.hpp
[1.277s] -- Up-to-date: /home/rosuser/yahboom_ws/install/yahboom_web_savmap_interfaces/include/yahboom_web_savmap_interfaces/yahboom_web_savmap_interfaces/srv/detail/web_save_map__builder.hpp
[1.277s] -- Up-to-date: /home/rosuser/yahboom_ws/install/yahboom_web_savmap_interfaces/include/yahboom_web_savmap_interfaces/yahboom_web_savmap_interfaces/srv/detail/web_save_map__traits.hpp
[1.278s] -- Up-to-date: /home/rosuser/yahboom_ws/install/yahboom_web_savmap_interfaces/include/yahboom_web_savmap_interfaces/yahboom_web_savmap_interfaces
[1.278s] -- Up-to-date: /home/rosuser/yahboom_ws/install/yahboom_web_savmap_interfaces/include/yahboom_web_savmap_interfaces/yahboom_web_savmap_interfaces/srv
[1.278s] -- Up-to-date: /home/rosuser/yahboom_ws/install/yahboom_web_savmap_interfaces/include/yahboom_web_savmap_interfaces/yahboom_web_savmap_interfaces/srv/detail
[1.278s] -- Up-to-date: /home/rosuser/yahboom_ws/install/yahboom_web_savmap_interfaces/include/yahboom_web_savmap_interfaces/yahboom_web_savmap_interfaces/srv/detail/web_save_map__rosidl_typesupport_fastrtps_cpp.hpp
[1.278s] -- Up-to-date: /home/rosuser/yahboom_ws/install/yahboom_web_savmap_interfaces/include/yahboom_web_savmap_interfaces/yahboom_web_savmap_interfaces/srv/detail/dds_fastrtps
[1.278s] -- Up-to-date: /home/rosuser/yahboom_ws/install/yahboom_web_savmap_interfaces/include/yahboom_web_savmap_interfaces/yahboom_web_savmap_interfaces/msg
[1.278s] -- Up-to-date: /home/rosuser/yahboom_ws/install/yahboom_web_savmap_interfaces/include/yahboom_web_savmap_interfaces/yahboom_web_savmap_interfaces/msg/rosidl_typesupport_fastrtps_cpp__visibility_control.h
[1.278s] -- Up-to-date: /home/rosuser/yahboom_ws/install/yahboom_web_savmap_interfaces/lib/libyahboom_web_savmap_interfaces__rosidl_typesupport_fastrtps_cpp.so
[1.279s] -- Up-to-date: /home/rosuser/yahboom_ws/install/yahboom_web_savmap_interfaces/include/yahboom_web_savmap_interfaces/yahboom_web_savmap_interfaces
[1.279s] -- Up-to-date: /home/rosuser/yahboom_ws/install/yahboom_web_savmap_interfaces/include/yahboom_web_savmap_interfaces/yahboom_web_savmap_interfaces/srv
[1.279s] -- Up-to-date: /home/rosuser/yahboom_ws/install/yahboom_web_savmap_interfaces/include/yahboom_web_savmap_interfaces/yahboom_web_savmap_interfaces/srv/detail
[1.279s] -- Up-to-date: /home/rosuser/yahboom_ws/install/yahboom_web_savmap_interfaces/include/yahboom_web_savmap_interfaces/yahboom_web_savmap_interfaces/srv/detail/web_save_map__type_support.c
[1.279s] -- Up-to-date: /home/rosuser/yahboom_ws/install/yahboom_web_savmap_interfaces/include/yahboom_web_savmap_interfaces/yahboom_web_savmap_interfaces/srv/detail/web_save_map__rosidl_typesupport_introspection_c.h
[1.279s] -- Up-to-date: /home/rosuser/yahboom_ws/install/yahboom_web_savmap_interfaces/include/yahboom_web_savmap_interfaces/yahboom_web_savmap_interfaces/msg
[1.279s] -- Up-to-date: /home/rosuser/yahboom_ws/install/yahboom_web_savmap_interfaces/include/yahboom_web_savmap_interfaces/yahboom_web_savmap_interfaces/msg/rosidl_typesupport_introspection_c__visibility_control.h
[1.280s] -- Up-to-date: /home/rosuser/yahboom_ws/install/yahboom_web_savmap_interfaces/lib/libyahboom_web_savmap_interfaces__rosidl_typesupport_introspection_c.so
[1.280s] -- Up-to-date: /home/rosuser/yahboom_ws/install/yahboom_web_savmap_interfaces/lib/libyahboom_web_savmap_interfaces__rosidl_typesupport_c.so
[1.280s] -- Up-to-date: /home/rosuser/yahboom_ws/install/yahboom_web_savmap_interfaces/include/yahboom_web_savmap_interfaces/yahboom_web_savmap_interfaces
[1.280s] -- Up-to-date: /home/rosuser/yahboom_ws/install/yahboom_web_savmap_interfaces/include/yahboom_web_savmap_interfaces/yahboom_web_savmap_interfaces/srv
[1.281s] -- Up-to-date: /home/rosuser/yahboom_ws/install/yahboom_web_savmap_interfaces/include/yahboom_web_savmap_interfaces/yahboom_web_savmap_interfaces/srv/detail
[1.281s] -- Up-to-date: /home/rosuser/yahboom_ws/install/yahboom_web_savmap_interfaces/include/yahboom_web_savmap_interfaces/yahboom_web_savmap_interfaces/srv/detail/web_save_map__type_support.cpp
[1.281s] -- Up-to-date: /home/rosuser/yahboom_ws/install/yahboom_web_savmap_interfaces/include/yahboom_web_savmap_interfaces/yahboom_web_savmap_interfaces/srv/detail/web_save_map__rosidl_typesupport_introspection_cpp.hpp
[1.281s] -- Up-to-date: /home/rosuser/yahboom_ws/install/yahboom_web_savmap_interfaces/lib/libyahboom_web_savmap_interfaces__rosidl_typesupport_introspection_cpp.so
[1.282s] -- Up-to-date: /home/rosuser/yahboom_ws/install/yahboom_web_savmap_interfaces/lib/libyahboom_web_savmap_interfaces__rosidl_typesupport_cpp.so
[1.282s] -- Up-to-date: /home/rosuser/yahboom_ws/install/yahboom_web_savmap_interfaces/share/yahboom_web_savmap_interfaces/environment/pythonpath.sh
[1.283s] -- Up-to-date: /home/rosuser/yahboom_ws/install/yahboom_web_savmap_interfaces/share/yahboom_web_savmap_interfaces/environment/pythonpath.dsv
[1.283s] -- Up-to-date: /home/rosuser/yahboom_ws/install/yahboom_web_savmap_interfaces/local/lib/python3.10/dist-packages/yahboom_web_savmap_interfaces-0.0.0-py3.10.egg-info
[1.283s] -- Installing: /home/rosuser/yahboom_ws/install/yahboom_web_savmap_interfaces/local/lib/python3.10/dist-packages/yahboom_web_savmap_interfaces-0.0.0-py3.10.egg-info/PKG-INFO
[1.284s] -- Installing: /home/rosuser/yahboom_ws/install/yahboom_web_savmap_interfaces/local/lib/python3.10/dist-packages/yahboom_web_savmap_interfaces-0.0.0-py3.10.egg-info/top_level.txt
[1.284s] -- Installing: /home/rosuser/yahboom_ws/install/yahboom_web_savmap_interfaces/local/lib/python3.10/dist-packages/yahboom_web_savmap_interfaces-0.0.0-py3.10.egg-info/dependency_links.txt
[1.284s] -- Installing: /home/rosuser/yahboom_ws/install/yahboom_web_savmap_interfaces/local/lib/python3.10/dist-packages/yahboom_web_savmap_interfaces-0.0.0-py3.10.egg-info/SOURCES.txt
[1.285s] -- Up-to-date: /home/rosuser/yahboom_ws/install/yahboom_web_savmap_interfaces/local/lib/python3.10/dist-packages/yahboom_web_savmap_interfaces
[1.285s] -- Up-to-date: /home/rosuser/yahboom_ws/install/yahboom_web_savmap_interfaces/local/lib/python3.10/dist-packages/yahboom_web_savmap_interfaces/_yahboom_web_savmap_interfaces_s.ep.rosidl_typesupport_fastrtps_c.c
[1.285s] -- Up-to-date: /home/rosuser/yahboom_ws/install/yahboom_web_savmap_interfaces/local/lib/python3.10/dist-packages/yahboom_web_savmap_interfaces/__init__.py
[1.285s] -- Up-to-date: /home/rosuser/yahboom_ws/install/yahboom_web_savmap_interfaces/local/lib/python3.10/dist-packages/yahboom_web_savmap_interfaces/yahboom_web_savmap_interfaces_s__rosidl_typesupport_c.cpython-310-x86_64-linux-gnu.so
[1.285s] -- Up-to-date: /home/rosuser/yahboom_ws/install/yahboom_web_savmap_interfaces/local/lib/python3.10/dist-packages/yahboom_web_savmap_interfaces/yahboom_web_savmap_interfaces_s__rosidl_typesupport_fastrtps_c.cpython-310-x86_64-linux-gnu.so
[1.285s] -- Up-to-date: /home/rosuser/yahboom_ws/install/yahboom_web_savmap_interfaces/local/lib/python3.10/dist-packages/yahboom_web_savmap_interfaces/_yahboom_web_savmap_interfaces_s.ep.rosidl_typesupport_introspection_c.c
[1.285s] -- Up-to-date: /home/rosuser/yahboom_ws/install/yahboom_web_savmap_interfaces/local/lib/python3.10/dist-packages/yahboom_web_savmap_interfaces/srv
[1.285s] -- Up-to-date: /home/rosuser/yahboom_ws/install/yahboom_web_savmap_interfaces/local/lib/python3.10/dist-packages/yahboom_web_savmap_interfaces/srv/_web_save_map.py
[1.286s] -- Up-to-date: /home/rosuser/yahboom_ws/install/yahboom_web_savmap_interfaces/local/lib/python3.10/dist-packages/yahboom_web_savmap_interfaces/srv/__init__.py
[1.286s] -- Up-to-date: /home/rosuser/yahboom_ws/install/yahboom_web_savmap_interfaces/local/lib/python3.10/dist-packages/yahboom_web_savmap_interfaces/srv/_web_save_map_s.c
[1.286s] -- Up-to-date: /home/rosuser/yahboom_ws/install/yahboom_web_savmap_interfaces/local/lib/python3.10/dist-packages/yahboom_web_savmap_interfaces/libyahboom_web_savmap_interfaces__rosidl_generator_py.so
[1.286s] -- Up-to-date: /home/rosuser/yahboom_ws/install/yahboom_web_savmap_interfaces/local/lib/python3.10/dist-packages/yahboom_web_savmap_interfaces/_yahboom_web_savmap_interfaces_s.ep.rosidl_typesupport_c.c
[1.286s] -- Up-to-date: /home/rosuser/yahboom_ws/install/yahboom_web_savmap_interfaces/local/lib/python3.10/dist-packages/yahboom_web_savmap_interfaces/yahboom_web_savmap_interfaces_s__rosidl_typesupport_introspection_c.cpython-310-x86_64-linux-gnu.so
[1.318s] Listing '/home/rosuser/yahboom_ws/install/yahboom_web_savmap_interfaces/local/lib/python3.10/dist-packages/yahboom_web_savmap_interfaces'...
[1.318s] Listing '/home/rosuser/yahboom_ws/install/yahboom_web_savmap_interfaces/local/lib/python3.10/dist-packages/yahboom_web_savmap_interfaces/srv'...
[1.322s] -- Up-to-date: /home/rosuser/yahboom_ws/install/yahboom_web_savmap_interfaces/local/lib/python3.10/dist-packages/yahboom_web_savmap_interfaces/yahboom_web_savmap_interfaces_s__rosidl_typesupport_fastrtps_c.cpython-310-x86_64-linux-gnu.so
[1.322s] -- Up-to-date: /home/rosuser/yahboom_ws/install/yahboom_web_savmap_interfaces/local/lib/python3.10/dist-packages/yahboom_web_savmap_interfaces/yahboom_web_savmap_interfaces_s__rosidl_typesupport_introspection_c.cpython-310-x86_64-linux-gnu.so
[1.322s] -- Up-to-date: /home/rosuser/yahboom_ws/install/yahboom_web_savmap_interfaces/local/lib/python3.10/dist-packages/yahboom_web_savmap_interfaces/yahboom_web_savmap_interfaces_s__rosidl_typesupport_c.cpython-310-x86_64-linux-gnu.so
[1.323s] -- Up-to-date: /home/rosuser/yahboom_ws/install/yahboom_web_savmap_interfaces/lib/libyahboom_web_savmap_interfaces__rosidl_generator_py.so
[1.323s] -- Up-to-date: /home/rosuser/yahboom_ws/install/yahboom_web_savmap_interfaces/share/yahboom_web_savmap_interfaces/srv/WebSaveMap.idl
[1.323s] -- Up-to-date: /home/rosuser/yahboom_ws/install/yahboom_web_savmap_interfaces/share/yahboom_web_savmap_interfaces/srv/WebSaveMap.srv
[1.323s] -- Up-to-date: /home/rosuser/yahboom_ws/install/yahboom_web_savmap_interfaces/share/yahboom_web_savmap_interfaces/srv/WebSaveMap_Request.msg
[1.323s] -- Up-to-date: /home/rosuser/yahboom_ws/install/yahboom_web_savmap_interfaces/share/yahboom_web_savmap_interfaces/srv/WebSaveMap_Response.msg
[1.324s] -- Up-to-date: /home/rosuser/yahboom_ws/install/yahboom_web_savmap_interfaces/share/ament_index/resource_index/package_run_dependencies/yahboom_web_savmap_interfaces
[1.324s] -- Up-to-date: /home/rosuser/yahboom_ws/install/yahboom_web_savmap_interfaces/share/ament_index/resource_index/parent_prefix_path/yahboom_web_savmap_interfaces
[1.324s] -- Up-to-date: /home/rosuser/yahboom_ws/install/yahboom_web_savmap_interfaces/share/yahboom_web_savmap_interfaces/environment/ament_prefix_path.sh
[1.324s] -- Up-to-date: /home/rosuser/yahboom_ws/install/yahboom_web_savmap_interfaces/share/yahboom_web_savmap_interfaces/environment/ament_prefix_path.dsv
[1.324s] -- Up-to-date: /home/rosuser/yahboom_ws/install/yahboom_web_savmap_interfaces/share/yahboom_web_savmap_interfaces/environment/path.sh
[1.324s] -- Up-to-date: /home/rosuser/yahboom_ws/install/yahboom_web_savmap_interfaces/share/yahboom_web_savmap_interfaces/environment/path.dsv
[1.324s] -- Up-to-date: /home/rosuser/yahboom_ws/install/yahboom_web_savmap_interfaces/share/yahboom_web_savmap_interfaces/local_setup.bash
[1.325s] -- Up-to-date: /home/rosuser/yahboom_ws/install/yahboom_web_savmap_interfaces/share/yahboom_web_savmap_interfaces/local_setup.sh
[1.325s] -- Up-to-date: /home/rosuser/yahboom_ws/install/yahboom_web_savmap_interfaces/share/yahboom_web_savmap_interfaces/local_setup.zsh
[1.325s] -- Up-to-date: /home/rosuser/yahboom_ws/install/yahboom_web_savmap_interfaces/share/yahboom_web_savmap_interfaces/local_setup.dsv
[1.325s] -- Installing: /home/rosuser/yahboom_ws/install/yahboom_web_savmap_interfaces/share/yahboom_web_savmap_interfaces/package.dsv
[1.326s] -- Up-to-date: /home/rosuser/yahboom_ws/install/yahboom_web_savmap_interfaces/share/ament_index/resource_index/packages/yahboom_web_savmap_interfaces
[1.327s] -- Up-to-date: /home/rosuser/yahboom_ws/install/yahboom_web_savmap_interfaces/share/yahboom_web_savmap_interfaces/cmake/export_yahboom_web_savmap_interfaces__rosidl_generator_cExport.cmake
[1.328s] -- Up-to-date: /home/rosuser/yahboom_ws/install/yahboom_web_savmap_interfaces/share/yahboom_web_savmap_interfaces/cmake/export_yahboom_web_savmap_interfaces__rosidl_generator_cExport-noconfig.cmake
[1.329s] -- Up-to-date: /home/rosuser/yahboom_ws/install/yahboom_web_savmap_interfaces/share/yahboom_web_savmap_interfaces/cmake/export_yahboom_web_savmap_interfaces__rosidl_typesupport_fastrtps_cExport.cmake
[1.329s] -- Up-to-date: /home/rosuser/yahboom_ws/install/yahboom_web_savmap_interfaces/share/yahboom_web_savmap_interfaces/cmake/export_yahboom_web_savmap_interfaces__rosidl_typesupport_fastrtps_cExport-noconfig.cmake
[1.330s] -- Up-to-date: /home/rosuser/yahboom_ws/install/yahboom_web_savmap_interfaces/share/yahboom_web_savmap_interfaces/cmake/export_yahboom_web_savmap_interfaces__rosidl_generator_cppExport.cmake
[1.331s] -- Up-to-date: /home/rosuser/yahboom_ws/install/yahboom_web_savmap_interfaces/share/yahboom_web_savmap_interfaces/cmake/export_yahboom_web_savmap_interfaces__rosidl_typesupport_fastrtps_cppExport.cmake
[1.331s] -- Up-to-date: /home/rosuser/yahboom_ws/install/yahboom_web_savmap_interfaces/share/yahboom_web_savmap_interfaces/cmake/export_yahboom_web_savmap_interfaces__rosidl_typesupport_fastrtps_cppExport-noconfig.cmake
[1.332s] -- Up-to-date: /home/rosuser/yahboom_ws/install/yahboom_web_savmap_interfaces/share/yahboom_web_savmap_interfaces/cmake/yahboom_web_savmap_interfaces__rosidl_typesupport_introspection_cExport.cmake
[1.332s] -- Up-to-date: /home/rosuser/yahboom_ws/install/yahboom_web_savmap_interfaces/share/yahboom_web_savmap_interfaces/cmake/yahboom_web_savmap_interfaces__rosidl_typesupport_introspection_cExport-noconfig.cmake
[1.333s] -- Up-to-date: /home/rosuser/yahboom_ws/install/yahboom_web_savmap_interfaces/share/yahboom_web_savmap_interfaces/cmake/yahboom_web_savmap_interfaces__rosidl_typesupport_cExport.cmake
[1.333s] -- Up-to-date: /home/rosuser/yahboom_ws/install/yahboom_web_savmap_interfaces/share/yahboom_web_savmap_interfaces/cmake/yahboom_web_savmap_interfaces__rosidl_typesupport_cExport-noconfig.cmake
[1.334s] -- Up-to-date: /home/rosuser/yahboom_ws/install/yahboom_web_savmap_interfaces/share/yahboom_web_savmap_interfaces/cmake/yahboom_web_savmap_interfaces__rosidl_typesupport_introspection_cppExport.cmake
[1.334s] -- Up-to-date: /home/rosuser/yahboom_ws/install/yahboom_web_savmap_interfaces/share/yahboom_web_savmap_interfaces/cmake/yahboom_web_savmap_interfaces__rosidl_typesupport_introspection_cppExport-noconfig.cmake
[1.335s] -- Up-to-date: /home/rosuser/yahboom_ws/install/yahboom_web_savmap_interfaces/share/yahboom_web_savmap_interfaces/cmake/yahboom_web_savmap_interfaces__rosidl_typesupport_cppExport.cmake
[1.335s] -- Up-to-date: /home/rosuser/yahboom_ws/install/yahboom_web_savmap_interfaces/share/yahboom_web_savmap_interfaces/cmake/yahboom_web_savmap_interfaces__rosidl_typesupport_cppExport-noconfig.cmake
[1.336s] -- Up-to-date: /home/rosuser/yahboom_ws/install/yahboom_web_savmap_interfaces/share/yahboom_web_savmap_interfaces/cmake/export_yahboom_web_savmap_interfaces__rosidl_generator_pyExport.cmake
[1.336s] -- Up-to-date: /home/rosuser/yahboom_ws/install/yahboom_web_savmap_interfaces/share/yahboom_web_savmap_interfaces/cmake/export_yahboom_web_savmap_interfaces__rosidl_generator_pyExport-noconfig.cmake
[1.336s] -- Up-to-date: /home/rosuser/yahboom_ws/install/yahboom_web_savmap_interfaces/share/yahboom_web_savmap_interfaces/cmake/rosidl_cmake-extras.cmake
[1.336s] -- Up-to-date: /home/rosuser/yahboom_ws/install/yahboom_web_savmap_interfaces/share/yahboom_web_savmap_interfaces/cmake/ament_cmake_export_include_directories-extras.cmake
[1.336s] -- Up-to-date: /home/rosuser/yahboom_ws/install/yahboom_web_savmap_interfaces/share/yahboom_web_savmap_interfaces/cmake/ament_cmake_export_libraries-extras.cmake
[1.336s] -- Up-to-date: /home/rosuser/yahboom_ws/install/yahboom_web_savmap_interfaces/share/yahboom_web_savmap_interfaces/cmake/ament_cmake_export_targets-extras.cmake
[1.337s] -- Up-to-date: /home/rosuser/yahboom_ws/install/yahboom_web_savmap_interfaces/share/yahboom_web_savmap_interfaces/cmake/rosidl_cmake_export_typesupport_targets-extras.cmake
[1.337s] -- Up-to-date: /home/rosuser/yahboom_ws/install/yahboom_web_savmap_interfaces/share/yahboom_web_savmap_interfaces/cmake/ament_cmake_export_dependencies-extras.cmake
[1.337s] -- Up-to-date: /home/rosuser/yahboom_ws/install/yahboom_web_savmap_interfaces/share/yahboom_web_savmap_interfaces/cmake/rosidl_cmake_export_typesupport_libraries-extras.cmake
[1.337s] -- Up-to-date: /home/rosuser/yahboom_ws/install/yahboom_web_savmap_interfaces/share/yahboom_web_savmap_interfaces/cmake/yahboom_web_savmap_interfacesConfig.cmake
[1.337s] -- Up-to-date: /home/rosuser/yahboom_ws/install/yahboom_web_savmap_interfaces/share/yahboom_web_savmap_interfaces/cmake/yahboom_web_savmap_interfacesConfig-version.cmake
[1.337s] -- Up-to-date: /home/rosuser/yahboom_ws/install/yahboom_web_savmap_interfaces/share/yahboom_web_savmap_interfaces/package.xml
[1.342s] Invoked command in '/home/rosuser/yahboom_ws/build/yahboom_web_savmap_interfaces' returned '0': CMAKE_PREFIX_PATH=${CMAKE_PREFIX_PATH}:/home/rosuser/yahboom_ws/install/yahboomcar_description:/home/rosuser/yahboom_ws/install/yahboom_app_save_map:/home/rosuser/yahboom_ws/install/robot_pose_publisher:/home/rosuser/yahboom_ws/install/laserscan_to_point_pulisher:/home/rosuser/ROS2Dev/turtlebot3_ws/install/turtlebot3_teleop:/home/rosuser/ROS2Dev/turtlebot3_ws/install/turtlebot3_example:/opt/ros/humble /usr/bin/cmake --install /home/rosuser/yahboom_ws/build/yahboom_web_savmap_interfaces
