[4.445s] DEBUG:colcon:Command line arguments: ['/usr/bin/colcon', 'list', '-p', '--base-paths', '/home/rosuser/yahboom_ws']
[4.445s] DEBUG:colcon:Parsed command line arguments: Namespace(log_base=None, log_level=None, verb_name='list', build_base='build', ignore_user_meta=False, metas=['./colcon.meta'], base_paths=['/home/rosuser/yahboom_ws'], packages_ignore=None, packages_ignore_regex=None, paths=None, packages_up_to=None, packages_up_to_regex=None, packages_above=None, packages_above_and_dependencies=None, packages_above_depth=None, packages_select_by_dep=None, packages_skip_by_dep=None, packages_skip_up_to=None, packages_select_build_failed=False, packages_skip_build_finished=False, packages_select_test_failures=False, packages_skip_test_passed=False, packages_select=None, packages_skip=None, packages_select_regex=None, packages_skip_regex=None, packages_start=None, packages_end=None, allow_overriding=[], topological_order=False, names_only=False, paths_only=True, topological_graph=False, topological_graph_dot=False, topological_graph_density=False, topological_graph_legend=False, topological_graph_dot_cluster=False, topological_graph_dot_include_skipped=False, verb_parser=<colcon_defaults.argument_parser.defaults.DefaultArgumentsDecorator object at 0x7fe947c06020>, verb_extension=<colcon_package_information.verb.list.ListVerb object at 0x7fe947c069e0>, main=<bound method ListVerb.main of <colcon_package_information.verb.list.ListVerb object at 0x7fe947c069e0>>)
[4.573s] Level 1:colcon.colcon_core.package_discovery:discover_packages(colcon_meta) check parameters
[4.573s] Level 1:colcon.colcon_core.package_discovery:discover_packages(recursive) check parameters
[4.573s] Level 1:colcon.colcon_core.package_discovery:discover_packages(ignore) check parameters
[4.573s] Level 1:colcon.colcon_core.package_discovery:discover_packages(path) check parameters
[4.573s] Level 1:colcon.colcon_core.package_discovery:discover_packages(recursive) discover
[4.573s] INFO:colcon.colcon_core.package_discovery:Crawling recursively for packages in '/home/rosuser/yahboom_ws'
[4.574s] Level 1:colcon.colcon_core.package_identification:_identify(/home/rosuser/yahboom_ws) by extensions ['ignore', 'ignore_ament_install']
[4.574s] Level 1:colcon.colcon_core.package_identification:_identify(/home/rosuser/yahboom_ws) by extension 'ignore'
[4.574s] Level 1:colcon.colcon_core.package_identification:_identify(/home/rosuser/yahboom_ws) by extension 'ignore_ament_install'
[4.574s] Level 1:colcon.colcon_core.package_identification:_identify(/home/rosuser/yahboom_ws) by extensions ['colcon_pkg']
[4.574s] Level 1:colcon.colcon_core.package_identification:_identify(/home/rosuser/yahboom_ws) by extension 'colcon_pkg'
[4.574s] Level 1:colcon.colcon_core.package_identification:_identify(/home/rosuser/yahboom_ws) by extensions ['colcon_meta']
[4.574s] Level 1:colcon.colcon_core.package_identification:_identify(/home/rosuser/yahboom_ws) by extension 'colcon_meta'
[4.574s] Level 1:colcon.colcon_core.package_identification:_identify(/home/rosuser/yahboom_ws) by extensions ['ros']
[4.574s] Level 1:colcon.colcon_core.package_identification:_identify(/home/rosuser/yahboom_ws) by extension 'ros'
[4.592s] Level 1:colcon.colcon_core.package_identification:_identify(/home/rosuser/yahboom_ws) by extensions ['cmake', 'python']
[4.592s] Level 1:colcon.colcon_core.package_identification:_identify(/home/rosuser/yahboom_ws) by extension 'cmake'
[4.592s] Level 1:colcon.colcon_core.package_identification:_identify(/home/rosuser/yahboom_ws) by extension 'python'
[4.592s] Level 1:colcon.colcon_core.package_identification:_identify(/home/rosuser/yahboom_ws) by extensions ['python_setup_py']
[4.592s] Level 1:colcon.colcon_core.package_identification:_identify(/home/rosuser/yahboom_ws) by extension 'python_setup_py'
[4.592s] Level 1:colcon.colcon_core.package_identification:_identify(/home/rosuser/yahboom_ws/build) by extensions ['ignore', 'ignore_ament_install']
[4.592s] Level 1:colcon.colcon_core.package_identification:_identify(/home/rosuser/yahboom_ws/build) by extension 'ignore'
[4.592s] Level 1:colcon.colcon_core.package_identification:_identify(/home/rosuser/yahboom_ws/build) ignored
[4.593s] Level 1:colcon.colcon_core.package_identification:_identify(/home/rosuser/yahboom_ws/install) by extensions ['ignore', 'ignore_ament_install']
[4.593s] Level 1:colcon.colcon_core.package_identification:_identify(/home/rosuser/yahboom_ws/install) by extension 'ignore'
[4.593s] Level 1:colcon.colcon_core.package_identification:_identify(/home/rosuser/yahboom_ws/install) ignored
[4.593s] Level 1:colcon.colcon_core.package_identification:_identify(/home/rosuser/yahboom_ws/log) by extensions ['ignore', 'ignore_ament_install']
[4.593s] Level 1:colcon.colcon_core.package_identification:_identify(/home/rosuser/yahboom_ws/log) by extension 'ignore'
[4.593s] Level 1:colcon.colcon_core.package_identification:_identify(/home/rosuser/yahboom_ws/log) ignored
[4.593s] Level 1:colcon.colcon_core.package_identification:_identify(/home/rosuser/yahboom_ws/src) by extensions ['ignore', 'ignore_ament_install']
[4.593s] Level 1:colcon.colcon_core.package_identification:_identify(/home/rosuser/yahboom_ws/src) by extension 'ignore'
[4.593s] Level 1:colcon.colcon_core.package_identification:_identify(/home/rosuser/yahboom_ws/src) by extension 'ignore_ament_install'
[4.594s] Level 1:colcon.colcon_core.package_identification:_identify(/home/rosuser/yahboom_ws/src) by extensions ['colcon_pkg']
[4.594s] Level 1:colcon.colcon_core.package_identification:_identify(/home/rosuser/yahboom_ws/src) by extension 'colcon_pkg'
[4.594s] Level 1:colcon.colcon_core.package_identification:_identify(/home/rosuser/yahboom_ws/src) by extensions ['colcon_meta']
[4.594s] Level 1:colcon.colcon_core.package_identification:_identify(/home/rosuser/yahboom_ws/src) by extension 'colcon_meta'
[4.594s] Level 1:colcon.colcon_core.package_identification:_identify(/home/rosuser/yahboom_ws/src) by extensions ['ros']
[4.594s] Level 1:colcon.colcon_core.package_identification:_identify(/home/rosuser/yahboom_ws/src) by extension 'ros'
[4.594s] Level 1:colcon.colcon_core.package_identification:_identify(/home/rosuser/yahboom_ws/src) by extensions ['cmake', 'python']
[4.594s] Level 1:colcon.colcon_core.package_identification:_identify(/home/rosuser/yahboom_ws/src) by extension 'cmake'
[4.594s] Level 1:colcon.colcon_core.package_identification:_identify(/home/rosuser/yahboom_ws/src) by extension 'python'
[4.594s] Level 1:colcon.colcon_core.package_identification:_identify(/home/rosuser/yahboom_ws/src) by extensions ['python_setup_py']
[4.594s] Level 1:colcon.colcon_core.package_identification:_identify(/home/rosuser/yahboom_ws/src) by extension 'python_setup_py'
[4.594s] Level 1:colcon.colcon_core.package_identification:_identify(/home/rosuser/yahboom_ws/src/laserscan_to_point_pulisher) by extensions ['ignore', 'ignore_ament_install']
[4.594s] Level 1:colcon.colcon_core.package_identification:_identify(/home/rosuser/yahboom_ws/src/laserscan_to_point_pulisher) by extension 'ignore'
[4.594s] Level 1:colcon.colcon_core.package_identification:_identify(/home/rosuser/yahboom_ws/src/laserscan_to_point_pulisher) by extension 'ignore_ament_install'
[4.594s] Level 1:colcon.colcon_core.package_identification:_identify(/home/rosuser/yahboom_ws/src/laserscan_to_point_pulisher) by extensions ['colcon_pkg']
[4.594s] Level 1:colcon.colcon_core.package_identification:_identify(/home/rosuser/yahboom_ws/src/laserscan_to_point_pulisher) by extension 'colcon_pkg'
[4.594s] Level 1:colcon.colcon_core.package_identification:_identify(/home/rosuser/yahboom_ws/src/laserscan_to_point_pulisher) by extensions ['colcon_meta']
[4.594s] Level 1:colcon.colcon_core.package_identification:_identify(/home/rosuser/yahboom_ws/src/laserscan_to_point_pulisher) by extension 'colcon_meta'
[4.594s] Level 1:colcon.colcon_core.package_identification:_identify(/home/rosuser/yahboom_ws/src/laserscan_to_point_pulisher) by extensions ['ros']
[4.594s] Level 1:colcon.colcon_core.package_identification:_identify(/home/rosuser/yahboom_ws/src/laserscan_to_point_pulisher) by extension 'ros'
[4.598s] DEBUG:colcon.colcon_core.package_identification:Package '/home/rosuser/yahboom_ws/src/laserscan_to_point_pulisher' with type 'ros.ament_python' and name 'laserscan_to_point_pulisher'
[4.598s] Level 1:colcon.colcon_core.package_identification:_identify(/home/rosuser/yahboom_ws/src/robot_pose_publisher) by extensions ['ignore', 'ignore_ament_install']
[4.598s] Level 1:colcon.colcon_core.package_identification:_identify(/home/rosuser/yahboom_ws/src/robot_pose_publisher) by extension 'ignore'
[4.598s] Level 1:colcon.colcon_core.package_identification:_identify(/home/rosuser/yahboom_ws/src/robot_pose_publisher) by extension 'ignore_ament_install'
[4.599s] Level 1:colcon.colcon_core.package_identification:_identify(/home/rosuser/yahboom_ws/src/robot_pose_publisher) by extensions ['colcon_pkg']
[4.599s] Level 1:colcon.colcon_core.package_identification:_identify(/home/rosuser/yahboom_ws/src/robot_pose_publisher) by extension 'colcon_pkg'
[4.599s] Level 1:colcon.colcon_core.package_identification:_identify(/home/rosuser/yahboom_ws/src/robot_pose_publisher) by extensions ['colcon_meta']
[4.599s] Level 1:colcon.colcon_core.package_identification:_identify(/home/rosuser/yahboom_ws/src/robot_pose_publisher) by extension 'colcon_meta'
[4.599s] Level 1:colcon.colcon_core.package_identification:_identify(/home/rosuser/yahboom_ws/src/robot_pose_publisher) by extensions ['ros']
[4.599s] Level 1:colcon.colcon_core.package_identification:_identify(/home/rosuser/yahboom_ws/src/robot_pose_publisher) by extension 'ros'
[4.600s] DEBUG:colcon.colcon_core.package_identification:Package '/home/rosuser/yahboom_ws/src/robot_pose_publisher' with type 'ros.ament_python' and name 'robot_pose_publisher'
[4.600s] Level 1:colcon.colcon_core.package_identification:_identify(/home/rosuser/yahboom_ws/src/yahboom_app_save_map) by extensions ['ignore', 'ignore_ament_install']
[4.600s] Level 1:colcon.colcon_core.package_identification:_identify(/home/rosuser/yahboom_ws/src/yahboom_app_save_map) by extension 'ignore'
[4.600s] Level 1:colcon.colcon_core.package_identification:_identify(/home/rosuser/yahboom_ws/src/yahboom_app_save_map) by extension 'ignore_ament_install'
[4.600s] Level 1:colcon.colcon_core.package_identification:_identify(/home/rosuser/yahboom_ws/src/yahboom_app_save_map) by extensions ['colcon_pkg']
[4.600s] Level 1:colcon.colcon_core.package_identification:_identify(/home/rosuser/yahboom_ws/src/yahboom_app_save_map) by extension 'colcon_pkg'
[4.600s] Level 1:colcon.colcon_core.package_identification:_identify(/home/rosuser/yahboom_ws/src/yahboom_app_save_map) by extensions ['colcon_meta']
[4.600s] Level 1:colcon.colcon_core.package_identification:_identify(/home/rosuser/yahboom_ws/src/yahboom_app_save_map) by extension 'colcon_meta'
[4.600s] Level 1:colcon.colcon_core.package_identification:_identify(/home/rosuser/yahboom_ws/src/yahboom_app_save_map) by extensions ['ros']
[4.600s] Level 1:colcon.colcon_core.package_identification:_identify(/home/rosuser/yahboom_ws/src/yahboom_app_save_map) by extension 'ros'
[4.601s] DEBUG:colcon.colcon_core.package_identification:Package '/home/rosuser/yahboom_ws/src/yahboom_app_save_map' with type 'ros.ament_python' and name 'yahboom_app_save_map'
[4.601s] Level 1:colcon.colcon_core.package_identification:_identify(/home/rosuser/yahboom_ws/src/yahboom_web_savmap_interfaces) by extensions ['ignore', 'ignore_ament_install']
[4.601s] Level 1:colcon.colcon_core.package_identification:_identify(/home/rosuser/yahboom_ws/src/yahboom_web_savmap_interfaces) by extension 'ignore'
[4.601s] Level 1:colcon.colcon_core.package_identification:_identify(/home/rosuser/yahboom_ws/src/yahboom_web_savmap_interfaces) by extension 'ignore_ament_install'
[4.601s] Level 1:colcon.colcon_core.package_identification:_identify(/home/rosuser/yahboom_ws/src/yahboom_web_savmap_interfaces) by extensions ['colcon_pkg']
[4.602s] Level 1:colcon.colcon_core.package_identification:_identify(/home/rosuser/yahboom_ws/src/yahboom_web_savmap_interfaces) by extension 'colcon_pkg'
[4.602s] Level 1:colcon.colcon_core.package_identification:_identify(/home/rosuser/yahboom_ws/src/yahboom_web_savmap_interfaces) by extensions ['colcon_meta']
[4.602s] Level 1:colcon.colcon_core.package_identification:_identify(/home/rosuser/yahboom_ws/src/yahboom_web_savmap_interfaces) by extension 'colcon_meta'
[4.602s] Level 1:colcon.colcon_core.package_identification:_identify(/home/rosuser/yahboom_ws/src/yahboom_web_savmap_interfaces) by extensions ['ros']
[4.602s] Level 1:colcon.colcon_core.package_identification:_identify(/home/rosuser/yahboom_ws/src/yahboom_web_savmap_interfaces) by extension 'ros'
[4.603s] DEBUG:colcon.colcon_core.package_identification:Package '/home/rosuser/yahboom_ws/src/yahboom_web_savmap_interfaces' with type 'ros.ament_cmake' and name 'yahboom_web_savmap_interfaces'
[4.604s] Level 1:colcon.colcon_core.package_identification:_identify(/home/rosuser/yahboom_ws/src/yahboomcar_description) by extensions ['ignore', 'ignore_ament_install']
[4.604s] Level 1:colcon.colcon_core.package_identification:_identify(/home/rosuser/yahboom_ws/src/yahboomcar_description) by extension 'ignore'
[4.604s] Level 1:colcon.colcon_core.package_identification:_identify(/home/rosuser/yahboom_ws/src/yahboomcar_description) by extension 'ignore_ament_install'
[4.604s] Level 1:colcon.colcon_core.package_identification:_identify(/home/rosuser/yahboom_ws/src/yahboomcar_description) by extensions ['colcon_pkg']
[4.604s] Level 1:colcon.colcon_core.package_identification:_identify(/home/rosuser/yahboom_ws/src/yahboomcar_description) by extension 'colcon_pkg'
[4.604s] Level 1:colcon.colcon_core.package_identification:_identify(/home/rosuser/yahboom_ws/src/yahboomcar_description) by extensions ['colcon_meta']
[4.604s] Level 1:colcon.colcon_core.package_identification:_identify(/home/rosuser/yahboom_ws/src/yahboomcar_description) by extension 'colcon_meta'
[4.604s] Level 1:colcon.colcon_core.package_identification:_identify(/home/rosuser/yahboom_ws/src/yahboomcar_description) by extensions ['ros']
[4.605s] Level 1:colcon.colcon_core.package_identification:_identify(/home/rosuser/yahboom_ws/src/yahboomcar_description) by extension 'ros'
[4.605s] DEBUG:colcon.colcon_core.package_identification:Package '/home/rosuser/yahboom_ws/src/yahboomcar_description' with type 'ros.ament_python' and name 'yahboomcar_description'
[4.605s] Level 1:colcon.colcon_core.package_identification:_identify(/home/rosuser/yahboom_ws/src/yahboomcar_msgs) by extensions ['ignore', 'ignore_ament_install']
[4.605s] Level 1:colcon.colcon_core.package_identification:_identify(/home/rosuser/yahboom_ws/src/yahboomcar_msgs) by extension 'ignore'
[4.606s] Level 1:colcon.colcon_core.package_identification:_identify(/home/rosuser/yahboom_ws/src/yahboomcar_msgs) by extension 'ignore_ament_install'
[4.606s] Level 1:colcon.colcon_core.package_identification:_identify(/home/rosuser/yahboom_ws/src/yahboomcar_msgs) by extensions ['colcon_pkg']
[4.606s] Level 1:colcon.colcon_core.package_identification:_identify(/home/rosuser/yahboom_ws/src/yahboomcar_msgs) by extension 'colcon_pkg'
[4.606s] Level 1:colcon.colcon_core.package_identification:_identify(/home/rosuser/yahboom_ws/src/yahboomcar_msgs) by extensions ['colcon_meta']
[4.606s] Level 1:colcon.colcon_core.package_identification:_identify(/home/rosuser/yahboom_ws/src/yahboomcar_msgs) by extension 'colcon_meta'
[4.606s] Level 1:colcon.colcon_core.package_identification:_identify(/home/rosuser/yahboom_ws/src/yahboomcar_msgs) by extensions ['ros']
[4.606s] Level 1:colcon.colcon_core.package_identification:_identify(/home/rosuser/yahboom_ws/src/yahboomcar_msgs) by extension 'ros'
[4.607s] DEBUG:colcon.colcon_core.package_identification:Package '/home/rosuser/yahboom_ws/src/yahboomcar_msgs' with type 'ros.ament_cmake' and name 'yahboomcar_msgs'
[4.607s] Level 1:colcon.colcon_core.package_discovery:discover_packages(recursive) using defaults
