[0.901s] DEBUG:colcon:Command line arguments: ['/usr/bin/colcon', 'build']
[0.901s] DEBUG:colcon:Parsed command line arguments: Namespace(log_base=None, log_level=None, verb_name='build', build_base='build', install_base='install', merge_install=False, symlink_install=False, test_result_base=None, continue_on_error=False, executor='parallel', parallel_workers=2, event_handlers=None, ignore_user_meta=False, metas=['./colcon.meta'], base_paths=['.'], packages_ignore=None, packages_ignore_regex=None, paths=None, packages_up_to=None, packages_up_to_regex=None, packages_above=None, packages_above_and_dependencies=None, packages_above_depth=None, packages_select_by_dep=None, packages_skip_by_dep=None, packages_skip_up_to=None, packages_select_build_failed=False, packages_skip_build_finished=False, packages_select_test_failures=False, packages_skip_test_passed=False, packages_select=None, packages_skip=None, packages_select_regex=None, packages_skip_regex=None, packages_start=None, packages_end=None, allow_overriding=[], cmake_args=None, cmake_target=None, cmake_target_skip_unavailable=False, cmake_clean_cache=False, cmake_clean_first=False, cmake_force_configure=False, ament_cmake_args=None, catkin_cmake_args=None, catkin_skip_building_tests=False, verb_parser=<colcon_defaults.argument_parser.defaults.DefaultArgumentsDecorator object at 0x7fef92005390>, verb_extension=<colcon_core.verb.build.BuildVerb object at 0x7fef92006200>, main=<bound method BuildVerb.main of <colcon_core.verb.build.BuildVerb object at 0x7fef92006200>>)
[0.945s] Level 1:colcon.colcon_core.package_discovery:discover_packages(colcon_meta) check parameters
[0.945s] Level 1:colcon.colcon_core.package_discovery:discover_packages(recursive) check parameters
[0.945s] Level 1:colcon.colcon_core.package_discovery:discover_packages(ignore) check parameters
[0.945s] Level 1:colcon.colcon_core.package_discovery:discover_packages(path) check parameters
[0.945s] Level 1:colcon.colcon_core.package_discovery:discover_packages(colcon_meta) discover
[0.945s] Level 1:colcon.colcon_core.package_discovery:discover_packages(recursive) discover
[0.945s] INFO:colcon.colcon_core.package_discovery:Crawling recursively for packages in '/home/rosuser/yahboom_ws'
[0.945s] Level 1:colcon.colcon_core.package_identification:_identify(.) by extensions ['ignore', 'ignore_ament_install']
[0.945s] Level 1:colcon.colcon_core.package_identification:_identify(.) by extension 'ignore'
[0.946s] Level 1:colcon.colcon_core.package_identification:_identify(.) by extension 'ignore_ament_install'
[0.946s] Level 1:colcon.colcon_core.package_identification:_identify(.) by extensions ['colcon_pkg']
[0.946s] Level 1:colcon.colcon_core.package_identification:_identify(.) by extension 'colcon_pkg'
[0.946s] Level 1:colcon.colcon_core.package_identification:_identify(.) by extensions ['colcon_meta']
[0.946s] Level 1:colcon.colcon_core.package_identification:_identify(.) by extension 'colcon_meta'
[0.946s] Level 1:colcon.colcon_core.package_identification:_identify(.) by extensions ['ros']
[0.946s] Level 1:colcon.colcon_core.package_identification:_identify(.) by extension 'ros'
[0.955s] Level 1:colcon.colcon_core.package_identification:_identify(.) by extensions ['cmake', 'python']
[0.955s] Level 1:colcon.colcon_core.package_identification:_identify(.) by extension 'cmake'
[0.955s] Level 1:colcon.colcon_core.package_identification:_identify(.) by extension 'python'
[0.955s] Level 1:colcon.colcon_core.package_identification:_identify(.) by extensions ['python_setup_py']
[0.955s] Level 1:colcon.colcon_core.package_identification:_identify(.) by extension 'python_setup_py'
[0.955s] Level 1:colcon.colcon_core.package_identification:_identify(build) by extensions ['ignore', 'ignore_ament_install']
[0.955s] Level 1:colcon.colcon_core.package_identification:_identify(build) by extension 'ignore'
[0.955s] Level 1:colcon.colcon_core.package_identification:_identify(build) ignored
[0.955s] Level 1:colcon.colcon_core.package_identification:_identify(install) by extensions ['ignore', 'ignore_ament_install']
[0.955s] Level 1:colcon.colcon_core.package_identification:_identify(install) by extension 'ignore'
[0.956s] Level 1:colcon.colcon_core.package_identification:_identify(install) ignored
[0.956s] Level 1:colcon.colcon_core.package_identification:_identify(log) by extensions ['ignore', 'ignore_ament_install']
[0.956s] Level 1:colcon.colcon_core.package_identification:_identify(log) by extension 'ignore'
[0.956s] Level 1:colcon.colcon_core.package_identification:_identify(log) ignored
[0.956s] Level 1:colcon.colcon_core.package_identification:_identify(src) by extensions ['ignore', 'ignore_ament_install']
[0.956s] Level 1:colcon.colcon_core.package_identification:_identify(src) by extension 'ignore'
[0.956s] Level 1:colcon.colcon_core.package_identification:_identify(src) by extension 'ignore_ament_install'
[0.956s] Level 1:colcon.colcon_core.package_identification:_identify(src) by extensions ['colcon_pkg']
[0.956s] Level 1:colcon.colcon_core.package_identification:_identify(src) by extension 'colcon_pkg'
[0.956s] Level 1:colcon.colcon_core.package_identification:_identify(src) by extensions ['colcon_meta']
[0.956s] Level 1:colcon.colcon_core.package_identification:_identify(src) by extension 'colcon_meta'
[0.956s] Level 1:colcon.colcon_core.package_identification:_identify(src) by extensions ['ros']
[0.956s] Level 1:colcon.colcon_core.package_identification:_identify(src) by extension 'ros'
[0.956s] Level 1:colcon.colcon_core.package_identification:_identify(src) by extensions ['cmake', 'python']
[0.956s] Level 1:colcon.colcon_core.package_identification:_identify(src) by extension 'cmake'
[0.956s] Level 1:colcon.colcon_core.package_identification:_identify(src) by extension 'python'
[0.956s] Level 1:colcon.colcon_core.package_identification:_identify(src) by extensions ['python_setup_py']
[0.956s] Level 1:colcon.colcon_core.package_identification:_identify(src) by extension 'python_setup_py'
[0.956s] Level 1:colcon.colcon_core.package_identification:_identify(src/laserscan_to_point_pulisher) by extensions ['ignore', 'ignore_ament_install']
[0.956s] Level 1:colcon.colcon_core.package_identification:_identify(src/laserscan_to_point_pulisher) by extension 'ignore'
[0.956s] Level 1:colcon.colcon_core.package_identification:_identify(src/laserscan_to_point_pulisher) by extension 'ignore_ament_install'
[0.957s] Level 1:colcon.colcon_core.package_identification:_identify(src/laserscan_to_point_pulisher) by extensions ['colcon_pkg']
[0.957s] Level 1:colcon.colcon_core.package_identification:_identify(src/laserscan_to_point_pulisher) by extension 'colcon_pkg'
[0.957s] Level 1:colcon.colcon_core.package_identification:_identify(src/laserscan_to_point_pulisher) by extensions ['colcon_meta']
[0.957s] Level 1:colcon.colcon_core.package_identification:_identify(src/laserscan_to_point_pulisher) by extension 'colcon_meta'
[0.957s] Level 1:colcon.colcon_core.package_identification:_identify(src/laserscan_to_point_pulisher) by extensions ['ros']
[0.957s] Level 1:colcon.colcon_core.package_identification:_identify(src/laserscan_to_point_pulisher) by extension 'ros'
[0.959s] DEBUG:colcon.colcon_core.package_identification:Package 'src/laserscan_to_point_pulisher' with type 'ros.ament_python' and name 'laserscan_to_point_pulisher'
[0.959s] Level 1:colcon.colcon_core.package_identification:_identify(src/robot_pose_publisher) by extensions ['ignore', 'ignore_ament_install']
[0.959s] Level 1:colcon.colcon_core.package_identification:_identify(src/robot_pose_publisher) by extension 'ignore'
[0.959s] Level 1:colcon.colcon_core.package_identification:_identify(src/robot_pose_publisher) by extension 'ignore_ament_install'
[0.959s] Level 1:colcon.colcon_core.package_identification:_identify(src/robot_pose_publisher) by extensions ['colcon_pkg']
[0.959s] Level 1:colcon.colcon_core.package_identification:_identify(src/robot_pose_publisher) by extension 'colcon_pkg'
[0.959s] Level 1:colcon.colcon_core.package_identification:_identify(src/robot_pose_publisher) by extensions ['colcon_meta']
[0.959s] Level 1:colcon.colcon_core.package_identification:_identify(src/robot_pose_publisher) by extension 'colcon_meta'
[0.959s] Level 1:colcon.colcon_core.package_identification:_identify(src/robot_pose_publisher) by extensions ['ros']
[0.959s] Level 1:colcon.colcon_core.package_identification:_identify(src/robot_pose_publisher) by extension 'ros'
[0.960s] DEBUG:colcon.colcon_core.package_identification:Package 'src/robot_pose_publisher' with type 'ros.ament_python' and name 'robot_pose_publisher'
[0.960s] Level 1:colcon.colcon_core.package_identification:_identify(src/yahboom_app_save_map) by extensions ['ignore', 'ignore_ament_install']
[0.960s] Level 1:colcon.colcon_core.package_identification:_identify(src/yahboom_app_save_map) by extension 'ignore'
[0.960s] Level 1:colcon.colcon_core.package_identification:_identify(src/yahboom_app_save_map) by extension 'ignore_ament_install'
[0.960s] Level 1:colcon.colcon_core.package_identification:_identify(src/yahboom_app_save_map) by extensions ['colcon_pkg']
[0.960s] Level 1:colcon.colcon_core.package_identification:_identify(src/yahboom_app_save_map) by extension 'colcon_pkg'
[0.960s] Level 1:colcon.colcon_core.package_identification:_identify(src/yahboom_app_save_map) by extensions ['colcon_meta']
[0.960s] Level 1:colcon.colcon_core.package_identification:_identify(src/yahboom_app_save_map) by extension 'colcon_meta'
[0.960s] Level 1:colcon.colcon_core.package_identification:_identify(src/yahboom_app_save_map) by extensions ['ros']
[0.960s] Level 1:colcon.colcon_core.package_identification:_identify(src/yahboom_app_save_map) by extension 'ros'
[0.961s] DEBUG:colcon.colcon_core.package_identification:Package 'src/yahboom_app_save_map' with type 'ros.ament_python' and name 'yahboom_app_save_map'
[0.961s] Level 1:colcon.colcon_core.package_identification:_identify(src/yahboom_web_savmap_interfaces) by extensions ['ignore', 'ignore_ament_install']
[0.961s] Level 1:colcon.colcon_core.package_identification:_identify(src/yahboom_web_savmap_interfaces) by extension 'ignore'
[0.961s] Level 1:colcon.colcon_core.package_identification:_identify(src/yahboom_web_savmap_interfaces) by extension 'ignore_ament_install'
[0.961s] Level 1:colcon.colcon_core.package_identification:_identify(src/yahboom_web_savmap_interfaces) by extensions ['colcon_pkg']
[0.961s] Level 1:colcon.colcon_core.package_identification:_identify(src/yahboom_web_savmap_interfaces) by extension 'colcon_pkg'
[0.961s] Level 1:colcon.colcon_core.package_identification:_identify(src/yahboom_web_savmap_interfaces) by extensions ['colcon_meta']
[0.961s] Level 1:colcon.colcon_core.package_identification:_identify(src/yahboom_web_savmap_interfaces) by extension 'colcon_meta'
[0.961s] Level 1:colcon.colcon_core.package_identification:_identify(src/yahboom_web_savmap_interfaces) by extensions ['ros']
[0.961s] Level 1:colcon.colcon_core.package_identification:_identify(src/yahboom_web_savmap_interfaces) by extension 'ros'
[0.962s] DEBUG:colcon.colcon_core.package_identification:Package 'src/yahboom_web_savmap_interfaces' with type 'ros.ament_cmake' and name 'yahboom_web_savmap_interfaces'
[0.962s] Level 1:colcon.colcon_core.package_identification:_identify(src/yahboomcar_description) by extensions ['ignore', 'ignore_ament_install']
[0.962s] Level 1:colcon.colcon_core.package_identification:_identify(src/yahboomcar_description) by extension 'ignore'
[0.962s] Level 1:colcon.colcon_core.package_identification:_identify(src/yahboomcar_description) by extension 'ignore_ament_install'
[0.962s] Level 1:colcon.colcon_core.package_identification:_identify(src/yahboomcar_description) by extensions ['colcon_pkg']
[0.962s] Level 1:colcon.colcon_core.package_identification:_identify(src/yahboomcar_description) by extension 'colcon_pkg'
[0.962s] Level 1:colcon.colcon_core.package_identification:_identify(src/yahboomcar_description) by extensions ['colcon_meta']
[0.962s] Level 1:colcon.colcon_core.package_identification:_identify(src/yahboomcar_description) by extension 'colcon_meta'
[0.962s] Level 1:colcon.colcon_core.package_identification:_identify(src/yahboomcar_description) by extensions ['ros']
[0.962s] Level 1:colcon.colcon_core.package_identification:_identify(src/yahboomcar_description) by extension 'ros'
[0.963s] DEBUG:colcon.colcon_core.package_identification:Package 'src/yahboomcar_description' with type 'ros.ament_python' and name 'yahboomcar_description'
[0.963s] Level 1:colcon.colcon_core.package_identification:_identify(src/yahboomcar_msgs) by extensions ['ignore', 'ignore_ament_install']
[0.963s] Level 1:colcon.colcon_core.package_identification:_identify(src/yahboomcar_msgs) by extension 'ignore'
[0.963s] Level 1:colcon.colcon_core.package_identification:_identify(src/yahboomcar_msgs) by extension 'ignore_ament_install'
[0.963s] Level 1:colcon.colcon_core.package_identification:_identify(src/yahboomcar_msgs) by extensions ['colcon_pkg']
[0.963s] Level 1:colcon.colcon_core.package_identification:_identify(src/yahboomcar_msgs) by extension 'colcon_pkg'
[0.963s] Level 1:colcon.colcon_core.package_identification:_identify(src/yahboomcar_msgs) by extensions ['colcon_meta']
[0.963s] Level 1:colcon.colcon_core.package_identification:_identify(src/yahboomcar_msgs) by extension 'colcon_meta'
[0.963s] Level 1:colcon.colcon_core.package_identification:_identify(src/yahboomcar_msgs) by extensions ['ros']
[0.963s] Level 1:colcon.colcon_core.package_identification:_identify(src/yahboomcar_msgs) by extension 'ros'
[0.964s] DEBUG:colcon.colcon_core.package_identification:Package 'src/yahboomcar_msgs' with type 'ros.ament_cmake' and name 'yahboomcar_msgs'
[0.964s] Level 1:colcon.colcon_core.package_discovery:discover_packages(recursive) using defaults
[0.964s] Level 1:colcon.colcon_core.package_discovery:discover_packages(ignore) discover
[0.964s] Level 1:colcon.colcon_core.package_discovery:discover_packages(ignore) using defaults
[0.964s] Level 1:colcon.colcon_core.package_discovery:discover_packages(path) discover
[0.964s] Level 1:colcon.colcon_core.package_discovery:discover_packages(path) using defaults
[1.049s] Level 1:colcon.colcon_core.package_discovery:discover_packages(prefix_path) check parameters
[1.049s] Level 1:colcon.colcon_core.package_discovery:discover_packages(prefix_path) discover
[1.076s] DEBUG:colcon.colcon_installed_package_information.package_discovery:Found 6 installed packages in /home/rosuser/yahboom_ws/install
[1.098s] DEBUG:colcon.colcon_installed_package_information.package_discovery:Found 2 installed packages in /home/rosuser/my_robot_ws/install
[1.112s] DEBUG:colcon.colcon_installed_package_information.package_discovery:Found 15 installed packages in /home/rosuser/ROS2Dev/turtlebot3_ws/install
[1.126s] DEBUG:colcon.colcon_installed_package_information.package_discovery:Found 368 installed packages in /opt/ros/humble
[1.127s] Level 1:colcon.colcon_core.package_discovery:discover_packages(prefix_path) using defaults
[1.220s] Level 5:colcon.colcon_core.verb:set package 'laserscan_to_point_pulisher' build argument 'cmake_args' from command line to 'None'
[1.220s] Level 5:colcon.colcon_core.verb:set package 'laserscan_to_point_pulisher' build argument 'cmake_target' from command line to 'None'
[1.220s] Level 5:colcon.colcon_core.verb:set package 'laserscan_to_point_pulisher' build argument 'cmake_target_skip_unavailable' from command line to 'False'
[1.220s] Level 5:colcon.colcon_core.verb:set package 'laserscan_to_point_pulisher' build argument 'cmake_clean_cache' from command line to 'False'
[1.220s] Level 5:colcon.colcon_core.verb:set package 'laserscan_to_point_pulisher' build argument 'cmake_clean_first' from command line to 'False'
[1.220s] Level 5:colcon.colcon_core.verb:set package 'laserscan_to_point_pulisher' build argument 'cmake_force_configure' from command line to 'False'
[1.220s] Level 5:colcon.colcon_core.verb:set package 'laserscan_to_point_pulisher' build argument 'ament_cmake_args' from command line to 'None'
[1.220s] Level 5:colcon.colcon_core.verb:set package 'laserscan_to_point_pulisher' build argument 'catkin_cmake_args' from command line to 'None'
[1.220s] Level 5:colcon.colcon_core.verb:set package 'laserscan_to_point_pulisher' build argument 'catkin_skip_building_tests' from command line to 'False'
[1.220s] DEBUG:colcon.colcon_core.verb:Building package 'laserscan_to_point_pulisher' with the following arguments: {'ament_cmake_args': None, 'build_base': '/home/rosuser/yahboom_ws/build/laserscan_to_point_pulisher', 'catkin_cmake_args': None, 'catkin_skip_building_tests': False, 'cmake_args': None, 'cmake_clean_cache': False, 'cmake_clean_first': False, 'cmake_force_configure': False, 'cmake_target': None, 'cmake_target_skip_unavailable': False, 'install_base': '/home/rosuser/yahboom_ws/install/laserscan_to_point_pulisher', 'merge_install': False, 'path': '/home/rosuser/yahboom_ws/src/laserscan_to_point_pulisher', 'symlink_install': False, 'test_result_base': None}
[1.234s] Level 5:colcon.colcon_core.verb:set package 'robot_pose_publisher' build argument 'cmake_args' from command line to 'None'
[1.234s] Level 5:colcon.colcon_core.verb:set package 'robot_pose_publisher' build argument 'cmake_target' from command line to 'None'
[1.234s] Level 5:colcon.colcon_core.verb:set package 'robot_pose_publisher' build argument 'cmake_target_skip_unavailable' from command line to 'False'
[1.234s] Level 5:colcon.colcon_core.verb:set package 'robot_pose_publisher' build argument 'cmake_clean_cache' from command line to 'False'
[1.234s] Level 5:colcon.colcon_core.verb:set package 'robot_pose_publisher' build argument 'cmake_clean_first' from command line to 'False'
[1.234s] Level 5:colcon.colcon_core.verb:set package 'robot_pose_publisher' build argument 'cmake_force_configure' from command line to 'False'
[1.234s] Level 5:colcon.colcon_core.verb:set package 'robot_pose_publisher' build argument 'ament_cmake_args' from command line to 'None'
[1.234s] Level 5:colcon.colcon_core.verb:set package 'robot_pose_publisher' build argument 'catkin_cmake_args' from command line to 'None'
[1.234s] Level 5:colcon.colcon_core.verb:set package 'robot_pose_publisher' build argument 'catkin_skip_building_tests' from command line to 'False'
[1.234s] DEBUG:colcon.colcon_core.verb:Building package 'robot_pose_publisher' with the following arguments: {'ament_cmake_args': None, 'build_base': '/home/rosuser/yahboom_ws/build/robot_pose_publisher', 'catkin_cmake_args': None, 'catkin_skip_building_tests': False, 'cmake_args': None, 'cmake_clean_cache': False, 'cmake_clean_first': False, 'cmake_force_configure': False, 'cmake_target': None, 'cmake_target_skip_unavailable': False, 'install_base': '/home/rosuser/yahboom_ws/install/robot_pose_publisher', 'merge_install': False, 'path': '/home/rosuser/yahboom_ws/src/robot_pose_publisher', 'symlink_install': False, 'test_result_base': None}
[1.247s] Level 5:colcon.colcon_core.verb:set package 'yahboom_app_save_map' build argument 'cmake_args' from command line to 'None'
[1.248s] Level 5:colcon.colcon_core.verb:set package 'yahboom_app_save_map' build argument 'cmake_target' from command line to 'None'
[1.248s] Level 5:colcon.colcon_core.verb:set package 'yahboom_app_save_map' build argument 'cmake_target_skip_unavailable' from command line to 'False'
[1.248s] Level 5:colcon.colcon_core.verb:set package 'yahboom_app_save_map' build argument 'cmake_clean_cache' from command line to 'False'
[1.248s] Level 5:colcon.colcon_core.verb:set package 'yahboom_app_save_map' build argument 'cmake_clean_first' from command line to 'False'
[1.248s] Level 5:colcon.colcon_core.verb:set package 'yahboom_app_save_map' build argument 'cmake_force_configure' from command line to 'False'
[1.248s] Level 5:colcon.colcon_core.verb:set package 'yahboom_app_save_map' build argument 'ament_cmake_args' from command line to 'None'
[1.248s] Level 5:colcon.colcon_core.verb:set package 'yahboom_app_save_map' build argument 'catkin_cmake_args' from command line to 'None'
[1.248s] Level 5:colcon.colcon_core.verb:set package 'yahboom_app_save_map' build argument 'catkin_skip_building_tests' from command line to 'False'
[1.248s] DEBUG:colcon.colcon_core.verb:Building package 'yahboom_app_save_map' with the following arguments: {'ament_cmake_args': None, 'build_base': '/home/rosuser/yahboom_ws/build/yahboom_app_save_map', 'catkin_cmake_args': None, 'catkin_skip_building_tests': False, 'cmake_args': None, 'cmake_clean_cache': False, 'cmake_clean_first': False, 'cmake_force_configure': False, 'cmake_target': None, 'cmake_target_skip_unavailable': False, 'install_base': '/home/rosuser/yahboom_ws/install/yahboom_app_save_map', 'merge_install': False, 'path': '/home/rosuser/yahboom_ws/src/yahboom_app_save_map', 'symlink_install': False, 'test_result_base': None}
[1.261s] Level 5:colcon.colcon_core.verb:set package 'yahboom_web_savmap_interfaces' build argument 'cmake_args' from command line to 'None'
[1.261s] Level 5:colcon.colcon_core.verb:set package 'yahboom_web_savmap_interfaces' build argument 'cmake_target' from command line to 'None'
[1.261s] Level 5:colcon.colcon_core.verb:set package 'yahboom_web_savmap_interfaces' build argument 'cmake_target_skip_unavailable' from command line to 'False'
[1.261s] Level 5:colcon.colcon_core.verb:set package 'yahboom_web_savmap_interfaces' build argument 'cmake_clean_cache' from command line to 'False'
[1.261s] Level 5:colcon.colcon_core.verb:set package 'yahboom_web_savmap_interfaces' build argument 'cmake_clean_first' from command line to 'False'
[1.261s] Level 5:colcon.colcon_core.verb:set package 'yahboom_web_savmap_interfaces' build argument 'cmake_force_configure' from command line to 'False'
[1.261s] Level 5:colcon.colcon_core.verb:set package 'yahboom_web_savmap_interfaces' build argument 'ament_cmake_args' from command line to 'None'
[1.261s] Level 5:colcon.colcon_core.verb:set package 'yahboom_web_savmap_interfaces' build argument 'catkin_cmake_args' from command line to 'None'
[1.261s] Level 5:colcon.colcon_core.verb:set package 'yahboom_web_savmap_interfaces' build argument 'catkin_skip_building_tests' from command line to 'False'
[1.261s] DEBUG:colcon.colcon_core.verb:Building package 'yahboom_web_savmap_interfaces' with the following arguments: {'ament_cmake_args': None, 'build_base': '/home/rosuser/yahboom_ws/build/yahboom_web_savmap_interfaces', 'catkin_cmake_args': None, 'catkin_skip_building_tests': False, 'cmake_args': None, 'cmake_clean_cache': False, 'cmake_clean_first': False, 'cmake_force_configure': False, 'cmake_target': None, 'cmake_target_skip_unavailable': False, 'install_base': '/home/rosuser/yahboom_ws/install/yahboom_web_savmap_interfaces', 'merge_install': False, 'path': '/home/rosuser/yahboom_ws/src/yahboom_web_savmap_interfaces', 'symlink_install': False, 'test_result_base': None}
[1.274s] Level 5:colcon.colcon_core.verb:set package 'yahboomcar_description' build argument 'cmake_args' from command line to 'None'
[1.274s] Level 5:colcon.colcon_core.verb:set package 'yahboomcar_description' build argument 'cmake_target' from command line to 'None'
[1.274s] Level 5:colcon.colcon_core.verb:set package 'yahboomcar_description' build argument 'cmake_target_skip_unavailable' from command line to 'False'
[1.274s] Level 5:colcon.colcon_core.verb:set package 'yahboomcar_description' build argument 'cmake_clean_cache' from command line to 'False'
[1.274s] Level 5:colcon.colcon_core.verb:set package 'yahboomcar_description' build argument 'cmake_clean_first' from command line to 'False'
[1.274s] Level 5:colcon.colcon_core.verb:set package 'yahboomcar_description' build argument 'cmake_force_configure' from command line to 'False'
[1.274s] Level 5:colcon.colcon_core.verb:set package 'yahboomcar_description' build argument 'ament_cmake_args' from command line to 'None'
[1.274s] Level 5:colcon.colcon_core.verb:set package 'yahboomcar_description' build argument 'catkin_cmake_args' from command line to 'None'
[1.274s] Level 5:colcon.colcon_core.verb:set package 'yahboomcar_description' build argument 'catkin_skip_building_tests' from command line to 'False'
[1.274s] DEBUG:colcon.colcon_core.verb:Building package 'yahboomcar_description' with the following arguments: {'ament_cmake_args': None, 'build_base': '/home/rosuser/yahboom_ws/build/yahboomcar_description', 'catkin_cmake_args': None, 'catkin_skip_building_tests': False, 'cmake_args': None, 'cmake_clean_cache': False, 'cmake_clean_first': False, 'cmake_force_configure': False, 'cmake_target': None, 'cmake_target_skip_unavailable': False, 'install_base': '/home/rosuser/yahboom_ws/install/yahboomcar_description', 'merge_install': False, 'path': '/home/rosuser/yahboom_ws/src/yahboomcar_description', 'symlink_install': False, 'test_result_base': None}
[1.286s] Level 5:colcon.colcon_core.verb:set package 'yahboomcar_msgs' build argument 'cmake_args' from command line to 'None'
[1.286s] Level 5:colcon.colcon_core.verb:set package 'yahboomcar_msgs' build argument 'cmake_target' from command line to 'None'
[1.286s] Level 5:colcon.colcon_core.verb:set package 'yahboomcar_msgs' build argument 'cmake_target_skip_unavailable' from command line to 'False'
[1.286s] Level 5:colcon.colcon_core.verb:set package 'yahboomcar_msgs' build argument 'cmake_clean_cache' from command line to 'False'
[1.287s] Level 5:colcon.colcon_core.verb:set package 'yahboomcar_msgs' build argument 'cmake_clean_first' from command line to 'False'
[1.287s] Level 5:colcon.colcon_core.verb:set package 'yahboomcar_msgs' build argument 'cmake_force_configure' from command line to 'False'
[1.287s] Level 5:colcon.colcon_core.verb:set package 'yahboomcar_msgs' build argument 'ament_cmake_args' from command line to 'None'
[1.287s] Level 5:colcon.colcon_core.verb:set package 'yahboomcar_msgs' build argument 'catkin_cmake_args' from command line to 'None'
[1.287s] Level 5:colcon.colcon_core.verb:set package 'yahboomcar_msgs' build argument 'catkin_skip_building_tests' from command line to 'False'
[1.287s] DEBUG:colcon.colcon_core.verb:Building package 'yahboomcar_msgs' with the following arguments: {'ament_cmake_args': None, 'build_base': '/home/rosuser/yahboom_ws/build/yahboomcar_msgs', 'catkin_cmake_args': None, 'catkin_skip_building_tests': False, 'cmake_args': None, 'cmake_clean_cache': False, 'cmake_clean_first': False, 'cmake_force_configure': False, 'cmake_target': None, 'cmake_target_skip_unavailable': False, 'install_base': '/home/rosuser/yahboom_ws/install/yahboomcar_msgs', 'merge_install': False, 'path': '/home/rosuser/yahboom_ws/src/yahboomcar_msgs', 'symlink_install': False, 'test_result_base': None}
[1.299s] INFO:colcon.colcon_core.executor:Executing jobs using 'parallel' executor
[1.313s] DEBUG:colcon.colcon_parallel_executor.executor.parallel:run_until_complete
[1.313s] INFO:colcon.colcon_ros.task.ament_python.build:Building ROS package in '/home/rosuser/yahboom_ws/src/laserscan_to_point_pulisher' with build type 'ament_python'
[1.313s] Level 1:colcon.colcon_core.shell:create_environment_hook('laserscan_to_point_pulisher', 'ament_prefix_path')
[1.338s] INFO:colcon.colcon_core.plugin_system:Skipping extension 'colcon_core.shell.bat': Not used on non-Windows systems
[1.338s] INFO:colcon.colcon_core.shell:Creating environment hook '/home/rosuser/yahboom_ws/install/laserscan_to_point_pulisher/share/laserscan_to_point_pulisher/hook/ament_prefix_path.ps1'
[1.338s] INFO:colcon.colcon_core.shell:Creating environment descriptor '/home/rosuser/yahboom_ws/install/laserscan_to_point_pulisher/share/laserscan_to_point_pulisher/hook/ament_prefix_path.dsv'
[1.340s] INFO:colcon.colcon_core.shell:Creating environment hook '/home/rosuser/yahboom_ws/install/laserscan_to_point_pulisher/share/laserscan_to_point_pulisher/hook/ament_prefix_path.sh'
[1.365s] INFO:colcon.colcon_core.shell:Skip shell extension 'powershell' for command environment: Not usable outside of PowerShell
[1.365s] DEBUG:colcon.colcon_core.shell:Skip shell extension 'dsv' for command environment
[1.439s] INFO:colcon.colcon_ros.task.ament_python.build:Building ROS package in '/home/rosuser/yahboom_ws/src/robot_pose_publisher' with build type 'ament_python'
[1.440s] Level 1:colcon.colcon_core.shell:create_environment_hook('robot_pose_publisher', 'ament_prefix_path')
[1.461s] INFO:colcon.colcon_core.shell:Creating environment hook '/home/rosuser/yahboom_ws/install/robot_pose_publisher/share/robot_pose_publisher/hook/ament_prefix_path.ps1'
[1.462s] INFO:colcon.colcon_core.shell:Creating environment descriptor '/home/rosuser/yahboom_ws/install/robot_pose_publisher/share/robot_pose_publisher/hook/ament_prefix_path.dsv'
[1.463s] INFO:colcon.colcon_core.shell:Creating environment hook '/home/rosuser/yahboom_ws/install/robot_pose_publisher/share/robot_pose_publisher/hook/ament_prefix_path.sh'
[1.480s] INFO:colcon.colcon_core.shell:Skip shell extension 'powershell' for command environment: Not usable outside of PowerShell
[1.480s] DEBUG:colcon.colcon_core.shell:Skip shell extension 'dsv' for command environment
[1.828s] INFO:colcon.colcon_core.task.python.build:Building Python package in '/home/rosuser/yahboom_ws/src/laserscan_to_point_pulisher'
[1.842s] INFO:colcon.colcon_core.shell:Skip shell extension 'powershell' for command environment: Not usable outside of PowerShell
[1.842s] DEBUG:colcon.colcon_core.shell:Skip shell extension 'dsv' for command environment
[2.196s] INFO:colcon.colcon_core.task.python.build:Building Python package in '/home/rosuser/yahboom_ws/src/robot_pose_publisher'
[2.212s] INFO:colcon.colcon_core.shell:Skip shell extension 'powershell' for command environment: Not usable outside of PowerShell
[2.212s] DEBUG:colcon.colcon_core.shell:Skip shell extension 'dsv' for command environment
[2.710s] DEBUG:colcon.colcon_core.event_handler.log_command:Invoking command in '/home/rosuser/yahboom_ws/src/robot_pose_publisher': PYTHONPATH=/home/rosuser/yahboom_ws/build/robot_pose_publisher/prefix_override:/home/rosuser/yahboom_ws/install/robot_pose_publisher/lib/python3.10/site-packages:${PYTHONPATH} /usr/bin/python3 setup.py egg_info --egg-base ../../build/robot_pose_publisher build --build-base /home/rosuser/yahboom_ws/build/robot_pose_publisher/build install --record /home/rosuser/yahboom_ws/build/robot_pose_publisher/install.log --install-scripts $base/lib/robot_pose_publisher --single-version-externally-managed
[2.714s] DEBUG:colcon.colcon_core.event_handler.log_command:Invoking command in '/home/rosuser/yahboom_ws/src/laserscan_to_point_pulisher': PYTHONPATH=/home/rosuser/yahboom_ws/build/laserscan_to_point_pulisher/prefix_override:/home/rosuser/yahboom_ws/install/laserscan_to_point_pulisher/lib/python3.10/site-packages:${PYTHONPATH} /usr/bin/python3 setup.py egg_info --egg-base ../../build/laserscan_to_point_pulisher build --build-base /home/rosuser/yahboom_ws/build/laserscan_to_point_pulisher/build install --record /home/rosuser/yahboom_ws/build/laserscan_to_point_pulisher/install.log --install-scripts $base/lib/laserscan_to_point_pulisher --single-version-externally-managed
[3.066s] DEBUG:colcon.colcon_core.event_handler.log_command:Invoked command in '/home/rosuser/yahboom_ws/src/laserscan_to_point_pulisher' returned '0': PYTHONPATH=/home/rosuser/yahboom_ws/build/laserscan_to_point_pulisher/prefix_override:/home/rosuser/yahboom_ws/install/laserscan_to_point_pulisher/lib/python3.10/site-packages:${PYTHONPATH} /usr/bin/python3 setup.py egg_info --egg-base ../../build/laserscan_to_point_pulisher build --build-base /home/rosuser/yahboom_ws/build/laserscan_to_point_pulisher/build install --record /home/rosuser/yahboom_ws/build/laserscan_to_point_pulisher/install.log --install-scripts $base/lib/laserscan_to_point_pulisher --single-version-externally-managed
[3.081s] Level 1:colcon.colcon_core.environment:checking '/home/rosuser/yahboom_ws/install/laserscan_to_point_pulisher' for CMake module files
[3.081s] Level 1:colcon.colcon_core.environment:checking '/home/rosuser/yahboom_ws/install/laserscan_to_point_pulisher' for CMake config files
[3.082s] Level 1:colcon.colcon_core.environment:checking '/home/rosuser/yahboom_ws/install/laserscan_to_point_pulisher/lib'
[3.082s] Level 1:colcon.colcon_core.environment:checking '/home/rosuser/yahboom_ws/install/laserscan_to_point_pulisher/bin'
[3.082s] Level 1:colcon.colcon_core.environment:checking '/home/rosuser/yahboom_ws/install/laserscan_to_point_pulisher/lib/pkgconfig/laserscan_to_point_pulisher.pc'
[3.082s] Level 1:colcon.colcon_core.environment:checking '/home/rosuser/yahboom_ws/install/laserscan_to_point_pulisher/lib/python3.10/site-packages'
[3.082s] Level 1:colcon.colcon_core.shell:create_environment_hook('laserscan_to_point_pulisher', 'pythonpath')
[3.096s] INFO:colcon.colcon_core.shell:Creating environment hook '/home/rosuser/yahboom_ws/install/laserscan_to_point_pulisher/share/laserscan_to_point_pulisher/hook/pythonpath.ps1'
[3.096s] INFO:colcon.colcon_core.shell:Creating environment descriptor '/home/rosuser/yahboom_ws/install/laserscan_to_point_pulisher/share/laserscan_to_point_pulisher/hook/pythonpath.dsv'
[3.097s] INFO:colcon.colcon_core.shell:Creating environment hook '/home/rosuser/yahboom_ws/install/laserscan_to_point_pulisher/share/laserscan_to_point_pulisher/hook/pythonpath.sh'
[3.097s] Level 1:colcon.colcon_core.environment:checking '/home/rosuser/yahboom_ws/install/laserscan_to_point_pulisher/bin'
[3.097s] Level 1:colcon.colcon_core.environment:create_environment_scripts_only(laserscan_to_point_pulisher)
[3.113s] INFO:colcon.colcon_core.shell:Creating package script '/home/rosuser/yahboom_ws/install/laserscan_to_point_pulisher/share/laserscan_to_point_pulisher/package.ps1'
[3.113s] INFO:colcon.colcon_core.shell:Creating package descriptor '/home/rosuser/yahboom_ws/install/laserscan_to_point_pulisher/share/laserscan_to_point_pulisher/package.dsv'
[3.114s] INFO:colcon.colcon_core.shell:Creating package script '/home/rosuser/yahboom_ws/install/laserscan_to_point_pulisher/share/laserscan_to_point_pulisher/package.sh'
[3.117s] INFO:colcon.colcon_core.shell:Creating package script '/home/rosuser/yahboom_ws/install/laserscan_to_point_pulisher/share/laserscan_to_point_pulisher/package.bash'
[3.119s] INFO:colcon.colcon_core.shell:Creating package script '/home/rosuser/yahboom_ws/install/laserscan_to_point_pulisher/share/laserscan_to_point_pulisher/package.zsh'
[3.119s] Level 1:colcon.colcon_core.environment:create_file_with_runtime_dependencies(/home/rosuser/yahboom_ws/install/laserscan_to_point_pulisher/share/colcon-core/packages/laserscan_to_point_pulisher)
[3.120s] INFO:colcon.colcon_ros.task.ament_python.build:Building ROS package in '/home/rosuser/yahboom_ws/src/yahboom_app_save_map' with build type 'ament_python'
[3.120s] Level 1:colcon.colcon_core.shell:create_environment_hook('yahboom_app_save_map', 'ament_prefix_path')
[3.141s] INFO:colcon.colcon_core.shell:Creating environment hook '/home/rosuser/yahboom_ws/install/yahboom_app_save_map/share/yahboom_app_save_map/hook/ament_prefix_path.ps1'
[3.142s] INFO:colcon.colcon_core.shell:Creating environment descriptor '/home/rosuser/yahboom_ws/install/yahboom_app_save_map/share/yahboom_app_save_map/hook/ament_prefix_path.dsv'
[3.142s] INFO:colcon.colcon_core.shell:Creating environment hook '/home/rosuser/yahboom_ws/install/yahboom_app_save_map/share/yahboom_app_save_map/hook/ament_prefix_path.sh'
[3.155s] INFO:colcon.colcon_core.shell:Skip shell extension 'powershell' for command environment: Not usable outside of PowerShell
[3.155s] DEBUG:colcon.colcon_core.shell:Skip shell extension 'dsv' for command environment
[3.253s] DEBUG:colcon.colcon_core.event_handler.log_command:Invoked command in '/home/rosuser/yahboom_ws/src/robot_pose_publisher' returned '0': PYTHONPATH=/home/rosuser/yahboom_ws/build/robot_pose_publisher/prefix_override:/home/rosuser/yahboom_ws/install/robot_pose_publisher/lib/python3.10/site-packages:${PYTHONPATH} /usr/bin/python3 setup.py egg_info --egg-base ../../build/robot_pose_publisher build --build-base /home/rosuser/yahboom_ws/build/robot_pose_publisher/build install --record /home/rosuser/yahboom_ws/build/robot_pose_publisher/install.log --install-scripts $base/lib/robot_pose_publisher --single-version-externally-managed
[3.266s] Level 1:colcon.colcon_core.environment:checking '/home/rosuser/yahboom_ws/install/robot_pose_publisher' for CMake module files
[3.267s] Level 1:colcon.colcon_core.environment:checking '/home/rosuser/yahboom_ws/install/robot_pose_publisher' for CMake config files
[3.267s] Level 1:colcon.colcon_core.environment:checking '/home/rosuser/yahboom_ws/install/robot_pose_publisher/lib'
[3.267s] Level 1:colcon.colcon_core.environment:checking '/home/rosuser/yahboom_ws/install/robot_pose_publisher/bin'
[3.267s] Level 1:colcon.colcon_core.environment:checking '/home/rosuser/yahboom_ws/install/robot_pose_publisher/lib/pkgconfig/robot_pose_publisher.pc'
[3.268s] Level 1:colcon.colcon_core.environment:checking '/home/rosuser/yahboom_ws/install/robot_pose_publisher/lib/python3.10/site-packages'
[3.268s] Level 1:colcon.colcon_core.shell:create_environment_hook('robot_pose_publisher', 'pythonpath')
[3.281s] INFO:colcon.colcon_core.shell:Creating environment hook '/home/rosuser/yahboom_ws/install/robot_pose_publisher/share/robot_pose_publisher/hook/pythonpath.ps1'
[3.281s] INFO:colcon.colcon_core.shell:Creating environment descriptor '/home/rosuser/yahboom_ws/install/robot_pose_publisher/share/robot_pose_publisher/hook/pythonpath.dsv'
[3.281s] INFO:colcon.colcon_core.shell:Creating environment hook '/home/rosuser/yahboom_ws/install/robot_pose_publisher/share/robot_pose_publisher/hook/pythonpath.sh'
[3.282s] Level 1:colcon.colcon_core.environment:checking '/home/rosuser/yahboom_ws/install/robot_pose_publisher/bin'
[3.282s] Level 1:colcon.colcon_core.environment:create_environment_scripts_only(robot_pose_publisher)
[3.304s] INFO:colcon.colcon_core.shell:Creating package script '/home/rosuser/yahboom_ws/install/robot_pose_publisher/share/robot_pose_publisher/package.ps1'
[3.304s] INFO:colcon.colcon_core.shell:Creating package descriptor '/home/rosuser/yahboom_ws/install/robot_pose_publisher/share/robot_pose_publisher/package.dsv'
[3.305s] INFO:colcon.colcon_core.shell:Creating package script '/home/rosuser/yahboom_ws/install/robot_pose_publisher/share/robot_pose_publisher/package.sh'
[3.305s] INFO:colcon.colcon_core.shell:Creating package script '/home/rosuser/yahboom_ws/install/robot_pose_publisher/share/robot_pose_publisher/package.bash'
[3.306s] INFO:colcon.colcon_core.shell:Creating package script '/home/rosuser/yahboom_ws/install/robot_pose_publisher/share/robot_pose_publisher/package.zsh'
[3.306s] Level 1:colcon.colcon_core.environment:create_file_with_runtime_dependencies(/home/rosuser/yahboom_ws/install/robot_pose_publisher/share/colcon-core/packages/robot_pose_publisher)
[3.307s] INFO:colcon.colcon_ros.task.ament_cmake.build:Building ROS package in '/home/rosuser/yahboom_ws/src/yahboom_web_savmap_interfaces' with build type 'ament_cmake'
[3.307s] INFO:colcon.colcon_cmake.task.cmake.build:Building CMake package in '/home/rosuser/yahboom_ws/src/yahboom_web_savmap_interfaces'
[3.333s] INFO:colcon.colcon_core.shell:Skip shell extension 'powershell' for command environment: Not usable outside of PowerShell
[3.333s] DEBUG:colcon.colcon_core.shell:Skip shell extension 'dsv' for command environment
[3.706s] INFO:colcon.colcon_core.task.python.build:Building Python package in '/home/rosuser/yahboom_ws/src/yahboom_app_save_map'
[3.724s] INFO:colcon.colcon_core.shell:Skip shell extension 'powershell' for command environment: Not usable outside of PowerShell
[3.724s] DEBUG:colcon.colcon_core.shell:Skip shell extension 'dsv' for command environment
[3.805s] DEBUG:colcon.colcon_core.event_handler.log_command:Invoking command in '/home/rosuser/yahboom_ws/build/yahboom_web_savmap_interfaces': CMAKE_PREFIX_PATH=${CMAKE_PREFIX_PATH}:/home/rosuser/yahboom_ws/install/yahboomcar_description:/home/rosuser/yahboom_ws/install/yahboom_app_save_map:/home/rosuser/yahboom_ws/install/robot_pose_publisher:/home/rosuser/yahboom_ws/install/laserscan_to_point_pulisher:/home/rosuser/ROS2Dev/turtlebot3_ws/install/turtlebot3_teleop:/home/rosuser/ROS2Dev/turtlebot3_ws/install/turtlebot3_example:/opt/ros/humble /usr/bin/cmake --build /home/rosuser/yahboom_ws/build/yahboom_web_savmap_interfaces -- -j2 -l2
[4.335s] DEBUG:colcon.colcon_core.event_handler.log_command:Invoking command in '/home/rosuser/yahboom_ws/src/yahboom_app_save_map': PYTHONPATH=/home/rosuser/yahboom_ws/build/yahboom_app_save_map/prefix_override:/home/rosuser/yahboom_ws/install/yahboom_app_save_map/lib/python3.10/site-packages:${PYTHONPATH} /usr/bin/python3 setup.py egg_info --egg-base ../../build/yahboom_app_save_map build --build-base /home/rosuser/yahboom_ws/build/yahboom_app_save_map/build install --record /home/rosuser/yahboom_ws/build/yahboom_app_save_map/install.log --install-scripts $base/lib/yahboom_app_save_map --single-version-externally-managed
[4.476s] DEBUG:colcon.colcon_core.event_handler.log_command:Invoked command in '/home/rosuser/yahboom_ws/build/yahboom_web_savmap_interfaces' returned '0': CMAKE_PREFIX_PATH=${CMAKE_PREFIX_PATH}:/home/rosuser/yahboom_ws/install/yahboomcar_description:/home/rosuser/yahboom_ws/install/yahboom_app_save_map:/home/rosuser/yahboom_ws/install/robot_pose_publisher:/home/rosuser/yahboom_ws/install/laserscan_to_point_pulisher:/home/rosuser/ROS2Dev/turtlebot3_ws/install/turtlebot3_teleop:/home/rosuser/ROS2Dev/turtlebot3_ws/install/turtlebot3_example:/opt/ros/humble /usr/bin/cmake --build /home/rosuser/yahboom_ws/build/yahboom_web_savmap_interfaces -- -j2 -l2
[4.557s] DEBUG:colcon.colcon_core.event_handler.log_command:Invoking command in '/home/rosuser/yahboom_ws/build/yahboom_web_savmap_interfaces': CMAKE_PREFIX_PATH=${CMAKE_PREFIX_PATH}:/home/rosuser/yahboom_ws/install/yahboomcar_description:/home/rosuser/yahboom_ws/install/yahboom_app_save_map:/home/rosuser/yahboom_ws/install/robot_pose_publisher:/home/rosuser/yahboom_ws/install/laserscan_to_point_pulisher:/home/rosuser/ROS2Dev/turtlebot3_ws/install/turtlebot3_teleop:/home/rosuser/ROS2Dev/turtlebot3_ws/install/turtlebot3_example:/opt/ros/humble /usr/bin/cmake --install /home/rosuser/yahboom_ws/build/yahboom_web_savmap_interfaces
[4.648s] Level 1:colcon.colcon_core.environment:create_environment_scripts_only(yahboom_web_savmap_interfaces)
[4.649s] DEBUG:colcon.colcon_core.event_handler.log_command:Invoked command in '/home/rosuser/yahboom_ws/build/yahboom_web_savmap_interfaces' returned '0': CMAKE_PREFIX_PATH=${CMAKE_PREFIX_PATH}:/home/rosuser/yahboom_ws/install/yahboomcar_description:/home/rosuser/yahboom_ws/install/yahboom_app_save_map:/home/rosuser/yahboom_ws/install/robot_pose_publisher:/home/rosuser/yahboom_ws/install/laserscan_to_point_pulisher:/home/rosuser/ROS2Dev/turtlebot3_ws/install/turtlebot3_teleop:/home/rosuser/ROS2Dev/turtlebot3_ws/install/turtlebot3_example:/opt/ros/humble /usr/bin/cmake --install /home/rosuser/yahboom_ws/build/yahboom_web_savmap_interfaces
[4.681s] Level 1:colcon.colcon_core.environment:checking '/home/rosuser/yahboom_ws/install/yahboom_web_savmap_interfaces' for CMake module files
[4.682s] Level 1:colcon.colcon_core.environment:checking '/home/rosuser/yahboom_ws/install/yahboom_web_savmap_interfaces' for CMake config files
[4.682s] Level 1:colcon.colcon_core.shell:create_environment_hook('yahboom_web_savmap_interfaces', 'cmake_prefix_path')
[4.697s] INFO:colcon.colcon_core.shell:Creating environment hook '/home/rosuser/yahboom_ws/install/yahboom_web_savmap_interfaces/share/yahboom_web_savmap_interfaces/hook/cmake_prefix_path.ps1'
[4.698s] INFO:colcon.colcon_core.shell:Creating environment descriptor '/home/rosuser/yahboom_ws/install/yahboom_web_savmap_interfaces/share/yahboom_web_savmap_interfaces/hook/cmake_prefix_path.dsv'
[4.698s] INFO:colcon.colcon_core.shell:Creating environment hook '/home/rosuser/yahboom_ws/install/yahboom_web_savmap_interfaces/share/yahboom_web_savmap_interfaces/hook/cmake_prefix_path.sh'
[4.699s] Level 1:colcon.colcon_core.environment:checking '/home/rosuser/yahboom_ws/install/yahboom_web_savmap_interfaces/lib'
[4.699s] Level 1:colcon.colcon_core.shell:create_environment_hook('yahboom_web_savmap_interfaces', 'ld_library_path_lib')
[4.713s] INFO:colcon.colcon_core.shell:Creating environment hook '/home/rosuser/yahboom_ws/install/yahboom_web_savmap_interfaces/share/yahboom_web_savmap_interfaces/hook/ld_library_path_lib.ps1'
[4.714s] INFO:colcon.colcon_core.shell:Creating environment descriptor '/home/rosuser/yahboom_ws/install/yahboom_web_savmap_interfaces/share/yahboom_web_savmap_interfaces/hook/ld_library_path_lib.dsv'
[4.715s] INFO:colcon.colcon_core.shell:Creating environment hook '/home/rosuser/yahboom_ws/install/yahboom_web_savmap_interfaces/share/yahboom_web_savmap_interfaces/hook/ld_library_path_lib.sh'
[4.715s] Level 1:colcon.colcon_core.environment:checking '/home/rosuser/yahboom_ws/install/yahboom_web_savmap_interfaces/bin'
[4.715s] Level 1:colcon.colcon_core.environment:checking '/home/rosuser/yahboom_ws/install/yahboom_web_savmap_interfaces/lib/pkgconfig/yahboom_web_savmap_interfaces.pc'
[4.715s] Level 1:colcon.colcon_core.environment:checking '/home/rosuser/yahboom_ws/install/yahboom_web_savmap_interfaces/lib/python3.10/site-packages'
[4.716s] Level 1:colcon.colcon_core.environment:checking '/home/rosuser/yahboom_ws/install/yahboom_web_savmap_interfaces/bin'
[4.729s] INFO:colcon.colcon_core.shell:Creating package script '/home/rosuser/yahboom_ws/install/yahboom_web_savmap_interfaces/share/yahboom_web_savmap_interfaces/package.ps1'
[4.729s] INFO:colcon.colcon_core.shell:Creating package descriptor '/home/rosuser/yahboom_ws/install/yahboom_web_savmap_interfaces/share/yahboom_web_savmap_interfaces/package.dsv'
[4.730s] INFO:colcon.colcon_core.shell:Creating package script '/home/rosuser/yahboom_ws/install/yahboom_web_savmap_interfaces/share/yahboom_web_savmap_interfaces/package.sh'
[4.731s] INFO:colcon.colcon_core.shell:Creating package script '/home/rosuser/yahboom_ws/install/yahboom_web_savmap_interfaces/share/yahboom_web_savmap_interfaces/package.bash'
[4.731s] INFO:colcon.colcon_core.shell:Creating package script '/home/rosuser/yahboom_ws/install/yahboom_web_savmap_interfaces/share/yahboom_web_savmap_interfaces/package.zsh'
[4.731s] Level 1:colcon.colcon_core.environment:create_file_with_runtime_dependencies(/home/rosuser/yahboom_ws/install/yahboom_web_savmap_interfaces/share/colcon-core/packages/yahboom_web_savmap_interfaces)
[4.734s] DEBUG:colcon.colcon_core.event_handler.log_command:Invoked command in '/home/rosuser/yahboom_ws/src/yahboom_app_save_map' returned '0': PYTHONPATH=/home/rosuser/yahboom_ws/build/yahboom_app_save_map/prefix_override:/home/rosuser/yahboom_ws/install/yahboom_app_save_map/lib/python3.10/site-packages:${PYTHONPATH} /usr/bin/python3 setup.py egg_info --egg-base ../../build/yahboom_app_save_map build --build-base /home/rosuser/yahboom_ws/build/yahboom_app_save_map/build install --record /home/rosuser/yahboom_ws/build/yahboom_app_save_map/install.log --install-scripts $base/lib/yahboom_app_save_map --single-version-externally-managed
[4.747s] Level 1:colcon.colcon_core.environment:checking '/home/rosuser/yahboom_ws/install/yahboom_app_save_map' for CMake module files
[4.747s] Level 1:colcon.colcon_core.environment:checking '/home/rosuser/yahboom_ws/install/yahboom_app_save_map' for CMake config files
[4.748s] Level 1:colcon.colcon_core.environment:checking '/home/rosuser/yahboom_ws/install/yahboom_app_save_map/lib'
[4.748s] Level 1:colcon.colcon_core.environment:checking '/home/rosuser/yahboom_ws/install/yahboom_app_save_map/bin'
[4.748s] Level 1:colcon.colcon_core.environment:checking '/home/rosuser/yahboom_ws/install/yahboom_app_save_map/lib/pkgconfig/yahboom_app_save_map.pc'
[4.748s] Level 1:colcon.colcon_core.environment:checking '/home/rosuser/yahboom_ws/install/yahboom_app_save_map/lib/python3.10/site-packages'
[4.748s] Level 1:colcon.colcon_core.shell:create_environment_hook('yahboom_app_save_map', 'pythonpath')
[4.763s] INFO:colcon.colcon_core.shell:Creating environment hook '/home/rosuser/yahboom_ws/install/yahboom_app_save_map/share/yahboom_app_save_map/hook/pythonpath.ps1'
[4.764s] INFO:colcon.colcon_core.shell:Creating environment descriptor '/home/rosuser/yahboom_ws/install/yahboom_app_save_map/share/yahboom_app_save_map/hook/pythonpath.dsv'
[4.764s] INFO:colcon.colcon_core.shell:Creating environment hook '/home/rosuser/yahboom_ws/install/yahboom_app_save_map/share/yahboom_app_save_map/hook/pythonpath.sh'
[4.765s] Level 1:colcon.colcon_core.environment:checking '/home/rosuser/yahboom_ws/install/yahboom_app_save_map/bin'
[4.765s] Level 1:colcon.colcon_core.environment:create_environment_scripts_only(yahboom_app_save_map)
[4.791s] INFO:colcon.colcon_core.shell:Creating package script '/home/rosuser/yahboom_ws/install/yahboom_app_save_map/share/yahboom_app_save_map/package.ps1'
[4.792s] INFO:colcon.colcon_core.shell:Creating package descriptor '/home/rosuser/yahboom_ws/install/yahboom_app_save_map/share/yahboom_app_save_map/package.dsv'
[4.792s] INFO:colcon.colcon_core.shell:Creating package script '/home/rosuser/yahboom_ws/install/yahboom_app_save_map/share/yahboom_app_save_map/package.sh'
[4.793s] INFO:colcon.colcon_core.shell:Creating package script '/home/rosuser/yahboom_ws/install/yahboom_app_save_map/share/yahboom_app_save_map/package.bash'
[4.793s] INFO:colcon.colcon_core.shell:Creating package script '/home/rosuser/yahboom_ws/install/yahboom_app_save_map/share/yahboom_app_save_map/package.zsh'
[4.793s] Level 1:colcon.colcon_core.environment:create_file_with_runtime_dependencies(/home/rosuser/yahboom_ws/install/yahboom_app_save_map/share/colcon-core/packages/yahboom_app_save_map)
[4.794s] INFO:colcon.colcon_ros.task.ament_python.build:Building ROS package in '/home/rosuser/yahboom_ws/src/yahboomcar_description' with build type 'ament_python'
[4.794s] Level 1:colcon.colcon_core.shell:create_environment_hook('yahboomcar_description', 'ament_prefix_path')
[4.815s] INFO:colcon.colcon_core.shell:Creating environment hook '/home/rosuser/yahboom_ws/install/yahboomcar_description/share/yahboomcar_description/hook/ament_prefix_path.ps1'
[4.816s] INFO:colcon.colcon_core.shell:Creating environment descriptor '/home/rosuser/yahboom_ws/install/yahboomcar_description/share/yahboomcar_description/hook/ament_prefix_path.dsv'
[4.816s] INFO:colcon.colcon_core.shell:Creating environment hook '/home/rosuser/yahboom_ws/install/yahboomcar_description/share/yahboomcar_description/hook/ament_prefix_path.sh'
[4.831s] INFO:colcon.colcon_core.shell:Skip shell extension 'powershell' for command environment: Not usable outside of PowerShell
[4.831s] DEBUG:colcon.colcon_core.shell:Skip shell extension 'dsv' for command environment
[4.935s] Level 1:colcon.colcon_core.environment:create_environment_scripts_only(yahboom_web_savmap_interfaces)
[4.948s] Level 1:colcon.colcon_core.environment:checking '/home/rosuser/yahboom_ws/install/yahboom_web_savmap_interfaces' for CMake module files
[4.949s] Level 1:colcon.colcon_core.environment:checking '/home/rosuser/yahboom_ws/install/yahboom_web_savmap_interfaces' for CMake config files
[4.950s] Level 1:colcon.colcon_core.shell:create_environment_hook('yahboom_web_savmap_interfaces', 'cmake_prefix_path')
[4.963s] INFO:colcon.colcon_core.shell:Creating environment hook '/home/rosuser/yahboom_ws/install/yahboom_web_savmap_interfaces/share/yahboom_web_savmap_interfaces/hook/cmake_prefix_path.ps1'
[4.963s] INFO:colcon.colcon_core.shell:Creating environment descriptor '/home/rosuser/yahboom_ws/install/yahboom_web_savmap_interfaces/share/yahboom_web_savmap_interfaces/hook/cmake_prefix_path.dsv'
[4.964s] INFO:colcon.colcon_core.shell:Creating environment hook '/home/rosuser/yahboom_ws/install/yahboom_web_savmap_interfaces/share/yahboom_web_savmap_interfaces/hook/cmake_prefix_path.sh'
[4.964s] Level 1:colcon.colcon_core.environment:checking '/home/rosuser/yahboom_ws/install/yahboom_web_savmap_interfaces/lib'
[4.964s] Level 1:colcon.colcon_core.shell:create_environment_hook('yahboom_web_savmap_interfaces', 'ld_library_path_lib')
[4.977s] INFO:colcon.colcon_core.shell:Creating environment hook '/home/rosuser/yahboom_ws/install/yahboom_web_savmap_interfaces/share/yahboom_web_savmap_interfaces/hook/ld_library_path_lib.ps1'
[4.977s] INFO:colcon.colcon_core.shell:Creating environment descriptor '/home/rosuser/yahboom_ws/install/yahboom_web_savmap_interfaces/share/yahboom_web_savmap_interfaces/hook/ld_library_path_lib.dsv'
[4.978s] INFO:colcon.colcon_core.shell:Creating environment hook '/home/rosuser/yahboom_ws/install/yahboom_web_savmap_interfaces/share/yahboom_web_savmap_interfaces/hook/ld_library_path_lib.sh'
[4.978s] Level 1:colcon.colcon_core.environment:checking '/home/rosuser/yahboom_ws/install/yahboom_web_savmap_interfaces/bin'
[4.978s] Level 1:colcon.colcon_core.environment:checking '/home/rosuser/yahboom_ws/install/yahboom_web_savmap_interfaces/lib/pkgconfig/yahboom_web_savmap_interfaces.pc'
[4.978s] Level 1:colcon.colcon_core.environment:checking '/home/rosuser/yahboom_ws/install/yahboom_web_savmap_interfaces/lib/python3.10/site-packages'
[4.979s] Level 1:colcon.colcon_core.environment:checking '/home/rosuser/yahboom_ws/install/yahboom_web_savmap_interfaces/bin'
[4.992s] INFO:colcon.colcon_core.shell:Creating package script '/home/rosuser/yahboom_ws/install/yahboom_web_savmap_interfaces/share/yahboom_web_savmap_interfaces/package.ps1'
[4.992s] INFO:colcon.colcon_core.shell:Creating package descriptor '/home/rosuser/yahboom_ws/install/yahboom_web_savmap_interfaces/share/yahboom_web_savmap_interfaces/package.dsv'
[4.993s] INFO:colcon.colcon_core.shell:Creating package script '/home/rosuser/yahboom_ws/install/yahboom_web_savmap_interfaces/share/yahboom_web_savmap_interfaces/package.sh'
[4.993s] INFO:colcon.colcon_core.shell:Creating package script '/home/rosuser/yahboom_ws/install/yahboom_web_savmap_interfaces/share/yahboom_web_savmap_interfaces/package.bash'
[4.994s] INFO:colcon.colcon_core.shell:Creating package script '/home/rosuser/yahboom_ws/install/yahboom_web_savmap_interfaces/share/yahboom_web_savmap_interfaces/package.zsh'
[4.994s] Level 1:colcon.colcon_core.environment:create_file_with_runtime_dependencies(/home/rosuser/yahboom_ws/install/yahboom_web_savmap_interfaces/share/colcon-core/packages/yahboom_web_savmap_interfaces)
[4.995s] INFO:colcon.colcon_ros.task.ament_cmake.build:Building ROS package in '/home/rosuser/yahboom_ws/src/yahboomcar_msgs' with build type 'ament_cmake'
[4.995s] INFO:colcon.colcon_cmake.task.cmake.build:Building CMake package in '/home/rosuser/yahboom_ws/src/yahboomcar_msgs'
[5.014s] INFO:colcon.colcon_core.shell:Skip shell extension 'powershell' for command environment: Not usable outside of PowerShell
[5.014s] DEBUG:colcon.colcon_core.shell:Skip shell extension 'dsv' for command environment
[5.372s] INFO:colcon.colcon_core.task.python.build:Building Python package in '/home/rosuser/yahboom_ws/src/yahboomcar_description'
[5.396s] INFO:colcon.colcon_core.shell:Skip shell extension 'powershell' for command environment: Not usable outside of PowerShell
[5.396s] DEBUG:colcon.colcon_core.shell:Skip shell extension 'dsv' for command environment
[5.489s] DEBUG:colcon.colcon_core.event_handler.log_command:Invoking command in '/home/rosuser/yahboom_ws/build/yahboomcar_msgs': CMAKE_PREFIX_PATH=${CMAKE_PREFIX_PATH}:/home/rosuser/yahboom_ws/install/yahboomcar_description:/home/rosuser/yahboom_ws/install/yahboom_app_save_map:/home/rosuser/yahboom_ws/install/robot_pose_publisher:/home/rosuser/yahboom_ws/install/laserscan_to_point_pulisher:/home/rosuser/ROS2Dev/turtlebot3_ws/install/turtlebot3_teleop:/home/rosuser/ROS2Dev/turtlebot3_ws/install/turtlebot3_example:/opt/ros/humble /usr/bin/cmake --build /home/rosuser/yahboom_ws/build/yahboomcar_msgs -- -j2 -l2
[5.946s] DEBUG:colcon.colcon_core.event_handler.log_command:Invoking command in '/home/rosuser/yahboom_ws/src/yahboomcar_description': PYTHONPATH=/home/rosuser/yahboom_ws/build/yahboomcar_description/prefix_override:/home/rosuser/yahboom_ws/install/yahboomcar_description/lib/python3.10/site-packages:${PYTHONPATH} /usr/bin/python3 setup.py egg_info --egg-base ../../build/yahboomcar_description build --build-base /home/rosuser/yahboom_ws/build/yahboomcar_description/build install --record /home/rosuser/yahboom_ws/build/yahboomcar_description/install.log --install-scripts $base/lib/yahboomcar_description --single-version-externally-managed
[6.133s] DEBUG:colcon.colcon_core.event_handler.log_command:Invoked command in '/home/rosuser/yahboom_ws/build/yahboomcar_msgs' returned '0': CMAKE_PREFIX_PATH=${CMAKE_PREFIX_PATH}:/home/rosuser/yahboom_ws/install/yahboomcar_description:/home/rosuser/yahboom_ws/install/yahboom_app_save_map:/home/rosuser/yahboom_ws/install/robot_pose_publisher:/home/rosuser/yahboom_ws/install/laserscan_to_point_pulisher:/home/rosuser/ROS2Dev/turtlebot3_ws/install/turtlebot3_teleop:/home/rosuser/ROS2Dev/turtlebot3_ws/install/turtlebot3_example:/opt/ros/humble /usr/bin/cmake --build /home/rosuser/yahboom_ws/build/yahboomcar_msgs -- -j2 -l2
[6.332s] DEBUG:colcon.colcon_core.event_handler.log_command:Invoking command in '/home/rosuser/yahboom_ws/build/yahboomcar_msgs': CMAKE_PREFIX_PATH=${CMAKE_PREFIX_PATH}:/home/rosuser/yahboom_ws/install/yahboomcar_description:/home/rosuser/yahboom_ws/install/yahboom_app_save_map:/home/rosuser/yahboom_ws/install/robot_pose_publisher:/home/rosuser/yahboom_ws/install/laserscan_to_point_pulisher:/home/rosuser/ROS2Dev/turtlebot3_ws/install/turtlebot3_teleop:/home/rosuser/ROS2Dev/turtlebot3_ws/install/turtlebot3_example:/opt/ros/humble /usr/bin/cmake --install /home/rosuser/yahboom_ws/build/yahboomcar_msgs
[6.410s] Level 1:colcon.colcon_core.environment:create_environment_scripts_only(yahboomcar_msgs)
[6.424s] DEBUG:colcon.colcon_core.event_handler.log_command:Invoked command in '/home/rosuser/yahboom_ws/build/yahboomcar_msgs' returned '0': CMAKE_PREFIX_PATH=${CMAKE_PREFIX_PATH}:/home/rosuser/yahboom_ws/install/yahboomcar_description:/home/rosuser/yahboom_ws/install/yahboom_app_save_map:/home/rosuser/yahboom_ws/install/robot_pose_publisher:/home/rosuser/yahboom_ws/install/laserscan_to_point_pulisher:/home/rosuser/ROS2Dev/turtlebot3_ws/install/turtlebot3_teleop:/home/rosuser/ROS2Dev/turtlebot3_ws/install/turtlebot3_example:/opt/ros/humble /usr/bin/cmake --install /home/rosuser/yahboom_ws/build/yahboomcar_msgs
[6.446s] Level 1:colcon.colcon_core.environment:checking '/home/rosuser/yahboom_ws/install/yahboomcar_msgs' for CMake module files
[6.447s] Level 1:colcon.colcon_core.environment:checking '/home/rosuser/yahboom_ws/install/yahboomcar_msgs' for CMake config files
[6.447s] Level 1:colcon.colcon_core.shell:create_environment_hook('yahboomcar_msgs', 'cmake_prefix_path')
[6.461s] INFO:colcon.colcon_core.shell:Creating environment hook '/home/rosuser/yahboom_ws/install/yahboomcar_msgs/share/yahboomcar_msgs/hook/cmake_prefix_path.ps1'
[6.462s] INFO:colcon.colcon_core.shell:Creating environment descriptor '/home/rosuser/yahboom_ws/install/yahboomcar_msgs/share/yahboomcar_msgs/hook/cmake_prefix_path.dsv'
[6.462s] INFO:colcon.colcon_core.shell:Creating environment hook '/home/rosuser/yahboom_ws/install/yahboomcar_msgs/share/yahboomcar_msgs/hook/cmake_prefix_path.sh'
[6.463s] Level 1:colcon.colcon_core.environment:checking '/home/rosuser/yahboom_ws/install/yahboomcar_msgs/lib'
[6.463s] Level 1:colcon.colcon_core.shell:create_environment_hook('yahboomcar_msgs', 'ld_library_path_lib')
[6.476s] INFO:colcon.colcon_core.shell:Creating environment hook '/home/rosuser/yahboom_ws/install/yahboomcar_msgs/share/yahboomcar_msgs/hook/ld_library_path_lib.ps1'
[6.477s] INFO:colcon.colcon_core.shell:Creating environment descriptor '/home/rosuser/yahboom_ws/install/yahboomcar_msgs/share/yahboomcar_msgs/hook/ld_library_path_lib.dsv'
[6.477s] INFO:colcon.colcon_core.shell:Creating environment hook '/home/rosuser/yahboom_ws/install/yahboomcar_msgs/share/yahboomcar_msgs/hook/ld_library_path_lib.sh'
[6.477s] Level 1:colcon.colcon_core.environment:checking '/home/rosuser/yahboom_ws/install/yahboomcar_msgs/bin'
[6.477s] Level 1:colcon.colcon_core.environment:checking '/home/rosuser/yahboom_ws/install/yahboomcar_msgs/lib/pkgconfig/yahboomcar_msgs.pc'
[6.478s] Level 1:colcon.colcon_core.environment:checking '/home/rosuser/yahboom_ws/install/yahboomcar_msgs/lib/python3.10/site-packages'
[6.478s] Level 1:colcon.colcon_core.environment:checking '/home/rosuser/yahboom_ws/install/yahboomcar_msgs/bin'
[6.491s] INFO:colcon.colcon_core.shell:Creating package script '/home/rosuser/yahboom_ws/install/yahboomcar_msgs/share/yahboomcar_msgs/package.ps1'
[6.491s] INFO:colcon.colcon_core.shell:Creating package descriptor '/home/rosuser/yahboom_ws/install/yahboomcar_msgs/share/yahboomcar_msgs/package.dsv'
[6.492s] INFO:colcon.colcon_core.shell:Creating package script '/home/rosuser/yahboom_ws/install/yahboomcar_msgs/share/yahboomcar_msgs/package.sh'
[6.492s] INFO:colcon.colcon_core.shell:Creating package script '/home/rosuser/yahboom_ws/install/yahboomcar_msgs/share/yahboomcar_msgs/package.bash'
[6.493s] INFO:colcon.colcon_core.shell:Creating package script '/home/rosuser/yahboom_ws/install/yahboomcar_msgs/share/yahboomcar_msgs/package.zsh'
[6.493s] Level 1:colcon.colcon_core.environment:create_file_with_runtime_dependencies(/home/rosuser/yahboom_ws/install/yahboomcar_msgs/share/colcon-core/packages/yahboomcar_msgs)
[6.501s] DEBUG:colcon.colcon_core.event_handler.log_command:Invoked command in '/home/rosuser/yahboom_ws/src/yahboomcar_description' returned '0': PYTHONPATH=/home/rosuser/yahboom_ws/build/yahboomcar_description/prefix_override:/home/rosuser/yahboom_ws/install/yahboomcar_description/lib/python3.10/site-packages:${PYTHONPATH} /usr/bin/python3 setup.py egg_info --egg-base ../../build/yahboomcar_description build --build-base /home/rosuser/yahboom_ws/build/yahboomcar_description/build install --record /home/rosuser/yahboom_ws/build/yahboomcar_description/install.log --install-scripts $base/lib/yahboomcar_description --single-version-externally-managed
[6.510s] Level 1:colcon.colcon_core.environment:checking '/home/rosuser/yahboom_ws/install/yahboomcar_description' for CMake module files
[6.510s] Level 1:colcon.colcon_core.environment:checking '/home/rosuser/yahboom_ws/install/yahboomcar_description' for CMake config files
[6.511s] Level 1:colcon.colcon_core.environment:checking '/home/rosuser/yahboom_ws/install/yahboomcar_description/lib'
[6.511s] Level 1:colcon.colcon_core.environment:checking '/home/rosuser/yahboom_ws/install/yahboomcar_description/bin'
[6.511s] Level 1:colcon.colcon_core.environment:checking '/home/rosuser/yahboom_ws/install/yahboomcar_description/lib/pkgconfig/yahboomcar_description.pc'
[6.511s] Level 1:colcon.colcon_core.environment:checking '/home/rosuser/yahboom_ws/install/yahboomcar_description/lib/python3.10/site-packages'
[6.511s] Level 1:colcon.colcon_core.shell:create_environment_hook('yahboomcar_description', 'pythonpath')
[6.530s] INFO:colcon.colcon_core.shell:Creating environment hook '/home/rosuser/yahboom_ws/install/yahboomcar_description/share/yahboomcar_description/hook/pythonpath.ps1'
[6.531s] INFO:colcon.colcon_core.shell:Creating environment descriptor '/home/rosuser/yahboom_ws/install/yahboomcar_description/share/yahboomcar_description/hook/pythonpath.dsv'
[6.532s] INFO:colcon.colcon_core.shell:Creating environment hook '/home/rosuser/yahboom_ws/install/yahboomcar_description/share/yahboomcar_description/hook/pythonpath.sh'
[6.533s] Level 1:colcon.colcon_core.environment:checking '/home/rosuser/yahboom_ws/install/yahboomcar_description/bin'
[6.533s] Level 1:colcon.colcon_core.environment:create_environment_scripts_only(yahboomcar_description)
[6.552s] INFO:colcon.colcon_core.shell:Creating package script '/home/rosuser/yahboom_ws/install/yahboomcar_description/share/yahboomcar_description/package.ps1'
[6.553s] INFO:colcon.colcon_core.shell:Creating package descriptor '/home/rosuser/yahboom_ws/install/yahboomcar_description/share/yahboomcar_description/package.dsv'
[6.554s] INFO:colcon.colcon_core.shell:Creating package script '/home/rosuser/yahboom_ws/install/yahboomcar_description/share/yahboomcar_description/package.sh'
[6.554s] INFO:colcon.colcon_core.shell:Creating package script '/home/rosuser/yahboom_ws/install/yahboomcar_description/share/yahboomcar_description/package.bash'
[6.555s] INFO:colcon.colcon_core.shell:Creating package script '/home/rosuser/yahboom_ws/install/yahboomcar_description/share/yahboomcar_description/package.zsh'
[6.555s] Level 1:colcon.colcon_core.environment:create_file_with_runtime_dependencies(/home/rosuser/yahboom_ws/install/yahboomcar_description/share/colcon-core/packages/yahboomcar_description)
[6.681s] Level 1:colcon.colcon_core.environment:create_environment_scripts_only(yahboomcar_msgs)
[6.694s] Level 1:colcon.colcon_core.environment:checking '/home/rosuser/yahboom_ws/install/yahboomcar_msgs' for CMake module files
[6.695s] Level 1:colcon.colcon_core.environment:checking '/home/rosuser/yahboom_ws/install/yahboomcar_msgs' for CMake config files
[6.695s] Level 1:colcon.colcon_core.shell:create_environment_hook('yahboomcar_msgs', 'cmake_prefix_path')
[6.709s] INFO:colcon.colcon_core.shell:Creating environment hook '/home/rosuser/yahboom_ws/install/yahboomcar_msgs/share/yahboomcar_msgs/hook/cmake_prefix_path.ps1'
[6.709s] INFO:colcon.colcon_core.shell:Creating environment descriptor '/home/rosuser/yahboom_ws/install/yahboomcar_msgs/share/yahboomcar_msgs/hook/cmake_prefix_path.dsv'
[6.710s] INFO:colcon.colcon_core.shell:Creating environment hook '/home/rosuser/yahboom_ws/install/yahboomcar_msgs/share/yahboomcar_msgs/hook/cmake_prefix_path.sh'
[6.710s] Level 1:colcon.colcon_core.environment:checking '/home/rosuser/yahboom_ws/install/yahboomcar_msgs/lib'
[6.710s] Level 1:colcon.colcon_core.shell:create_environment_hook('yahboomcar_msgs', 'ld_library_path_lib')
[6.724s] INFO:colcon.colcon_core.shell:Creating environment hook '/home/rosuser/yahboom_ws/install/yahboomcar_msgs/share/yahboomcar_msgs/hook/ld_library_path_lib.ps1'
[6.725s] INFO:colcon.colcon_core.shell:Creating environment descriptor '/home/rosuser/yahboom_ws/install/yahboomcar_msgs/share/yahboomcar_msgs/hook/ld_library_path_lib.dsv'
[6.725s] INFO:colcon.colcon_core.shell:Creating environment hook '/home/rosuser/yahboom_ws/install/yahboomcar_msgs/share/yahboomcar_msgs/hook/ld_library_path_lib.sh'
[6.726s] Level 1:colcon.colcon_core.environment:checking '/home/rosuser/yahboom_ws/install/yahboomcar_msgs/bin'
[6.726s] Level 1:colcon.colcon_core.environment:checking '/home/rosuser/yahboom_ws/install/yahboomcar_msgs/lib/pkgconfig/yahboomcar_msgs.pc'
[6.726s] Level 1:colcon.colcon_core.environment:checking '/home/rosuser/yahboom_ws/install/yahboomcar_msgs/lib/python3.10/site-packages'
[6.726s] Level 1:colcon.colcon_core.environment:checking '/home/rosuser/yahboom_ws/install/yahboomcar_msgs/bin'
[6.749s] INFO:colcon.colcon_core.shell:Creating package script '/home/rosuser/yahboom_ws/install/yahboomcar_msgs/share/yahboomcar_msgs/package.ps1'
[6.750s] INFO:colcon.colcon_core.shell:Creating package descriptor '/home/rosuser/yahboom_ws/install/yahboomcar_msgs/share/yahboomcar_msgs/package.dsv'
[6.751s] INFO:colcon.colcon_core.shell:Creating package script '/home/rosuser/yahboom_ws/install/yahboomcar_msgs/share/yahboomcar_msgs/package.sh'
[6.751s] INFO:colcon.colcon_core.shell:Creating package script '/home/rosuser/yahboom_ws/install/yahboomcar_msgs/share/yahboomcar_msgs/package.bash'
[6.752s] INFO:colcon.colcon_core.shell:Creating package script '/home/rosuser/yahboom_ws/install/yahboomcar_msgs/share/yahboomcar_msgs/package.zsh'
[6.752s] Level 1:colcon.colcon_core.environment:create_file_with_runtime_dependencies(/home/rosuser/yahboom_ws/install/yahboomcar_msgs/share/colcon-core/packages/yahboomcar_msgs)
[6.753s] DEBUG:colcon.colcon_parallel_executor.executor.parallel:closing loop
[6.753s] DEBUG:colcon.colcon_parallel_executor.executor.parallel:loop closed
[6.753s] DEBUG:colcon.colcon_parallel_executor.executor.parallel:run_until_complete finished with '0'
[6.753s] DEBUG:colcon.colcon_core.event_reactor:joining thread
[6.778s] INFO:colcon.colcon_core.plugin_system:Skipping extension 'colcon_notification.desktop_notification.terminal_notifier': Not used on non-Darwin systems
[6.778s] INFO:colcon.colcon_core.plugin_system:Skipping extension 'colcon_notification.desktop_notification.win32': Not used on non-Windows systems
[6.778s] INFO:colcon.colcon_notification.desktop_notification:Sending desktop notification using 'notify2'
[6.806s] DEBUG:colcon.colcon_core.event_reactor:joined thread
[6.825s] INFO:colcon.colcon_core.shell:Creating prefix script '/home/rosuser/yahboom_ws/install/local_setup.ps1'
[6.827s] INFO:colcon.colcon_core.shell:Creating prefix util module '/home/rosuser/yahboom_ws/install/_local_setup_util_ps1.py'
[6.829s] INFO:colcon.colcon_core.shell:Creating prefix chain script '/home/rosuser/yahboom_ws/install/setup.ps1'
[6.846s] INFO:colcon.colcon_core.shell:Creating prefix script '/home/rosuser/yahboom_ws/install/local_setup.sh'
[6.848s] INFO:colcon.colcon_core.shell:Creating prefix util module '/home/rosuser/yahboom_ws/install/_local_setup_util_sh.py'
[6.848s] INFO:colcon.colcon_core.shell:Creating prefix chain script '/home/rosuser/yahboom_ws/install/setup.sh'
[6.875s] INFO:colcon.colcon_core.shell:Creating prefix script '/home/rosuser/yahboom_ws/install/local_setup.bash'
[6.876s] INFO:colcon.colcon_core.shell:Creating prefix chain script '/home/rosuser/yahboom_ws/install/setup.bash'
[6.899s] INFO:colcon.colcon_core.shell:Creating prefix script '/home/rosuser/yahboom_ws/install/local_setup.zsh'
[6.901s] INFO:colcon.colcon_core.shell:Creating prefix chain script '/home/rosuser/yahboom_ws/install/setup.zsh'
