[1.516s] Invoking command in '/home/rosuser/yahboom_ws/src/robot_pose_publisher': PYTHONPATH=/home/rosuser/yahboom_ws/build/robot_pose_publisher/prefix_override:/home/rosuser/yahboom_ws/install/robot_pose_publisher/lib/python3.10/site-packages:${PYTHONPATH} /usr/bin/python3 setup.py egg_info --egg-base ../../build/robot_pose_publisher build --build-base /home/rosuser/yahboom_ws/build/robot_pose_publisher/build install --record /home/rosuser/yahboom_ws/build/robot_pose_publisher/install.log --install-scripts $base/lib/robot_pose_publisher --single-version-externally-managed
[1.791s] /home/rosuser/.local/lib/python3.10/site-packages/setuptools/dist.py:717: UserWarning: Usage of dash-separated 'script-dir' will not be supported in future versions. Please use the underscore name 'script_dir' instead
[1.791s]   warnings.warn(
[1.823s] running egg_info
[1.823s] writing ../../build/robot_pose_publisher/robot_pose_publisher.egg-info/PKG-INFO
[1.824s] writing dependency_links to ../../build/robot_pose_publisher/robot_pose_publisher.egg-info/dependency_links.txt
[1.824s] writing entry points to ../../build/robot_pose_publisher/robot_pose_publisher.egg-info/entry_points.txt
[1.824s] writing requirements to ../../build/robot_pose_publisher/robot_pose_publisher.egg-info/requires.txt
[1.825s] writing top-level names to ../../build/robot_pose_publisher/robot_pose_publisher.egg-info/top_level.txt
[1.827s] reading manifest file '../../build/robot_pose_publisher/robot_pose_publisher.egg-info/SOURCES.txt'
[1.828s] writing manifest file '../../build/robot_pose_publisher/robot_pose_publisher.egg-info/SOURCES.txt'
[1.828s] running build
[1.828s] running build_py
[1.828s] running install
[1.829s] running install_lib
[1.830s] running install_data
[1.830s] running install_egg_info
[1.832s] removing '/home/rosuser/yahboom_ws/install/robot_pose_publisher/lib/python3.10/site-packages/robot_pose_publisher-0.0.0-py3.10.egg-info' (and everything under it)
[1.832s] Copying ../../build/robot_pose_publisher/robot_pose_publisher.egg-info to /home/rosuser/yahboom_ws/install/robot_pose_publisher/lib/python3.10/site-packages/robot_pose_publisher-0.0.0-py3.10.egg-info
[1.833s] running install_scripts
[1.854s] Installing robot_pose_publisher script to /home/rosuser/yahboom_ws/install/robot_pose_publisher/lib/robot_pose_publisher
[1.855s] writing list of installed files to '/home/rosuser/yahboom_ws/build/robot_pose_publisher/install.log'
[1.887s] Invoked command in '/home/rosuser/yahboom_ws/src/robot_pose_publisher' returned '0': PYTHONPATH=/home/rosuser/yahboom_ws/build/robot_pose_publisher/prefix_override:/home/rosuser/yahboom_ws/install/robot_pose_publisher/lib/python3.10/site-packages:${PYTHONPATH} /usr/bin/python3 setup.py egg_info --egg-base ../../build/robot_pose_publisher build --build-base /home/rosuser/yahboom_ws/build/robot_pose_publisher/build install --record /home/rosuser/yahboom_ws/build/robot_pose_publisher/install.log --install-scripts $base/lib/robot_pose_publisher --single-version-externally-managed
