[0.092s] Invoking command in '/home/rosuser/yahboom_ws/build/yahboomcar_msgs': CMAKE_PREFIX_PATH=${CMAKE_PREFIX_PATH}:/home/rosuser/ROS2Dev/turtlebot3_ws/install/turtlebot3_teleop:/home/rosuser/ROS2Dev/turtlebot3_ws/install/turtlebot3_example:/opt/ros/humble /usr/bin/cmake --build /home/rosuser/yahboom_ws/build/yahboomcar_msgs -- -j2 -l2
[0.181s] [  1%] Built target yahboomcar_msgs__cpp
[0.205s] [ 12%] Built target yahboomcar_msgs__rosidl_generator_c
[0.245s] [ 12%] Built target ament_cmake_python_copy_yahboomcar_msgs
[0.258s] [ 23%] Built target yahboomcar_msgs__rosidl_typesupport_cpp
[0.293s] [ 34%] Built target yahboomcar_msgs__rosidl_typesupport_fastrtps_c
[0.304s] [ 46%] Built target yahboomcar_msgs__rosidl_typesupport_introspection_c
[0.340s] [ 57%] Built target yahboomcar_msgs__rosidl_typesupport_c
[0.352s] [ 68%] Built target yahboomcar_msgs__rosidl_typesupport_fastrtps_cpp
[0.379s] [ 79%] Built target yahboomcar_msgs__rosidl_typesupport_introspection_cpp
[0.438s] [ 79%] Built target yahboomcar_msgs
[0.515s] [ 80%] Built target yahboomcar_msgs__py
[0.547s] [ 90%] Built target yahboomcar_msgs__rosidl_generator_py
[0.577s] [ 93%] Built target yahboomcar_msgs__rosidl_typesupport_fastrtps_c__pyext
[0.600s] [ 96%] Built target yahboomcar_msgs__rosidl_typesupport_introspection_c__pyext
[0.630s] [100%] Built target yahboomcar_msgs__rosidl_typesupport_c__pyext
[0.660s] running egg_info
[0.661s] writing yahboomcar_msgs.egg-info/PKG-INFO
[0.661s] writing dependency_links to yahboomcar_msgs.egg-info/dependency_links.txt
[0.662s] writing top-level names to yahboomcar_msgs.egg-info/top_level.txt
[0.663s] reading manifest file 'yahboomcar_msgs.egg-info/SOURCES.txt'
[0.665s] writing manifest file 'yahboomcar_msgs.egg-info/SOURCES.txt'
[0.685s] [100%] Built target ament_cmake_python_build_yahboomcar_msgs_egg
[0.695s] Invoked command in '/home/rosuser/yahboom_ws/build/yahboomcar_msgs' returned '0': CMAKE_PREFIX_PATH=${CMAKE_PREFIX_PATH}:/home/rosuser/ROS2Dev/turtlebot3_ws/install/turtlebot3_teleop:/home/rosuser/ROS2Dev/turtlebot3_ws/install/turtlebot3_example:/opt/ros/humble /usr/bin/cmake --build /home/rosuser/yahboom_ws/build/yahboomcar_msgs -- -j2 -l2
[0.813s] Invoking command in '/home/rosuser/yahboom_ws/build/yahboomcar_msgs': CMAKE_PREFIX_PATH=${CMAKE_PREFIX_PATH}:/home/rosuser/ROS2Dev/turtlebot3_ws/install/turtlebot3_teleop:/home/rosuser/ROS2Dev/turtlebot3_ws/install/turtlebot3_example:/opt/ros/humble /usr/bin/cmake --install /home/rosuser/yahboom_ws/build/yahboomcar_msgs
[0.821s] -- Install configuration: ""
[0.823s] -- Up-to-date: /home/rosuser/yahboom_ws/install/yahboomcar_msgs/share/ament_index/resource_index/rosidl_interfaces/yahboomcar_msgs
[0.824s] -- Up-to-date: /home/rosuser/yahboom_ws/install/yahboomcar_msgs/include/yahboomcar_msgs/yahboomcar_msgs
[0.824s] -- Up-to-date: /home/rosuser/yahboom_ws/install/yahboomcar_msgs/include/yahboomcar_msgs/yahboomcar_msgs/msg
[0.824s] -- Up-to-date: /home/rosuser/yahboom_ws/install/yahboomcar_msgs/include/yahboomcar_msgs/yahboomcar_msgs/msg/point_array.h
[0.824s] -- Up-to-date: /home/rosuser/yahboom_ws/install/yahboomcar_msgs/include/yahboomcar_msgs/yahboomcar_msgs/msg/target.h
[0.824s] -- Up-to-date: /home/rosuser/yahboom_ws/install/yahboomcar_msgs/include/yahboomcar_msgs/yahboomcar_msgs/msg/position.h
[0.825s] -- Up-to-date: /home/rosuser/yahboom_ws/install/yahboomcar_msgs/include/yahboomcar_msgs/yahboomcar_msgs/msg/detail
[0.825s] -- Up-to-date: /home/rosuser/yahboom_ws/install/yahboomcar_msgs/include/yahboomcar_msgs/yahboomcar_msgs/msg/detail/target_array__functions.h
[0.825s] -- Up-to-date: /home/rosuser/yahboom_ws/install/yahboomcar_msgs/include/yahboomcar_msgs/yahboomcar_msgs/msg/detail/target_array__type_support.h
[0.825s] -- Up-to-date: /home/rosuser/yahboom_ws/install/yahboomcar_msgs/include/yahboomcar_msgs/yahboomcar_msgs/msg/detail/image_msg__functions.c
[0.825s] -- Up-to-date: /home/rosuser/yahboom_ws/install/yahboomcar_msgs/include/yahboomcar_msgs/yahboomcar_msgs/msg/detail/image_msg__type_support.h
[0.825s] -- Up-to-date: /home/rosuser/yahboom_ws/install/yahboomcar_msgs/include/yahboomcar_msgs/yahboomcar_msgs/msg/detail/point_array__functions.h
[0.826s] -- Up-to-date: /home/rosuser/yahboom_ws/install/yahboomcar_msgs/include/yahboomcar_msgs/yahboomcar_msgs/msg/detail/point_array__struct.h
[0.826s] -- Up-to-date: /home/rosuser/yahboom_ws/install/yahboomcar_msgs/include/yahboomcar_msgs/yahboomcar_msgs/msg/detail/position__functions.c
[0.826s] -- Up-to-date: /home/rosuser/yahboom_ws/install/yahboomcar_msgs/include/yahboomcar_msgs/yahboomcar_msgs/msg/detail/target__functions.h
[0.826s] -- Up-to-date: /home/rosuser/yahboom_ws/install/yahboomcar_msgs/include/yahboomcar_msgs/yahboomcar_msgs/msg/detail/image_msg__struct.h
[0.826s] -- Up-to-date: /home/rosuser/yahboom_ws/install/yahboomcar_msgs/include/yahboomcar_msgs/yahboomcar_msgs/msg/detail/position__functions.h
[0.826s] -- Up-to-date: /home/rosuser/yahboom_ws/install/yahboomcar_msgs/include/yahboomcar_msgs/yahboomcar_msgs/msg/detail/target_array__functions.c
[0.826s] -- Up-to-date: /home/rosuser/yahboom_ws/install/yahboomcar_msgs/include/yahboomcar_msgs/yahboomcar_msgs/msg/detail/target__functions.c
[0.826s] -- Up-to-date: /home/rosuser/yahboom_ws/install/yahboomcar_msgs/include/yahboomcar_msgs/yahboomcar_msgs/msg/detail/point_array__type_support.h
[0.826s] -- Up-to-date: /home/rosuser/yahboom_ws/install/yahboomcar_msgs/include/yahboomcar_msgs/yahboomcar_msgs/msg/detail/target__type_support.h
[0.827s] -- Up-to-date: /home/rosuser/yahboom_ws/install/yahboomcar_msgs/include/yahboomcar_msgs/yahboomcar_msgs/msg/detail/position__struct.h
[0.827s] -- Up-to-date: /home/rosuser/yahboom_ws/install/yahboomcar_msgs/include/yahboomcar_msgs/yahboomcar_msgs/msg/detail/image_msg__functions.h
[0.827s] -- Up-to-date: /home/rosuser/yahboom_ws/install/yahboomcar_msgs/include/yahboomcar_msgs/yahboomcar_msgs/msg/detail/target_array__struct.h
[0.827s] -- Up-to-date: /home/rosuser/yahboom_ws/install/yahboomcar_msgs/include/yahboomcar_msgs/yahboomcar_msgs/msg/detail/point_array__functions.c
[0.827s] -- Up-to-date: /home/rosuser/yahboom_ws/install/yahboomcar_msgs/include/yahboomcar_msgs/yahboomcar_msgs/msg/detail/position__type_support.h
[0.827s] -- Up-to-date: /home/rosuser/yahboom_ws/install/yahboomcar_msgs/include/yahboomcar_msgs/yahboomcar_msgs/msg/detail/target__struct.h
[0.827s] -- Up-to-date: /home/rosuser/yahboom_ws/install/yahboomcar_msgs/include/yahboomcar_msgs/yahboomcar_msgs/msg/target_array.h
[0.827s] -- Up-to-date: /home/rosuser/yahboom_ws/install/yahboomcar_msgs/include/yahboomcar_msgs/yahboomcar_msgs/msg/rosidl_generator_c__visibility_control.h
[0.827s] -- Up-to-date: /home/rosuser/yahboom_ws/install/yahboomcar_msgs/include/yahboomcar_msgs/yahboomcar_msgs/msg/image_msg.h
[0.828s] -- Up-to-date: /home/rosuser/yahboom_ws/install/yahboomcar_msgs/share/yahboomcar_msgs/environment/library_path.sh
[0.828s] -- Up-to-date: /home/rosuser/yahboom_ws/install/yahboomcar_msgs/share/yahboomcar_msgs/environment/library_path.dsv
[0.830s] -- Up-to-date: /home/rosuser/yahboom_ws/install/yahboomcar_msgs/lib/libyahboomcar_msgs__rosidl_generator_c.so
[0.830s] -- Up-to-date: /home/rosuser/yahboom_ws/install/yahboomcar_msgs/include/yahboomcar_msgs/yahboomcar_msgs
[0.830s] -- Up-to-date: /home/rosuser/yahboom_ws/install/yahboomcar_msgs/include/yahboomcar_msgs/yahboomcar_msgs/msg
[0.831s] -- Up-to-date: /home/rosuser/yahboom_ws/install/yahboomcar_msgs/include/yahboomcar_msgs/yahboomcar_msgs/msg/rosidl_typesupport_fastrtps_c__visibility_control.h
[0.831s] -- Up-to-date: /home/rosuser/yahboom_ws/install/yahboomcar_msgs/include/yahboomcar_msgs/yahboomcar_msgs/msg/detail
[0.831s] -- Up-to-date: /home/rosuser/yahboom_ws/install/yahboomcar_msgs/include/yahboomcar_msgs/yahboomcar_msgs/msg/detail/point_array__rosidl_typesupport_fastrtps_c.h
[0.831s] -- Up-to-date: /home/rosuser/yahboom_ws/install/yahboomcar_msgs/include/yahboomcar_msgs/yahboomcar_msgs/msg/detail/target__rosidl_typesupport_fastrtps_c.h
[0.831s] -- Up-to-date: /home/rosuser/yahboom_ws/install/yahboomcar_msgs/include/yahboomcar_msgs/yahboomcar_msgs/msg/detail/target_array__rosidl_typesupport_fastrtps_c.h
[0.832s] -- Up-to-date: /home/rosuser/yahboom_ws/install/yahboomcar_msgs/include/yahboomcar_msgs/yahboomcar_msgs/msg/detail/position__rosidl_typesupport_fastrtps_c.h
[0.832s] -- Up-to-date: /home/rosuser/yahboom_ws/install/yahboomcar_msgs/include/yahboomcar_msgs/yahboomcar_msgs/msg/detail/image_msg__rosidl_typesupport_fastrtps_c.h
[0.834s] -- Up-to-date: /home/rosuser/yahboom_ws/install/yahboomcar_msgs/lib/libyahboomcar_msgs__rosidl_typesupport_fastrtps_c.so
[0.835s] -- Up-to-date: /home/rosuser/yahboom_ws/install/yahboomcar_msgs/include/yahboomcar_msgs/yahboomcar_msgs
[0.835s] -- Up-to-date: /home/rosuser/yahboom_ws/install/yahboomcar_msgs/include/yahboomcar_msgs/yahboomcar_msgs/msg
[0.835s] -- Up-to-date: /home/rosuser/yahboom_ws/install/yahboomcar_msgs/include/yahboomcar_msgs/yahboomcar_msgs/msg/detail
[0.835s] -- Up-to-date: /home/rosuser/yahboom_ws/install/yahboomcar_msgs/include/yahboomcar_msgs/yahboomcar_msgs/msg/detail/position__rosidl_typesupport_introspection_c.h
[0.836s] -- Up-to-date: /home/rosuser/yahboom_ws/install/yahboomcar_msgs/include/yahboomcar_msgs/yahboomcar_msgs/msg/detail/position__type_support.c
[0.836s] -- Up-to-date: /home/rosuser/yahboom_ws/install/yahboomcar_msgs/include/yahboomcar_msgs/yahboomcar_msgs/msg/detail/target_array__rosidl_typesupport_introspection_c.h
[0.836s] -- Up-to-date: /home/rosuser/yahboom_ws/install/yahboomcar_msgs/include/yahboomcar_msgs/yahboomcar_msgs/msg/detail/target__type_support.c
[0.836s] -- Up-to-date: /home/rosuser/yahboom_ws/install/yahboomcar_msgs/include/yahboomcar_msgs/yahboomcar_msgs/msg/detail/image_msg__rosidl_typesupport_introspection_c.h
[0.836s] -- Up-to-date: /home/rosuser/yahboom_ws/install/yahboomcar_msgs/include/yahboomcar_msgs/yahboomcar_msgs/msg/detail/point_array__rosidl_typesupport_introspection_c.h
[0.836s] -- Up-to-date: /home/rosuser/yahboom_ws/install/yahboomcar_msgs/include/yahboomcar_msgs/yahboomcar_msgs/msg/detail/target__rosidl_typesupport_introspection_c.h
[0.836s] -- Up-to-date: /home/rosuser/yahboom_ws/install/yahboomcar_msgs/include/yahboomcar_msgs/yahboomcar_msgs/msg/detail/point_array__type_support.c
[0.836s] -- Up-to-date: /home/rosuser/yahboom_ws/install/yahboomcar_msgs/include/yahboomcar_msgs/yahboomcar_msgs/msg/detail/image_msg__type_support.c
[0.837s] -- Up-to-date: /home/rosuser/yahboom_ws/install/yahboomcar_msgs/include/yahboomcar_msgs/yahboomcar_msgs/msg/detail/target_array__type_support.c
[0.837s] -- Up-to-date: /home/rosuser/yahboom_ws/install/yahboomcar_msgs/include/yahboomcar_msgs/yahboomcar_msgs/msg/rosidl_typesupport_introspection_c__visibility_control.h
[0.838s] -- Up-to-date: /home/rosuser/yahboom_ws/install/yahboomcar_msgs/lib/libyahboomcar_msgs__rosidl_typesupport_introspection_c.so
[0.838s] -- Up-to-date: /home/rosuser/yahboom_ws/install/yahboomcar_msgs/lib/libyahboomcar_msgs__rosidl_typesupport_c.so
[0.838s] -- Up-to-date: /home/rosuser/yahboom_ws/install/yahboomcar_msgs/include/yahboomcar_msgs/yahboomcar_msgs
[0.839s] -- Up-to-date: /home/rosuser/yahboom_ws/install/yahboomcar_msgs/include/yahboomcar_msgs/yahboomcar_msgs/msg
[0.839s] -- Up-to-date: /home/rosuser/yahboom_ws/install/yahboomcar_msgs/include/yahboomcar_msgs/yahboomcar_msgs/msg/image_msg.hpp
[0.839s] -- Up-to-date: /home/rosuser/yahboom_ws/install/yahboomcar_msgs/include/yahboomcar_msgs/yahboomcar_msgs/msg/target.hpp
[0.839s] -- Up-to-date: /home/rosuser/yahboom_ws/install/yahboomcar_msgs/include/yahboomcar_msgs/yahboomcar_msgs/msg/position.hpp
[0.839s] -- Up-to-date: /home/rosuser/yahboom_ws/install/yahboomcar_msgs/include/yahboomcar_msgs/yahboomcar_msgs/msg/detail
[0.839s] -- Up-to-date: /home/rosuser/yahboom_ws/install/yahboomcar_msgs/include/yahboomcar_msgs/yahboomcar_msgs/msg/detail/point_array__traits.hpp
[0.839s] -- Up-to-date: /home/rosuser/yahboom_ws/install/yahboomcar_msgs/include/yahboomcar_msgs/yahboomcar_msgs/msg/detail/position__builder.hpp
[0.839s] -- Up-to-date: /home/rosuser/yahboom_ws/install/yahboomcar_msgs/include/yahboomcar_msgs/yahboomcar_msgs/msg/detail/image_msg__struct.hpp
[0.840s] -- Up-to-date: /home/rosuser/yahboom_ws/install/yahboomcar_msgs/include/yahboomcar_msgs/yahboomcar_msgs/msg/detail/point_array__builder.hpp
[0.840s] -- Up-to-date: /home/rosuser/yahboom_ws/install/yahboomcar_msgs/include/yahboomcar_msgs/yahboomcar_msgs/msg/detail/position__struct.hpp
[0.840s] -- Up-to-date: /home/rosuser/yahboom_ws/install/yahboomcar_msgs/include/yahboomcar_msgs/yahboomcar_msgs/msg/detail/target_array__traits.hpp
[0.840s] -- Up-to-date: /home/rosuser/yahboom_ws/install/yahboomcar_msgs/include/yahboomcar_msgs/yahboomcar_msgs/msg/detail/target__struct.hpp
[0.840s] -- Up-to-date: /home/rosuser/yahboom_ws/install/yahboomcar_msgs/include/yahboomcar_msgs/yahboomcar_msgs/msg/detail/target_array__builder.hpp
[0.840s] -- Up-to-date: /home/rosuser/yahboom_ws/install/yahboomcar_msgs/include/yahboomcar_msgs/yahboomcar_msgs/msg/detail/target__builder.hpp
[0.840s] -- Up-to-date: /home/rosuser/yahboom_ws/install/yahboomcar_msgs/include/yahboomcar_msgs/yahboomcar_msgs/msg/detail/position__traits.hpp
[0.840s] -- Up-to-date: /home/rosuser/yahboom_ws/install/yahboomcar_msgs/include/yahboomcar_msgs/yahboomcar_msgs/msg/detail/image_msg__traits.hpp
[0.841s] -- Up-to-date: /home/rosuser/yahboom_ws/install/yahboomcar_msgs/include/yahboomcar_msgs/yahboomcar_msgs/msg/detail/target_array__struct.hpp
[0.841s] -- Up-to-date: /home/rosuser/yahboom_ws/install/yahboomcar_msgs/include/yahboomcar_msgs/yahboomcar_msgs/msg/detail/point_array__struct.hpp
[0.841s] -- Up-to-date: /home/rosuser/yahboom_ws/install/yahboomcar_msgs/include/yahboomcar_msgs/yahboomcar_msgs/msg/detail/target__traits.hpp
[0.841s] -- Up-to-date: /home/rosuser/yahboom_ws/install/yahboomcar_msgs/include/yahboomcar_msgs/yahboomcar_msgs/msg/detail/image_msg__builder.hpp
[0.841s] -- Up-to-date: /home/rosuser/yahboom_ws/install/yahboomcar_msgs/include/yahboomcar_msgs/yahboomcar_msgs/msg/target_array.hpp
[0.841s] -- Up-to-date: /home/rosuser/yahboom_ws/install/yahboomcar_msgs/include/yahboomcar_msgs/yahboomcar_msgs/msg/point_array.hpp
[0.841s] -- Up-to-date: /home/rosuser/yahboom_ws/install/yahboomcar_msgs/include/yahboomcar_msgs/yahboomcar_msgs
[0.841s] -- Up-to-date: /home/rosuser/yahboom_ws/install/yahboomcar_msgs/include/yahboomcar_msgs/yahboomcar_msgs/msg
[0.842s] -- Up-to-date: /home/rosuser/yahboom_ws/install/yahboomcar_msgs/include/yahboomcar_msgs/yahboomcar_msgs/msg/rosidl_typesupport_fastrtps_cpp__visibility_control.h
[0.842s] -- Up-to-date: /home/rosuser/yahboom_ws/install/yahboomcar_msgs/include/yahboomcar_msgs/yahboomcar_msgs/msg/detail
[0.842s] -- Up-to-date: /home/rosuser/yahboom_ws/install/yahboomcar_msgs/include/yahboomcar_msgs/yahboomcar_msgs/msg/detail/target_array__rosidl_typesupport_fastrtps_cpp.hpp
[0.842s] -- Up-to-date: /home/rosuser/yahboom_ws/install/yahboomcar_msgs/include/yahboomcar_msgs/yahboomcar_msgs/msg/detail/image_msg__rosidl_typesupport_fastrtps_cpp.hpp
[0.842s] -- Up-to-date: /home/rosuser/yahboom_ws/install/yahboomcar_msgs/include/yahboomcar_msgs/yahboomcar_msgs/msg/detail/dds_fastrtps
[0.842s] -- Up-to-date: /home/rosuser/yahboom_ws/install/yahboomcar_msgs/include/yahboomcar_msgs/yahboomcar_msgs/msg/detail/point_array__rosidl_typesupport_fastrtps_cpp.hpp
[0.842s] -- Up-to-date: /home/rosuser/yahboom_ws/install/yahboomcar_msgs/include/yahboomcar_msgs/yahboomcar_msgs/msg/detail/target__rosidl_typesupport_fastrtps_cpp.hpp
[0.842s] -- Up-to-date: /home/rosuser/yahboom_ws/install/yahboomcar_msgs/include/yahboomcar_msgs/yahboomcar_msgs/msg/detail/position__rosidl_typesupport_fastrtps_cpp.hpp
[0.843s] -- Up-to-date: /home/rosuser/yahboom_ws/install/yahboomcar_msgs/lib/libyahboomcar_msgs__rosidl_typesupport_fastrtps_cpp.so
[0.844s] -- Up-to-date: /home/rosuser/yahboom_ws/install/yahboomcar_msgs/include/yahboomcar_msgs/yahboomcar_msgs
[0.844s] -- Up-to-date: /home/rosuser/yahboom_ws/install/yahboomcar_msgs/include/yahboomcar_msgs/yahboomcar_msgs/msg
[0.844s] -- Up-to-date: /home/rosuser/yahboom_ws/install/yahboomcar_msgs/include/yahboomcar_msgs/yahboomcar_msgs/msg/detail
[0.844s] -- Up-to-date: /home/rosuser/yahboom_ws/install/yahboomcar_msgs/include/yahboomcar_msgs/yahboomcar_msgs/msg/detail/target__type_support.cpp
[0.844s] -- Up-to-date: /home/rosuser/yahboom_ws/install/yahboomcar_msgs/include/yahboomcar_msgs/yahboomcar_msgs/msg/detail/target__rosidl_typesupport_introspection_cpp.hpp
[0.844s] -- Up-to-date: /home/rosuser/yahboom_ws/install/yahboomcar_msgs/include/yahboomcar_msgs/yahboomcar_msgs/msg/detail/image_msg__type_support.cpp
[0.844s] -- Up-to-date: /home/rosuser/yahboom_ws/install/yahboomcar_msgs/include/yahboomcar_msgs/yahboomcar_msgs/msg/detail/image_msg__rosidl_typesupport_introspection_cpp.hpp
[0.844s] -- Up-to-date: /home/rosuser/yahboom_ws/install/yahboomcar_msgs/include/yahboomcar_msgs/yahboomcar_msgs/msg/detail/point_array__rosidl_typesupport_introspection_cpp.hpp
[0.845s] -- Up-to-date: /home/rosuser/yahboom_ws/install/yahboomcar_msgs/include/yahboomcar_msgs/yahboomcar_msgs/msg/detail/point_array__type_support.cpp
[0.845s] -- Up-to-date: /home/rosuser/yahboom_ws/install/yahboomcar_msgs/include/yahboomcar_msgs/yahboomcar_msgs/msg/detail/target_array__rosidl_typesupport_introspection_cpp.hpp
[0.845s] -- Up-to-date: /home/rosuser/yahboom_ws/install/yahboomcar_msgs/include/yahboomcar_msgs/yahboomcar_msgs/msg/detail/position__type_support.cpp
[0.845s] -- Up-to-date: /home/rosuser/yahboom_ws/install/yahboomcar_msgs/include/yahboomcar_msgs/yahboomcar_msgs/msg/detail/target_array__type_support.cpp
[0.845s] -- Up-to-date: /home/rosuser/yahboom_ws/install/yahboomcar_msgs/include/yahboomcar_msgs/yahboomcar_msgs/msg/detail/position__rosidl_typesupport_introspection_cpp.hpp
[0.846s] -- Up-to-date: /home/rosuser/yahboom_ws/install/yahboomcar_msgs/lib/libyahboomcar_msgs__rosidl_typesupport_introspection_cpp.so
[0.847s] -- Up-to-date: /home/rosuser/yahboom_ws/install/yahboomcar_msgs/lib/libyahboomcar_msgs__rosidl_typesupport_cpp.so
[0.847s] -- Up-to-date: /home/rosuser/yahboom_ws/install/yahboomcar_msgs/share/yahboomcar_msgs/environment/pythonpath.sh
[0.847s] -- Up-to-date: /home/rosuser/yahboom_ws/install/yahboomcar_msgs/share/yahboomcar_msgs/environment/pythonpath.dsv
[0.848s] -- Up-to-date: /home/rosuser/yahboom_ws/install/yahboomcar_msgs/local/lib/python3.10/dist-packages/yahboomcar_msgs-0.0.0-py3.10.egg-info
[0.848s] -- Installing: /home/rosuser/yahboom_ws/install/yahboomcar_msgs/local/lib/python3.10/dist-packages/yahboomcar_msgs-0.0.0-py3.10.egg-info/PKG-INFO
[0.848s] -- Installing: /home/rosuser/yahboom_ws/install/yahboomcar_msgs/local/lib/python3.10/dist-packages/yahboomcar_msgs-0.0.0-py3.10.egg-info/top_level.txt
[0.849s] -- Installing: /home/rosuser/yahboom_ws/install/yahboomcar_msgs/local/lib/python3.10/dist-packages/yahboomcar_msgs-0.0.0-py3.10.egg-info/dependency_links.txt
[0.849s] -- Installing: /home/rosuser/yahboom_ws/install/yahboomcar_msgs/local/lib/python3.10/dist-packages/yahboomcar_msgs-0.0.0-py3.10.egg-info/SOURCES.txt
[0.849s] -- Up-to-date: /home/rosuser/yahboom_ws/install/yahboomcar_msgs/local/lib/python3.10/dist-packages/yahboomcar_msgs
[0.849s] -- Up-to-date: /home/rosuser/yahboom_ws/install/yahboomcar_msgs/local/lib/python3.10/dist-packages/yahboomcar_msgs/yahboomcar_msgs_s__rosidl_typesupport_fastrtps_c.cpython-310-x86_64-linux-gnu.so
[0.849s] -- Up-to-date: /home/rosuser/yahboom_ws/install/yahboomcar_msgs/local/lib/python3.10/dist-packages/yahboomcar_msgs/__init__.py
[0.850s] -- Up-to-date: /home/rosuser/yahboom_ws/install/yahboomcar_msgs/local/lib/python3.10/dist-packages/yahboomcar_msgs/_yahboomcar_msgs_s.ep.rosidl_typesupport_c.c
[0.850s] -- Up-to-date: /home/rosuser/yahboom_ws/install/yahboomcar_msgs/local/lib/python3.10/dist-packages/yahboomcar_msgs/libyahboomcar_msgs__rosidl_generator_py.so
[0.850s] -- Up-to-date: /home/rosuser/yahboom_ws/install/yahboomcar_msgs/local/lib/python3.10/dist-packages/yahboomcar_msgs/yahboomcar_msgs_s__rosidl_typesupport_introspection_c.cpython-310-x86_64-linux-gnu.so
[0.850s] -- Up-to-date: /home/rosuser/yahboom_ws/install/yahboomcar_msgs/local/lib/python3.10/dist-packages/yahboomcar_msgs/_yahboomcar_msgs_s.ep.rosidl_typesupport_introspection_c.c
[0.850s] -- Up-to-date: /home/rosuser/yahboom_ws/install/yahboomcar_msgs/local/lib/python3.10/dist-packages/yahboomcar_msgs/msg
[0.850s] -- Up-to-date: /home/rosuser/yahboom_ws/install/yahboomcar_msgs/local/lib/python3.10/dist-packages/yahboomcar_msgs/msg/__init__.py
[0.850s] -- Up-to-date: /home/rosuser/yahboom_ws/install/yahboomcar_msgs/local/lib/python3.10/dist-packages/yahboomcar_msgs/msg/_point_array_s.c
[0.850s] -- Up-to-date: /home/rosuser/yahboom_ws/install/yahboomcar_msgs/local/lib/python3.10/dist-packages/yahboomcar_msgs/msg/_position_s.c
[0.850s] -- Up-to-date: /home/rosuser/yahboom_ws/install/yahboomcar_msgs/local/lib/python3.10/dist-packages/yahboomcar_msgs/msg/_target_array.py
[0.850s] -- Up-to-date: /home/rosuser/yahboom_ws/install/yahboomcar_msgs/local/lib/python3.10/dist-packages/yahboomcar_msgs/msg/_image_msg_s.c
[0.850s] -- Up-to-date: /home/rosuser/yahboom_ws/install/yahboomcar_msgs/local/lib/python3.10/dist-packages/yahboomcar_msgs/msg/_image_msg.py
[0.850s] -- Up-to-date: /home/rosuser/yahboom_ws/install/yahboomcar_msgs/local/lib/python3.10/dist-packages/yahboomcar_msgs/msg/_target_s.c
[0.850s] -- Up-to-date: /home/rosuser/yahboom_ws/install/yahboomcar_msgs/local/lib/python3.10/dist-packages/yahboomcar_msgs/msg/_point_array.py
[0.850s] -- Up-to-date: /home/rosuser/yahboom_ws/install/yahboomcar_msgs/local/lib/python3.10/dist-packages/yahboomcar_msgs/msg/_target.py
[0.851s] -- Up-to-date: /home/rosuser/yahboom_ws/install/yahboomcar_msgs/local/lib/python3.10/dist-packages/yahboomcar_msgs/msg/_target_array_s.c
[0.851s] -- Up-to-date: /home/rosuser/yahboom_ws/install/yahboomcar_msgs/local/lib/python3.10/dist-packages/yahboomcar_msgs/msg/_position.py
[0.851s] -- Up-to-date: /home/rosuser/yahboom_ws/install/yahboomcar_msgs/local/lib/python3.10/dist-packages/yahboomcar_msgs/_yahboomcar_msgs_s.ep.rosidl_typesupport_fastrtps_c.c
[0.851s] -- Up-to-date: /home/rosuser/yahboom_ws/install/yahboomcar_msgs/local/lib/python3.10/dist-packages/yahboomcar_msgs/yahboomcar_msgs_s__rosidl_typesupport_c.cpython-310-x86_64-linux-gnu.so
[0.879s] Listing '/home/rosuser/yahboom_ws/install/yahboomcar_msgs/local/lib/python3.10/dist-packages/yahboomcar_msgs'...
[0.880s] Listing '/home/rosuser/yahboom_ws/install/yahboomcar_msgs/local/lib/python3.10/dist-packages/yahboomcar_msgs/msg'...
[0.885s] -- Up-to-date: /home/rosuser/yahboom_ws/install/yahboomcar_msgs/local/lib/python3.10/dist-packages/yahboomcar_msgs/yahboomcar_msgs_s__rosidl_typesupport_fastrtps_c.cpython-310-x86_64-linux-gnu.so
[0.886s] -- Up-to-date: /home/rosuser/yahboom_ws/install/yahboomcar_msgs/local/lib/python3.10/dist-packages/yahboomcar_msgs/yahboomcar_msgs_s__rosidl_typesupport_introspection_c.cpython-310-x86_64-linux-gnu.so
[0.886s] -- Up-to-date: /home/rosuser/yahboom_ws/install/yahboomcar_msgs/local/lib/python3.10/dist-packages/yahboomcar_msgs/yahboomcar_msgs_s__rosidl_typesupport_c.cpython-310-x86_64-linux-gnu.so
[0.887s] -- Up-to-date: /home/rosuser/yahboom_ws/install/yahboomcar_msgs/lib/libyahboomcar_msgs__rosidl_generator_py.so
[0.887s] -- Up-to-date: /home/rosuser/yahboom_ws/install/yahboomcar_msgs/share/yahboomcar_msgs/msg/ImageMsg.idl
[0.888s] -- Up-to-date: /home/rosuser/yahboom_ws/install/yahboomcar_msgs/share/yahboomcar_msgs/msg/PointArray.idl
[0.888s] -- Up-to-date: /home/rosuser/yahboom_ws/install/yahboomcar_msgs/share/yahboomcar_msgs/msg/Position.idl
[0.888s] -- Up-to-date: /home/rosuser/yahboom_ws/install/yahboomcar_msgs/share/yahboomcar_msgs/msg/Target.idl
[0.888s] -- Up-to-date: /home/rosuser/yahboom_ws/install/yahboomcar_msgs/share/yahboomcar_msgs/msg/TargetArray.idl
[0.888s] -- Up-to-date: /home/rosuser/yahboom_ws/install/yahboomcar_msgs/share/yahboomcar_msgs/msg/ImageMsg.msg
[0.888s] -- Up-to-date: /home/rosuser/yahboom_ws/install/yahboomcar_msgs/share/yahboomcar_msgs/msg/PointArray.msg
[0.888s] -- Up-to-date: /home/rosuser/yahboom_ws/install/yahboomcar_msgs/share/yahboomcar_msgs/msg/Position.msg
[0.888s] -- Up-to-date: /home/rosuser/yahboom_ws/install/yahboomcar_msgs/share/yahboomcar_msgs/msg/Target.msg
[0.888s] -- Up-to-date: /home/rosuser/yahboom_ws/install/yahboomcar_msgs/share/yahboomcar_msgs/msg/TargetArray.msg
[0.889s] -- Up-to-date: /home/rosuser/yahboom_ws/install/yahboomcar_msgs/share/ament_index/resource_index/package_run_dependencies/yahboomcar_msgs
[0.889s] -- Up-to-date: /home/rosuser/yahboom_ws/install/yahboomcar_msgs/share/ament_index/resource_index/parent_prefix_path/yahboomcar_msgs
[0.889s] -- Up-to-date: /home/rosuser/yahboom_ws/install/yahboomcar_msgs/share/yahboomcar_msgs/environment/ament_prefix_path.sh
[0.889s] -- Up-to-date: /home/rosuser/yahboom_ws/install/yahboomcar_msgs/share/yahboomcar_msgs/environment/ament_prefix_path.dsv
[0.889s] -- Up-to-date: /home/rosuser/yahboom_ws/install/yahboomcar_msgs/share/yahboomcar_msgs/environment/path.sh
[0.889s] -- Up-to-date: /home/rosuser/yahboom_ws/install/yahboomcar_msgs/share/yahboomcar_msgs/environment/path.dsv
[0.889s] -- Up-to-date: /home/rosuser/yahboom_ws/install/yahboomcar_msgs/share/yahboomcar_msgs/local_setup.bash
[0.889s] -- Up-to-date: /home/rosuser/yahboom_ws/install/yahboomcar_msgs/share/yahboomcar_msgs/local_setup.sh
[0.889s] -- Up-to-date: /home/rosuser/yahboom_ws/install/yahboomcar_msgs/share/yahboomcar_msgs/local_setup.zsh
[0.889s] -- Up-to-date: /home/rosuser/yahboom_ws/install/yahboomcar_msgs/share/yahboomcar_msgs/local_setup.dsv
[0.889s] -- Installing: /home/rosuser/yahboom_ws/install/yahboomcar_msgs/share/yahboomcar_msgs/package.dsv
[0.889s] -- Up-to-date: /home/rosuser/yahboom_ws/install/yahboomcar_msgs/share/ament_index/resource_index/packages/yahboomcar_msgs
[0.891s] -- Up-to-date: /home/rosuser/yahboom_ws/install/yahboomcar_msgs/share/yahboomcar_msgs/cmake/export_yahboomcar_msgs__rosidl_generator_cExport.cmake
[0.891s] -- Up-to-date: /home/rosuser/yahboom_ws/install/yahboomcar_msgs/share/yahboomcar_msgs/cmake/export_yahboomcar_msgs__rosidl_generator_cExport-noconfig.cmake
[0.892s] -- Up-to-date: /home/rosuser/yahboom_ws/install/yahboomcar_msgs/share/yahboomcar_msgs/cmake/export_yahboomcar_msgs__rosidl_typesupport_fastrtps_cExport.cmake
[0.892s] -- Up-to-date: /home/rosuser/yahboom_ws/install/yahboomcar_msgs/share/yahboomcar_msgs/cmake/export_yahboomcar_msgs__rosidl_typesupport_fastrtps_cExport-noconfig.cmake
[0.893s] -- Up-to-date: /home/rosuser/yahboom_ws/install/yahboomcar_msgs/share/yahboomcar_msgs/cmake/yahboomcar_msgs__rosidl_typesupport_introspection_cExport.cmake
[0.893s] -- Up-to-date: /home/rosuser/yahboom_ws/install/yahboomcar_msgs/share/yahboomcar_msgs/cmake/yahboomcar_msgs__rosidl_typesupport_introspection_cExport-noconfig.cmake
[0.893s] -- Up-to-date: /home/rosuser/yahboom_ws/install/yahboomcar_msgs/share/yahboomcar_msgs/cmake/yahboomcar_msgs__rosidl_typesupport_cExport.cmake
[0.893s] -- Up-to-date: /home/rosuser/yahboom_ws/install/yahboomcar_msgs/share/yahboomcar_msgs/cmake/yahboomcar_msgs__rosidl_typesupport_cExport-noconfig.cmake
[0.894s] -- Up-to-date: /home/rosuser/yahboom_ws/install/yahboomcar_msgs/share/yahboomcar_msgs/cmake/export_yahboomcar_msgs__rosidl_generator_cppExport.cmake
[0.895s] -- Up-to-date: /home/rosuser/yahboom_ws/install/yahboomcar_msgs/share/yahboomcar_msgs/cmake/export_yahboomcar_msgs__rosidl_typesupport_fastrtps_cppExport.cmake
[0.895s] -- Up-to-date: /home/rosuser/yahboom_ws/install/yahboomcar_msgs/share/yahboomcar_msgs/cmake/export_yahboomcar_msgs__rosidl_typesupport_fastrtps_cppExport-noconfig.cmake
[0.896s] -- Up-to-date: /home/rosuser/yahboom_ws/install/yahboomcar_msgs/share/yahboomcar_msgs/cmake/yahboomcar_msgs__rosidl_typesupport_introspection_cppExport.cmake
[0.896s] -- Up-to-date: /home/rosuser/yahboom_ws/install/yahboomcar_msgs/share/yahboomcar_msgs/cmake/yahboomcar_msgs__rosidl_typesupport_introspection_cppExport-noconfig.cmake
[0.897s] -- Up-to-date: /home/rosuser/yahboom_ws/install/yahboomcar_msgs/share/yahboomcar_msgs/cmake/yahboomcar_msgs__rosidl_typesupport_cppExport.cmake
[0.897s] -- Up-to-date: /home/rosuser/yahboom_ws/install/yahboomcar_msgs/share/yahboomcar_msgs/cmake/yahboomcar_msgs__rosidl_typesupport_cppExport-noconfig.cmake
[0.897s] -- Up-to-date: /home/rosuser/yahboom_ws/install/yahboomcar_msgs/share/yahboomcar_msgs/cmake/export_yahboomcar_msgs__rosidl_generator_pyExport.cmake
[0.897s] -- Up-to-date: /home/rosuser/yahboom_ws/install/yahboomcar_msgs/share/yahboomcar_msgs/cmake/export_yahboomcar_msgs__rosidl_generator_pyExport-noconfig.cmake
[0.898s] -- Up-to-date: /home/rosuser/yahboom_ws/install/yahboomcar_msgs/share/yahboomcar_msgs/cmake/rosidl_cmake-extras.cmake
[0.898s] -- Up-to-date: /home/rosuser/yahboom_ws/install/yahboomcar_msgs/share/yahboomcar_msgs/cmake/ament_cmake_export_dependencies-extras.cmake
[0.898s] -- Up-to-date: /home/rosuser/yahboom_ws/install/yahboomcar_msgs/share/yahboomcar_msgs/cmake/ament_cmake_export_include_directories-extras.cmake
[0.898s] -- Up-to-date: /home/rosuser/yahboom_ws/install/yahboomcar_msgs/share/yahboomcar_msgs/cmake/ament_cmake_export_libraries-extras.cmake
[0.898s] -- Up-to-date: /home/rosuser/yahboom_ws/install/yahboomcar_msgs/share/yahboomcar_msgs/cmake/ament_cmake_export_targets-extras.cmake
[0.898s] -- Up-to-date: /home/rosuser/yahboom_ws/install/yahboomcar_msgs/share/yahboomcar_msgs/cmake/rosidl_cmake_export_typesupport_targets-extras.cmake
[0.898s] -- Up-to-date: /home/rosuser/yahboom_ws/install/yahboomcar_msgs/share/yahboomcar_msgs/cmake/rosidl_cmake_export_typesupport_libraries-extras.cmake
[0.898s] -- Up-to-date: /home/rosuser/yahboom_ws/install/yahboomcar_msgs/share/yahboomcar_msgs/cmake/yahboomcar_msgsConfig.cmake
[0.898s] -- Up-to-date: /home/rosuser/yahboom_ws/install/yahboomcar_msgs/share/yahboomcar_msgs/cmake/yahboomcar_msgsConfig-version.cmake
[0.898s] -- Up-to-date: /home/rosuser/yahboom_ws/install/yahboomcar_msgs/share/yahboomcar_msgs/package.xml
[0.901s] Invoked command in '/home/rosuser/yahboom_ws/build/yahboomcar_msgs' returned '0': CMAKE_PREFIX_PATH=${CMAKE_PREFIX_PATH}:/home/rosuser/ROS2Dev/turtlebot3_ws/install/turtlebot3_teleop:/home/rosuser/ROS2Dev/turtlebot3_ws/install/turtlebot3_example:/opt/ros/humble /usr/bin/cmake --install /home/rosuser/yahboom_ws/build/yahboomcar_msgs
