/home/rosuser/.local/lib/python3.10/site-packages/setuptools/dist.py:717: UserWarning: Usage of dash-separated 'script-dir' will not be supported in future versions. Please use the underscore name 'script_dir' instead
  warnings.warn(
running egg_info
creating ../../build/laserscan_to_point_pulisher/laserscan_to_point_pulisher.egg-info
writing ../../build/laserscan_to_point_pulisher/laserscan_to_point_pulisher.egg-info/PKG-INFO
writing dependency_links to ../../build/laserscan_to_point_pulisher/laserscan_to_point_pulisher.egg-info/dependency_links.txt
writing entry points to ../../build/laserscan_to_point_pulisher/laserscan_to_point_pulisher.egg-info/entry_points.txt
writing requirements to ../../build/laserscan_to_point_pulisher/laserscan_to_point_pulisher.egg-info/requires.txt
writing top-level names to ../../build/laserscan_to_point_pulisher/laserscan_to_point_pulisher.egg-info/top_level.txt
writing manifest file '../../build/laserscan_to_point_pulisher/laserscan_to_point_pulisher.egg-info/SOURCES.txt'
reading manifest file '../../build/laserscan_to_point_pulisher/laserscan_to_point_pulisher.egg-info/SOURCES.txt'
writing manifest file '../../build/laserscan_to_point_pulisher/laserscan_to_point_pulisher.egg-info/SOURCES.txt'
running build
running build_py
creating /home/rosuser/yahboom_ws/build/laserscan_to_point_pulisher/build
creating /home/rosuser/yahboom_ws/build/laserscan_to_point_pulisher/build/lib
creating /home/rosuser/yahboom_ws/build/laserscan_to_point_pulisher/build/lib/laserscan_to_point_pulisher
copying laserscan_to_point_pulisher/__init__.py -> /home/rosuser/yahboom_ws/build/laserscan_to_point_pulisher/build/lib/laserscan_to_point_pulisher
copying laserscan_to_point_pulisher/laserscan_to_point_publish.py -> /home/rosuser/yahboom_ws/build/laserscan_to_point_pulisher/build/lib/laserscan_to_point_pulisher
running install
running install_lib
creating /home/rosuser/yahboom_ws/install/laserscan_to_point_pulisher/lib/python3.10/site-packages/laserscan_to_point_pulisher
copying /home/rosuser/yahboom_ws/build/laserscan_to_point_pulisher/build/lib/laserscan_to_point_pulisher/__init__.py -> /home/rosuser/yahboom_ws/install/laserscan_to_point_pulisher/lib/python3.10/site-packages/laserscan_to_point_pulisher
copying /home/rosuser/yahboom_ws/build/laserscan_to_point_pulisher/build/lib/laserscan_to_point_pulisher/laserscan_to_point_publish.py -> /home/rosuser/yahboom_ws/install/laserscan_to_point_pulisher/lib/python3.10/site-packages/laserscan_to_point_pulisher
byte-compiling /home/rosuser/yahboom_ws/install/laserscan_to_point_pulisher/lib/python3.10/site-packages/laserscan_to_point_pulisher/__init__.py to __init__.cpython-310.pyc
byte-compiling /home/rosuser/yahboom_ws/install/laserscan_to_point_pulisher/lib/python3.10/site-packages/laserscan_to_point_pulisher/laserscan_to_point_publish.py to laserscan_to_point_publish.cpython-310.pyc
running install_data
creating /home/rosuser/yahboom_ws/install/laserscan_to_point_pulisher/share/ament_index
creating /home/rosuser/yahboom_ws/install/laserscan_to_point_pulisher/share/ament_index/resource_index
creating /home/rosuser/yahboom_ws/install/laserscan_to_point_pulisher/share/ament_index/resource_index/packages
copying resource/laserscan_to_point_pulisher -> /home/rosuser/yahboom_ws/install/laserscan_to_point_pulisher/share/ament_index/resource_index/packages
copying package.xml -> /home/rosuser/yahboom_ws/install/laserscan_to_point_pulisher/share/laserscan_to_point_pulisher
running install_egg_info
Copying ../../build/laserscan_to_point_pulisher/laserscan_to_point_pulisher.egg-info to /home/rosuser/yahboom_ws/install/laserscan_to_point_pulisher/lib/python3.10/site-packages/laserscan_to_point_pulisher-0.0.0-py3.10.egg-info
running install_scripts
Installing laserscan_to_point_pulisher script to /home/rosuser/yahboom_ws/install/laserscan_to_point_pulisher/lib/laserscan_to_point_pulisher
writing list of installed files to '/home/rosuser/yahboom_ws/build/laserscan_to_point_pulisher/install.log'
