[2.108s] Invoking command in '/home/rosuser/yahboom_ws/src/laserscan_to_point_pulisher': PYTHONPATH=/home/rosuser/yahboom_ws/build/laserscan_to_point_pulisher/prefix_override:/home/rosuser/yahboom_ws/install/laserscan_to_point_pulisher/lib/python3.10/site-packages:${PYTHONPATH} /usr/bin/python3 setup.py egg_info --egg-base ../../build/laserscan_to_point_pulisher build --build-base /home/rosuser/yahboom_ws/build/laserscan_to_point_pulisher/build install --record /home/rosuser/yahboom_ws/build/laserscan_to_point_pulisher/install.log --install-scripts $base/lib/laserscan_to_point_pulisher --single-version-externally-managed
[2.412s] /home/rosuser/.local/lib/python3.10/site-packages/setuptools/dist.py:717: UserWarning: Usage of dash-separated 'script-dir' will not be supported in future versions. Please use the underscore name 'script_dir' instead
[2.412s]   warnings.warn(
[2.444s] running egg_info
[2.446s] creating ../../build/laserscan_to_point_pulisher/laserscan_to_point_pulisher.egg-info
[2.448s] writing ../../build/laserscan_to_point_pulisher/laserscan_to_point_pulisher.egg-info/PKG-INFO
[2.448s] writing dependency_links to ../../build/laserscan_to_point_pulisher/laserscan_to_point_pulisher.egg-info/dependency_links.txt
[2.449s] writing entry points to ../../build/laserscan_to_point_pulisher/laserscan_to_point_pulisher.egg-info/entry_points.txt
[2.450s] writing requirements to ../../build/laserscan_to_point_pulisher/laserscan_to_point_pulisher.egg-info/requires.txt
[2.451s] writing top-level names to ../../build/laserscan_to_point_pulisher/laserscan_to_point_pulisher.egg-info/top_level.txt
[2.452s] writing manifest file '../../build/laserscan_to_point_pulisher/laserscan_to_point_pulisher.egg-info/SOURCES.txt'
[2.455s] reading manifest file '../../build/laserscan_to_point_pulisher/laserscan_to_point_pulisher.egg-info/SOURCES.txt'
[2.457s] writing manifest file '../../build/laserscan_to_point_pulisher/laserscan_to_point_pulisher.egg-info/SOURCES.txt'
[2.457s] running build
[2.457s] running build_py
[2.458s] creating /home/rosuser/yahboom_ws/build/laserscan_to_point_pulisher/build
[2.458s] creating /home/rosuser/yahboom_ws/build/laserscan_to_point_pulisher/build/lib
[2.458s] creating /home/rosuser/yahboom_ws/build/laserscan_to_point_pulisher/build/lib/laserscan_to_point_pulisher
[2.459s] copying laserscan_to_point_pulisher/__init__.py -> /home/rosuser/yahboom_ws/build/laserscan_to_point_pulisher/build/lib/laserscan_to_point_pulisher
[2.459s] copying laserscan_to_point_pulisher/laserscan_to_point_publish.py -> /home/rosuser/yahboom_ws/build/laserscan_to_point_pulisher/build/lib/laserscan_to_point_pulisher
[2.459s] running install
[2.460s] running install_lib
[2.461s] creating /home/rosuser/yahboom_ws/install/laserscan_to_point_pulisher/lib/python3.10/site-packages/laserscan_to_point_pulisher
[2.461s] copying /home/rosuser/yahboom_ws/build/laserscan_to_point_pulisher/build/lib/laserscan_to_point_pulisher/__init__.py -> /home/rosuser/yahboom_ws/install/laserscan_to_point_pulisher/lib/python3.10/site-packages/laserscan_to_point_pulisher
[2.462s] copying /home/rosuser/yahboom_ws/build/laserscan_to_point_pulisher/build/lib/laserscan_to_point_pulisher/laserscan_to_point_publish.py -> /home/rosuser/yahboom_ws/install/laserscan_to_point_pulisher/lib/python3.10/site-packages/laserscan_to_point_pulisher
[2.463s] byte-compiling /home/rosuser/yahboom_ws/install/laserscan_to_point_pulisher/lib/python3.10/site-packages/laserscan_to_point_pulisher/__init__.py to __init__.cpython-310.pyc
[2.463s] byte-compiling /home/rosuser/yahboom_ws/install/laserscan_to_point_pulisher/lib/python3.10/site-packages/laserscan_to_point_pulisher/laserscan_to_point_publish.py to laserscan_to_point_publish.cpython-310.pyc
[2.464s] running install_data
[2.464s] creating /home/rosuser/yahboom_ws/install/laserscan_to_point_pulisher/share/ament_index
[2.465s] creating /home/rosuser/yahboom_ws/install/laserscan_to_point_pulisher/share/ament_index/resource_index
[2.465s] creating /home/rosuser/yahboom_ws/install/laserscan_to_point_pulisher/share/ament_index/resource_index/packages
[2.465s] copying resource/laserscan_to_point_pulisher -> /home/rosuser/yahboom_ws/install/laserscan_to_point_pulisher/share/ament_index/resource_index/packages
[2.465s] copying package.xml -> /home/rosuser/yahboom_ws/install/laserscan_to_point_pulisher/share/laserscan_to_point_pulisher
[2.466s] running install_egg_info
[2.468s] Copying ../../build/laserscan_to_point_pulisher/laserscan_to_point_pulisher.egg-info to /home/rosuser/yahboom_ws/install/laserscan_to_point_pulisher/lib/python3.10/site-packages/laserscan_to_point_pulisher-0.0.0-py3.10.egg-info
[2.469s] running install_scripts
[2.508s] Installing laserscan_to_point_pulisher script to /home/rosuser/yahboom_ws/install/laserscan_to_point_pulisher/lib/laserscan_to_point_pulisher
[2.509s] writing list of installed files to '/home/rosuser/yahboom_ws/build/laserscan_to_point_pulisher/install.log'
[2.710s] Invoked command in '/home/rosuser/yahboom_ws/src/laserscan_to_point_pulisher' returned '0': PYTHONPATH=/home/rosuser/yahboom_ws/build/laserscan_to_point_pulisher/prefix_override:/home/rosuser/yahboom_ws/install/laserscan_to_point_pulisher/lib/python3.10/site-packages:${PYTHONPATH} /usr/bin/python3 setup.py egg_info --egg-base ../../build/laserscan_to_point_pulisher build --build-base /home/rosuser/yahboom_ws/build/laserscan_to_point_pulisher/build install --record /home/rosuser/yahboom_ws/build/laserscan_to_point_pulisher/install.log --install-scripts $base/lib/laserscan_to_point_pulisher --single-version-externally-managed
